2019-08-06 19:14:40,467: [12] m.main:INFO: Registered plugins: DetectReentrancyAdvanced, DetectReentrancySimple, DetectInvalid, DetectUnusedRetVal, DetectDelegatecall, DetectUninitializedStorage, DetectIntegerOverflow, DetectEnvInstruction, DetectUninitializedMemory, DetectExternalCallAndLeak, DetectSuicidal
2019-08-06 19:14:40,468: [12] m.main:INFO: Beginning analysis
2019-08-06 19:14:40,506: [12] m.e.manticore:INFO: Starting symbolic create contract
2019-08-06 19:14:41,668: [12] m.e.manticore:INFO: Starting symbolic transaction: 0
2019-08-06 19:14:42,336: [12] m.e.manticore:INFO: 0 alive states, 2 terminated states
2019-08-06 19:14:42,457: [12] m.e.manticore:INFO: Starting symbolic transaction: 1
2019-08-06 19:14:42,564: [582] m.c.manticore:INFO: Generated testcase No. 0 - RETURN(1 txs)
2019-08-06 19:14:42,603: [583] m.c.manticore:INFO: Generated testcase No. 1 - REVERT(2 txs)
2019-08-06 19:14:43,446: [12] m.c.manticore:INFO: Results in /mcore_vc1rjbvt
2019-08-06 19:14:44,403: [897] m.main:INFO: Registered plugins: DetectUninitializedMemory, DetectUnusedRetVal, DetectExternalCallAndLeak, DetectReentrancyAdvanced, DetectInvalid, DetectSuicidal, DetectUninitializedStorage, DetectEnvInstruction, DetectReentrancySimple, DetectIntegerOverflow, DetectDelegatecall
2019-08-06 19:14:44,404: [897] m.main:INFO: Beginning analysis
2019-08-06 19:14:44,438: [897] m.e.manticore:INFO: Starting symbolic create contract
2019-08-06 19:14:46,870: [897] m.e.manticore:INFO: Starting symbolic transaction: 0
2019-08-06 19:14:49,555: [897] m.e.manticore:INFO: 1 alive states, 5 terminated states
2019-08-06 19:14:50,457: [897] m.e.manticore:INFO: Starting symbolic transaction: 1
2019-08-06 19:14:53,646: [897] m.e.manticore:INFO: 1 alive states, 10 terminated states
2019-08-06 19:14:54,648: [2406] m.c.manticore:INFO: Generated testcase No. 0 - RETURN(1 txs)
2019-08-06 19:14:54,659: [2405] m.c.manticore:INFO: Generated testcase No. 1 - RETURN(3 txs)
2019-08-06 19:14:54,666: [2409] m.c.manticore:INFO: Generated testcase No. 2 - REVERT(2 txs)
2019-08-06 19:14:54,683: [2416] m.c.manticore:INFO: Generated testcase No. 4 - REVERT(2 txs)
2019-08-06 19:14:54,690: [2411] m.c.manticore:INFO: Generated testcase No. 3 - REVERT(2 txs)
2019-08-06 19:14:54,723: [2425] m.c.manticore:INFO: Generated testcase No. 6 - REVERT(3 txs)
2019-08-06 19:14:54,745: [2418] m.c.manticore:INFO: Generated testcase No. 5 - REVERT(2 txs)
2019-08-06 19:14:54,746: [2421] m.c.manticore:INFO: Generated testcase No. 7 - RETURN(2 txs)
2019-08-06 19:15:00,109: [2406] m.c.manticore:INFO: Generated testcase No. 8 - REVERT(3 txs)
2019-08-06 19:15:00,887: [2409] m.c.manticore:INFO: Generated testcase No. 9 - REVERT(3 txs)
2019-08-06 19:15:00,925: [2416] m.c.manticore:INFO: Generated testcase No. 10 - REVERT(3 txs)
2019-08-06 19:15:04,837: [897] m.c.manticore:INFO: Results in /mcore_g7xwq88q
2019-08-06 19:15:06,757: [3028] m.main:INFO: Registered plugins: DetectReentrancySimple, DetectInvalid, DetectUnusedRetVal, DetectReentrancyAdvanced, DetectUninitializedStorage, DetectSuicidal, DetectExternalCallAndLeak, DetectEnvInstruction, DetectIntegerOverflow, DetectUninitializedMemory, DetectDelegatecall
2019-08-06 19:15:06,757: [3028] m.main:INFO: Beginning analysis
2019-08-06 19:15:06,767: [3028] m.e.manticore:INFO: Starting symbolic create contract
2019-08-06 19:15:11,533: [3028] m.e.manticore:INFO: Starting symbolic transaction: 0
2019-08-06 19:17:39,443: [3028] m.e.manticore:INFO: 2 alive states, 12 terminated states
2019-08-06 19:17:42,053: [3028] m.e.manticore:INFO: Starting symbolic transaction: 1
2019-08-06 19:20:59,076: [3028] m.e.manticore:INFO: 4 alive states, 36 terminated states
2019-08-06 19:21:02,525: [7544] m.c.manticore:INFO: Generated testcase No. 2 - RETURN(3 txs)
2019-08-06 19:21:02,594: [7570] m.c.manticore:INFO: Generated testcase No. 0 - REVERT(2 txs)
2019-08-06 19:21:02,625: [7556] m.c.manticore:INFO: Generated testcase No. 1 - REVERT(2 txs)
2019-08-06 19:21:02,703: [7547] m.c.manticore:INFO: Generated testcase No. 3 - RETURN(3 txs)
2019-08-06 19:21:02,705: [7562] m.c.manticore:INFO: Generated testcase No. 7 - REVERT(2 txs)
2019-08-06 19:21:02,708: [7542] m.c.manticore:INFO: Generated testcase No. 4 - RETURN(3 txs)
2019-08-06 19:21:02,722: [7549] m.c.manticore:INFO: Generated testcase No. 5 - RETURN(1 txs)
2019-08-06 19:21:02,740: [7540] m.c.manticore:INFO: Generated testcase No. 6 - RETURN(3 txs)
2019-08-06 19:21:02,774: [7545] m.c.manticore:INFO: Generated testcase No. 8 - REVERT(2 txs)
2019-08-06 19:21:20,880: [7549] m.c.manticore:INFO: Generated testcase No. 9 - REVERT(2 txs)
2019-08-06 19:21:20,995: [7556] m.c.manticore:INFO: Generated testcase No. 10 - REVERT(2 txs)
2019-08-06 19:21:21,629: [7545] m.c.manticore:INFO: Generated testcase No. 11 - REVERT(2 txs)
2019-08-06 19:21:22,431: [7570] m.c.manticore:INFO: Generated testcase No. 12 - REVERT(2 txs)
2019-08-06 19:21:22,878: [7562] m.c.manticore:INFO: Generated testcase No. 13 - REVERT(2 txs)
2019-08-06 19:21:25,919: [7547] m.c.manticore:INFO: Generated testcase No. 14 - REVERT(2 txs)
2019-08-06 19:21:26,017: [7544] m.c.manticore:INFO: Generated testcase No. 15 - REVERT(2 txs)
2019-08-06 19:21:26,851: [7542] m.c.manticore:INFO: Generated testcase No. 16 - RETURN(2 txs)
2019-08-06 19:21:27,621: [7540] m.c.manticore:INFO: Generated testcase No. 17 - RETURN(2 txs)
2019-08-06 19:21:39,704: [7556] m.c.manticore:INFO: Generated testcase No. 18 - REVERT(3 txs)
2019-08-06 19:21:40,041: [7549] m.c.manticore:INFO: Generated testcase No. 19 - REVERT(3 txs)
2019-08-06 19:21:40,132: [7545] m.c.manticore:INFO: Generated testcase No. 20 - REVERT(3 txs)
2019-08-06 19:21:40,831: [7562] m.c.manticore:INFO: Generated testcase No. 21 - REVERT(3 txs)
2019-08-06 19:21:42,542: [7570] m.c.manticore:INFO: Generated testcase No. 22 - REVERT(3 txs)
2019-08-06 19:21:44,374: [7544] m.c.manticore:INFO: Generated testcase No. 23 - REVERT(3 txs)
2019-08-06 19:21:45,185: [7547] m.c.manticore:INFO: Generated testcase No. 24 - REVERT(3 txs)
2019-08-06 19:21:47,384: [7540] m.c.manticore:INFO: Generated testcase No. 25 - REVERT(3 txs)
2019-08-06 19:21:48,102: [7542] m.c.manticore:INFO: Generated testcase No. 26 - REVERT(3 txs)
2019-08-06 19:22:04,186: [7562] m.c.manticore:INFO: Generated testcase No. 27 - REVERT(3 txs)
2019-08-06 19:22:04,458: [7549] m.c.manticore:INFO: Generated testcase No. 28 - REVERT(3 txs)
2019-08-06 19:22:05,189: [7556] m.c.manticore:INFO: Generated testcase No. 29 - REVERT(3 txs)
2019-08-06 19:22:06,821: [7545] m.c.manticore:INFO: Generated testcase No. 30 - REVERT(3 txs)
2019-08-06 19:22:09,312: [7547] m.c.manticore:INFO: Generated testcase No. 31 - REVERT(3 txs)
2019-08-06 19:22:11,446: [7544] m.c.manticore:INFO: Generated testcase No. 32 - REVERT(3 txs)
2019-08-06 19:22:11,523: [7570] m.c.manticore:INFO: Generated testcase No. 33 - REVERT(3 txs)
2019-08-06 19:22:14,916: [7540] m.c.manticore:INFO: Generated testcase No. 34 - REVERT(3 txs)
2019-08-06 19:22:15,882: [7542] m.c.manticore:INFO: Generated testcase No. 35 - REVERT(3 txs)
2019-08-06 19:22:30,384: [7545] m.c.manticore:INFO: Generated testcase No. 36 - REVERT(3 txs)
2019-08-06 19:22:30,720: [7549] m.c.manticore:INFO: Generated testcase No. 37 - REVERT(3 txs)
2019-08-06 19:22:31,126: [7562] m.c.manticore:INFO: Generated testcase No. 38 - REVERT(3 txs)
2019-08-06 19:22:32,889: [7556] m.c.manticore:INFO: Generated testcase No. 39 - REVERT(3 txs)
2019-08-06 19:22:43,561: [3028] m.c.manticore:INFO: Results in /mcore_wjqkefht
2019-08-06 19:22:48,954: [9111] m.main:INFO: Registered plugins: DetectDelegatecall, DetectUnusedRetVal, DetectSuicidal, DetectInvalid, DetectUninitializedStorage, DetectExternalCallAndLeak, DetectEnvInstruction, DetectIntegerOverflow, DetectReentrancyAdvanced, DetectReentrancySimple, DetectUninitializedMemory
2019-08-06 19:22:48,955: [9111] m.main:INFO: Beginning analysis
2019-08-06 19:22:48,964: [9111] m.e.manticore:INFO: Starting symbolic create contract
2019-08-06 19:22:50,163: [9111] m.e.manticore:INFO: Starting symbolic transaction: 0
2019-08-06 19:22:50,847: [9111] m.e.manticore:INFO: 0 alive states, 2 terminated states
2019-08-06 19:22:50,970: [9111] m.e.manticore:INFO: Starting symbolic transaction: 1
2019-08-06 19:22:51,072: [9685] m.c.manticore:INFO: Generated testcase No. 0 - RETURN(1 txs)
2019-08-06 19:22:51,095: [9688] m.c.manticore:INFO: Generated testcase No. 1 - REVERT(2 txs)
2019-08-06 19:22:51,958: [9111] m.c.manticore:INFO: Results in /mcore_iodhreis
2019-08-06 19:22:52,938: [9996] m.main:INFO: Registered plugins: DetectUnusedRetVal, DetectReentrancySimple, DetectInvalid, DetectExternalCallAndLeak, DetectSuicidal, DetectUninitializedStorage, DetectIntegerOverflow, DetectEnvInstruction, DetectReentrancyAdvanced, DetectDelegatecall, DetectUninitializedMemory
2019-08-06 19:22:52,939: [9996] m.main:INFO: Beginning analysis
2019-08-06 19:22:52,948: [9996] m.e.manticore:INFO: Starting symbolic create contract
2019-08-06 19:22:53,967: [9996] m.e.manticore:INFO: Starting symbolic transaction: 0
2019-08-06 19:22:54,639: [9996] m.e.manticore:INFO: 0 alive states, 2 terminated states
2019-08-06 19:22:54,743: [9996] m.e.manticore:INFO: Starting symbolic transaction: 1
2019-08-06 19:22:54,773: [10532] m.c.manticore:INFO: Generated testcase No. 0 - RETURN(1 txs)
2019-08-06 19:22:54,856: [10533] m.c.manticore:INFO: Generated testcase No. 1 - REVERT(2 txs)
2019-08-06 19:22:55,749: [9996] m.c.manticore:INFO: Results in /mcore_4moch40_
2019-08-06 19:22:56,701: [10847] m.main:INFO: Registered plugins: DetectDelegatecall, DetectUninitializedMemory, DetectInvalid, DetectUnusedRetVal, DetectReentrancySimple, DetectExternalCallAndLeak, DetectSuicidal, DetectUninitializedStorage, DetectEnvInstruction, DetectReentrancyAdvanced, DetectIntegerOverflow
2019-08-06 19:22:56,701: [10847] m.main:INFO: Beginning analysis
2019-08-06 19:22:56,724: [10847] m.e.manticore:INFO: Starting symbolic create contract
2019-08-06 19:23:00,297: [10847] m.e.manticore:INFO: Starting symbolic transaction: 0
2019-08-06 19:23:05,069: [10847] m.e.manticore:INFO: 2 alive states, 10 terminated states
2019-08-06 19:23:06,558: [10847] m.e.manticore:INFO: Starting symbolic transaction: 1
2019-08-06 19:23:15,061: [10847] m.e.manticore:INFO: 4 alive states, 30 terminated states
2019-08-06 19:23:16,752: [13856] m.c.manticore:INFO: Generated testcase No. 0 - RETURN(3 txs)
2019-08-06 19:23:16,830: [13857] m.c.manticore:INFO: Generated testcase No. 1 - RETURN(3 txs)
2019-08-06 19:23:16,838: [13861] m.c.manticore:INFO: Generated testcase No. 2 - RETURN(3 txs)
2019-08-06 19:23:16,893: [13865] m.c.manticore:INFO: Generated testcase No. 3 - RETURN(3 txs)
2019-08-06 19:23:16,895: [13870] m.c.manticore:INFO: Generated testcase No. 4 - RETURN(1 txs)
2019-08-06 19:23:16,977: [13880] m.c.manticore:INFO: Generated testcase No. 6 - REVERT(2 txs)
2019-08-06 19:23:16,977: [13875] m.c.manticore:INFO: Generated testcase No. 5 - REVERT(2 txs)
2019-08-06 19:23:17,099: [13881] m.c.manticore:INFO: Generated testcase No. 8 - REVERT(2 txs)
2019-08-06 19:23:17,114: [13884] m.c.manticore:INFO: Generated testcase No. 7 - REVERT(2 txs)
2019-08-06 19:23:30,004: [13870] m.c.manticore:INFO: Generated testcase No. 9 - REVERT(2 txs)
2019-08-06 19:23:30,804: [13880] m.c.manticore:INFO: Generated testcase No. 10 - REVERT(2 txs)
2019-08-06 19:23:31,535: [13881] m.c.manticore:INFO: Generated testcase No. 11 - REVERT(2 txs)
2019-08-06 19:23:31,878: [13875] m.c.manticore:INFO: Generated testcase No. 12 - REVERT(2 txs)
2019-08-06 19:23:31,932: [13884] m.c.manticore:INFO: Generated testcase No. 13 - REVERT(2 txs)
2019-08-06 19:23:33,278: [13857] m.c.manticore:INFO: Generated testcase No. 14 - RETURN(2 txs)
2019-08-06 19:23:33,820: [13861] m.c.manticore:INFO: Generated testcase No. 15 - RETURN(2 txs)
2019-08-06 19:23:34,279: [13865] m.c.manticore:INFO: Generated testcase No. 16 - REVERT(3 txs)
2019-08-06 19:23:34,307: [13856] m.c.manticore:INFO: Generated testcase No. 17 - REVERT(3 txs)
2019-08-06 19:23:42,384: [13880] m.c.manticore:INFO: Generated testcase No. 18 - REVERT(3 txs)
2019-08-06 19:23:42,620: [13870] m.c.manticore:INFO: Generated testcase No. 19 - REVERT(3 txs)
2019-08-06 19:23:44,320: [13881] m.c.manticore:INFO: Generated testcase No. 20 - REVERT(3 txs)
2019-08-06 19:23:44,693: [13884] m.c.manticore:INFO: Generated testcase No. 21 - REVERT(3 txs)
2019-08-06 19:23:45,375: [13875] m.c.manticore:INFO: Generated testcase No. 22 - REVERT(3 txs)
2019-08-06 19:23:46,425: [13857] m.c.manticore:INFO: Generated testcase No. 23 - REVERT(3 txs)
2019-08-06 19:23:48,699: [13861] m.c.manticore:INFO: Generated testcase No. 24 - REVERT(3 txs)
2019-08-06 19:23:50,513: [13856] m.c.manticore:INFO: Generated testcase No. 25 - REVERT(3 txs)
2019-08-06 19:23:51,190: [13865] m.c.manticore:INFO: Generated testcase No. 26 - REVERT(3 txs)
2019-08-06 19:23:58,306: [13880] m.c.manticore:INFO: Generated testcase No. 27 - REVERT(3 txs)
2019-08-06 19:23:58,604: [13870] m.c.manticore:INFO: Generated testcase No. 28 - REVERT(3 txs)
2019-08-06 19:23:58,782: [13881] m.c.manticore:INFO: Generated testcase No. 29 - REVERT(3 txs)
2019-08-06 19:23:59,012: [13884] m.c.manticore:INFO: Generated testcase No. 30 - REVERT(3 txs)
2019-08-06 19:24:00,412: [13875] m.c.manticore:INFO: Generated testcase No. 31 - REVERT(3 txs)
2019-08-06 19:24:00,886: [13857] m.c.manticore:INFO: Generated testcase No. 32 - REVERT(3 txs)
2019-08-06 19:24:03,210: [13861] m.c.manticore:INFO: Generated testcase No. 33 - REVERT(3 txs)
2019-08-06 19:24:12,646: [10847] m.c.manticore:INFO: Results in /mcore_71jlo96p
2019-08-06 19:24:15,391: [15235] m.main:INFO: Registered plugins: DetectUninitializedStorage, DetectInvalid, DetectDelegatecall, DetectUnusedRetVal, DetectUninitializedMemory, DetectIntegerOverflow, DetectExternalCallAndLeak, DetectReentrancySimple, DetectSuicidal, DetectEnvInstruction, DetectReentrancyAdvanced
2019-08-06 19:24:15,391: [15235] m.main:INFO: Beginning analysis
2019-08-06 19:24:15,415: [15235] m.e.manticore:INFO: Starting symbolic create contract
2019-08-06 19:24:15,818: [15279] m.c.manticore:INFO: Generated testcase No. 0 - NO STATE RESULT (?)(0 txs)
2019-08-06 19:24:16,026: [15235] m.c.manticore:INFO: Results in /mcore_9zv9qtmf
2019-08-06 19:24:16,717: [15538] m.main:INFO: Registered plugins: DetectReentrancySimple, DetectInvalid, DetectUnusedRetVal, DetectReentrancyAdvanced, DetectUninitializedStorage, DetectIntegerOverflow, DetectSuicidal, DetectExternalCallAndLeak, DetectEnvInstruction, DetectUninitializedMemory, DetectDelegatecall
2019-08-06 19:24:16,718: [15538] m.main:INFO: Beginning analysis
2019-08-06 19:24:16,729: [15538] m.e.manticore:INFO: Starting symbolic create contract
2019-08-06 19:24:17,124: [15582] m.c.manticore:INFO: Generated testcase No. 0 - NO STATE RESULT (?)(0 txs)
2019-08-06 19:24:17,334: [15538] m.c.manticore:INFO: Results in /mcore_ki_jy0i5
2019-08-06 19:24:18,030: [15841] m.main:INFO: Registered plugins: DetectReentrancySimple, DetectInvalid, DetectUnusedRetVal, DetectIntegerOverflow, DetectSuicidal, DetectExternalCallAndLeak, DetectUninitializedStorage, DetectEnvInstruction, DetectReentrancyAdvanced, DetectDelegatecall, DetectUninitializedMemory
2019-08-06 19:24:18,030: [15841] m.main:INFO: Beginning analysis
2019-08-06 19:24:18,039: [15841] m.e.manticore:INFO: Starting symbolic create contract
2019-08-06 19:24:30,248: [15841] m.e.manticore:INFO: Starting symbolic transaction: 0
2019-08-06 19:31:15,491: [16260] m.c.worker:ERROR: Exception in state 4: SolverError('',)
Traceback (most recent call last):
  File "/usr/local/lib/python3.6/dist-packages/manticore/platforms/evm.py", line 1213, in execute
    result = self._handler(*arguments)
  File "/usr/local/lib/python3.6/dist-packages/manticore/platforms/evm.py", line 1086, in _handler
    return implementation(*arguments)
  File "/usr/local/lib/python3.6/dist-packages/manticore/platforms/evm.py", line 1637, in CALLDATACOPY
    raise ConcretizeArgument(3, policy="SAMPLED")
manticore.platforms.evm.ConcretizeArgument: 3

During handling of the above exception, another exception occurred:

Traceback (most recent call last):
  File "/usr/local/lib/python3.6/dist-packages/manticore/core/worker.py", line 121, in run
    current_state.execute()
  File "/usr/local/lib/python3.6/dist-packages/manticore/ethereum/state.py", line 6, in execute
    return self._platform.execute()
  File "/usr/local/lib/python3.6/dist-packages/manticore/platforms/evm.py", line 2684, in execute
    self.current_vm.execute()
  File "/usr/local/lib/python3.6/dist-packages/manticore/platforms/evm.py", line 1279, in execute
    policy=ex.policy,
manticore.core.state.Concretize

During handling of the above exception, another exception occurred:

Traceback (most recent call last):
  File "/usr/local/lib/python3.6/dist-packages/manticore/core/worker.py", line 142, in run
    m._fork(current_state, exc.expression, exc.policy, exc.setstate)
  File "/usr/local/lib/python3.6/dist-packages/manticore/core/manticore.py", line 332, in _fork
    solutions = state.concretize(expression, policy)
  File "/usr/local/lib/python3.6/dist-packages/manticore/core/state.py", line 251, in concretize
    m, M = self._solver.minmax(self._constraints, symbolic)
  File "/usr/local/lib/python3.6/dist-packages/manticore/core/smtlib/solver.py", line 124, in minmax
    M = self.max(constraints, x, iters)
  File "/usr/local/lib/python3.6/dist-packages/manticore/core/smtlib/solver.py", line 107, in max
    return self.optimize(constraints, X, "maximize", M)
  File "/usr/local/lib/python3.6/dist-packages/manticore/core/smtlib/solver.py", line 508, in optimize
    while self._is_sat():
  File "/usr/local/lib/python3.6/dist-packages/manticore/core/smtlib/solver.py", line 328, in _is_sat
    raise SolverError(status)
manticore.exceptions.SolverError
 
2019-08-06 19:31:21,911: [16279] m.c.worker:ERROR: Exception in state 7: SolverError('',)
Traceback (most recent call last):
  File "/usr/local/lib/python3.6/dist-packages/manticore/core/worker.py", line 121, in run
    current_state.execute()
  File "/usr/local/lib/python3.6/dist-packages/manticore/ethereum/state.py", line 6, in execute
    return self._platform.execute()
  File "/usr/local/lib/python3.6/dist-packages/manticore/platforms/evm.py", line 2684, in execute
    self.current_vm.execute()
  File "/usr/local/lib/python3.6/dist-packages/manticore/platforms/evm.py", line 1201, in execute
    "Concretize PC", expression=expression, setstate=setstate, policy="ALL"
manticore.core.state.Concretize

During handling of the above exception, another exception occurred:

Traceback (most recent call last):
  File "/usr/local/lib/python3.6/dist-packages/manticore/core/worker.py", line 142, in run
    m._fork(current_state, exc.expression, exc.policy, exc.setstate)
  File "/usr/local/lib/python3.6/dist-packages/manticore/core/manticore.py", line 332, in _fork
    solutions = state.concretize(expression, policy)
  File "/usr/local/lib/python3.6/dist-packages/manticore/core/state.py", line 271, in concretize
    self._constraints, symbolic, maxcnt=maxcount, silent=True
  File "/usr/local/lib/python3.6/dist-packages/manticore/core/smtlib/solver.py", line 436, in get_all_values
    while self._is_sat():
  File "/usr/local/lib/python3.6/dist-packages/manticore/core/smtlib/solver.py", line 328, in _is_sat
    raise SolverError(status)
manticore.exceptions.SolverError
 
2019-08-06 19:32:02,919: [16291] m.c.worker:ERROR: Exception in state 9: SolverError('',)
Traceback (most recent call last):
  File "/usr/local/lib/python3.6/dist-packages/manticore/platforms/evm.py", line 1213, in execute
    result = self._handler(*arguments)
  File "/usr/local/lib/python3.6/dist-packages/manticore/platforms/evm.py", line 1086, in _handler
    return implementation(*arguments)
  File "/usr/local/lib/python3.6/dist-packages/manticore/platforms/evm.py", line 1637, in CALLDATACOPY
    raise ConcretizeArgument(3, policy="SAMPLED")
manticore.platforms.evm.ConcretizeArgument: 3

During handling of the above exception, another exception occurred:

Traceback (most recent call last):
  File "/usr/local/lib/python3.6/dist-packages/manticore/core/worker.py", line 121, in run
    current_state.execute()
  File "/usr/local/lib/python3.6/dist-packages/manticore/ethereum/state.py", line 6, in execute
    return self._platform.execute()
  File "/usr/local/lib/python3.6/dist-packages/manticore/platforms/evm.py", line 2684, in execute
    self.current_vm.execute()
  File "/usr/local/lib/python3.6/dist-packages/manticore/platforms/evm.py", line 1279, in execute
    policy=ex.policy,
manticore.core.state.Concretize

During handling of the above exception, another exception occurred:

Traceback (most recent call last):
  File "/usr/local/lib/python3.6/dist-packages/manticore/core/worker.py", line 142, in run
    m._fork(current_state, exc.expression, exc.policy, exc.setstate)
  File "/usr/local/lib/python3.6/dist-packages/manticore/core/manticore.py", line 332, in _fork
    solutions = state.concretize(expression, policy)
  File "/usr/local/lib/python3.6/dist-packages/manticore/core/state.py", line 251, in concretize
    m, M = self._solver.minmax(self._constraints, symbolic)
  File "/usr/local/lib/python3.6/dist-packages/manticore/core/smtlib/solver.py", line 124, in minmax
    M = self.max(constraints, x, iters)
  File "/usr/local/lib/python3.6/dist-packages/manticore/core/smtlib/solver.py", line 107, in max
    return self.optimize(constraints, X, "maximize", M)
  File "/usr/local/lib/python3.6/dist-packages/manticore/core/smtlib/solver.py", line 508, in optimize
    while self._is_sat():
  File "/usr/local/lib/python3.6/dist-packages/manticore/core/smtlib/solver.py", line 328, in _is_sat
    raise SolverError(status)
manticore.exceptions.SolverError
 
2019-08-06 19:34:15,787: [16253] m.c.worker:ERROR: Exception in state 2: SolverError('',)
Traceback (most recent call last):
  File "/usr/local/lib/python3.6/dist-packages/manticore/platforms/evm.py", line 1213, in execute
    result = self._handler(*arguments)
  File "/usr/local/lib/python3.6/dist-packages/manticore/platforms/evm.py", line 1086, in _handler
    return implementation(*arguments)
  File "/usr/local/lib/python3.6/dist-packages/manticore/platforms/evm.py", line 1637, in CALLDATACOPY
    raise ConcretizeArgument(3, policy="SAMPLED")
manticore.platforms.evm.ConcretizeArgument: 3

During handling of the above exception, another exception occurred:

Traceback (most recent call last):
  File "/usr/local/lib/python3.6/dist-packages/manticore/core/worker.py", line 121, in run
    current_state.execute()
  File "/usr/local/lib/python3.6/dist-packages/manticore/ethereum/state.py", line 6, in execute
    return self._platform.execute()
  File "/usr/local/lib/python3.6/dist-packages/manticore/platforms/evm.py", line 2684, in execute
    self.current_vm.execute()
  File "/usr/local/lib/python3.6/dist-packages/manticore/platforms/evm.py", line 1279, in execute
    policy=ex.policy,
manticore.core.state.Concretize

During handling of the above exception, another exception occurred:

Traceback (most recent call last):
  File "/usr/local/lib/python3.6/dist-packages/manticore/core/worker.py", line 142, in run
    m._fork(current_state, exc.expression, exc.policy, exc.setstate)
  File "/usr/local/lib/python3.6/dist-packages/manticore/core/manticore.py", line 332, in _fork
    solutions = state.concretize(expression, policy)
  File "/usr/local/lib/python3.6/dist-packages/manticore/core/state.py", line 251, in concretize
    m, M = self._solver.minmax(self._constraints, symbolic)
  File "/usr/local/lib/python3.6/dist-packages/manticore/core/smtlib/solver.py", line 123, in minmax
    m = self.min(constraints, x, iters)
  File "/usr/local/lib/python3.6/dist-packages/manticore/core/smtlib/solver.py", line 118, in min
    return self.optimize(constraints, X, "minimize", M)
  File "/usr/local/lib/python3.6/dist-packages/manticore/core/smtlib/solver.py", line 508, in optimize
    while self._is_sat():
  File "/usr/local/lib/python3.6/dist-packages/manticore/core/smtlib/solver.py", line 328, in _is_sat
    raise SolverError(status)
manticore.exceptions.SolverError
 
2019-08-06 19:41:06,587: [15841] m.e.manticore:INFO: 7 alive states, 42 terminated states
2019-08-06 19:41:16,349: [15841] m.e.manticore:INFO: Starting symbolic transaction: 1