2019-07-31 15:38:34,480: [12] m.main:INFO: Registered plugins: DetectDelegatecall, DetectExternalCallAndLeak, DetectUninitializedStorage, DetectIntegerOverflow, DetectReentrancySimple, DetectUnusedRetVal, DetectEnvInstruction, DetectUninitializedMemory, DetectSuicidal, DetectReentrancyAdvanced, DetectInvalid
2019-07-31 15:38:34,480: [12] m.main:INFO: Beginning analysis
2019-07-31 15:38:34,498: [12] m.e.manticore:INFO: Starting symbolic create contract
2019-07-31 15:38:34,613: [56] m.c.manticore:INFO: Generated testcase No. 0 - NO STATE RESULT (?)(0 txs)
2019-07-31 15:38:35,012: [12] m.c.manticore:INFO: Results in /mcore_595xwvmo
2019-07-31 15:38:35,751: [315] m.main:INFO: Registered plugins: DetectSuicidal, DetectUninitializedStorage, DetectIntegerOverflow, DetectDelegatecall, DetectEnvInstruction, DetectUninitializedMemory, DetectUnusedRetVal, DetectExternalCallAndLeak, DetectReentrancySimple, DetectInvalid, DetectReentrancyAdvanced
2019-07-31 15:38:35,751: [315] m.main:INFO: Beginning analysis
2019-07-31 15:38:35,762: [315] m.e.manticore:INFO: Starting symbolic create contract
2019-07-31 15:38:56,021: [363] m.e.detectors:WARNING: Unsigned integer overflow at MUL instruction
2019-07-31 15:38:57,019: [363] m.e.detectors:WARNING: Unsigned integer overflow at MUL instruction
2019-07-31 15:39:19,719: [315] m.e.manticore:INFO: Starting symbolic transaction: 0
2019-07-31 15:40:07,087: [1526] m.e.detectors:WARNING: Unsigned integer overflow at MUL instruction
2019-07-31 15:41:04,684: [1521] m.e.detectors:WARNING: Potentially reading uninitialized storage
2019-07-31 15:41:13,803: [1521] m.e.detectors:WARNING: Unsigned integer overflow at MUL instruction
2019-07-31 15:41:20,787: [1519] m.e.detectors:WARNING: Unsigned integer overflow at MUL instruction
2019-07-31 15:41:30,695: [1526] m.e.detectors:WARNING: Potentially reading uninitialized storage
2019-07-31 15:42:35,115: [1526] m.e.detectors:WARNING: Potentially reading uninitialized storage
2019-07-31 15:42:58,091: [1543] m.e.detectors:WARNING: Unsigned integer overflow at MUL instruction
2019-07-31 15:43:05,103: [1526] m.e.detectors:WARNING: Potentially reading uninitialized storage
2019-07-31 15:45:53,203: [1529] m.c.worker:ERROR: Exception in state 6: SolverError('',)
Traceback (most recent call last):
  File "/usr/local/lib/python3.6/dist-packages/manticore/core/worker.py", line 121, in run
    current_state.execute()
  File "/usr/local/lib/python3.6/dist-packages/manticore/ethereum/state.py", line 6, in execute
    return self._platform.execute()
  File "/usr/local/lib/python3.6/dist-packages/manticore/platforms/evm.py", line 2684, in execute
    self.current_vm.execute()
  File "/usr/local/lib/python3.6/dist-packages/manticore/platforms/evm.py", line 1210, in execute
    last_pc, last_gas, instruction, arguments, fee, allocated = self._checkpoint()
  File "/usr/local/lib/python3.6/dist-packages/manticore/platforms/evm.py", line 1109, in _checkpoint
    self._consume(fee)
  File "/usr/local/lib/python3.6/dist-packages/manticore/platforms/evm.py", line 981, in _consume
    policy="ALL",
manticore.core.state.Concretize

During handling of the above exception, another exception occurred:

Traceback (most recent call last):
  File "/usr/local/lib/python3.6/dist-packages/manticore/core/worker.py", line 142, in run
    m._fork(current_state, exc.expression, exc.policy, exc.setstate)
  File "/usr/local/lib/python3.6/dist-packages/manticore/core/manticore.py", line 332, in _fork
    solutions = state.concretize(expression, policy)
  File "/usr/local/lib/python3.6/dist-packages/manticore/core/state.py", line 271, in concretize
    self._constraints, symbolic, maxcnt=maxcount, silent=True
  File "/usr/local/lib/python3.6/dist-packages/manticore/core/smtlib/solver.py", line 436, in get_all_values
    while self._is_sat():
  File "/usr/local/lib/python3.6/dist-packages/manticore/core/smtlib/solver.py", line 328, in _is_sat
    raise SolverError(status)
manticore.exceptions.SolverError
 
2019-07-31 15:46:26,795: [1520] m.e.detectors:WARNING: Potentially reading uninitialized memory at instruction (address: 837107286990578538397520329173513737957830989882, offset 128)
2019-07-31 15:46:28,340: [1520] m.e.detectors:WARNING: Potentially reading uninitialized memory at instruction (address: 837107286990578538397520329173513737957830989882, offset 129)
2019-07-31 15:46:35,763: [1520] m.e.detectors:WARNING: Potentially reading uninitialized memory at instruction (address: 837107286990578538397520329173513737957830989882, offset 130)
2019-07-31 15:46:38,143: [1520] m.e.detectors:WARNING: Potentially reading uninitialized memory at instruction (address: 837107286990578538397520329173513737957830989882, offset 131)
2019-07-31 15:46:40,098: [1520] m.e.detectors:WARNING: Potentially reading uninitialized memory at instruction (address: 837107286990578538397520329173513737957830989882, offset 132)
2019-07-31 15:46:42,119: [1520] m.e.detectors:WARNING: Potentially reading uninitialized memory at instruction (address: 837107286990578538397520329173513737957830989882, offset 133)
2019-07-31 15:46:44,610: [1520] m.e.detectors:WARNING: Potentially reading uninitialized memory at instruction (address: 837107286990578538397520329173513737957830989882, offset 134)
2019-07-31 15:46:53,599: [1520] m.e.detectors:WARNING: Potentially reading uninitialized memory at instruction (address: 837107286990578538397520329173513737957830989882, offset 135)
2019-07-31 15:46:54,797: [1520] m.e.detectors:WARNING: Potentially reading uninitialized memory at instruction (address: 837107286990578538397520329173513737957830989882, offset 136)
2019-07-31 15:46:57,031: [1520] m.e.detectors:WARNING: Potentially reading uninitialized memory at instruction (address: 837107286990578538397520329173513737957830989882, offset 137)
2019-07-31 15:47:08,215: [1520] m.e.detectors:WARNING: Potentially reading uninitialized memory at instruction (address: 837107286990578538397520329173513737957830989882, offset 138)
2019-07-31 15:47:10,142: [1520] m.e.detectors:WARNING: Potentially reading uninitialized memory at instruction (address: 837107286990578538397520329173513737957830989882, offset 139)
2019-07-31 15:47:12,192: [1520] m.e.detectors:WARNING: Potentially reading uninitialized memory at instruction (address: 837107286990578538397520329173513737957830989882, offset 140)
2019-07-31 15:47:13,835: [1520] m.e.detectors:WARNING: Potentially reading uninitialized memory at instruction (address: 837107286990578538397520329173513737957830989882, offset 141)
2019-07-31 15:47:15,743: [1520] m.e.detectors:WARNING: Potentially reading uninitialized memory at instruction (address: 837107286990578538397520329173513737957830989882, offset 142)
2019-07-31 15:47:17,432: [1520] m.e.detectors:WARNING: Potentially reading uninitialized memory at instruction (address: 837107286990578538397520329173513737957830989882, offset 143)
2019-07-31 15:47:19,191: [1520] m.e.detectors:WARNING: Potentially reading uninitialized memory at instruction (address: 837107286990578538397520329173513737957830989882, offset 144)
2019-07-31 15:47:20,946: [1520] m.e.detectors:WARNING: Potentially reading uninitialized memory at instruction (address: 837107286990578538397520329173513737957830989882, offset 145)
2019-07-31 15:47:22,523: [1520] m.e.detectors:WARNING: Potentially reading uninitialized memory at instruction (address: 837107286990578538397520329173513737957830989882, offset 146)
2019-07-31 15:47:26,300: [1520] m.e.detectors:WARNING: Potentially reading uninitialized memory at instruction (address: 837107286990578538397520329173513737957830989882, offset 147)
2019-07-31 15:47:35,719: [1520] m.e.detectors:WARNING: Potentially reading uninitialized memory at instruction (address: 837107286990578538397520329173513737957830989882, offset 148)
2019-07-31 15:47:37,242: [1520] m.e.detectors:WARNING: Potentially reading uninitialized memory at instruction (address: 837107286990578538397520329173513737957830989882, offset 149)
2019-07-31 15:47:41,189: [1520] m.e.detectors:WARNING: Potentially reading uninitialized memory at instruction (address: 837107286990578538397520329173513737957830989882, offset 150)
2019-07-31 15:47:45,927: [1521] m.e.detectors:WARNING: Potentially reading uninitialized memory at instruction (address: 837107286990578538397520329173513737957830989882, offset 128)
2019-07-31 15:47:56,106: [1521] m.e.detectors:WARNING: Potentially reading uninitialized memory at instruction (address: 837107286990578538397520329173513737957830989882, offset 129)
2019-07-31 15:47:57,706: [1520] m.e.detectors:WARNING: Potentially reading uninitialized memory at instruction (address: 837107286990578538397520329173513737957830989882, offset 151)
2019-07-31 15:47:57,994: [1521] m.e.detectors:WARNING: Potentially reading uninitialized memory at instruction (address: 837107286990578538397520329173513737957830989882, offset 130)
2019-07-31 15:47:59,922: [1520] m.e.detectors:WARNING: Potentially reading uninitialized memory at instruction (address: 837107286990578538397520329173513737957830989882, offset 152)
2019-07-31 15:48:00,003: [1521] m.e.detectors:WARNING: Potentially reading uninitialized memory at instruction (address: 837107286990578538397520329173513737957830989882, offset 131)
2019-07-31 15:48:01,517: [1521] m.e.detectors:WARNING: Potentially reading uninitialized memory at instruction (address: 837107286990578538397520329173513737957830989882, offset 132)
2019-07-31 15:48:01,798: [1520] m.e.detectors:WARNING: Potentially reading uninitialized memory at instruction (address: 837107286990578538397520329173513737957830989882, offset 153)
2019-07-31 15:48:03,143: [1521] m.e.detectors:WARNING: Potentially reading uninitialized memory at instruction (address: 837107286990578538397520329173513737957830989882, offset 133)
2019-07-31 15:48:03,443: [1520] m.e.detectors:WARNING: Potentially reading uninitialized memory at instruction (address: 837107286990578538397520329173513737957830989882, offset 154)
2019-07-31 15:48:05,533: [1521] m.e.detectors:WARNING: Potentially reading uninitialized memory at instruction (address: 837107286990578538397520329173513737957830989882, offset 134)
2019-07-31 15:48:05,634: [1520] m.e.detectors:WARNING: Potentially reading uninitialized memory at instruction (address: 837107286990578538397520329173513737957830989882, offset 155)
2019-07-31 15:48:09,108: [1520] m.e.detectors:WARNING: Potentially reading uninitialized memory at instruction (address: 837107286990578538397520329173513737957830989882, offset 156)
2019-07-31 15:48:09,112: [1521] m.e.detectors:WARNING: Potentially reading uninitialized memory at instruction (address: 837107286990578538397520329173513737957830989882, offset 135)
2019-07-31 15:48:15,815: [1520] m.e.detectors:WARNING: Potentially reading uninitialized memory at instruction (address: 837107286990578538397520329173513737957830989882, offset 157)
2019-07-31 15:48:18,006: [1520] m.e.detectors:WARNING: Potentially reading uninitialized memory at instruction (address: 837107286990578538397520329173513737957830989882, offset 158)
2019-07-31 15:48:19,535: [1521] m.e.detectors:WARNING: Potentially reading uninitialized memory at instruction (address: 837107286990578538397520329173513737957830989882, offset 136)
2019-07-31 15:48:20,322: [1520] m.e.detectors:WARNING: Potentially reading uninitialized memory at instruction (address: 837107286990578538397520329173513737957830989882, offset 159)
2019-07-31 15:48:20,935: [1521] m.e.detectors:WARNING: Potentially reading uninitialized memory at instruction (address: 837107286990578538397520329173513737957830989882, offset 137)
2019-07-31 15:48:22,274: [1521] m.e.detectors:WARNING: Potentially reading uninitialized memory at instruction (address: 837107286990578538397520329173513737957830989882, offset 138)
2019-07-31 15:48:25,003: [1521] m.e.detectors:WARNING: Potentially reading uninitialized memory at instruction (address: 837107286990578538397520329173513737957830989882, offset 139)
2019-07-31 15:48:36,731: [1521] m.e.detectors:WARNING: Potentially reading uninitialized memory at instruction (address: 837107286990578538397520329173513737957830989882, offset 140)
2019-07-31 15:48:38,482: [1521] m.e.detectors:WARNING: Potentially reading uninitialized memory at instruction (address: 837107286990578538397520329173513737957830989882, offset 141)
2019-07-31 15:48:40,528: [1521] m.e.detectors:WARNING: Potentially reading uninitialized memory at instruction (address: 837107286990578538397520329173513737957830989882, offset 142)
2019-07-31 15:48:43,111: [1520] m.e.detectors:WARNING: Potentially reading uninitialized memory at instruction (address: 837107286990578538397520329173513737957830989882, offset 128)
2019-07-31 15:48:43,117: [1521] m.e.detectors:WARNING: Potentially reading uninitialized memory at instruction (address: 837107286990578538397520329173513737957830989882, offset 143)
2019-07-31 15:48:52,091: [1520] m.e.detectors:WARNING: Potentially reading uninitialized memory at instruction (address: 837107286990578538397520329173513737957830989882, offset 129)
2019-07-31 15:48:53,353: [1520] m.e.detectors:WARNING: Potentially reading uninitialized memory at instruction (address: 837107286990578538397520329173513737957830989882, offset 130)
2019-07-31 15:48:53,591: [1521] m.e.detectors:WARNING: Potentially reading uninitialized memory at instruction (address: 837107286990578538397520329173513737957830989882, offset 144)
2019-07-31 15:48:55,238: [1520] m.e.detectors:WARNING: Potentially reading uninitialized memory at instruction (address: 837107286990578538397520329173513737957830989882, offset 131)
2019-07-31 15:48:56,507: [1521] m.e.detectors:WARNING: Potentially reading uninitialized memory at instruction (address: 837107286990578538397520329173513737957830989882, offset 145)
2019-07-31 15:48:58,386: [1520] m.e.detectors:WARNING: Potentially reading uninitialized memory at instruction (address: 837107286990578538397520329173513737957830989882, offset 132)
2019-07-31 15:48:58,799: [1521] m.e.detectors:WARNING: Potentially reading uninitialized memory at instruction (address: 837107286990578538397520329173513737957830989882, offset 146)
2019-07-31 15:49:00,419: [1520] m.e.detectors:WARNING: Potentially reading uninitialized memory at instruction (address: 837107286990578538397520329173513737957830989882, offset 133)
2019-07-31 15:49:00,627: [1521] m.e.detectors:WARNING: Potentially reading uninitialized memory at instruction (address: 837107286990578538397520329173513737957830989882, offset 147)
2019-07-31 15:49:03,018: [1521] m.e.detectors:WARNING: Potentially reading uninitialized memory at instruction (address: 837107286990578538397520329173513737957830989882, offset 148)
2019-07-31 15:49:05,695: [1521] m.e.detectors:WARNING: Potentially reading uninitialized memory at instruction (address: 837107286990578538397520329173513737957830989882, offset 149)
2019-07-31 15:49:08,006: [1520] m.e.detectors:WARNING: Potentially reading uninitialized memory at instruction (address: 837107286990578538397520329173513737957830989882, offset 134)
2019-07-31 15:49:10,534: [1520] m.e.detectors:WARNING: Potentially reading uninitialized memory at instruction (address: 837107286990578538397520329173513737957830989882, offset 135)
2019-07-31 15:49:13,202: [1521] m.e.detectors:WARNING: Potentially reading uninitialized memory at instruction (address: 837107286990578538397520329173513737957830989882, offset 150)
2019-07-31 15:49:13,218: [1520] m.e.detectors:WARNING: Potentially reading uninitialized memory at instruction (address: 837107286990578538397520329173513737957830989882, offset 136)
2019-07-31 15:49:15,323: [1521] m.e.detectors:WARNING: Potentially reading uninitialized memory at instruction (address: 837107286990578538397520329173513737957830989882, offset 151)
2019-07-31 15:49:15,823: [1520] m.e.detectors:WARNING: Potentially reading uninitialized memory at instruction (address: 837107286990578538397520329173513737957830989882, offset 137)
2019-07-31 15:49:17,702: [1521] m.e.detectors:WARNING: Potentially reading uninitialized memory at instruction (address: 837107286990578538397520329173513737957830989882, offset 152)
2019-07-31 15:49:18,286: [1520] m.e.detectors:WARNING: Potentially reading uninitialized memory at instruction (address: 837107286990578538397520329173513737957830989882, offset 138)
2019-07-31 15:49:19,723: [1521] m.e.detectors:WARNING: Potentially reading uninitialized memory at instruction (address: 837107286990578538397520329173513737957830989882, offset 153)
2019-07-31 15:49:20,518: [1520] m.e.detectors:WARNING: Potentially reading uninitialized memory at instruction (address: 837107286990578538397520329173513737957830989882, offset 139)
2019-07-31 15:49:23,911: [1521] m.e.detectors:WARNING: Potentially reading uninitialized memory at instruction (address: 837107286990578538397520329173513737957830989882, offset 154)
2019-07-31 15:49:31,813: [1521] m.e.detectors:WARNING: Potentially reading uninitialized memory at instruction (address: 837107286990578538397520329173513737957830989882, offset 155)
2019-07-31 15:49:31,818: [1520] m.e.detectors:WARNING: Potentially reading uninitialized memory at instruction (address: 837107286990578538397520329173513737957830989882, offset 140)
2019-07-31 15:49:33,634: [1521] m.e.detectors:WARNING: Potentially reading uninitialized memory at instruction (address: 837107286990578538397520329173513737957830989882, offset 156)
2019-07-31 15:49:33,794: [1520] m.e.detectors:WARNING: Potentially reading uninitialized memory at instruction (address: 837107286990578538397520329173513737957830989882, offset 141)
2019-07-31 15:49:35,319: [1521] m.e.detectors:WARNING: Potentially reading uninitialized memory at instruction (address: 837107286990578538397520329173513737957830989882, offset 157)
2019-07-31 15:49:35,806: [1520] m.e.detectors:WARNING: Potentially reading uninitialized memory at instruction (address: 837107286990578538397520329173513737957830989882, offset 142)
2019-07-31 15:49:37,419: [1521] m.e.detectors:WARNING: Potentially reading uninitialized memory at instruction (address: 837107286990578538397520329173513737957830989882, offset 158)
2019-07-31 15:49:38,019: [1520] m.e.detectors:WARNING: Potentially reading uninitialized memory at instruction (address: 837107286990578538397520329173513737957830989882, offset 143)
2019-07-31 15:49:39,217: [1521] m.e.detectors:WARNING: Potentially reading uninitialized memory at instruction (address: 837107286990578538397520329173513737957830989882, offset 159)
2019-07-31 15:49:40,332: [1520] m.e.detectors:WARNING: Potentially reading uninitialized memory at instruction (address: 837107286990578538397520329173513737957830989882, offset 144)
2019-07-31 15:49:42,339: [1520] m.e.detectors:WARNING: Potentially reading uninitialized memory at instruction (address: 837107286990578538397520329173513737957830989882, offset 145)
2019-07-31 15:49:44,397: [1520] m.e.detectors:WARNING: Potentially reading uninitialized memory at instruction (address: 837107286990578538397520329173513737957830989882, offset 146)
2019-07-31 15:49:45,215: [1521] m.e.detectors:WARNING: Potentially reading uninitialized memory at instruction (address: 837107286990578538397520329173513737957830989882, offset 128)
2019-07-31 15:49:46,922: [1520] m.e.detectors:WARNING: Potentially reading uninitialized memory at instruction (address: 837107286990578538397520329173513737957830989882, offset 147)
2019-07-31 15:49:48,427: [1521] m.e.detectors:WARNING: Potentially reading uninitialized memory at instruction (address: 837107286990578538397520329173513737957830989882, offset 129)
2019-07-31 15:49:48,786: [1520] m.e.detectors:WARNING: Potentially reading uninitialized memory at instruction (address: 837107286990578538397520329173513737957830989882, offset 148)
2019-07-31 15:49:56,016: [1521] m.e.detectors:WARNING: Potentially reading uninitialized memory at instruction (address: 837107286990578538397520329173513737957830989882, offset 130)
2019-07-31 15:49:56,606: [1520] m.e.detectors:WARNING: Potentially reading uninitialized memory at instruction (address: 837107286990578538397520329173513737957830989882, offset 149)
2019-07-31 15:49:58,327: [1521] m.e.detectors:WARNING: Potentially reading uninitialized memory at instruction (address: 837107286990578538397520329173513737957830989882, offset 131)
2019-07-31 15:49:59,023: [1520] m.e.detectors:WARNING: Potentially reading uninitialized memory at instruction (address: 837107286990578538397520329173513737957830989882, offset 150)
2019-07-31 15:50:00,838: [1521] m.e.detectors:WARNING: Potentially reading uninitialized memory at instruction (address: 837107286990578538397520329173513737957830989882, offset 132)
2019-07-31 15:50:00,983: [1520] m.e.detectors:WARNING: Potentially reading uninitialized memory at instruction (address: 837107286990578538397520329173513737957830989882, offset 151)
2019-07-31 15:50:03,500: [1520] m.e.detectors:WARNING: Potentially reading uninitialized memory at instruction (address: 837107286990578538397520329173513737957830989882, offset 152)
2019-07-31 15:50:03,534: [1521] m.e.detectors:WARNING: Potentially reading uninitialized memory at instruction (address: 837107286990578538397520329173513737957830989882, offset 133)
2019-07-31 15:50:06,186: [1521] m.e.detectors:WARNING: Potentially reading uninitialized memory at instruction (address: 837107286990578538397520329173513737957830989882, offset 134)
2019-07-31 15:50:06,285: [1520] m.e.detectors:WARNING: Potentially reading uninitialized memory at instruction (address: 837107286990578538397520329173513737957830989882, offset 153)
2019-07-31 15:50:13,311: [1520] m.e.detectors:WARNING: Potentially reading uninitialized memory at instruction (address: 837107286990578538397520329173513737957830989882, offset 154)
2019-07-31 15:50:14,603: [1521] m.e.detectors:WARNING: Potentially reading uninitialized memory at instruction (address: 837107286990578538397520329173513737957830989882, offset 135)
2019-07-31 15:50:15,542: [1520] m.e.detectors:WARNING: Potentially reading uninitialized memory at instruction (address: 837107286990578538397520329173513737957830989882, offset 155)
2019-07-31 15:50:16,802: [1521] m.e.detectors:WARNING: Potentially reading uninitialized memory at instruction (address: 837107286990578538397520329173513737957830989882, offset 136)
2019-07-31 15:50:17,886: [1520] m.e.detectors:WARNING: Potentially reading uninitialized memory at instruction (address: 837107286990578538397520329173513737957830989882, offset 156)
2019-07-31 15:50:19,107: [1521] m.e.detectors:WARNING: Potentially reading uninitialized memory at instruction (address: 837107286990578538397520329173513737957830989882, offset 137)
2019-07-31 15:50:20,715: [1520] m.e.detectors:WARNING: Potentially reading uninitialized memory at instruction (address: 837107286990578538397520329173513737957830989882, offset 157)
2019-07-31 15:50:26,723: [1521] m.e.detectors:WARNING: Potentially reading uninitialized memory at instruction (address: 837107286990578538397520329173513737957830989882, offset 138)
2019-07-31 15:50:32,397: [1521] m.e.detectors:WARNING: Potentially reading uninitialized memory at instruction (address: 837107286990578538397520329173513737957830989882, offset 139)
[Errno 12] Cannot allocate memory Probably too many cached expressions? visitors._cache...
2019-07-31 15:50:34,396: [1521] m.c.worker:ERROR: Exception in state 4: Z3NotFoundError()
Traceback (most recent call last):
  File "/usr/local/lib/python3.6/dist-packages/manticore/core/smtlib/solver.py", line 205, in _start_proc
    close_fds=True,
  File "/usr/lib/python3.6/subprocess.py", line 729, in __init__
    restore_signals, start_new_session)
  File "/usr/lib/python3.6/subprocess.py", line 1295, in _execute_child
    restore_signals, start_new_session, preexec_fn)
OSError: [Errno 12] Cannot allocate memory

During handling of the above exception, another exception occurred:

Traceback (most recent call last):
  File "/usr/local/lib/python3.6/dist-packages/manticore/core/worker.py", line 121, in run
    current_state.execute()
  File "/usr/local/lib/python3.6/dist-packages/manticore/ethereum/state.py", line 6, in execute
    return self._platform.execute()
  File "/usr/local/lib/python3.6/dist-packages/manticore/platforms/evm.py", line 2684, in execute
    self.current_vm.execute()
  File "/usr/local/lib/python3.6/dist-packages/manticore/platforms/evm.py", line 1213, in execute
    result = self._handler(*arguments)
  File "/usr/local/lib/python3.6/dist-packages/manticore/platforms/evm.py", line 1086, in _handler
    return implementation(*arguments)
  File "/usr/local/lib/python3.6/dist-packages/manticore/platforms/evm.py", line 1790, in MLOAD
    value = self._load(address, 32)
  File "/usr/local/lib/python3.6/dist-packages/manticore/platforms/evm.py", line 1312, in _load
    "did_evm_read_memory", offset + i, Operators.EXTRACT(value, (size - i - 1) * 8, 8)
  File "/usr/local/lib/python3.6/dist-packages/manticore/utils/event.py", line 128, in _publish
    self._publish_impl(_name, *args, **kwargs)
  File "/usr/local/lib/python3.6/dist-packages/manticore/utils/event.py", line 145, in _publish_impl
    sink._publish_impl(_name, *args, **kwargs)
  File "/usr/local/lib/python3.6/dist-packages/manticore/utils/event.py", line 145, in _publish_impl
    sink._publish_impl(_name, *args, **kwargs)
  File "/usr/local/lib/python3.6/dist-packages/manticore/utils/event.py", line 143, in _publish_impl
    sink._publish_impl(_name, self, *args, **kwargs)
  File "/usr/local/lib/python3.6/dist-packages/manticore/utils/event.py", line 136, in _publish_impl
    callback(robj(), *args, **kwargs)
  File "/usr/local/lib/python3.6/dist-packages/manticore/ethereum/detectors.py", line 665, in did_evm_read_memory_callback
    if state.can_be_true(cbu):
  File "/usr/local/lib/python3.6/dist-packages/manticore/core/state.py", line 297, in can_be_true
    return self._solver.can_be_true(self._constraints, expr)
  File "/usr/local/lib/python3.6/dist-packages/manticore/core/smtlib/solver.py", line 401, in can_be_true
    self._reset(temp_cs.to_string(related_to=expression))
  File "/usr/local/lib/python3.6/dist-packages/manticore/core/smtlib/solver.py", line 275, in _reset
    self._start_proc()
  File "/usr/local/lib/python3.6/dist-packages/manticore/core/smtlib/solver.py", line 210, in _start_proc
    raise Z3NotFoundError  # TODO(mark) don't catch this exception in two places
manticore.exceptions.Z3NotFoundError
 
2019-07-31 15:51:57,414: [1543] m.e.detectors:WARNING: Potentially reading uninitialized storage
2019-07-31 15:52:18,193: [1543] m.e.detectors:WARNING: Potentially reading uninitialized storage
2019-07-31 15:52:29,234: [1543] m.e.detectors:WARNING: Unsigned integer overflow at MUL instruction
2019-07-31 16:03:04,922: [1515] m.e.detectors:WARNING: Unsigned integer overflow at MUL instruction
2019-07-31 16:06:53,134: [1535] m.e.detectors:WARNING: Unsigned integer overflow at MUL instruction