2019-07-26 08:53:50,682: [13] m.main:INFO: Registered plugins: DetectReentrancyAdvanced, DetectInvalid, DetectSuicidal, DetectUnusedRetVal, DetectUninitializedStorage, DetectDelegatecall, DetectEnvInstruction, DetectReentrancySimple, DetectUninitializedMemory, DetectExternalCallAndLeak, DetectIntegerOverflow
2019-07-26 08:53:50,683: [13] m.main:INFO: Beginning analysis
2019-07-26 08:53:50,696: [13] m.e.manticore:INFO: Starting symbolic create contract
2019-07-26 08:53:58,550: [13] m.e.manticore:INFO: Starting symbolic transaction: 0
2019-07-26 08:54:17,463: [485] m.e.detectors:WARNING: Warning NUMBER instruction used
2019-07-26 08:56:44,560: [480] m.e.detectors:WARNING: Warning NUMBER instruction used
2019-07-26 08:56:45,050: [482] m.e.detectors:WARNING: Warning NUMBER instruction used
2019-07-26 08:56:45,862: [487] m.e.detectors:WARNING: Warning NUMBER instruction used
2019-07-26 08:56:46,365: [478] m.e.detectors:WARNING: Warning NUMBER instruction used
2019-07-26 08:56:50,743: [494] m.e.detectors:WARNING: Warning NUMBER instruction used
2019-07-26 08:56:52,356: [489] m.e.detectors:WARNING: Warning NUMBER instruction used
2019-07-26 08:57:03,110: [484] m.e.detectors:WARNING: Reachable external call to user controlled address via argument
2019-07-26 08:57:03,246: [481] m.e.detectors:WARNING: Reachable ether leak to user controlled address via argument
2019-07-26 08:57:08,718: [485] m.e.detectors:WARNING: Reachable ether leak to user controlled address via argument
2019-07-26 09:01:20,924: [484] m.c.worker:ERROR: Exception in state 4: ValueError('type not supported',)
Traceback (most recent call last):
  File "/usr/local/lib/python3.6/dist-packages/manticore/platforms/evm.py", line 1210, in execute
    last_pc, last_gas, instruction, arguments, fee, allocated = self._checkpoint()
  File "/usr/local/lib/python3.6/dist-packages/manticore/platforms/evm.py", line 1109, in _checkpoint
    self._consume(fee)
  File "/usr/local/lib/python3.6/dist-packages/manticore/platforms/evm.py", line 988, in _consume
    raise NotEnoughGas()
manticore.platforms.evm.NotEnoughGas: EndTX<THROW>

During handling of the above exception, another exception occurred:

Traceback (most recent call last):
  File "/usr/local/lib/python3.6/dist-packages/manticore/core/worker.py", line 121, in run
    current_state.execute()
  File "/usr/local/lib/python3.6/dist-packages/manticore/ethereum/state.py", line 6, in execute
    return self._platform.execute()
  File "/usr/local/lib/python3.6/dist-packages/manticore/platforms/evm.py", line 2684, in execute
    self.current_vm.execute()
  File "/usr/local/lib/python3.6/dist-packages/manticore/platforms/evm.py", line 1285, in execute
    self._advance(exception=True)
  File "/usr/local/lib/python3.6/dist-packages/manticore/platforms/evm.py", line 1166, in _advance
    self._publish("did_evm_execute_instruction", last_instruction, last_arguments, result)
  File "/usr/local/lib/python3.6/dist-packages/manticore/utils/event.py", line 128, in _publish
    self._publish_impl(_name, *args, **kwargs)
  File "/usr/local/lib/python3.6/dist-packages/manticore/utils/event.py", line 145, in _publish_impl
    sink._publish_impl(_name, *args, **kwargs)
  File "/usr/local/lib/python3.6/dist-packages/manticore/utils/event.py", line 145, in _publish_impl
    sink._publish_impl(_name, *args, **kwargs)
  File "/usr/local/lib/python3.6/dist-packages/manticore/utils/event.py", line 143, in _publish_impl
    sink._publish_impl(_name, self, *args, **kwargs)
  File "/usr/local/lib/python3.6/dist-packages/manticore/utils/event.py", line 136, in _publish_impl
    callback(robj(), *args, **kwargs)
  File "/usr/local/lib/python3.6/dist-packages/manticore/ethereum/detectors.py", line 603, in did_evm_execute_instruction_callback
    current_vm.change_last_result(taint_with(result, taint))
  File "/usr/local/lib/python3.6/dist-packages/manticore/core/smtlib/expression.py", line 93, in taint_with
    raise ValueError("type not supported")
ValueError: type not supported
 
2019-07-26 09:02:52,462: [481] m.e.detectors:WARNING: Warning NUMBER instruction used
2019-07-26 09:02:58,861: [496] m.e.detectors:WARNING: Warning NUMBER instruction used
2019-07-26 09:03:21,138: [494] m.e.detectors:WARNING: Warning NUMBER instruction used
2019-07-26 09:18:14,659: [489] m.c.worker:ERROR: Exception in state 7: TypeError("__copy__() missing 1 required positional argument: 'memo'",)
Traceback (most recent call last):
  File "/usr/local/lib/python3.6/dist-packages/manticore/core/worker.py", line 121, in run
    current_state.execute()
  File "/usr/local/lib/python3.6/dist-packages/manticore/ethereum/state.py", line 6, in execute
    return self._platform.execute()
  File "/usr/local/lib/python3.6/dist-packages/manticore/platforms/evm.py", line 2684, in execute
    self.current_vm.execute()
  File "/usr/local/lib/python3.6/dist-packages/manticore/platforms/evm.py", line 1213, in execute
    result = self._handler(*arguments)
  File "/usr/local/lib/python3.6/dist-packages/manticore/platforms/evm.py", line 1086, in _handler
    return implementation(*arguments)
  File "/usr/local/lib/python3.6/dist-packages/manticore/platforms/evm.py", line 1852, in SSTORE
    value = taint_with(value, taint)
  File "/usr/local/lib/python3.6/dist-packages/manticore/core/smtlib/expression.py", line 96, in taint_with
    arg = copy.copy(arg)
  File "/usr/lib/python3.6/copy.py", line 88, in copy
    return copier(x)
TypeError: __copy__() missing 1 required positional argument: 'memo'
 
2019-07-26 09:18:20,159: [478] m.c.worker:ERROR: Exception in state 0: TypeError("__copy__() missing 1 required positional argument: 'memo'",)
Traceback (most recent call last):
  File "/usr/local/lib/python3.6/dist-packages/manticore/core/worker.py", line 121, in run
    current_state.execute()
  File "/usr/local/lib/python3.6/dist-packages/manticore/ethereum/state.py", line 6, in execute
    return self._platform.execute()
  File "/usr/local/lib/python3.6/dist-packages/manticore/platforms/evm.py", line 2684, in execute
    self.current_vm.execute()
  File "/usr/local/lib/python3.6/dist-packages/manticore/platforms/evm.py", line 1213, in execute
    result = self._handler(*arguments)
  File "/usr/local/lib/python3.6/dist-packages/manticore/platforms/evm.py", line 1086, in _handler
    return implementation(*arguments)
  File "/usr/local/lib/python3.6/dist-packages/manticore/platforms/evm.py", line 1852, in SSTORE
    value = taint_with(value, taint)
  File "/usr/local/lib/python3.6/dist-packages/manticore/core/smtlib/expression.py", line 96, in taint_with
    arg = copy.copy(arg)
  File "/usr/lib/python3.6/copy.py", line 88, in copy
    return copier(x)
TypeError: __copy__() missing 1 required positional argument: 'memo'
 
2019-07-26 09:18:22,082: [494] m.c.worker:ERROR: Exception in state 8: TypeError("__copy__() missing 1 required positional argument: 'memo'",)
Traceback (most recent call last):
  File "/usr/local/lib/python3.6/dist-packages/manticore/core/worker.py", line 121, in run
    current_state.execute()
  File "/usr/local/lib/python3.6/dist-packages/manticore/ethereum/state.py", line 6, in execute
    return self._platform.execute()
  File "/usr/local/lib/python3.6/dist-packages/manticore/platforms/evm.py", line 2684, in execute
    self.current_vm.execute()
  File "/usr/local/lib/python3.6/dist-packages/manticore/platforms/evm.py", line 1213, in execute
    result = self._handler(*arguments)
  File "/usr/local/lib/python3.6/dist-packages/manticore/platforms/evm.py", line 1086, in _handler
    return implementation(*arguments)
  File "/usr/local/lib/python3.6/dist-packages/manticore/platforms/evm.py", line 1852, in SSTORE
    value = taint_with(value, taint)
  File "/usr/local/lib/python3.6/dist-packages/manticore/core/smtlib/expression.py", line 96, in taint_with
    arg = copy.copy(arg)
  File "/usr/lib/python3.6/copy.py", line 88, in copy
    return copier(x)
TypeError: __copy__() missing 1 required positional argument: 'memo'
 
2019-07-26 09:18:22,499: [13] m.e.manticore:INFO: 16 alive states, 19 terminated states
2019-07-26 09:18:29,398: [13] m.e.manticore:INFO: Starting symbolic transaction: 1
2019-07-26 09:21:43,118: [9369] m.e.detectors:WARNING: Warning NUMBER instruction used
2019-07-26 09:22:18,316: [9378] m.e.detectors:WARNING: Warning NUMBER instruction used
2019-07-26 09:23:11,610: [9371] m.e.detectors:WARNING: Warning NUMBER instruction used