2019-08-01 01:43:45,392: [12] m.main:INFO: Registered plugins: DetectReentrancySimple, DetectInvalid, DetectUnusedRetVal, DetectUninitializedStorage, DetectIntegerOverflow, DetectSuicidal, DetectExternalCallAndLeak, DetectEnvInstruction, DetectUninitializedMemory, DetectReentrancyAdvanced, DetectDelegatecall
2019-08-01 01:43:45,392: [12] m.main:INFO: Beginning analysis
2019-08-01 01:43:45,432: [12] m.e.manticore:INFO: Starting symbolic create contract
2019-08-01 01:43:45,567: [56] m.c.manticore:INFO: Generated testcase No. 0 - NO STATE RESULT (?)(0 txs)
2019-08-01 01:43:45,889: [12] m.c.manticore:INFO: Results in /mcore_ko2v75oj
2019-08-01 01:43:46,675: [315] m.main:INFO: Registered plugins: DetectReentrancySimple, DetectInvalid, DetectSuicidal, DetectReentrancyAdvanced, DetectUnusedRetVal, DetectUninitializedStorage, DetectIntegerOverflow, DetectDelegatecall, DetectEnvInstruction, DetectUninitializedMemory, DetectExternalCallAndLeak
2019-08-01 01:43:46,675: [315] m.main:INFO: Beginning analysis
2019-08-01 01:43:46,725: [315] m.e.manticore:INFO: Starting symbolic create contract
2019-08-01 01:44:07,627: [363] m.e.detectors:WARNING: Unsigned integer overflow at MUL instruction
2019-08-01 01:44:08,997: [363] m.e.detectors:WARNING: Unsigned integer overflow at MUL instruction
2019-08-01 01:44:36,583: [315] m.e.manticore:INFO: Starting symbolic transaction: 0
2019-08-01 01:45:23,983: [1524] m.e.detectors:WARNING: Unsigned integer overflow at MUL instruction
2019-08-01 01:46:20,535: [1529] m.e.detectors:WARNING: Potentially reading uninitialized storage
2019-08-01 01:46:32,296: [1529] m.e.detectors:WARNING: Unsigned integer overflow at MUL instruction
2019-08-01 01:47:03,913: [1525] m.e.detectors:WARNING: Potentially reading uninitialized storage
2019-08-01 01:47:30,228: [1527] m.e.detectors:WARNING: Unsigned integer overflow at MUL instruction
2019-08-01 01:47:59,197: [1529] m.e.detectors:WARNING: Potentially reading uninitialized storage
2019-08-01 01:48:42,139: [1529] m.e.detectors:WARNING: Potentially reading uninitialized storage
2019-08-01 01:48:47,443: [1518] m.e.detectors:WARNING: Unsigned integer overflow at MUL instruction
2019-08-01 01:49:13,741: [1517] m.c.worker:ERROR: Exception in state 1: SolverError('',)
Traceback (most recent call last):
  File "/usr/local/lib/python3.6/dist-packages/manticore/core/worker.py", line 121, in run
    current_state.execute()
  File "/usr/local/lib/python3.6/dist-packages/manticore/ethereum/state.py", line 6, in execute
    return self._platform.execute()
  File "/usr/local/lib/python3.6/dist-packages/manticore/platforms/evm.py", line 2684, in execute
    self.current_vm.execute()
  File "/usr/local/lib/python3.6/dist-packages/manticore/platforms/evm.py", line 1210, in execute
    last_pc, last_gas, instruction, arguments, fee, allocated = self._checkpoint()
  File "/usr/local/lib/python3.6/dist-packages/manticore/platforms/evm.py", line 1109, in _checkpoint
    self._consume(fee)
  File "/usr/local/lib/python3.6/dist-packages/manticore/platforms/evm.py", line 972, in _consume
    self.constraints, constraint
  File "/usr/local/lib/python3.6/dist-packages/manticore/core/smtlib/solver.py", line 436, in get_all_values
    while self._is_sat():
  File "/usr/local/lib/python3.6/dist-packages/manticore/core/smtlib/solver.py", line 328, in _is_sat
    raise SolverError(status)
manticore.exceptions.SolverError
 
2019-08-01 01:51:16,631: [1531] m.e.detectors:WARNING: Potentially reading uninitialized memory at instruction (address: 415020330518896066076106623685619684148339871988, offset 128)
2019-08-01 01:51:18,117: [1531] m.e.detectors:WARNING: Potentially reading uninitialized memory at instruction (address: 415020330518896066076106623685619684148339871988, offset 129)
2019-08-01 01:51:19,723: [1531] m.e.detectors:WARNING: Potentially reading uninitialized memory at instruction (address: 415020330518896066076106623685619684148339871988, offset 130)
2019-08-01 01:51:21,356: [1531] m.e.detectors:WARNING: Potentially reading uninitialized memory at instruction (address: 415020330518896066076106623685619684148339871988, offset 131)
2019-08-01 01:51:23,740: [1531] m.e.detectors:WARNING: Potentially reading uninitialized memory at instruction (address: 415020330518896066076106623685619684148339871988, offset 132)
2019-08-01 01:51:29,523: [1531] m.e.detectors:WARNING: Potentially reading uninitialized memory at instruction (address: 415020330518896066076106623685619684148339871988, offset 133)
2019-08-01 01:51:30,931: [1531] m.e.detectors:WARNING: Potentially reading uninitialized memory at instruction (address: 415020330518896066076106623685619684148339871988, offset 134)
2019-08-01 01:51:34,947: [1531] m.e.detectors:WARNING: Potentially reading uninitialized memory at instruction (address: 415020330518896066076106623685619684148339871988, offset 135)
2019-08-01 01:51:36,543: [1531] m.e.detectors:WARNING: Potentially reading uninitialized memory at instruction (address: 415020330518896066076106623685619684148339871988, offset 136)
2019-08-01 01:51:38,533: [1531] m.e.detectors:WARNING: Potentially reading uninitialized memory at instruction (address: 415020330518896066076106623685619684148339871988, offset 137)
2019-08-01 01:51:57,009: [1531] m.e.detectors:WARNING: Potentially reading uninitialized memory at instruction (address: 415020330518896066076106623685619684148339871988, offset 138)
2019-08-01 01:51:58,247: [1531] m.e.detectors:WARNING: Potentially reading uninitialized memory at instruction (address: 415020330518896066076106623685619684148339871988, offset 139)
2019-08-01 01:51:59,810: [1531] m.e.detectors:WARNING: Potentially reading uninitialized memory at instruction (address: 415020330518896066076106623685619684148339871988, offset 140)
2019-08-01 01:52:01,701: [1531] m.e.detectors:WARNING: Potentially reading uninitialized memory at instruction (address: 415020330518896066076106623685619684148339871988, offset 141)
2019-08-01 01:52:03,423: [1531] m.e.detectors:WARNING: Potentially reading uninitialized memory at instruction (address: 415020330518896066076106623685619684148339871988, offset 142)
2019-08-01 01:52:05,040: [1531] m.e.detectors:WARNING: Potentially reading uninitialized memory at instruction (address: 415020330518896066076106623685619684148339871988, offset 143)
2019-08-01 01:52:06,845: [1531] m.e.detectors:WARNING: Potentially reading uninitialized memory at instruction (address: 415020330518896066076106623685619684148339871988, offset 144)
2019-08-01 01:52:09,231: [1531] m.e.detectors:WARNING: Potentially reading uninitialized memory at instruction (address: 415020330518896066076106623685619684148339871988, offset 145)
2019-08-01 01:52:11,222: [1531] m.e.detectors:WARNING: Potentially reading uninitialized memory at instruction (address: 415020330518896066076106623685619684148339871988, offset 146)
2019-08-01 01:52:15,437: [1531] m.e.detectors:WARNING: Potentially reading uninitialized memory at instruction (address: 415020330518896066076106623685619684148339871988, offset 147)
2019-08-01 01:52:17,243: [1531] m.e.detectors:WARNING: Potentially reading uninitialized memory at instruction (address: 415020330518896066076106623685619684148339871988, offset 148)
2019-08-01 01:52:19,003: [1531] m.e.detectors:WARNING: Potentially reading uninitialized memory at instruction (address: 415020330518896066076106623685619684148339871988, offset 149)
2019-08-01 01:52:20,595: [1531] m.e.detectors:WARNING: Potentially reading uninitialized memory at instruction (address: 415020330518896066076106623685619684148339871988, offset 150)
2019-08-01 01:52:22,035: [1531] m.e.detectors:WARNING: Potentially reading uninitialized memory at instruction (address: 415020330518896066076106623685619684148339871988, offset 151)
2019-08-01 01:52:22,791: [1518] m.e.detectors:WARNING: Potentially reading uninitialized memory at instruction (address: 415020330518896066076106623685619684148339871988, offset 128)
2019-08-01 01:52:24,710: [1518] m.e.detectors:WARNING: Potentially reading uninitialized memory at instruction (address: 415020330518896066076106623685619684148339871988, offset 129)
2019-08-01 01:52:25,938: [1531] m.e.detectors:WARNING: Potentially reading uninitialized memory at instruction (address: 415020330518896066076106623685619684148339871988, offset 152)
2019-08-01 01:52:29,128: [1518] m.e.detectors:WARNING: Potentially reading uninitialized memory at instruction (address: 415020330518896066076106623685619684148339871988, offset 130)
2019-08-01 01:52:33,419: [1518] m.e.detectors:WARNING: Potentially reading uninitialized memory at instruction (address: 415020330518896066076106623685619684148339871988, offset 131)
2019-08-01 01:52:34,731: [1518] m.e.detectors:WARNING: Potentially reading uninitialized memory at instruction (address: 415020330518896066076106623685619684148339871988, offset 132)
2019-08-01 01:52:35,635: [1531] m.e.detectors:WARNING: Potentially reading uninitialized memory at instruction (address: 415020330518896066076106623685619684148339871988, offset 153)
2019-08-01 01:52:37,911: [1531] m.e.detectors:WARNING: Potentially reading uninitialized memory at instruction (address: 415020330518896066076106623685619684148339871988, offset 154)
2019-08-01 01:52:39,138: [1518] m.e.detectors:WARNING: Potentially reading uninitialized memory at instruction (address: 415020330518896066076106623685619684148339871988, offset 133)
2019-08-01 01:52:39,591: [1531] m.e.detectors:WARNING: Potentially reading uninitialized memory at instruction (address: 415020330518896066076106623685619684148339871988, offset 155)
2019-08-01 01:52:41,239: [1518] m.e.detectors:WARNING: Potentially reading uninitialized memory at instruction (address: 415020330518896066076106623685619684148339871988, offset 134)
2019-08-01 01:52:41,425: [1531] m.e.detectors:WARNING: Potentially reading uninitialized memory at instruction (address: 415020330518896066076106623685619684148339871988, offset 156)
2019-08-01 01:52:42,835: [1531] m.e.detectors:WARNING: Potentially reading uninitialized memory at instruction (address: 415020330518896066076106623685619684148339871988, offset 157)
2019-08-01 01:52:43,115: [1518] m.e.detectors:WARNING: Potentially reading uninitialized memory at instruction (address: 415020330518896066076106623685619684148339871988, offset 135)
2019-08-01 01:52:44,203: [1531] m.e.detectors:WARNING: Potentially reading uninitialized memory at instruction (address: 415020330518896066076106623685619684148339871988, offset 158)
2019-08-01 01:52:44,831: [1518] m.e.detectors:WARNING: Potentially reading uninitialized memory at instruction (address: 415020330518896066076106623685619684148339871988, offset 136)
2019-08-01 01:52:45,943: [1531] m.e.detectors:WARNING: Potentially reading uninitialized memory at instruction (address: 415020330518896066076106623685619684148339871988, offset 159)
2019-08-01 01:52:46,420: [1518] m.e.detectors:WARNING: Potentially reading uninitialized memory at instruction (address: 415020330518896066076106623685619684148339871988, offset 137)
2019-08-01 01:52:48,731: [1518] m.e.detectors:WARNING: Potentially reading uninitialized memory at instruction (address: 415020330518896066076106623685619684148339871988, offset 138)
2019-08-01 01:52:50,140: [1518] m.e.detectors:WARNING: Potentially reading uninitialized memory at instruction (address: 415020330518896066076106623685619684148339871988, offset 139)
2019-08-01 01:52:53,228: [1518] m.e.detectors:WARNING: Potentially reading uninitialized memory at instruction (address: 415020330518896066076106623685619684148339871988, offset 140)
2019-08-01 01:53:03,332: [1518] m.e.detectors:WARNING: Potentially reading uninitialized memory at instruction (address: 415020330518896066076106623685619684148339871988, offset 141)
2019-08-01 01:53:03,506: [1531] m.e.detectors:WARNING: Potentially reading uninitialized memory at instruction (address: 415020330518896066076106623685619684148339871988, offset 128)
2019-08-01 01:53:05,541: [1518] m.e.detectors:WARNING: Potentially reading uninitialized memory at instruction (address: 415020330518896066076106623685619684148339871988, offset 142)
2019-08-01 01:53:05,874: [1531] m.e.detectors:WARNING: Potentially reading uninitialized memory at instruction (address: 415020330518896066076106623685619684148339871988, offset 129)
2019-08-01 01:53:07,507: [1518] m.e.detectors:WARNING: Potentially reading uninitialized memory at instruction (address: 415020330518896066076106623685619684148339871988, offset 143)
2019-08-01 01:53:09,495: [1518] m.e.detectors:WARNING: Potentially reading uninitialized memory at instruction (address: 415020330518896066076106623685619684148339871988, offset 144)
2019-08-01 01:53:10,602: [1531] m.e.detectors:WARNING: Potentially reading uninitialized memory at instruction (address: 415020330518896066076106623685619684148339871988, offset 130)
2019-08-01 01:53:12,915: [1531] m.e.detectors:WARNING: Potentially reading uninitialized memory at instruction (address: 415020330518896066076106623685619684148339871988, offset 131)
2019-08-01 01:53:14,327: [1518] m.e.detectors:WARNING: Potentially reading uninitialized memory at instruction (address: 415020330518896066076106623685619684148339871988, offset 145)
2019-08-01 01:53:14,539: [1531] m.e.detectors:WARNING: Potentially reading uninitialized memory at instruction (address: 415020330518896066076106623685619684148339871988, offset 132)
2019-08-01 01:53:15,819: [1518] m.e.detectors:WARNING: Potentially reading uninitialized memory at instruction (address: 415020330518896066076106623685619684148339871988, offset 146)
2019-08-01 01:53:16,438: [1531] m.e.detectors:WARNING: Potentially reading uninitialized memory at instruction (address: 415020330518896066076106623685619684148339871988, offset 133)
2019-08-01 01:53:17,922: [1518] m.e.detectors:WARNING: Potentially reading uninitialized memory at instruction (address: 415020330518896066076106623685619684148339871988, offset 147)
2019-08-01 01:53:18,339: [1531] m.e.detectors:WARNING: Potentially reading uninitialized memory at instruction (address: 415020330518896066076106623685619684148339871988, offset 134)
2019-08-01 01:53:19,687: [1518] m.e.detectors:WARNING: Potentially reading uninitialized memory at instruction (address: 415020330518896066076106623685619684148339871988, offset 148)
2019-08-01 01:53:20,146: [1531] m.e.detectors:WARNING: Potentially reading uninitialized memory at instruction (address: 415020330518896066076106623685619684148339871988, offset 135)
2019-08-01 01:53:21,722: [1531] m.e.detectors:WARNING: Potentially reading uninitialized memory at instruction (address: 415020330518896066076106623685619684148339871988, offset 136)
2019-08-01 01:53:22,139: [1518] m.e.detectors:WARNING: Potentially reading uninitialized memory at instruction (address: 415020330518896066076106623685619684148339871988, offset 149)
2019-08-01 01:53:23,574: [1531] m.e.detectors:WARNING: Potentially reading uninitialized memory at instruction (address: 415020330518896066076106623685619684148339871988, offset 137)
2019-08-01 01:53:23,806: [1518] m.e.detectors:WARNING: Potentially reading uninitialized memory at instruction (address: 415020330518896066076106623685619684148339871988, offset 150)
2019-08-01 01:53:25,532: [1531] m.e.detectors:WARNING: Potentially reading uninitialized memory at instruction (address: 415020330518896066076106623685619684148339871988, offset 138)
2019-08-01 01:53:25,746: [1518] m.e.detectors:WARNING: Potentially reading uninitialized memory at instruction (address: 415020330518896066076106623685619684148339871988, offset 151)
2019-08-01 01:53:27,527: [1518] m.e.detectors:WARNING: Potentially reading uninitialized memory at instruction (address: 415020330518896066076106623685619684148339871988, offset 152)
2019-08-01 01:53:27,755: [1531] m.e.detectors:WARNING: Potentially reading uninitialized memory at instruction (address: 415020330518896066076106623685619684148339871988, offset 139)
2019-08-01 01:53:29,646: [1518] m.e.detectors:WARNING: Potentially reading uninitialized memory at instruction (address: 415020330518896066076106623685619684148339871988, offset 153)
2019-08-01 01:53:29,775: [1531] m.e.detectors:WARNING: Potentially reading uninitialized memory at instruction (address: 415020330518896066076106623685619684148339871988, offset 140)
2019-08-01 01:53:31,427: [1518] m.e.detectors:WARNING: Potentially reading uninitialized memory at instruction (address: 415020330518896066076106623685619684148339871988, offset 154)
2019-08-01 01:53:31,618: [1531] m.e.detectors:WARNING: Potentially reading uninitialized memory at instruction (address: 415020330518896066076106623685619684148339871988, offset 141)
2019-08-01 01:53:33,242: [1518] m.e.detectors:WARNING: Potentially reading uninitialized memory at instruction (address: 415020330518896066076106623685619684148339871988, offset 155)
2019-08-01 01:53:33,423: [1531] m.e.detectors:WARNING: Potentially reading uninitialized memory at instruction (address: 415020330518896066076106623685619684148339871988, offset 142)
2019-08-01 01:53:35,018: [1518] m.e.detectors:WARNING: Potentially reading uninitialized memory at instruction (address: 415020330518896066076106623685619684148339871988, offset 156)
2019-08-01 01:53:35,231: [1531] m.e.detectors:WARNING: Potentially reading uninitialized memory at instruction (address: 415020330518896066076106623685619684148339871988, offset 143)
2019-08-01 01:53:37,035: [1518] m.e.detectors:WARNING: Potentially reading uninitialized memory at instruction (address: 415020330518896066076106623685619684148339871988, offset 157)
2019-08-01 01:53:37,390: [1531] m.e.detectors:WARNING: Potentially reading uninitialized memory at instruction (address: 415020330518896066076106623685619684148339871988, offset 144)
2019-08-01 01:53:39,422: [1531] m.e.detectors:WARNING: Potentially reading uninitialized memory at instruction (address: 415020330518896066076106623685619684148339871988, offset 145)
2019-08-01 01:53:40,030: [1518] m.e.detectors:WARNING: Potentially reading uninitialized memory at instruction (address: 415020330518896066076106623685619684148339871988, offset 158)
2019-08-01 01:53:41,331: [1531] m.e.detectors:WARNING: Potentially reading uninitialized memory at instruction (address: 415020330518896066076106623685619684148339871988, offset 146)
2019-08-01 01:53:45,814: [1518] m.e.detectors:WARNING: Potentially reading uninitialized memory at instruction (address: 415020330518896066076106623685619684148339871988, offset 159)
2019-08-01 01:53:47,411: [1531] m.e.detectors:WARNING: Potentially reading uninitialized memory at instruction (address: 415020330518896066076106623685619684148339871988, offset 147)
2019-08-01 01:53:49,936: [1531] m.e.detectors:WARNING: Potentially reading uninitialized memory at instruction (address: 415020330518896066076106623685619684148339871988, offset 148)
2019-08-01 01:53:52,030: [1531] m.e.detectors:WARNING: Potentially reading uninitialized memory at instruction (address: 415020330518896066076106623685619684148339871988, offset 149)
2019-08-01 01:53:53,236: [1518] m.e.detectors:WARNING: Potentially reading uninitialized memory at instruction (address: 415020330518896066076106623685619684148339871988, offset 128)
2019-08-01 01:53:54,583: [1531] m.e.detectors:WARNING: Potentially reading uninitialized memory at instruction (address: 415020330518896066076106623685619684148339871988, offset 150)
2019-08-01 01:53:55,015: [1518] m.e.detectors:WARNING: Potentially reading uninitialized memory at instruction (address: 415020330518896066076106623685619684148339871988, offset 129)
2019-08-01 01:53:57,020: [1531] m.e.detectors:WARNING: Potentially reading uninitialized memory at instruction (address: 415020330518896066076106623685619684148339871988, offset 151)
2019-08-01 01:53:57,405: [1518] m.e.detectors:WARNING: Potentially reading uninitialized memory at instruction (address: 415020330518896066076106623685619684148339871988, offset 130)
2019-08-01 01:53:59,310: [1531] m.e.detectors:WARNING: Potentially reading uninitialized memory at instruction (address: 415020330518896066076106623685619684148339871988, offset 152)
2019-08-01 01:53:59,436: [1518] m.e.detectors:WARNING: Potentially reading uninitialized memory at instruction (address: 415020330518896066076106623685619684148339871988, offset 131)
[Errno 12] Cannot allocate memory Probably too many cached expressions? visitors._cache...
2019-08-01 01:54:00,843: [1531] m.c.worker:ERROR: Exception in state 9: Z3NotFoundError()
Traceback (most recent call last):
  File "/usr/local/lib/python3.6/dist-packages/manticore/core/smtlib/solver.py", line 205, in _start_proc
    close_fds=True,
  File "/usr/lib/python3.6/subprocess.py", line 729, in __init__
    restore_signals, start_new_session)
  File "/usr/lib/python3.6/subprocess.py", line 1295, in _execute_child
    restore_signals, start_new_session, preexec_fn)
OSError: [Errno 12] Cannot allocate memory

During handling of the above exception, another exception occurred:

Traceback (most recent call last):
  File "/usr/local/lib/python3.6/dist-packages/manticore/core/worker.py", line 121, in run
    current_state.execute()
  File "/usr/local/lib/python3.6/dist-packages/manticore/ethereum/state.py", line 6, in execute
    return self._platform.execute()
  File "/usr/local/lib/python3.6/dist-packages/manticore/platforms/evm.py", line 2684, in execute
    self.current_vm.execute()
  File "/usr/local/lib/python3.6/dist-packages/manticore/platforms/evm.py", line 1213, in execute
    result = self._handler(*arguments)
  File "/usr/local/lib/python3.6/dist-packages/manticore/platforms/evm.py", line 1086, in _handler
    return implementation(*arguments)
  File "/usr/local/lib/python3.6/dist-packages/manticore/platforms/evm.py", line 1790, in MLOAD
    value = self._load(address, 32)
  File "/usr/local/lib/python3.6/dist-packages/manticore/platforms/evm.py", line 1312, in _load
    "did_evm_read_memory", offset + i, Operators.EXTRACT(value, (size - i - 1) * 8, 8)
  File "/usr/local/lib/python3.6/dist-packages/manticore/utils/event.py", line 128, in _publish
    self._publish_impl(_name, *args, **kwargs)
  File "/usr/local/lib/python3.6/dist-packages/manticore/utils/event.py", line 145, in _publish_impl
    sink._publish_impl(_name, *args, **kwargs)
  File "/usr/local/lib/python3.6/dist-packages/manticore/utils/event.py", line 145, in _publish_impl
    sink._publish_impl(_name, *args, **kwargs)
  File "/usr/local/lib/python3.6/dist-packages/manticore/utils/event.py", line 143, in _publish_impl
    sink._publish_impl(_name, self, *args, **kwargs)
  File "/usr/local/lib/python3.6/dist-packages/manticore/utils/event.py", line 136, in _publish_impl
    callback(robj(), *args, **kwargs)
  File "/usr/local/lib/python3.6/dist-packages/manticore/ethereum/detectors.py", line 665, in did_evm_read_memory_callback
    if state.can_be_true(cbu):
  File "/usr/local/lib/python3.6/dist-packages/manticore/core/state.py", line 297, in can_be_true
    return self._solver.can_be_true(self._constraints, expr)
  File "/usr/local/lib/python3.6/dist-packages/manticore/core/smtlib/solver.py", line 401, in can_be_true
    self._reset(temp_cs.to_string(related_to=expression))
  File "/usr/local/lib/python3.6/dist-packages/manticore/core/smtlib/solver.py", line 275, in _reset
    self._start_proc()
  File "/usr/local/lib/python3.6/dist-packages/manticore/core/smtlib/solver.py", line 210, in _start_proc
    raise Z3NotFoundError  # TODO(mark) don't catch this exception in two places
manticore.exceptions.Z3NotFoundError
 
2019-08-01 01:54:06,026: [1518] m.e.detectors:WARNING: Potentially reading uninitialized memory at instruction (address: 415020330518896066076106623685619684148339871988, offset 132)
2019-08-01 01:54:09,678: [1518] m.e.detectors:WARNING: Potentially reading uninitialized memory at instruction (address: 415020330518896066076106623685619684148339871988, offset 133)
2019-08-01 01:54:23,115: [1518] m.e.detectors:WARNING: Potentially reading uninitialized memory at instruction (address: 415020330518896066076106623685619684148339871988, offset 134)
2019-08-01 01:54:24,305: [1518] m.e.detectors:WARNING: Potentially reading uninitialized memory at instruction (address: 415020330518896066076106623685619684148339871988, offset 135)
2019-08-01 01:54:26,540: [1518] m.e.detectors:WARNING: Potentially reading uninitialized memory at instruction (address: 415020330518896066076106623685619684148339871988, offset 136)
[Errno 12] Cannot allocate memory Probably too many cached expressions? visitors._cache...
2019-08-01 01:54:32,902: [1518] m.c.worker:ERROR: Exception in state 2: Z3NotFoundError()
Traceback (most recent call last):
  File "/usr/local/lib/python3.6/dist-packages/manticore/core/smtlib/solver.py", line 205, in _start_proc
    close_fds=True,
  File "/usr/lib/python3.6/subprocess.py", line 729, in __init__
    restore_signals, start_new_session)
  File "/usr/lib/python3.6/subprocess.py", line 1295, in _execute_child
    restore_signals, start_new_session, preexec_fn)
OSError: [Errno 12] Cannot allocate memory

During handling of the above exception, another exception occurred:

Traceback (most recent call last):
  File "/usr/local/lib/python3.6/dist-packages/manticore/core/worker.py", line 121, in run
    current_state.execute()
  File "/usr/local/lib/python3.6/dist-packages/manticore/ethereum/state.py", line 6, in execute
    return self._platform.execute()
  File "/usr/local/lib/python3.6/dist-packages/manticore/platforms/evm.py", line 2684, in execute
    self.current_vm.execute()
  File "/usr/local/lib/python3.6/dist-packages/manticore/platforms/evm.py", line 1213, in execute
    result = self._handler(*arguments)
  File "/usr/local/lib/python3.6/dist-packages/manticore/platforms/evm.py", line 1086, in _handler
    return implementation(*arguments)
  File "/usr/local/lib/python3.6/dist-packages/manticore/platforms/evm.py", line 1790, in MLOAD
    value = self._load(address, 32)
  File "/usr/local/lib/python3.6/dist-packages/manticore/platforms/evm.py", line 1312, in _load
    "did_evm_read_memory", offset + i, Operators.EXTRACT(value, (size - i - 1) * 8, 8)
  File "/usr/local/lib/python3.6/dist-packages/manticore/utils/event.py", line 128, in _publish
    self._publish_impl(_name, *args, **kwargs)
  File "/usr/local/lib/python3.6/dist-packages/manticore/utils/event.py", line 145, in _publish_impl
    sink._publish_impl(_name, *args, **kwargs)
  File "/usr/local/lib/python3.6/dist-packages/manticore/utils/event.py", line 145, in _publish_impl
    sink._publish_impl(_name, *args, **kwargs)
  File "/usr/local/lib/python3.6/dist-packages/manticore/utils/event.py", line 143, in _publish_impl
    sink._publish_impl(_name, self, *args, **kwargs)
  File "/usr/local/lib/python3.6/dist-packages/manticore/utils/event.py", line 136, in _publish_impl
    callback(robj(), *args, **kwargs)
  File "/usr/local/lib/python3.6/dist-packages/manticore/ethereum/detectors.py", line 665, in did_evm_read_memory_callback
    if state.can_be_true(cbu):
  File "/usr/local/lib/python3.6/dist-packages/manticore/core/state.py", line 297, in can_be_true
    return self._solver.can_be_true(self._constraints, expr)
  File "/usr/local/lib/python3.6/dist-packages/manticore/core/smtlib/solver.py", line 401, in can_be_true
    self._reset(temp_cs.to_string(related_to=expression))
  File "/usr/local/lib/python3.6/dist-packages/manticore/core/smtlib/solver.py", line 275, in _reset
    self._start_proc()
  File "/usr/local/lib/python3.6/dist-packages/manticore/core/smtlib/solver.py", line 210, in _start_proc
    raise Z3NotFoundError  # TODO(mark) don't catch this exception in two places
manticore.exceptions.Z3NotFoundError
 
2019-08-01 01:56:11,530: [1529] m.e.detectors:WARNING: Potentially reading uninitialized storage
2019-08-01 01:56:45,722: [1525] m.e.detectors:WARNING: Unsigned integer overflow at MUL instruction
2019-08-01 01:57:09,132: [1529] m.e.detectors:WARNING: Potentially reading uninitialized storage
2019-08-01 02:02:44,196: [1529] m.e.detectors:WARNING: Unsigned integer overflow at MUL instruction
2019-08-01 02:05:04,632: [1527] m.e.detectors:WARNING: Unsigned integer overflow at MUL instruction
2019-08-01 02:09:32,752: [1520] m.e.detectors:WARNING: Unsigned integer overflow at MUL instruction
2019-08-01 02:09:33,251: [315] m.e.manticore:INFO: 7 alive states, 22 terminated states
2019-08-01 02:09:48,652: [315] m.e.manticore:INFO: Starting symbolic transaction: 1