2019-07-31 17:40:17,972: [12] m.main:INFO: Registered plugins: DetectIntegerOverflow, DetectEnvInstruction, DetectExternalCallAndLeak, DetectUnusedRetVal, DetectInvalid, DetectSuicidal, DetectUninitializedStorage, DetectReentrancySimple, DetectDelegatecall, DetectReentrancyAdvanced, DetectUninitializedMemory
2019-07-31 17:40:17,973: [12] m.main:INFO: Beginning analysis
2019-07-31 17:40:17,988: [12] m.e.manticore:INFO: Starting symbolic create contract
2019-07-31 17:40:28,054: [12] m.e.manticore:INFO: Starting symbolic transaction: 0
2019-07-31 17:41:22,422: [473] m.e.detectors:WARNING: Warning TIMESTAMP instruction used
2019-07-31 17:41:32,553: [475] m.e.detectors:WARNING: INVALID instruction
2019-07-31 17:41:58,474: [491] m.e.detectors:WARNING: INVALID instruction
2019-07-31 17:43:33,086: [486] m.e.detectors:WARNING: Warning TIMESTAMP instruction used
2019-07-31 17:43:49,498: [471] m.e.detectors:WARNING: INVALID instruction
2019-07-31 17:45:14,885: [500] m.e.detectors:WARNING: INVALID instruction
2019-07-31 17:45:57,103: [505] m.e.detectors:WARNING: INVALID instruction
2019-07-31 17:48:04,087: [500] m.e.detectors:WARNING: INVALID instruction
2019-07-31 17:48:28,602: [475] m.e.detectors:WARNING: INVALID instruction
2019-07-31 17:49:44,174: [471] m.e.detectors:WARNING: INVALID instruction
2019-07-31 17:50:09,013: [471] m.e.detectors:WARNING: INVALID instruction
2019-07-31 17:51:38,139: [491] m.c.worker:ERROR: Exception in state 6: SolverError('',)
Traceback (most recent call last):
  File "/usr/local/lib/python3.6/dist-packages/manticore/core/worker.py", line 121, in run
    current_state.execute()
  File "/usr/local/lib/python3.6/dist-packages/manticore/ethereum/state.py", line 6, in execute
    return self._platform.execute()
  File "/usr/local/lib/python3.6/dist-packages/manticore/platforms/evm.py", line 2684, in execute
    self.current_vm.execute()
  File "/usr/local/lib/python3.6/dist-packages/manticore/platforms/evm.py", line 1201, in execute
    "Concretize PC", expression=expression, setstate=setstate, policy="ALL"
manticore.core.state.Concretize

During handling of the above exception, another exception occurred:

Traceback (most recent call last):
  File "/usr/local/lib/python3.6/dist-packages/manticore/core/worker.py", line 142, in run
    m._fork(current_state, exc.expression, exc.policy, exc.setstate)
  File "/usr/local/lib/python3.6/dist-packages/manticore/core/manticore.py", line 332, in _fork
    solutions = state.concretize(expression, policy)
  File "/usr/local/lib/python3.6/dist-packages/manticore/core/state.py", line 271, in concretize
    self._constraints, symbolic, maxcnt=maxcount, silent=True
  File "/usr/local/lib/python3.6/dist-packages/manticore/core/smtlib/solver.py", line 436, in get_all_values
    while self._is_sat():
  File "/usr/local/lib/python3.6/dist-packages/manticore/core/smtlib/solver.py", line 328, in _is_sat
    raise SolverError(status)
manticore.exceptions.SolverError
 
2019-07-31 17:52:08,394: [477] m.c.worker:ERROR: Exception in state 3: SolverError('',)
Traceback (most recent call last):
  File "/usr/local/lib/python3.6/dist-packages/manticore/core/worker.py", line 121, in run
    current_state.execute()
  File "/usr/local/lib/python3.6/dist-packages/manticore/ethereum/state.py", line 6, in execute
    return self._platform.execute()
  File "/usr/local/lib/python3.6/dist-packages/manticore/platforms/evm.py", line 2684, in execute
    self.current_vm.execute()
  File "/usr/local/lib/python3.6/dist-packages/manticore/platforms/evm.py", line 1215, in execute
    self._advance(result)
  File "/usr/local/lib/python3.6/dist-packages/manticore/platforms/evm.py", line 1166, in _advance
    self._publish("did_evm_execute_instruction", last_instruction, last_arguments, result)
  File "/usr/local/lib/python3.6/dist-packages/manticore/utils/event.py", line 128, in _publish
    self._publish_impl(_name, *args, **kwargs)
  File "/usr/local/lib/python3.6/dist-packages/manticore/utils/event.py", line 145, in _publish_impl
    sink._publish_impl(_name, *args, **kwargs)
  File "/usr/local/lib/python3.6/dist-packages/manticore/utils/event.py", line 145, in _publish_impl
    sink._publish_impl(_name, *args, **kwargs)
  File "/usr/local/lib/python3.6/dist-packages/manticore/utils/event.py", line 143, in _publish_impl
    sink._publish_impl(_name, self, *args, **kwargs)
  File "/usr/local/lib/python3.6/dist-packages/manticore/utils/event.py", line 136, in _publish_impl
    callback(robj(), *args, **kwargs)
  File "/usr/local/lib/python3.6/dist-packages/manticore/ethereum/detectors.py", line 535, in did_evm_execute_instruction_callback
    if state.can_be_true(ios):
  File "/usr/local/lib/python3.6/dist-packages/manticore/core/state.py", line 297, in can_be_true
    return self._solver.can_be_true(self._constraints, expr)
  File "/usr/local/lib/python3.6/dist-packages/manticore/core/smtlib/solver.py", line 402, in can_be_true
    return self._is_sat()
  File "/usr/local/lib/python3.6/dist-packages/manticore/core/smtlib/solver.py", line 328, in _is_sat
    raise SolverError(status)
manticore.exceptions.SolverError
 
2019-07-31 17:52:53,343: [473] m.e.detectors:WARNING: INVALID instruction
2019-07-31 17:55:06,094: [495] m.c.worker:ERROR: Exception in state 7: SolverError('',)
Traceback (most recent call last):
  File "/usr/local/lib/python3.6/dist-packages/manticore/core/worker.py", line 121, in run
    current_state.execute()
  File "/usr/local/lib/python3.6/dist-packages/manticore/ethereum/state.py", line 6, in execute
    return self._platform.execute()
  File "/usr/local/lib/python3.6/dist-packages/manticore/platforms/evm.py", line 2684, in execute
    self.current_vm.execute()
  File "/usr/local/lib/python3.6/dist-packages/manticore/platforms/evm.py", line 1208, in execute
    self._check_jmpdest()
  File "/usr/local/lib/python3.6/dist-packages/manticore/platforms/evm.py", line 1142, in _check_jmpdest
    self.constraints, should_check_jumpdest
  File "/usr/local/lib/python3.6/dist-packages/manticore/core/smtlib/solver.py", line 436, in get_all_values
    while self._is_sat():
  File "/usr/local/lib/python3.6/dist-packages/manticore/core/smtlib/solver.py", line 328, in _is_sat
    raise SolverError(status)
manticore.exceptions.SolverError
 
2019-07-31 17:55:17,720: [480] m.e.detectors:WARNING: INVALID instruction
2019-07-31 17:55:46,166: [473] m.c.worker:ERROR: Exception in state 1: SolverError('',)
Traceback (most recent call last):
  File "/usr/local/lib/python3.6/dist-packages/manticore/core/worker.py", line 121, in run
    current_state.execute()
  File "/usr/local/lib/python3.6/dist-packages/manticore/ethereum/state.py", line 6, in execute
    return self._platform.execute()
  File "/usr/local/lib/python3.6/dist-packages/manticore/platforms/evm.py", line 2684, in execute
    self.current_vm.execute()
  File "/usr/local/lib/python3.6/dist-packages/manticore/platforms/evm.py", line 1208, in execute
    self._check_jmpdest()
  File "/usr/local/lib/python3.6/dist-packages/manticore/platforms/evm.py", line 1142, in _check_jmpdest
    self.constraints, should_check_jumpdest
  File "/usr/local/lib/python3.6/dist-packages/manticore/core/smtlib/solver.py", line 436, in get_all_values
    while self._is_sat():
  File "/usr/local/lib/python3.6/dist-packages/manticore/core/smtlib/solver.py", line 328, in _is_sat
    raise SolverError(status)
manticore.exceptions.SolverError
 
2019-07-31 17:55:48,355: [12] m.e.manticore:INFO: 16 alive states, 38 terminated states
2019-07-31 17:56:11,727: [12] m.e.manticore:INFO: Starting symbolic transaction: 1
2019-07-31 18:04:49,095: [7355] m.e.detectors:WARNING: INVALID instruction
2019-07-31 18:04:52,410: [7365] m.e.detectors:WARNING: INVALID instruction
2019-07-31 18:04:58,610: [7358] m.e.detectors:WARNING: INVALID instruction
2019-07-31 18:05:29,586: [7356] m.e.detectors:WARNING: INVALID instruction