INFO:root:Contract /unique_chucks/17/0x6500a4f6706f8692b6dd0b71dd86070b02a8e08b.sol:Narushnai:
INFO:symExec:Running, please wait...
Traceback (most recent call last):
  File "/root/osiris/taintFlow.py", line 652, in perform_taint_analysis
    propagate_taint(taint, tainted_stack, tainted_memory, tainted_storage, instruction, current_stack, previous_block, current_block, next_blocks, arithmetic_errors, sha3_list, false_positives, strings)
  File "/root/osiris/taintFlow.py", line 418, in propagate_taint
    if arithmetic_error["instruction"].data_in[0] == 32 or arithmetic_error["instruction"].data_in[0] == 31:
  File "/root/osiris/z3/z3.py", line 302, in __nonzero__
    return self.__bool__()
  File "/root/osiris/z3/z3.py", line 310, in __bool__
    return self.arg(0).eq(self.arg(1))
  File "/root/osiris/z3/z3.py", line 350, in eq
    return Z3_is_eq_ast(self.ctx_ref(), self.as_ast(), other.as_ast())
  File "/root/osiris/z3/z3core.py", line 2552, in Z3_is_eq_ast
    _elems.Check(a0)
  File "/root/osiris/z3/z3core.py", line 1326, in Check
    err = self.get_error_code(ctx)
  File "/root/osiris/symExec.py", line 2868, in handler
    raise Exception("timeout")
Exception: timeout
INFO:symExec:	============ Results ===========
INFO:symExec:	  EVM code coverage: 	 50.6%
INFO:symExec:	  Arithmetic bugs: 	 True
INFO:symExec:	  └> Overflow bugs: 	 True
/unique_chucks/17/0x6500a4f6706f8692b6dd0b71dd86070b02a8e08b.sol:Narushnai:60:13
balances[_to] += _value
^
INFO:symExec:	  └> Underflow bugs: 	 False
INFO:symExec:	  └> Division bugs: 	 False
INFO:symExec:	  └> Modulo bugs:   	 False
INFO:symExec:	  └> Truncation bugs: 	 False
INFO:symExec:	  └> Signedness bugs: 	 False
INFO:symExec:	  Callstack bug: 	 False
INFO:symExec:	  Concurrency bug: 	 False
INFO:symExec:	  Time dependency bug: 	 False
INFO:symExec:	  Reentrancy bug: 	 False
INFO:symExec:	 --- 50.03155303 seconds ---
INFO:symExec:	====== Analysis Completed ======
INFO:root:Contract /unique_chucks/17/0x6500a4f6706f8692b6dd0b71dd86070b02a8e08b.sol:StandardToken:
INFO:symExec:Running, please wait...
INFO:symExec:	============ Results ===========
INFO:symExec:	  EVM code coverage: 	 99.9%
INFO:symExec:	  Arithmetic bugs: 	 True
INFO:symExec:	  └> Overflow bugs: 	 True
/unique_chucks/17/0x6500a4f6706f8692b6dd0b71dd86070b02a8e08b.sol:StandardToken:50:13
balances[_to] += _value
^
/unique_chucks/17/0x6500a4f6706f8692b6dd0b71dd86070b02a8e08b.sol:StandardToken:60:13
balances[_to] += _value
^
INFO:symExec:	  └> Underflow bugs: 	 False
INFO:symExec:	  └> Division bugs: 	 False
INFO:symExec:	  └> Modulo bugs:   	 False
INFO:symExec:	  └> Truncation bugs: 	 False
INFO:symExec:	  └> Signedness bugs: 	 False
INFO:symExec:	  Callstack bug: 	 False
INFO:symExec:	  Concurrency bug: 	 False
INFO:symExec:	  Time dependency bug: 	 False
INFO:symExec:	  Reentrancy bug: 	 False
INFO:symExec:	 --- 8.66259694099 seconds ---
INFO:symExec:	====== Analysis Completed ======
INFO:root:Contract /unique_chucks/17/0x6500a4f6706f8692b6dd0b71dd86070b02a8e08b.sol:Token:
INFO:symExec:Running, please wait...
INFO:symExec:	============ Results ===========
INFO:symExec:	  EVM code coverage: 	 99.8%
INFO:symExec:	  Arithmetic bugs: 	 False
INFO:symExec:	  └> Overflow bugs: 	 False
INFO:symExec:	  └> Underflow bugs: 	 False
INFO:symExec:	  └> Division bugs: 	 False
INFO:symExec:	  └> Modulo bugs:   	 False
INFO:symExec:	  └> Truncation bugs: 	 False
INFO:symExec:	  └> Signedness bugs: 	 False
INFO:symExec:	  Callstack bug: 	 False
INFO:symExec:	  Concurrency bug: 	 False
INFO:symExec:	  Time dependency bug: 	 False
INFO:symExec:	  Reentrancy bug: 	 False
INFO:symExec:	 --- 0.552753925323 seconds ---
INFO:symExec:	====== Analysis Completed ======

  .oooooo.             o8o            o8o          
 d8P'  `Y8b            `"'            `"'          
888      888  .oooo.o oooo  oooo d8b oooo   .oooo.o
888      888 d88(  "8 `888  `888""8P `888  d88(  "8
888      888 `"Y88b.   888   888      888  `"Y88b. 
`88b    d88' o.  )88b  888   888      888  o.  )88b
 `Y8bood8P'  8""888P' o888o d888b    o888o 8""888P'


!!! SYMBOLIC EXECUTION TIMEOUT !!!
Unexpected error: <type 'exceptions.Exception'>