2019-07-31 16:39:34,407: [12] m.main:INFO: Registered plugins: DetectReentrancySimple, DetectInvalid, DetectSuicidal, DetectReentrancyAdvanced, DetectUninitializedStorage, DetectIntegerOverflow, DetectDelegatecall, DetectEnvInstruction, DetectUninitializedMemory, DetectUnusedRetVal, DetectExternalCallAndLeak
2019-07-31 16:39:34,407: [12] m.main:INFO: Beginning analysis
2019-07-31 16:39:34,421: [12] m.e.manticore:INFO: Starting symbolic create contract
2019-07-31 16:39:36,005: [12] m.e.manticore:INFO: Starting symbolic transaction: 0
2019-07-31 16:44:29,649: [12] m.e.manticore:INFO: 5 alive states, 10 terminated states
2019-07-31 16:44:35,690: [12] m.e.manticore:INFO: Starting symbolic transaction: 1
2019-07-31 16:52:35,979: [1664] m.c.worker:ERROR: Exception in state 4: SolverError('',)
Traceback (most recent call last):
  File "/usr/local/lib/python3.6/dist-packages/manticore/platforms/evm.py", line 1213, in execute
    result = self._handler(*arguments)
  File "/usr/local/lib/python3.6/dist-packages/manticore/platforms/evm.py", line 1086, in _handler
    return implementation(*arguments)
  File "/usr/local/lib/python3.6/dist-packages/manticore/platforms/evm.py", line 548, in wrapper
    return func(*args, **kwargs)
  File "/usr/local/lib/python3.6/dist-packages/manticore/platforms/evm.py", line 2013, in RETURN
    raise EndTx("RETURN", data)
manticore.platforms.evm.EndTx: EndTX<RETURN>

During handling of the above exception, another exception occurred:

Traceback (most recent call last):
  File "/usr/local/lib/python3.6/dist-packages/manticore/core/worker.py", line 121, in run
    current_state.execute()
  File "/usr/local/lib/python3.6/dist-packages/manticore/ethereum/state.py", line 6, in execute
    return self._platform.execute()
  File "/usr/local/lib/python3.6/dist-packages/manticore/platforms/evm.py", line 2684, in execute
    self.current_vm.execute()
  File "/usr/local/lib/python3.6/dist-packages/manticore/platforms/evm.py", line 1285, in execute
    self._advance(exception=True)
  File "/usr/local/lib/python3.6/dist-packages/manticore/platforms/evm.py", line 1166, in _advance
    self._publish("did_evm_execute_instruction", last_instruction, last_arguments, result)
  File "/usr/local/lib/python3.6/dist-packages/manticore/utils/event.py", line 128, in _publish
    self._publish_impl(_name, *args, **kwargs)
  File "/usr/local/lib/python3.6/dist-packages/manticore/utils/event.py", line 145, in _publish_impl
    sink._publish_impl(_name, *args, **kwargs)
  File "/usr/local/lib/python3.6/dist-packages/manticore/utils/event.py", line 145, in _publish_impl
    sink._publish_impl(_name, *args, **kwargs)
  File "/usr/local/lib/python3.6/dist-packages/manticore/utils/event.py", line 143, in _publish_impl
    sink._publish_impl(_name, self, *args, **kwargs)
  File "/usr/local/lib/python3.6/dist-packages/manticore/utils/event.py", line 136, in _publish_impl
    callback(robj(), *args, **kwargs)
  File "/usr/local/lib/python3.6/dist-packages/manticore/ethereum/detectors.py", line 530, in did_evm_execute_instruction_callback
    self._check_finding(state, data)
  File "/usr/local/lib/python3.6/dist-packages/manticore/ethereum/detectors.py", line 502, in _check_finding
    if state.can_be_true(condition):
  File "/usr/local/lib/python3.6/dist-packages/manticore/core/state.py", line 297, in can_be_true
    return self._solver.can_be_true(self._constraints, expr)
  File "/usr/local/lib/python3.6/dist-packages/manticore/core/smtlib/solver.py", line 402, in can_be_true
    return self._is_sat()
  File "/usr/local/lib/python3.6/dist-packages/manticore/core/smtlib/solver.py", line 328, in _is_sat
    raise SolverError(status)
manticore.exceptions.SolverError
 
2019-07-31 16:53:58,086: [1673] m.c.worker:ERROR: Exception in state 7: SolverError('',)
Traceback (most recent call last):
  File "/usr/local/lib/python3.6/dist-packages/manticore/platforms/evm.py", line 1213, in execute
    result = self._handler(*arguments)
  File "/usr/local/lib/python3.6/dist-packages/manticore/platforms/evm.py", line 1086, in _handler
    return implementation(*arguments)
  File "/usr/local/lib/python3.6/dist-packages/manticore/platforms/evm.py", line 548, in wrapper
    return func(*args, **kwargs)
  File "/usr/local/lib/python3.6/dist-packages/manticore/platforms/evm.py", line 2013, in RETURN
    raise EndTx("RETURN", data)
manticore.platforms.evm.EndTx: EndTX<RETURN>

During handling of the above exception, another exception occurred:

Traceback (most recent call last):
  File "/usr/local/lib/python3.6/dist-packages/manticore/core/worker.py", line 121, in run
    current_state.execute()
  File "/usr/local/lib/python3.6/dist-packages/manticore/ethereum/state.py", line 6, in execute
    return self._platform.execute()
  File "/usr/local/lib/python3.6/dist-packages/manticore/platforms/evm.py", line 2684, in execute
    self.current_vm.execute()
  File "/usr/local/lib/python3.6/dist-packages/manticore/platforms/evm.py", line 1285, in execute
    self._advance(exception=True)
  File "/usr/local/lib/python3.6/dist-packages/manticore/platforms/evm.py", line 1166, in _advance
    self._publish("did_evm_execute_instruction", last_instruction, last_arguments, result)
  File "/usr/local/lib/python3.6/dist-packages/manticore/utils/event.py", line 128, in _publish
    self._publish_impl(_name, *args, **kwargs)
  File "/usr/local/lib/python3.6/dist-packages/manticore/utils/event.py", line 145, in _publish_impl
    sink._publish_impl(_name, *args, **kwargs)
  File "/usr/local/lib/python3.6/dist-packages/manticore/utils/event.py", line 145, in _publish_impl
    sink._publish_impl(_name, *args, **kwargs)
  File "/usr/local/lib/python3.6/dist-packages/manticore/utils/event.py", line 143, in _publish_impl
    sink._publish_impl(_name, self, *args, **kwargs)
  File "/usr/local/lib/python3.6/dist-packages/manticore/utils/event.py", line 136, in _publish_impl
    callback(robj(), *args, **kwargs)
  File "/usr/local/lib/python3.6/dist-packages/manticore/ethereum/detectors.py", line 530, in did_evm_execute_instruction_callback
    self._check_finding(state, data)
  File "/usr/local/lib/python3.6/dist-packages/manticore/ethereum/detectors.py", line 502, in _check_finding
    if state.can_be_true(condition):
  File "/usr/local/lib/python3.6/dist-packages/manticore/core/state.py", line 297, in can_be_true
    return self._solver.can_be_true(self._constraints, expr)
  File "/usr/local/lib/python3.6/dist-packages/manticore/core/smtlib/solver.py", line 402, in can_be_true
    return self._is_sat()
  File "/usr/local/lib/python3.6/dist-packages/manticore/core/smtlib/solver.py", line 328, in _is_sat
    raise SolverError(status)
manticore.exceptions.SolverError
 
2019-07-31 16:54:24,889: [1667] m.c.worker:ERROR: Exception in state 5: SolverError('',)
Traceback (most recent call last):
  File "/usr/local/lib/python3.6/dist-packages/manticore/platforms/evm.py", line 1213, in execute
    result = self._handler(*arguments)
  File "/usr/local/lib/python3.6/dist-packages/manticore/platforms/evm.py", line 1086, in _handler
    return implementation(*arguments)
  File "/usr/local/lib/python3.6/dist-packages/manticore/platforms/evm.py", line 548, in wrapper
    return func(*args, **kwargs)
  File "/usr/local/lib/python3.6/dist-packages/manticore/platforms/evm.py", line 2013, in RETURN
    raise EndTx("RETURN", data)
manticore.platforms.evm.EndTx: EndTX<RETURN>

During handling of the above exception, another exception occurred:

Traceback (most recent call last):
  File "/usr/local/lib/python3.6/dist-packages/manticore/core/worker.py", line 121, in run
    current_state.execute()
  File "/usr/local/lib/python3.6/dist-packages/manticore/ethereum/state.py", line 6, in execute
    return self._platform.execute()
  File "/usr/local/lib/python3.6/dist-packages/manticore/platforms/evm.py", line 2684, in execute
    self.current_vm.execute()
  File "/usr/local/lib/python3.6/dist-packages/manticore/platforms/evm.py", line 1285, in execute
    self._advance(exception=True)
  File "/usr/local/lib/python3.6/dist-packages/manticore/platforms/evm.py", line 1166, in _advance
    self._publish("did_evm_execute_instruction", last_instruction, last_arguments, result)
  File "/usr/local/lib/python3.6/dist-packages/manticore/utils/event.py", line 128, in _publish
    self._publish_impl(_name, *args, **kwargs)
  File "/usr/local/lib/python3.6/dist-packages/manticore/utils/event.py", line 145, in _publish_impl
    sink._publish_impl(_name, *args, **kwargs)
  File "/usr/local/lib/python3.6/dist-packages/manticore/utils/event.py", line 145, in _publish_impl
    sink._publish_impl(_name, *args, **kwargs)
  File "/usr/local/lib/python3.6/dist-packages/manticore/utils/event.py", line 143, in _publish_impl
    sink._publish_impl(_name, self, *args, **kwargs)
  File "/usr/local/lib/python3.6/dist-packages/manticore/utils/event.py", line 136, in _publish_impl
    callback(robj(), *args, **kwargs)
  File "/usr/local/lib/python3.6/dist-packages/manticore/ethereum/detectors.py", line 530, in did_evm_execute_instruction_callback
    self._check_finding(state, data)
  File "/usr/local/lib/python3.6/dist-packages/manticore/ethereum/detectors.py", line 502, in _check_finding
    if state.can_be_true(condition):
  File "/usr/local/lib/python3.6/dist-packages/manticore/core/state.py", line 297, in can_be_true
    return self._solver.can_be_true(self._constraints, expr)
  File "/usr/local/lib/python3.6/dist-packages/manticore/core/smtlib/solver.py", line 402, in can_be_true
    return self._is_sat()
  File "/usr/local/lib/python3.6/dist-packages/manticore/core/smtlib/solver.py", line 328, in _is_sat
    raise SolverError(status)
manticore.exceptions.SolverError
 
2019-07-31 16:54:33,726: [1679] m.e.detectors:WARNING: Unsigned integer overflow at MUL instruction
2019-07-31 16:54:34,318: [12] m.e.manticore:INFO: 22 alive states, 60 terminated states
2019-07-31 16:54:40,099: [7525] m.c.manticore:INFO: Generated testcase No. 2 - RETURN(3 txs)
2019-07-31 16:54:40,116: [7526] m.c.manticore:INFO: Generated testcase No. 0 - RETURN(3 txs)
2019-07-31 16:54:40,211: [7529] m.c.manticore:INFO: Generated testcase No. 1 - RETURN(3 txs)
2019-07-31 16:54:40,282: [7532] m.c.manticore:INFO: Generated testcase No. 3 - RETURN(3 txs)
2019-07-31 16:54:40,292: [7541] m.c.manticore:INFO: Generated testcase No. 5 - RETURN(3 txs)
2019-07-31 16:54:40,300: [7531] m.c.manticore:INFO: Generated testcase No. 4 - RETURN(3 txs)
2019-07-31 16:54:40,315: [7535] m.c.manticore:INFO: Generated testcase No. 6 - RETURN(3 txs)
2019-07-31 16:54:40,400: [7548] m.c.manticore:INFO: Generated testcase No. 8 - RETURN(3 txs)
2019-07-31 16:54:40,402: [7538] m.c.manticore:INFO: Generated testcase No. 7 - RETURN(3 txs)
2019-07-31 16:55:48,685: [7538] m.c.manticore:INFO: Generated testcase No. 9 - RETURN(3 txs)
2019-07-31 16:55:50,284: [7531] m.c.manticore:INFO: Generated testcase No. 10 - RETURN(3 txs)
2019-07-31 16:55:53,402: [7525] m.c.manticore:INFO: Generated testcase No. 11 - RETURN(3 txs)
2019-07-31 16:55:53,714: [7532] m.c.manticore:INFO: Generated testcase No. 12 - RETURN(3 txs)
2019-07-31 16:56:18,818: [7548] m.c.manticore:INFO: Generated testcase No. 13 - RETURN(3 txs)
2019-07-31 16:56:37,891: [7535] m.c.manticore:INFO: Generated testcase No. 14 - RETURN(3 txs)
2019-07-31 16:56:58,290: [7548] m.c.manticore:INFO: Generated testcase No. 15 - RETURN(3 txs)
2019-07-31 16:57:05,399: [7525] m.c.manticore:INFO: Generated testcase No. 16 - RETURN(3 txs)
2019-07-31 16:57:09,289: [7532] m.c.manticore:INFO: Generated testcase No. 17 - RETURN(3 txs)
2019-07-31 16:57:09,722: [7531] m.c.manticore:INFO: Generated testcase No. 18 - RETURN(3 txs)
2019-07-31 16:57:18,830: [7535] m.c.manticore:INFO: Generated testcase No. 19 - RETURN(3 txs)
2019-07-31 16:57:36,294: [7548] m.c.manticore:INFO: Generated testcase No. 20 - RETURN(3 txs)
2019-07-31 16:57:53,021: [7531] m.c.manticore:INFO: Generated testcase No. 21 - RETURN(3 txs)
2019-07-31 16:58:00,476: [7535] m.c.manticore:INFO: Generated testcase No. 22 - RETURN(1 txs)
2019-07-31 16:58:20,879: [7535] m.c.manticore:INFO: Generated testcase No. 23 - REVERT(2 txs)
2019-07-31 16:58:34,095: [7548] m.c.manticore:INFO: Generated testcase No. 24 - REVERT(2 txs)
2019-07-31 16:58:36,688: [7531] m.c.manticore:INFO: Generated testcase No. 25 - REVERT(2 txs)
2019-07-31 16:58:49,574: [7535] m.c.manticore:INFO: Generated testcase No. 26 - REVERT(2 txs)
2019-07-31 16:59:41,080: [7531] m.c.manticore:INFO: Generated testcase No. 27 - REVERT(2 txs)
2019-07-31 16:59:55,822: [7535] m.c.manticore:INFO: Generated testcase No. 28 - REVERT(2 txs)
2019-07-31 16:59:56,223: [7548] m.c.manticore:INFO: Generated testcase No. 29 - REVERT(2 txs)
Process Process-38:
Traceback (most recent call last):
  File "/usr/lib/python3.6/multiprocessing/process.py", line 258, in _bootstrap
    self.run()
  File "/usr/lib/python3.6/multiprocessing/process.py", line 93, in run
    self._target(*self._args, **self._kwargs)
  File "/usr/local/lib/python3.6/dist-packages/manticore/ethereum/manticore.py", line 1656, in worker_finalize
    finalizer(q.get_nowait())
  File "/usr/local/lib/python3.6/dist-packages/manticore/ethereum/manticore.py", line 1651, in finalizer
    self.generate_testcase(st, message=message)
  File "/usr/local/lib/python3.6/dist-packages/manticore/ethereum/manticore.py", line 1539, in generate_testcase
    is_something_symbolic = state.platform.dump(stream, state, self, message)
  File "/usr/local/lib/python3.6/dist-packages/manticore/platforms/evm.py", line 2972, in dump
    balance = state.solve_one(balance)
  File "/usr/local/lib/python3.6/dist-packages/manticore/core/state.py", line 320, in solve_one
    value = self._solver.get_value(self._constraints, expr)
  File "/usr/local/lib/python3.6/dist-packages/manticore/core/smtlib/solver.py", line 557, in get_value
    raise SolverError("Model is not available")
manticore.exceptions.SolverError: Model is not available
2019-07-31 17:00:22,381: [7531] m.c.manticore:INFO: Generated testcase No. 30 - REVERT(2 txs)
2019-07-31 17:00:22,874: [7548] m.c.manticore:INFO: Generated testcase No. 31 - REVERT(2 txs)
2019-07-31 17:00:32,290: [7535] m.c.manticore:INFO: Generated testcase No. 32 - RETURN(2 txs)
2019-07-31 17:00:55,688: [7531] m.c.manticore:INFO: Generated testcase No. 33 - RETURN(2 txs)
2019-07-31 17:00:59,885: [7535] m.c.manticore:INFO: Generated testcase No. 34 - RETURN(2 txs)
2019-07-31 17:01:28,313: [7531] m.c.manticore:INFO: Generated testcase No. 35 - RETURN(2 txs)
2019-07-31 17:01:31,184: [7535] m.c.manticore:INFO: Generated testcase No. 36 - RETURN(2 txs)
2019-07-31 17:02:08,492: [7535] m.c.manticore:INFO: Generated testcase No. 37 - REVERT(3 txs)
2019-07-31 17:02:50,728: [7535] m.c.manticore:INFO: Generated testcase No. 38 - REVERT(3 txs)
2019-07-31 17:04:37,014: [7535] m.c.manticore:INFO: Generated testcase No. 39 - REVERT(3 txs)
2019-07-31 17:07:55,398: [7535] m.c.manticore:INFO: Generated testcase No. 40 - REVERT(3 txs)
Process Process-35:
Traceback (most recent call last):
  File "/usr/lib/python3.6/multiprocessing/process.py", line 258, in _bootstrap
    self.run()
  File "/usr/lib/python3.6/multiprocessing/process.py", line 93, in run
    self._target(*self._args, **self._kwargs)
  File "/usr/local/lib/python3.6/dist-packages/manticore/ethereum/manticore.py", line 1656, in worker_finalize
    finalizer(q.get_nowait())
  File "/usr/local/lib/python3.6/dist-packages/manticore/ethereum/manticore.py", line 1651, in finalizer
    self.generate_testcase(st, message=message)
  File "/usr/local/lib/python3.6/dist-packages/manticore/ethereum/manticore.py", line 1539, in generate_testcase
    is_something_symbolic = state.platform.dump(stream, state, self, message)
  File "/usr/local/lib/python3.6/dist-packages/manticore/platforms/evm.py", line 3004, in dump
    runtime_code = state.solve_one(blockchain.get_code(account_address))
  File "/usr/local/lib/python3.6/dist-packages/manticore/core/state.py", line 320, in solve_one
    value = self._solver.get_value(self._constraints, expr)
  File "/usr/local/lib/python3.6/dist-packages/manticore/core/smtlib/solver.py", line 540, in get_value
    raise SolverError("Model is not available")
manticore.exceptions.SolverError: Model is not available
2019-07-31 17:08:34,195: [7541] m.c.manticore:INFO: Generated testcase No. 41 - REVERT(3 txs)
2019-07-31 17:08:39,023: [7529] m.c.manticore:INFO: Generated testcase No. 42 - REVERT(3 txs)
Process Process-32:
Traceback (most recent call last):
  File "/usr/lib/python3.6/multiprocessing/process.py", line 258, in _bootstrap
    self.run()
  File "/usr/lib/python3.6/multiprocessing/process.py", line 93, in run
    self._target(*self._args, **self._kwargs)
  File "/usr/local/lib/python3.6/dist-packages/manticore/ethereum/manticore.py", line 1656, in worker_finalize
    finalizer(q.get_nowait())
  File "/usr/local/lib/python3.6/dist-packages/manticore/ethereum/manticore.py", line 1651, in finalizer
    self.generate_testcase(st, message=message)
  File "/usr/local/lib/python3.6/dist-packages/manticore/ethereum/manticore.py", line 1565, in generate_testcase
    conc_tx = sym_tx.concretize(state)
  File "/usr/local/lib/python3.6/dist-packages/manticore/platforms/evm.py", line 136, in concretize
    conc_value = state.solve_one(self.value)
  File "/usr/local/lib/python3.6/dist-packages/manticore/core/state.py", line 320, in solve_one
    value = self._solver.get_value(self._constraints, expr)
  File "/usr/local/lib/python3.6/dist-packages/manticore/core/smtlib/solver.py", line 557, in get_value
    raise SolverError("Model is not available")
manticore.exceptions.SolverError: Model is not available
2019-07-31 17:09:14,933: [7526] m.c.manticore:INFO: Generated testcase No. 43 - REVERT(3 txs)
2019-07-31 17:09:15,391: [7541] m.c.manticore:INFO: Generated testcase No. 44 - REVERT(3 txs)
2019-07-31 17:09:16,591: [7535] m.c.manticore:INFO: Generated testcase No. 45 - REVERT(3 txs)
2019-07-31 17:09:20,218: [7529] m.c.manticore:INFO: Generated testcase No. 46 - REVERT(3 txs)