2019-08-06 21:22:24,868: [13] m.main:INFO: Registered plugins: DetectReentrancyAdvanced, DetectUninitializedMemory, DetectEnvInstruction, DetectSuicidal, DetectReentrancySimple, DetectInvalid, DetectUnusedRetVal, DetectDelegatecall, DetectExternalCallAndLeak, DetectUninitializedStorage, DetectIntegerOverflow
2019-08-06 21:22:24,868: [13] m.main:INFO: Beginning analysis
2019-08-06 21:22:24,891: [13] m.e.manticore:INFO: Starting symbolic create contract
2019-08-06 21:22:26,971: [13] m.e.manticore:INFO: Starting symbolic transaction: 0
2019-08-06 21:22:29,568: [13] m.e.manticore:INFO: 1 alive states, 5 terminated states
2019-08-06 21:22:30,168: [13] m.e.manticore:INFO: Starting symbolic transaction: 1
2019-08-06 21:22:33,249: [13] m.e.manticore:INFO: 1 alive states, 10 terminated states
2019-08-06 21:22:34,027: [1519] m.c.manticore:INFO: Generated testcase No. 0 - RETURN(3 txs)
2019-08-06 21:22:34,054: [1523] m.c.manticore:INFO: Generated testcase No. 1 - RETURN(1 txs)
2019-08-06 21:22:34,067: [1521] m.c.manticore:INFO: Generated testcase No. 2 - REVERT(2 txs)
2019-08-06 21:22:34,074: [1524] m.c.manticore:INFO: Generated testcase No. 3 - REVERT(2 txs)
2019-08-06 21:22:34,088: [1545] m.c.manticore:INFO: Generated testcase No. 6 - REVERT(3 txs)
2019-08-06 21:22:34,104: [1548] m.c.manticore:INFO: Generated testcase No. 7 - REVERT(3 txs)
2019-08-06 21:22:34,118: [1531] m.c.manticore:INFO: Generated testcase No. 5 - REVERT(2 txs)
2019-08-06 21:22:34,117: [1527] m.c.manticore:INFO: Generated testcase No. 4 - REVERT(2 txs)
2019-08-06 21:22:34,155: [1535] m.c.manticore:INFO: Generated testcase No. 8 - RETURN(2 txs)
2019-08-06 21:22:38,543: [1523] m.c.manticore:INFO: Generated testcase No. 9 - REVERT(3 txs)
2019-08-06 21:22:39,729: [1521] m.c.manticore:INFO: Generated testcase No. 10 - REVERT(3 txs)
2019-08-06 21:22:42,965: [13] m.c.manticore:INFO: Results in /mcore_9oe1xq60
2019-08-06 21:22:44,671: [2144] m.main:INFO: Registered plugins: DetectReentrancySimple, DetectInvalid, DetectSuicidal, DetectUnusedRetVal, DetectUninitializedMemory, DetectExternalCallAndLeak, DetectDelegatecall, DetectIntegerOverflow, DetectReentrancyAdvanced, DetectUninitializedStorage, DetectEnvInstruction
2019-08-06 21:22:44,671: [2144] m.main:INFO: Beginning analysis
2019-08-06 21:22:44,727: [2144] m.e.manticore:INFO: Starting symbolic create contract
2019-08-06 21:22:44,882: [2189] m.c.manticore:INFO: Generated testcase No. 0 - NO STATE RESULT (?)(0 txs)
2019-08-06 21:22:45,255: [2144] m.c.manticore:INFO: Results in /mcore_kl374dbu
2019-08-06 21:22:46,027: [2447] m.main:INFO: Registered plugins: DetectReentrancyAdvanced, DetectInvalid, DetectSuicidal, DetectExternalCallAndLeak, DetectUninitializedStorage, DetectDelegatecall, DetectReentrancySimple, DetectUninitializedMemory, DetectUnusedRetVal, DetectEnvInstruction, DetectIntegerOverflow
2019-08-06 21:22:46,027: [2447] m.main:INFO: Beginning analysis
2019-08-06 21:22:46,047: [2447] m.e.manticore:INFO: Starting symbolic create contract
2019-08-06 21:23:07,047: [2495] m.e.detectors:WARNING: Unsigned integer overflow at MUL instruction
2019-08-06 21:23:08,348: [2495] m.e.detectors:WARNING: Unsigned integer overflow at MUL instruction
2019-08-06 21:23:32,516: [2447] m.e.manticore:INFO: Starting symbolic transaction: 0
2019-08-06 21:23:57,633: [3657] m.e.detectors:WARNING: Unsigned integer overflow at MUL instruction
2019-08-06 21:24:24,179: [3654] m.e.detectors:WARNING: Potentially reading uninitialized storage
2019-08-06 21:24:29,978: [3654] m.e.detectors:WARNING: Unsigned integer overflow at MUL instruction
2019-08-06 21:24:33,192: [3649] m.e.detectors:WARNING: Potentially reading uninitialized storage
2019-08-06 21:24:35,694: [3659] m.e.detectors:WARNING: Unsigned integer overflow at MUL instruction
2019-08-06 21:25:03,330: [3651] m.e.detectors:WARNING: Potentially reading uninitialized storage
2019-08-06 21:25:14,402: [3654] m.e.detectors:WARNING: Unsigned integer overflow at MUL instruction
2019-08-06 21:25:16,598: [3651] m.e.detectors:WARNING: Potentially reading uninitialized storage
2019-08-06 21:26:24,996: [3648] m.c.worker:ERROR: Exception in state 0: SolverError('',)
Traceback (most recent call last):
  File "/usr/local/lib/python3.6/dist-packages/manticore/core/worker.py", line 121, in run
    current_state.execute()
  File "/usr/local/lib/python3.6/dist-packages/manticore/ethereum/state.py", line 6, in execute
    return self._platform.execute()
  File "/usr/local/lib/python3.6/dist-packages/manticore/platforms/evm.py", line 2684, in execute
    self.current_vm.execute()
  File "/usr/local/lib/python3.6/dist-packages/manticore/platforms/evm.py", line 1210, in execute
    last_pc, last_gas, instruction, arguments, fee, allocated = self._checkpoint()
  File "/usr/local/lib/python3.6/dist-packages/manticore/platforms/evm.py", line 1109, in _checkpoint
    self._consume(fee)
  File "/usr/local/lib/python3.6/dist-packages/manticore/platforms/evm.py", line 981, in _consume
    policy="ALL",
manticore.core.state.Concretize

During handling of the above exception, another exception occurred:

Traceback (most recent call last):
  File "/usr/local/lib/python3.6/dist-packages/manticore/core/worker.py", line 142, in run
    m._fork(current_state, exc.expression, exc.policy, exc.setstate)
  File "/usr/local/lib/python3.6/dist-packages/manticore/core/manticore.py", line 332, in _fork
    solutions = state.concretize(expression, policy)
  File "/usr/local/lib/python3.6/dist-packages/manticore/core/state.py", line 271, in concretize
    self._constraints, symbolic, maxcnt=maxcount, silent=True
  File "/usr/local/lib/python3.6/dist-packages/manticore/core/smtlib/solver.py", line 436, in get_all_values
    while self._is_sat():
  File "/usr/local/lib/python3.6/dist-packages/manticore/core/smtlib/solver.py", line 328, in _is_sat
    raise SolverError(status)
manticore.exceptions.SolverError
 
2019-08-06 21:26:30,056: [3661] m.e.detectors:WARNING: Potentially reading uninitialized memory at instruction (address: 1105844459265750004337348436476226016526616381609, offset 128)
2019-08-06 21:26:30,927: [3661] m.e.detectors:WARNING: Potentially reading uninitialized memory at instruction (address: 1105844459265750004337348436476226016526616381609, offset 129)
2019-08-06 21:26:31,645: [3661] m.e.detectors:WARNING: Potentially reading uninitialized memory at instruction (address: 1105844459265750004337348436476226016526616381609, offset 130)
2019-08-06 21:26:32,691: [3661] m.e.detectors:WARNING: Potentially reading uninitialized memory at instruction (address: 1105844459265750004337348436476226016526616381609, offset 131)
2019-08-06 21:26:34,553: [3661] m.e.detectors:WARNING: Potentially reading uninitialized memory at instruction (address: 1105844459265750004337348436476226016526616381609, offset 132)
2019-08-06 21:26:35,438: [3661] m.e.detectors:WARNING: Potentially reading uninitialized memory at instruction (address: 1105844459265750004337348436476226016526616381609, offset 133)
2019-08-06 21:26:36,247: [3661] m.e.detectors:WARNING: Potentially reading uninitialized memory at instruction (address: 1105844459265750004337348436476226016526616381609, offset 134)
2019-08-06 21:26:37,047: [3661] m.e.detectors:WARNING: Potentially reading uninitialized memory at instruction (address: 1105844459265750004337348436476226016526616381609, offset 135)
2019-08-06 21:26:37,847: [3661] m.e.detectors:WARNING: Potentially reading uninitialized memory at instruction (address: 1105844459265750004337348436476226016526616381609, offset 136)
2019-08-06 21:26:38,645: [3661] m.e.detectors:WARNING: Potentially reading uninitialized memory at instruction (address: 1105844459265750004337348436476226016526616381609, offset 137)
2019-08-06 21:26:39,436: [3661] m.e.detectors:WARNING: Potentially reading uninitialized memory at instruction (address: 1105844459265750004337348436476226016526616381609, offset 138)
2019-08-06 21:26:40,531: [3661] m.e.detectors:WARNING: Potentially reading uninitialized memory at instruction (address: 1105844459265750004337348436476226016526616381609, offset 139)
2019-08-06 21:26:41,239: [3661] m.e.detectors:WARNING: Potentially reading uninitialized memory at instruction (address: 1105844459265750004337348436476226016526616381609, offset 140)
2019-08-06 21:26:41,854: [3661] m.e.detectors:WARNING: Potentially reading uninitialized memory at instruction (address: 1105844459265750004337348436476226016526616381609, offset 141)
2019-08-06 21:26:42,579: [3661] m.e.detectors:WARNING: Potentially reading uninitialized memory at instruction (address: 1105844459265750004337348436476226016526616381609, offset 142)
2019-08-06 21:26:43,254: [3661] m.e.detectors:WARNING: Potentially reading uninitialized memory at instruction (address: 1105844459265750004337348436476226016526616381609, offset 143)
2019-08-06 21:26:44,951: [3661] m.e.detectors:WARNING: Potentially reading uninitialized memory at instruction (address: 1105844459265750004337348436476226016526616381609, offset 144)
2019-08-06 21:26:45,645: [3661] m.e.detectors:WARNING: Potentially reading uninitialized memory at instruction (address: 1105844459265750004337348436476226016526616381609, offset 145)
2019-08-06 21:26:46,460: [3661] m.e.detectors:WARNING: Potentially reading uninitialized memory at instruction (address: 1105844459265750004337348436476226016526616381609, offset 146)
2019-08-06 21:26:47,239: [3661] m.e.detectors:WARNING: Potentially reading uninitialized memory at instruction (address: 1105844459265750004337348436476226016526616381609, offset 147)
2019-08-06 21:26:48,579: [3661] m.e.detectors:WARNING: Potentially reading uninitialized memory at instruction (address: 1105844459265750004337348436476226016526616381609, offset 148)
2019-08-06 21:26:49,435: [3661] m.e.detectors:WARNING: Potentially reading uninitialized memory at instruction (address: 1105844459265750004337348436476226016526616381609, offset 149)
2019-08-06 21:26:50,235: [3661] m.e.detectors:WARNING: Potentially reading uninitialized memory at instruction (address: 1105844459265750004337348436476226016526616381609, offset 150)
2019-08-06 21:26:51,048: [3661] m.e.detectors:WARNING: Potentially reading uninitialized memory at instruction (address: 1105844459265750004337348436476226016526616381609, offset 151)
2019-08-06 21:26:51,847: [3661] m.e.detectors:WARNING: Potentially reading uninitialized memory at instruction (address: 1105844459265750004337348436476226016526616381609, offset 152)
[Errno 12] Cannot allocate memory Probably too many cached expressions? visitors._cache...
2019-08-06 21:26:55,448: [3661] m.c.worker:ERROR: Exception in state 9: Z3NotFoundError()
Traceback (most recent call last):
  File "/usr/local/lib/python3.6/dist-packages/manticore/core/smtlib/solver.py", line 205, in _start_proc
    close_fds=True,
  File "/usr/lib/python3.6/subprocess.py", line 729, in __init__
    restore_signals, start_new_session)
  File "/usr/lib/python3.6/subprocess.py", line 1295, in _execute_child
    restore_signals, start_new_session, preexec_fn)
OSError: [Errno 12] Cannot allocate memory

During handling of the above exception, another exception occurred:

Traceback (most recent call last):
  File "/usr/local/lib/python3.6/dist-packages/manticore/core/worker.py", line 121, in run
    current_state.execute()
  File "/usr/local/lib/python3.6/dist-packages/manticore/ethereum/state.py", line 6, in execute
    return self._platform.execute()
  File "/usr/local/lib/python3.6/dist-packages/manticore/platforms/evm.py", line 2684, in execute
    self.current_vm.execute()
  File "/usr/local/lib/python3.6/dist-packages/manticore/platforms/evm.py", line 1213, in execute
    result = self._handler(*arguments)
  File "/usr/local/lib/python3.6/dist-packages/manticore/platforms/evm.py", line 1086, in _handler
    return implementation(*arguments)
  File "/usr/local/lib/python3.6/dist-packages/manticore/platforms/evm.py", line 1790, in MLOAD
    value = self._load(address, 32)
  File "/usr/local/lib/python3.6/dist-packages/manticore/platforms/evm.py", line 1312, in _load
    "did_evm_read_memory", offset + i, Operators.EXTRACT(value, (size - i - 1) * 8, 8)
  File "/usr/local/lib/python3.6/dist-packages/manticore/utils/event.py", line 128, in _publish
    self._publish_impl(_name, *args, **kwargs)
  File "/usr/local/lib/python3.6/dist-packages/manticore/utils/event.py", line 145, in _publish_impl
    sink._publish_impl(_name, *args, **kwargs)
  File "/usr/local/lib/python3.6/dist-packages/manticore/utils/event.py", line 145, in _publish_impl
    sink._publish_impl(_name, *args, **kwargs)
  File "/usr/local/lib/python3.6/dist-packages/manticore/utils/event.py", line 143, in _publish_impl
    sink._publish_impl(_name, self, *args, **kwargs)
  File "/usr/local/lib/python3.6/dist-packages/manticore/utils/event.py", line 136, in _publish_impl
    callback(robj(), *args, **kwargs)
  File "/usr/local/lib/python3.6/dist-packages/manticore/ethereum/detectors.py", line 665, in did_evm_read_memory_callback
    if state.can_be_true(cbu):
  File "/usr/local/lib/python3.6/dist-packages/manticore/core/state.py", line 297, in can_be_true
    return self._solver.can_be_true(self._constraints, expr)
  File "/usr/local/lib/python3.6/dist-packages/manticore/core/smtlib/solver.py", line 401, in can_be_true
    self._reset(temp_cs.to_string(related_to=expression))
  File "/usr/local/lib/python3.6/dist-packages/manticore/core/smtlib/solver.py", line 275, in _reset
    self._start_proc()
  File "/usr/local/lib/python3.6/dist-packages/manticore/core/smtlib/solver.py", line 210, in _start_proc
    raise Z3NotFoundError  # TODO(mark) don't catch this exception in two places
manticore.exceptions.Z3NotFoundError
 
2019-08-06 21:26:57,919: [3659] m.e.detectors:WARNING: Potentially reading uninitialized memory at instruction (address: 1105844459265750004337348436476226016526616381609, offset 128)
2019-08-06 21:26:58,535: [3659] m.e.detectors:WARNING: Potentially reading uninitialized memory at instruction (address: 1105844459265750004337348436476226016526616381609, offset 129)
2019-08-06 21:26:59,169: [3659] m.e.detectors:WARNING: Potentially reading uninitialized memory at instruction (address: 1105844459265750004337348436476226016526616381609, offset 130)
2019-08-06 21:26:59,821: [3659] m.e.detectors:WARNING: Potentially reading uninitialized memory at instruction (address: 1105844459265750004337348436476226016526616381609, offset 131)
2019-08-06 21:27:00,437: [3659] m.e.detectors:WARNING: Potentially reading uninitialized memory at instruction (address: 1105844459265750004337348436476226016526616381609, offset 132)
2019-08-06 21:27:01,841: [3659] m.e.detectors:WARNING: Potentially reading uninitialized memory at instruction (address: 1105844459265750004337348436476226016526616381609, offset 133)
2019-08-06 21:27:02,457: [3659] m.e.detectors:WARNING: Potentially reading uninitialized memory at instruction (address: 1105844459265750004337348436476226016526616381609, offset 134)
2019-08-06 21:27:03,624: [3659] m.e.detectors:WARNING: Potentially reading uninitialized memory at instruction (address: 1105844459265750004337348436476226016526616381609, offset 135)
2019-08-06 21:27:06,224: [3659] m.e.detectors:WARNING: Potentially reading uninitialized memory at instruction (address: 1105844459265750004337348436476226016526616381609, offset 136)
2019-08-06 21:27:07,112: [3659] m.e.detectors:WARNING: Potentially reading uninitialized memory at instruction (address: 1105844459265750004337348436476226016526616381609, offset 137)
2019-08-06 21:27:07,758: [3659] m.e.detectors:WARNING: Potentially reading uninitialized memory at instruction (address: 1105844459265750004337348436476226016526616381609, offset 138)
2019-08-06 21:27:08,349: [3659] m.e.detectors:WARNING: Potentially reading uninitialized memory at instruction (address: 1105844459265750004337348436476226016526616381609, offset 139)
2019-08-06 21:27:11,699: [3659] m.e.detectors:WARNING: Potentially reading uninitialized memory at instruction (address: 1105844459265750004337348436476226016526616381609, offset 140)
2019-08-06 21:27:12,442: [3659] m.e.detectors:WARNING: Potentially reading uninitialized memory at instruction (address: 1105844459265750004337348436476226016526616381609, offset 141)
2019-08-06 21:27:13,134: [3659] m.e.detectors:WARNING: Potentially reading uninitialized memory at instruction (address: 1105844459265750004337348436476226016526616381609, offset 142)
2019-08-06 21:27:13,961: [3659] m.e.detectors:WARNING: Potentially reading uninitialized memory at instruction (address: 1105844459265750004337348436476226016526616381609, offset 143)
2019-08-06 21:27:14,895: [3659] m.e.detectors:WARNING: Potentially reading uninitialized memory at instruction (address: 1105844459265750004337348436476226016526616381609, offset 144)
2019-08-06 21:27:17,543: [3659] m.e.detectors:WARNING: Potentially reading uninitialized memory at instruction (address: 1105844459265750004337348436476226016526616381609, offset 145)
2019-08-06 21:27:18,238: [3659] m.e.detectors:WARNING: Potentially reading uninitialized memory at instruction (address: 1105844459265750004337348436476226016526616381609, offset 146)
2019-08-06 21:27:19,831: [3659] m.e.detectors:WARNING: Potentially reading uninitialized memory at instruction (address: 1105844459265750004337348436476226016526616381609, offset 147)
2019-08-06 21:27:20,545: [3659] m.e.detectors:WARNING: Potentially reading uninitialized memory at instruction (address: 1105844459265750004337348436476226016526616381609, offset 148)
2019-08-06 21:27:21,644: [3659] m.e.detectors:WARNING: Potentially reading uninitialized memory at instruction (address: 1105844459265750004337348436476226016526616381609, offset 149)
2019-08-06 21:27:22,462: [3659] m.e.detectors:WARNING: Potentially reading uninitialized memory at instruction (address: 1105844459265750004337348436476226016526616381609, offset 150)
2019-08-06 21:27:23,163: [3659] m.e.detectors:WARNING: Potentially reading uninitialized memory at instruction (address: 1105844459265750004337348436476226016526616381609, offset 151)
2019-08-06 21:27:24,444: [3659] m.e.detectors:WARNING: Potentially reading uninitialized memory at instruction (address: 1105844459265750004337348436476226016526616381609, offset 152)
2019-08-06 21:27:25,445: [3659] m.e.detectors:WARNING: Potentially reading uninitialized memory at instruction (address: 1105844459265750004337348436476226016526616381609, offset 153)
2019-08-06 21:27:26,440: [3659] m.e.detectors:WARNING: Potentially reading uninitialized memory at instruction (address: 1105844459265750004337348436476226016526616381609, offset 154)
2019-08-06 21:27:27,356: [3659] m.e.detectors:WARNING: Potentially reading uninitialized memory at instruction (address: 1105844459265750004337348436476226016526616381609, offset 155)
2019-08-06 21:27:28,335: [3659] m.e.detectors:WARNING: Potentially reading uninitialized memory at instruction (address: 1105844459265750004337348436476226016526616381609, offset 156)
2019-08-06 21:27:29,237: [3659] m.e.detectors:WARNING: Potentially reading uninitialized memory at instruction (address: 1105844459265750004337348436476226016526616381609, offset 157)
2019-08-06 21:27:30,178: [3659] m.e.detectors:WARNING: Potentially reading uninitialized memory at instruction (address: 1105844459265750004337348436476226016526616381609, offset 158)
2019-08-06 21:27:30,965: [3659] m.e.detectors:WARNING: Potentially reading uninitialized memory at instruction (address: 1105844459265750004337348436476226016526616381609, offset 159)
2019-08-06 21:27:33,644: [3659] m.e.detectors:WARNING: Potentially reading uninitialized memory at instruction (address: 1105844459265750004337348436476226016526616381609, offset 128)
2019-08-06 21:27:34,547: [3659] m.e.detectors:WARNING: Potentially reading uninitialized memory at instruction (address: 1105844459265750004337348436476226016526616381609, offset 129)
2019-08-06 21:27:35,449: [3659] m.e.detectors:WARNING: Potentially reading uninitialized memory at instruction (address: 1105844459265750004337348436476226016526616381609, offset 130)
2019-08-06 21:27:38,227: [3659] m.e.detectors:WARNING: Potentially reading uninitialized memory at instruction (address: 1105844459265750004337348436476226016526616381609, offset 131)
2019-08-06 21:27:38,941: [3659] m.e.detectors:WARNING: Potentially reading uninitialized memory at instruction (address: 1105844459265750004337348436476226016526616381609, offset 132)
2019-08-06 21:27:39,594: [3659] m.e.detectors:WARNING: Potentially reading uninitialized memory at instruction (address: 1105844459265750004337348436476226016526616381609, offset 133)
2019-08-06 21:27:40,343: [3659] m.e.detectors:WARNING: Potentially reading uninitialized memory at instruction (address: 1105844459265750004337348436476226016526616381609, offset 134)
2019-08-06 21:27:41,054: [3659] m.e.detectors:WARNING: Potentially reading uninitialized memory at instruction (address: 1105844459265750004337348436476226016526616381609, offset 135)
2019-08-06 21:27:41,845: [3659] m.e.detectors:WARNING: Potentially reading uninitialized memory at instruction (address: 1105844459265750004337348436476226016526616381609, offset 136)
2019-08-06 21:27:42,743: [3659] m.e.detectors:WARNING: Potentially reading uninitialized memory at instruction (address: 1105844459265750004337348436476226016526616381609, offset 137)
2019-08-06 21:27:43,390: [3659] m.e.detectors:WARNING: Potentially reading uninitialized memory at instruction (address: 1105844459265750004337348436476226016526616381609, offset 138)
2019-08-06 21:27:44,057: [3659] m.e.detectors:WARNING: Potentially reading uninitialized memory at instruction (address: 1105844459265750004337348436476226016526616381609, offset 139)
2019-08-06 21:27:44,849: [3659] m.e.detectors:WARNING: Potentially reading uninitialized memory at instruction (address: 1105844459265750004337348436476226016526616381609, offset 140)
2019-08-06 21:27:45,549: [3659] m.e.detectors:WARNING: Potentially reading uninitialized memory at instruction (address: 1105844459265750004337348436476226016526616381609, offset 141)
2019-08-06 21:27:46,258: [3659] m.e.detectors:WARNING: Potentially reading uninitialized memory at instruction (address: 1105844459265750004337348436476226016526616381609, offset 142)
2019-08-06 21:27:46,959: [3659] m.e.detectors:WARNING: Potentially reading uninitialized memory at instruction (address: 1105844459265750004337348436476226016526616381609, offset 143)
2019-08-06 21:27:47,636: [3659] m.e.detectors:WARNING: Potentially reading uninitialized memory at instruction (address: 1105844459265750004337348436476226016526616381609, offset 144)
2019-08-06 21:27:48,537: [3659] m.e.detectors:WARNING: Potentially reading uninitialized memory at instruction (address: 1105844459265750004337348436476226016526616381609, offset 145)
2019-08-06 21:27:49,243: [3659] m.e.detectors:WARNING: Potentially reading uninitialized memory at instruction (address: 1105844459265750004337348436476226016526616381609, offset 146)
2019-08-06 21:27:49,951: [3659] m.e.detectors:WARNING: Potentially reading uninitialized memory at instruction (address: 1105844459265750004337348436476226016526616381609, offset 147)
2019-08-06 21:27:50,631: [3659] m.e.detectors:WARNING: Potentially reading uninitialized memory at instruction (address: 1105844459265750004337348436476226016526616381609, offset 148)
2019-08-06 21:27:52,441: [3659] m.e.detectors:WARNING: Potentially reading uninitialized memory at instruction (address: 1105844459265750004337348436476226016526616381609, offset 149)
2019-08-06 21:27:53,149: [3659] m.e.detectors:WARNING: Potentially reading uninitialized memory at instruction (address: 1105844459265750004337348436476226016526616381609, offset 150)
2019-08-06 21:27:53,935: [3659] m.e.detectors:WARNING: Potentially reading uninitialized memory at instruction (address: 1105844459265750004337348436476226016526616381609, offset 151)
2019-08-06 21:27:54,662: [3659] m.e.detectors:WARNING: Potentially reading uninitialized memory at instruction (address: 1105844459265750004337348436476226016526616381609, offset 152)
2019-08-06 21:27:55,734: [3659] m.e.detectors:WARNING: Potentially reading uninitialized memory at instruction (address: 1105844459265750004337348436476226016526616381609, offset 153)
2019-08-06 21:27:56,450: [3659] m.e.detectors:WARNING: Potentially reading uninitialized memory at instruction (address: 1105844459265750004337348436476226016526616381609, offset 154)
2019-08-06 21:27:57,215: [3659] m.e.detectors:WARNING: Potentially reading uninitialized memory at instruction (address: 1105844459265750004337348436476226016526616381609, offset 155)
2019-08-06 21:27:57,935: [3659] m.e.detectors:WARNING: Potentially reading uninitialized memory at instruction (address: 1105844459265750004337348436476226016526616381609, offset 156)
2019-08-06 21:27:59,144: [3659] m.e.detectors:WARNING: Potentially reading uninitialized memory at instruction (address: 1105844459265750004337348436476226016526616381609, offset 157)
2019-08-06 21:28:00,135: [3659] m.e.detectors:WARNING: Potentially reading uninitialized memory at instruction (address: 1105844459265750004337348436476226016526616381609, offset 158)
2019-08-06 21:28:01,328: [3659] m.e.detectors:WARNING: Potentially reading uninitialized memory at instruction (address: 1105844459265750004337348436476226016526616381609, offset 159)
2019-08-06 21:28:12,925: [3658] m.e.detectors:WARNING: Potentially reading uninitialized storage
2019-08-06 21:28:27,250: [3658] m.e.detectors:WARNING: Potentially reading uninitialized storage
2019-08-06 21:28:29,226: [3654] m.e.detectors:WARNING: Potentially reading uninitialized storage
2019-08-06 21:28:50,342: [3658] m.e.detectors:WARNING: Unsigned integer overflow at MUL instruction
2019-08-06 21:31:44,756: [3654] m.e.detectors:WARNING: Unsigned integer overflow at MUL instruction
2019-08-06 21:32:14,660: [3658] m.e.detectors:WARNING: Potentially reading uninitialized memory at instruction (address: 1105844459265750004337348436476226016526616381609, offset 160)
2019-08-06 21:32:15,332: [3658] m.e.detectors:WARNING: Potentially reading uninitialized memory at instruction (address: 1105844459265750004337348436476226016526616381609, offset 161)
2019-08-06 21:32:16,014: [3658] m.e.detectors:WARNING: Potentially reading uninitialized memory at instruction (address: 1105844459265750004337348436476226016526616381609, offset 162)
2019-08-06 21:32:16,647: [3658] m.e.detectors:WARNING: Potentially reading uninitialized memory at instruction (address: 1105844459265750004337348436476226016526616381609, offset 163)
2019-08-06 21:32:17,306: [3658] m.e.detectors:WARNING: Potentially reading uninitialized memory at instruction (address: 1105844459265750004337348436476226016526616381609, offset 164)
2019-08-06 21:32:17,945: [3658] m.e.detectors:WARNING: Potentially reading uninitialized memory at instruction (address: 1105844459265750004337348436476226016526616381609, offset 165)
2019-08-06 21:32:18,623: [3658] m.e.detectors:WARNING: Potentially reading uninitialized memory at instruction (address: 1105844459265750004337348436476226016526616381609, offset 166)
2019-08-06 21:32:20,322: [3658] m.e.detectors:WARNING: Potentially reading uninitialized memory at instruction (address: 1105844459265750004337348436476226016526616381609, offset 167)
2019-08-06 21:32:21,022: [3658] m.e.detectors:WARNING: Potentially reading uninitialized memory at instruction (address: 1105844459265750004337348436476226016526616381609, offset 168)
2019-08-06 21:32:21,653: [3658] m.e.detectors:WARNING: Potentially reading uninitialized memory at instruction (address: 1105844459265750004337348436476226016526616381609, offset 169)
2019-08-06 21:32:22,273: [3658] m.e.detectors:WARNING: Potentially reading uninitialized memory at instruction (address: 1105844459265750004337348436476226016526616381609, offset 170)
2019-08-06 21:32:22,931: [3658] m.e.detectors:WARNING: Potentially reading uninitialized memory at instruction (address: 1105844459265750004337348436476226016526616381609, offset 171)
2019-08-06 21:32:23,562: [3658] m.e.detectors:WARNING: Potentially reading uninitialized memory at instruction (address: 1105844459265750004337348436476226016526616381609, offset 172)
2019-08-06 21:32:24,229: [3658] m.e.detectors:WARNING: Potentially reading uninitialized memory at instruction (address: 1105844459265750004337348436476226016526616381609, offset 173)
2019-08-06 21:32:24,931: [3658] m.e.detectors:WARNING: Potentially reading uninitialized memory at instruction (address: 1105844459265750004337348436476226016526616381609, offset 174)
2019-08-06 21:32:25,548: [3658] m.e.detectors:WARNING: Potentially reading uninitialized memory at instruction (address: 1105844459265750004337348436476226016526616381609, offset 175)
2019-08-06 21:32:26,364: [3658] m.e.detectors:WARNING: Potentially reading uninitialized memory at instruction (address: 1105844459265750004337348436476226016526616381609, offset 176)
2019-08-06 21:32:27,264: [3658] m.e.detectors:WARNING: Potentially reading uninitialized memory at instruction (address: 1105844459265750004337348436476226016526616381609, offset 177)
2019-08-06 21:32:27,931: [3658] m.e.detectors:WARNING: Potentially reading uninitialized memory at instruction (address: 1105844459265750004337348436476226016526616381609, offset 178)
2019-08-06 21:32:28,635: [3658] m.e.detectors:WARNING: Potentially reading uninitialized memory at instruction (address: 1105844459265750004337348436476226016526616381609, offset 179)
2019-08-06 21:32:29,254: [3658] m.e.detectors:WARNING: Potentially reading uninitialized memory at instruction (address: 1105844459265750004337348436476226016526616381609, offset 180)
2019-08-06 21:32:30,739: [3658] m.e.detectors:WARNING: Potentially reading uninitialized memory at instruction (address: 1105844459265750004337348436476226016526616381609, offset 181)
2019-08-06 21:32:31,365: [3658] m.e.detectors:WARNING: Potentially reading uninitialized memory at instruction (address: 1105844459265750004337348436476226016526616381609, offset 182)
2019-08-06 21:32:32,026: [3658] m.e.detectors:WARNING: Potentially reading uninitialized memory at instruction (address: 1105844459265750004337348436476226016526616381609, offset 183)
2019-08-06 21:32:32,857: [3658] m.e.detectors:WARNING: Potentially reading uninitialized memory at instruction (address: 1105844459265750004337348436476226016526616381609, offset 184)
2019-08-06 21:32:33,539: [3658] m.e.detectors:WARNING: Potentially reading uninitialized memory at instruction (address: 1105844459265750004337348436476226016526616381609, offset 185)
2019-08-06 21:32:34,170: [3658] m.e.detectors:WARNING: Potentially reading uninitialized memory at instruction (address: 1105844459265750004337348436476226016526616381609, offset 186)
2019-08-06 21:32:34,870: [3658] m.e.detectors:WARNING: Potentially reading uninitialized memory at instruction (address: 1105844459265750004337348436476226016526616381609, offset 187)
2019-08-06 21:32:35,531: [3658] m.e.detectors:WARNING: Potentially reading uninitialized memory at instruction (address: 1105844459265750004337348436476226016526616381609, offset 188)
2019-08-06 21:32:36,152: [3658] m.e.detectors:WARNING: Potentially reading uninitialized memory at instruction (address: 1105844459265750004337348436476226016526616381609, offset 189)
2019-08-06 21:32:36,769: [3658] m.e.detectors:WARNING: Potentially reading uninitialized memory at instruction (address: 1105844459265750004337348436476226016526616381609, offset 190)
2019-08-06 21:32:40,026: [3658] m.e.detectors:WARNING: Potentially reading uninitialized memory at instruction (address: 1105844459265750004337348436476226016526616381609, offset 191)
2019-08-06 21:32:49,458: [3654] m.e.detectors:WARNING: Unsigned integer overflow at MUL instruction
2019-08-06 21:35:27,713: [3657] m.e.detectors:WARNING: Unsigned integer overflow at MUL instruction
2019-08-06 21:41:41,635: [3649] m.e.detectors:WARNING: Potentially reading uninitialized memory at instruction (address: 1105844459265750004337348436476226016526616381609, offset 64)
2019-08-06 21:41:43,448: [3649] m.e.detectors:WARNING: Potentially reading uninitialized memory at instruction (address: 1105844459265750004337348436476226016526616381609, offset 65)
2019-08-06 21:41:44,147: [3649] m.e.detectors:WARNING: Potentially reading uninitialized memory at instruction (address: 1105844459265750004337348436476226016526616381609, offset 66)
2019-08-06 21:41:44,843: [3649] m.e.detectors:WARNING: Potentially reading uninitialized memory at instruction (address: 1105844459265750004337348436476226016526616381609, offset 67)
2019-08-06 21:41:45,542: [3649] m.e.detectors:WARNING: Potentially reading uninitialized memory at instruction (address: 1105844459265750004337348436476226016526616381609, offset 68)
2019-08-06 21:41:46,246: [3649] m.e.detectors:WARNING: Potentially reading uninitialized memory at instruction (address: 1105844459265750004337348436476226016526616381609, offset 69)
2019-08-06 21:41:46,937: [3649] m.e.detectors:WARNING: Potentially reading uninitialized memory at instruction (address: 1105844459265750004337348436476226016526616381609, offset 70)
2019-08-06 21:41:47,651: [3649] m.e.detectors:WARNING: Potentially reading uninitialized memory at instruction (address: 1105844459265750004337348436476226016526616381609, offset 71)
2019-08-06 21:41:48,343: [3649] m.e.detectors:WARNING: Potentially reading uninitialized memory at instruction (address: 1105844459265750004337348436476226016526616381609, offset 72)
2019-08-06 21:41:49,238: [3649] m.e.detectors:WARNING: Potentially reading uninitialized memory at instruction (address: 1105844459265750004337348436476226016526616381609, offset 73)
2019-08-06 21:41:49,935: [3649] m.e.detectors:WARNING: Potentially reading uninitialized memory at instruction (address: 1105844459265750004337348436476226016526616381609, offset 74)
2019-08-06 21:41:50,631: [3649] m.e.detectors:WARNING: Potentially reading uninitialized memory at instruction (address: 1105844459265750004337348436476226016526616381609, offset 75)
2019-08-06 21:41:51,347: [3649] m.e.detectors:WARNING: Potentially reading uninitialized memory at instruction (address: 1105844459265750004337348436476226016526616381609, offset 76)
2019-08-06 21:41:52,968: [3649] m.e.detectors:WARNING: Potentially reading uninitialized memory at instruction (address: 1105844459265750004337348436476226016526616381609, offset 77)
2019-08-06 21:41:53,651: [3649] m.e.detectors:WARNING: Potentially reading uninitialized memory at instruction (address: 1105844459265750004337348436476226016526616381609, offset 78)
2019-08-06 21:41:54,329: [3649] m.e.detectors:WARNING: Potentially reading uninitialized memory at instruction (address: 1105844459265750004337348436476226016526616381609, offset 79)
2019-08-06 21:41:55,023: [3649] m.e.detectors:WARNING: Potentially reading uninitialized memory at instruction (address: 1105844459265750004337348436476226016526616381609, offset 80)
2019-08-06 21:41:55,935: [3649] m.e.detectors:WARNING: Potentially reading uninitialized memory at instruction (address: 1105844459265750004337348436476226016526616381609, offset 81)
2019-08-06 21:41:56,627: [3649] m.e.detectors:WARNING: Potentially reading uninitialized memory at instruction (address: 1105844459265750004337348436476226016526616381609, offset 82)
2019-08-06 21:41:57,330: [3649] m.e.detectors:WARNING: Potentially reading uninitialized memory at instruction (address: 1105844459265750004337348436476226016526616381609, offset 83)
2019-08-06 21:41:58,015: [3649] m.e.detectors:WARNING: Potentially reading uninitialized memory at instruction (address: 1105844459265750004337348436476226016526616381609, offset 84)
2019-08-06 21:41:58,726: [3649] m.e.detectors:WARNING: Potentially reading uninitialized memory at instruction (address: 1105844459265750004337348436476226016526616381609, offset 85)
2019-08-06 21:41:59,433: [3649] m.e.detectors:WARNING: Potentially reading uninitialized memory at instruction (address: 1105844459265750004337348436476226016526616381609, offset 86)
2019-08-06 21:42:00,135: [3649] m.e.detectors:WARNING: Potentially reading uninitialized memory at instruction (address: 1105844459265750004337348436476226016526616381609, offset 87)
2019-08-06 21:42:00,839: [3649] m.e.detectors:WARNING: Potentially reading uninitialized memory at instruction (address: 1105844459265750004337348436476226016526616381609, offset 88)
2019-08-06 21:42:01,715: [3649] m.e.detectors:WARNING: Potentially reading uninitialized memory at instruction (address: 1105844459265750004337348436476226016526616381609, offset 89)
2019-08-06 21:42:02,437: [3649] m.e.detectors:WARNING: Potentially reading uninitialized memory at instruction (address: 1105844459265750004337348436476226016526616381609, offset 90)
2019-08-06 21:42:04,506: [3649] m.e.detectors:WARNING: Potentially reading uninitialized memory at instruction (address: 1105844459265750004337348436476226016526616381609, offset 91)
2019-08-06 21:42:06,443: [3649] m.e.detectors:WARNING: Potentially reading uninitialized memory at instruction (address: 1105844459265750004337348436476226016526616381609, offset 92)
2019-08-06 21:42:07,136: [3649] m.e.detectors:WARNING: Potentially reading uninitialized memory at instruction (address: 1105844459265750004337348436476226016526616381609, offset 93)
2019-08-06 21:42:07,843: [3649] m.e.detectors:WARNING: Potentially reading uninitialized memory at instruction (address: 1105844459265750004337348436476226016526616381609, offset 94)
2019-08-06 21:42:08,545: [3649] m.e.detectors:WARNING: Potentially reading uninitialized memory at instruction (address: 1105844459265750004337348436476226016526616381609, offset 95)
2019-08-06 21:46:18,718: [3654] m.p.evm:WARNING: Concretizing RETURN's 2 argument and dropping its taints: the value might not be tracked properly (in case of using detectors)