2019-08-01 00:44:29,236: [12] m.main:INFO: Registered plugins: DetectReentrancySimple, DetectInvalid, DetectUnusedRetVal, DetectUninitializedStorage, DetectSuicidal, DetectExternalCallAndLeak, DetectEnvInstruction, DetectIntegerOverflow, DetectUninitializedMemory, DetectReentrancyAdvanced, DetectDelegatecall
2019-08-01 00:44:29,237: [12] m.main:INFO: Beginning analysis
2019-08-01 00:44:29,247: [12] m.e.manticore:INFO: Starting symbolic create contract
2019-08-01 00:44:29,535: [56] m.c.manticore:INFO: Generated testcase No. 0 - NO STATE RESULT (?)(0 txs)
2019-08-01 00:44:29,864: [12] m.c.manticore:INFO: Results in /mcore_r50ivcyj
2019-08-01 00:44:30,738: [315] m.main:INFO: Registered plugins: DetectReentrancySimple, DetectInvalid, DetectSuicidal, DetectReentrancyAdvanced, DetectUninitializedStorage, DetectDelegatecall, DetectEnvInstruction, DetectUnusedRetVal, DetectIntegerOverflow, DetectUninitializedMemory, DetectExternalCallAndLeak
2019-08-01 00:44:30,739: [315] m.main:INFO: Beginning analysis
2019-08-01 00:44:30,752: [315] m.e.manticore:INFO: Starting symbolic create contract
2019-08-01 00:44:32,938: [315] m.e.manticore:INFO: Starting symbolic transaction: 0
2019-08-01 00:44:35,956: [315] m.e.manticore:INFO: 1 alive states, 5 terminated states
2019-08-01 00:44:36,635: [315] m.e.manticore:INFO: Starting symbolic transaction: 1
2019-08-01 00:44:40,261: [315] m.e.manticore:INFO: 1 alive states, 10 terminated states
2019-08-01 00:44:41,045: [1825] m.c.manticore:INFO: Generated testcase No. 0 - RETURN(3 txs)
2019-08-01 00:44:41,138: [1826] m.c.manticore:INFO: Generated testcase No. 1 - RETURN(1 txs)
2019-08-01 00:44:41,237: [1830] m.c.manticore:INFO: Generated testcase No. 2 - REVERT(2 txs)
2019-08-01 00:44:41,240: [1834] m.c.manticore:INFO: Generated testcase No. 4 - REVERT(2 txs)
2019-08-01 00:44:41,291: [1839] m.c.manticore:INFO: Generated testcase No. 3 - REVERT(2 txs)
2019-08-01 00:44:41,382: [1849] m.c.manticore:INFO: Generated testcase No. 5 - REVERT(2 txs)
2019-08-01 00:44:41,382: [1845] m.c.manticore:INFO: Generated testcase No. 6 - REVERT(3 txs)
2019-08-01 00:44:41,500: [1860] m.c.manticore:INFO: Generated testcase No. 8 - REVERT(3 txs)
2019-08-01 00:44:41,481: [1850] m.c.manticore:INFO: Generated testcase No. 7 - RETURN(2 txs)
2019-08-01 00:44:41,599: [1857] m.c.manticore:INFO: Generated testcase No. 9 - REVERT(3 txs)
2019-08-01 00:44:51,502: [1826] m.c.manticore:INFO: Generated testcase No. 10 - REVERT(3 txs)
2019-08-01 00:45:00,153: [315] m.c.manticore:INFO: Results in /mcore_2wnql4vp
2019-08-01 00:45:01,925: [2452] m.main:INFO: Registered plugins: DetectReentrancyAdvanced, DetectReentrancySimple, DetectInvalid, DetectUnusedRetVal, DetectUninitializedStorage, DetectExternalCallAndLeak, DetectSuicidal, DetectEnvInstruction, DetectUninitializedMemory, DetectDelegatecall, DetectIntegerOverflow
2019-08-01 00:45:01,925: [2452] m.main:INFO: Beginning analysis
2019-08-01 00:45:01,945: [2452] m.e.manticore:INFO: Starting symbolic create contract
2019-08-01 00:45:03,103: [2452] m.e.manticore:INFO: Starting symbolic transaction: 0
2019-08-01 00:45:03,765: [2452] m.e.manticore:INFO: 0 alive states, 2 terminated states
2019-08-01 00:45:03,935: [2452] m.e.manticore:INFO: Starting symbolic transaction: 1
2019-08-01 00:45:04,026: [3022] m.c.manticore:INFO: Generated testcase No. 0 - RETURN(1 txs)
2019-08-01 00:45:04,046: [3023] m.c.manticore:INFO: Generated testcase No. 1 - REVERT(2 txs)
2019-08-01 00:45:05,075: [2452] m.c.manticore:INFO: Results in /mcore__c99xslw
2019-08-01 00:45:06,109: [3337] m.main:INFO: Registered plugins: DetectReentrancyAdvanced, DetectUninitializedStorage, DetectDelegatecall, DetectEnvInstruction, DetectSuicidal, DetectUninitializedMemory, DetectUnusedRetVal, DetectExternalCallAndLeak, DetectIntegerOverflow, DetectReentrancySimple, DetectInvalid
2019-08-01 00:45:06,110: [3337] m.main:INFO: Beginning analysis
2019-08-01 00:45:06,139: [3337] m.e.manticore:INFO: Starting symbolic create contract
2019-08-01 00:45:44,386: [3337] m.e.manticore:INFO: Starting symbolic transaction: 0
2019-08-01 00:50:17,632: [4538] m.e.detectors:WARNING: Potentially reading uninitialized memory at instruction (address: 683588138510569516922261862916793117525849086087, offset 128)
2019-08-01 00:50:18,343: [4538] m.e.detectors:WARNING: Potentially reading uninitialized memory at instruction (address: 683588138510569516922261862916793117525849086087, offset 129)
2019-08-01 00:50:19,115: [4538] m.e.detectors:WARNING: Potentially reading uninitialized memory at instruction (address: 683588138510569516922261862916793117525849086087, offset 130)
2019-08-01 00:50:19,903: [4538] m.e.detectors:WARNING: Potentially reading uninitialized memory at instruction (address: 683588138510569516922261862916793117525849086087, offset 131)
2019-08-01 00:50:20,646: [4538] m.e.detectors:WARNING: Potentially reading uninitialized memory at instruction (address: 683588138510569516922261862916793117525849086087, offset 132)
2019-08-01 00:50:21,351: [4538] m.e.detectors:WARNING: Potentially reading uninitialized memory at instruction (address: 683588138510569516922261862916793117525849086087, offset 133)
2019-08-01 00:50:22,845: [4538] m.e.detectors:WARNING: Potentially reading uninitialized memory at instruction (address: 683588138510569516922261862916793117525849086087, offset 134)
2019-08-01 00:50:23,538: [4538] m.e.detectors:WARNING: Potentially reading uninitialized memory at instruction (address: 683588138510569516922261862916793117525849086087, offset 135)
2019-08-01 00:50:24,350: [4538] m.e.detectors:WARNING: Potentially reading uninitialized memory at instruction (address: 683588138510569516922261862916793117525849086087, offset 136)
2019-08-01 00:50:25,128: [4538] m.e.detectors:WARNING: Potentially reading uninitialized memory at instruction (address: 683588138510569516922261862916793117525849086087, offset 137)
2019-08-01 00:50:25,903: [4538] m.e.detectors:WARNING: Potentially reading uninitialized memory at instruction (address: 683588138510569516922261862916793117525849086087, offset 138)
2019-08-01 00:50:26,627: [4538] m.e.detectors:WARNING: Potentially reading uninitialized memory at instruction (address: 683588138510569516922261862916793117525849086087, offset 139)
2019-08-01 00:50:27,628: [4538] m.e.detectors:WARNING: Potentially reading uninitialized memory at instruction (address: 683588138510569516922261862916793117525849086087, offset 140)
2019-08-01 00:50:28,439: [4538] m.e.detectors:WARNING: Potentially reading uninitialized memory at instruction (address: 683588138510569516922261862916793117525849086087, offset 141)
2019-08-01 00:50:29,141: [4538] m.e.detectors:WARNING: Potentially reading uninitialized memory at instruction (address: 683588138510569516922261862916793117525849086087, offset 142)
2019-08-01 00:50:29,937: [4538] m.e.detectors:WARNING: Potentially reading uninitialized memory at instruction (address: 683588138510569516922261862916793117525849086087, offset 143)
2019-08-01 00:50:31,635: [4538] m.e.detectors:WARNING: Potentially reading uninitialized memory at instruction (address: 683588138510569516922261862916793117525849086087, offset 144)
2019-08-01 00:50:32,345: [4538] m.e.detectors:WARNING: Potentially reading uninitialized memory at instruction (address: 683588138510569516922261862916793117525849086087, offset 145)
2019-08-01 00:50:33,215: [4538] m.e.detectors:WARNING: Potentially reading uninitialized memory at instruction (address: 683588138510569516922261862916793117525849086087, offset 146)
2019-08-01 00:50:33,946: [4538] m.e.detectors:WARNING: Potentially reading uninitialized memory at instruction (address: 683588138510569516922261862916793117525849086087, offset 147)
2019-08-01 00:50:34,731: [4538] m.e.detectors:WARNING: Potentially reading uninitialized memory at instruction (address: 683588138510569516922261862916793117525849086087, offset 148)
2019-08-01 00:50:35,844: [4538] m.e.detectors:WARNING: Potentially reading uninitialized memory at instruction (address: 683588138510569516922261862916793117525849086087, offset 149)
2019-08-01 00:50:36,600: [4538] m.e.detectors:WARNING: Potentially reading uninitialized memory at instruction (address: 683588138510569516922261862916793117525849086087, offset 150)
2019-08-01 00:50:37,340: [4538] m.e.detectors:WARNING: Potentially reading uninitialized memory at instruction (address: 683588138510569516922261862916793117525849086087, offset 151)
2019-08-01 00:50:38,128: [4538] m.e.detectors:WARNING: Potentially reading uninitialized memory at instruction (address: 683588138510569516922261862916793117525849086087, offset 152)
2019-08-01 00:50:38,838: [4538] m.e.detectors:WARNING: Potentially reading uninitialized memory at instruction (address: 683588138510569516922261862916793117525849086087, offset 153)
2019-08-01 00:50:39,537: [4538] m.e.detectors:WARNING: Potentially reading uninitialized memory at instruction (address: 683588138510569516922261862916793117525849086087, offset 154)
2019-08-01 00:50:40,222: [4538] m.e.detectors:WARNING: Potentially reading uninitialized memory at instruction (address: 683588138510569516922261862916793117525849086087, offset 155)
2019-08-01 00:50:41,435: [4529] m.e.detectors:WARNING: Potentially reading uninitialized memory at instruction (address: 683588138510569516922261862916793117525849086087, offset 128)
2019-08-01 00:50:41,915: [4538] m.e.detectors:WARNING: Potentially reading uninitialized memory at instruction (address: 683588138510569516922261862916793117525849086087, offset 156)
2019-08-01 00:50:42,702: [4538] m.e.detectors:WARNING: Potentially reading uninitialized memory at instruction (address: 683588138510569516922261862916793117525849086087, offset 157)
2019-08-01 00:50:43,106: [4529] m.e.detectors:WARNING: Potentially reading uninitialized memory at instruction (address: 683588138510569516922261862916793117525849086087, offset 129)
2019-08-01 00:50:43,714: [4538] m.e.detectors:WARNING: Potentially reading uninitialized memory at instruction (address: 683588138510569516922261862916793117525849086087, offset 158)
2019-08-01 00:50:43,856: [4529] m.e.detectors:WARNING: Potentially reading uninitialized memory at instruction (address: 683588138510569516922261862916793117525849086087, offset 130)
2019-08-01 00:50:44,443: [4538] m.e.detectors:WARNING: Potentially reading uninitialized memory at instruction (address: 683588138510569516922261862916793117525849086087, offset 159)
2019-08-01 00:50:44,655: [4529] m.e.detectors:WARNING: Potentially reading uninitialized memory at instruction (address: 683588138510569516922261862916793117525849086087, offset 131)
2019-08-01 00:50:45,349: [4529] m.e.detectors:WARNING: Potentially reading uninitialized memory at instruction (address: 683588138510569516922261862916793117525849086087, offset 132)
2019-08-01 00:50:46,051: [4529] m.e.detectors:WARNING: Potentially reading uninitialized memory at instruction (address: 683588138510569516922261862916793117525849086087, offset 133)
2019-08-01 00:50:46,820: [4529] m.e.detectors:WARNING: Potentially reading uninitialized memory at instruction (address: 683588138510569516922261862916793117525849086087, offset 134)
2019-08-01 00:50:46,934: [4538] m.e.detectors:WARNING: Potentially reading uninitialized memory at instruction (address: 683588138510569516922261862916793117525849086087, offset 128)
2019-08-01 00:50:47,614: [4529] m.e.detectors:WARNING: Potentially reading uninitialized memory at instruction (address: 683588138510569516922261862916793117525849086087, offset 135)
2019-08-01 00:50:47,668: [4538] m.e.detectors:WARNING: Potentially reading uninitialized memory at instruction (address: 683588138510569516922261862916793117525849086087, offset 129)
2019-08-01 00:50:48,349: [4529] m.e.detectors:WARNING: Potentially reading uninitialized memory at instruction (address: 683588138510569516922261862916793117525849086087, offset 136)
2019-08-01 00:50:48,479: [4538] m.e.detectors:WARNING: Potentially reading uninitialized memory at instruction (address: 683588138510569516922261862916793117525849086087, offset 130)
2019-08-01 00:50:49,139: [4529] m.e.detectors:WARNING: Potentially reading uninitialized memory at instruction (address: 683588138510569516922261862916793117525849086087, offset 137)
2019-08-01 00:50:49,252: [4538] m.e.detectors:WARNING: Potentially reading uninitialized memory at instruction (address: 683588138510569516922261862916793117525849086087, offset 131)
2019-08-01 00:50:50,130: [4538] m.e.detectors:WARNING: Potentially reading uninitialized memory at instruction (address: 683588138510569516922261862916793117525849086087, offset 132)
2019-08-01 00:50:50,163: [4529] m.e.detectors:WARNING: Potentially reading uninitialized memory at instruction (address: 683588138510569516922261862916793117525849086087, offset 138)
2019-08-01 00:50:50,895: [4538] m.e.detectors:WARNING: Potentially reading uninitialized memory at instruction (address: 683588138510569516922261862916793117525849086087, offset 133)
2019-08-01 00:50:51,841: [4529] m.e.detectors:WARNING: Potentially reading uninitialized memory at instruction (address: 683588138510569516922261862916793117525849086087, offset 139)
2019-08-01 00:50:51,937: [4538] m.e.detectors:WARNING: Potentially reading uninitialized memory at instruction (address: 683588138510569516922261862916793117525849086087, offset 134)
2019-08-01 00:50:52,614: [4529] m.e.detectors:WARNING: Potentially reading uninitialized memory at instruction (address: 683588138510569516922261862916793117525849086087, offset 140)
2019-08-01 00:50:52,724: [4538] m.e.detectors:WARNING: Potentially reading uninitialized memory at instruction (address: 683588138510569516922261862916793117525849086087, offset 135)
2019-08-01 00:50:53,353: [4529] m.e.detectors:WARNING: Potentially reading uninitialized memory at instruction (address: 683588138510569516922261862916793117525849086087, offset 141)
2019-08-01 00:50:53,543: [4538] m.e.detectors:WARNING: Potentially reading uninitialized memory at instruction (address: 683588138510569516922261862916793117525849086087, offset 136)
2019-08-01 00:50:54,119: [4529] m.e.detectors:WARNING: Potentially reading uninitialized memory at instruction (address: 683588138510569516922261862916793117525849086087, offset 142)
2019-08-01 00:50:54,350: [4538] m.e.detectors:WARNING: Potentially reading uninitialized memory at instruction (address: 683588138510569516922261862916793117525849086087, offset 137)
2019-08-01 00:50:54,936: [4529] m.e.detectors:WARNING: Potentially reading uninitialized memory at instruction (address: 683588138510569516922261862916793117525849086087, offset 143)
2019-08-01 00:50:55,130: [4538] m.e.detectors:WARNING: Potentially reading uninitialized memory at instruction (address: 683588138510569516922261862916793117525849086087, offset 138)
2019-08-01 00:50:55,649: [4529] m.e.detectors:WARNING: Potentially reading uninitialized memory at instruction (address: 683588138510569516922261862916793117525849086087, offset 144)
2019-08-01 00:50:56,443: [4529] m.e.detectors:WARNING: Potentially reading uninitialized memory at instruction (address: 683588138510569516922261862916793117525849086087, offset 145)
2019-08-01 00:50:57,136: [4529] m.e.detectors:WARNING: Potentially reading uninitialized memory at instruction (address: 683588138510569516922261862916793117525849086087, offset 146)
2019-08-01 00:50:57,331: [4538] m.e.detectors:WARNING: Potentially reading uninitialized memory at instruction (address: 683588138510569516922261862916793117525849086087, offset 139)
2019-08-01 00:50:58,138: [4529] m.e.detectors:WARNING: Potentially reading uninitialized memory at instruction (address: 683588138510569516922261862916793117525849086087, offset 147)
2019-08-01 00:50:58,239: [4538] m.e.detectors:WARNING: Potentially reading uninitialized memory at instruction (address: 683588138510569516922261862916793117525849086087, offset 140)
2019-08-01 00:50:59,010: [4529] m.e.detectors:WARNING: Potentially reading uninitialized memory at instruction (address: 683588138510569516922261862916793117525849086087, offset 148)
2019-08-01 00:50:59,053: [4538] m.e.detectors:WARNING: Potentially reading uninitialized memory at instruction (address: 683588138510569516922261862916793117525849086087, offset 141)
2019-08-01 00:50:59,831: [4529] m.e.detectors:WARNING: Potentially reading uninitialized memory at instruction (address: 683588138510569516922261862916793117525849086087, offset 149)
2019-08-01 00:50:59,843: [4538] m.e.detectors:WARNING: Potentially reading uninitialized memory at instruction (address: 683588138510569516922261862916793117525849086087, offset 142)
2019-08-01 00:51:00,627: [4529] m.e.detectors:WARNING: Potentially reading uninitialized memory at instruction (address: 683588138510569516922261862916793117525849086087, offset 150)
2019-08-01 00:51:00,848: [4538] m.e.detectors:WARNING: Potentially reading uninitialized memory at instruction (address: 683588138510569516922261862916793117525849086087, offset 143)
2019-08-01 00:51:01,723: [4538] m.e.detectors:WARNING: Potentially reading uninitialized memory at instruction (address: 683588138510569516922261862916793117525849086087, offset 144)
2019-08-01 00:51:02,431: [4529] m.e.detectors:WARNING: Potentially reading uninitialized memory at instruction (address: 683588138510569516922261862916793117525849086087, offset 151)
2019-08-01 00:51:02,553: [4538] m.e.detectors:WARNING: Potentially reading uninitialized memory at instruction (address: 683588138510569516922261862916793117525849086087, offset 145)
2019-08-01 00:51:03,233: [4529] m.e.detectors:WARNING: Potentially reading uninitialized memory at instruction (address: 683588138510569516922261862916793117525849086087, offset 152)
2019-08-01 00:51:03,395: [4538] m.e.detectors:WARNING: Potentially reading uninitialized memory at instruction (address: 683588138510569516922261862916793117525849086087, offset 146)
2019-08-01 00:51:04,027: [4529] m.e.detectors:WARNING: Potentially reading uninitialized memory at instruction (address: 683588138510569516922261862916793117525849086087, offset 153)
2019-08-01 00:51:04,231: [4538] m.e.detectors:WARNING: Potentially reading uninitialized memory at instruction (address: 683588138510569516922261862916793117525849086087, offset 147)
2019-08-01 00:51:05,531: [4529] m.e.detectors:WARNING: Potentially reading uninitialized memory at instruction (address: 683588138510569516922261862916793117525849086087, offset 154)
[Errno 12] Cannot allocate memory Probably too many cached expressions? visitors._cache...
2019-08-01 00:51:06,798: [4538] m.c.worker:ERROR: Exception in state 6: Z3NotFoundError()
Traceback (most recent call last):
  File "/usr/local/lib/python3.6/dist-packages/manticore/core/smtlib/solver.py", line 205, in _start_proc
    close_fds=True,
  File "/usr/lib/python3.6/subprocess.py", line 729, in __init__
    restore_signals, start_new_session)
  File "/usr/lib/python3.6/subprocess.py", line 1295, in _execute_child
    restore_signals, start_new_session, preexec_fn)
OSError: [Errno 12] Cannot allocate memory

During handling of the above exception, another exception occurred:

Traceback (most recent call last):
  File "/usr/local/lib/python3.6/dist-packages/manticore/core/worker.py", line 121, in run
    current_state.execute()
  File "/usr/local/lib/python3.6/dist-packages/manticore/ethereum/state.py", line 6, in execute
    return self._platform.execute()
  File "/usr/local/lib/python3.6/dist-packages/manticore/platforms/evm.py", line 2684, in execute
    self.current_vm.execute()
  File "/usr/local/lib/python3.6/dist-packages/manticore/platforms/evm.py", line 1213, in execute
    result = self._handler(*arguments)
  File "/usr/local/lib/python3.6/dist-packages/manticore/platforms/evm.py", line 1086, in _handler
    return implementation(*arguments)
  File "/usr/local/lib/python3.6/dist-packages/manticore/platforms/evm.py", line 1790, in MLOAD
    value = self._load(address, 32)
  File "/usr/local/lib/python3.6/dist-packages/manticore/platforms/evm.py", line 1312, in _load
    "did_evm_read_memory", offset + i, Operators.EXTRACT(value, (size - i - 1) * 8, 8)
  File "/usr/local/lib/python3.6/dist-packages/manticore/utils/event.py", line 128, in _publish
    self._publish_impl(_name, *args, **kwargs)
  File "/usr/local/lib/python3.6/dist-packages/manticore/utils/event.py", line 145, in _publish_impl
    sink._publish_impl(_name, *args, **kwargs)
  File "/usr/local/lib/python3.6/dist-packages/manticore/utils/event.py", line 145, in _publish_impl
    sink._publish_impl(_name, *args, **kwargs)
  File "/usr/local/lib/python3.6/dist-packages/manticore/utils/event.py", line 143, in _publish_impl
    sink._publish_impl(_name, self, *args, **kwargs)
  File "/usr/local/lib/python3.6/dist-packages/manticore/utils/event.py", line 136, in _publish_impl
    callback(robj(), *args, **kwargs)
  File "/usr/local/lib/python3.6/dist-packages/manticore/ethereum/detectors.py", line 665, in did_evm_read_memory_callback
    if state.can_be_true(cbu):
  File "/usr/local/lib/python3.6/dist-packages/manticore/core/state.py", line 297, in can_be_true
    return self._solver.can_be_true(self._constraints, expr)
  File "/usr/local/lib/python3.6/dist-packages/manticore/core/smtlib/solver.py", line 401, in can_be_true
    self._reset(temp_cs.to_string(related_to=expression))
  File "/usr/local/lib/python3.6/dist-packages/manticore/core/smtlib/solver.py", line 275, in _reset
    self._start_proc()
  File "/usr/local/lib/python3.6/dist-packages/manticore/core/smtlib/solver.py", line 210, in _start_proc
    raise Z3NotFoundError  # TODO(mark) don't catch this exception in two places
manticore.exceptions.Z3NotFoundError
 
2019-08-01 00:51:07,674: [4529] m.e.detectors:WARNING: Potentially reading uninitialized memory at instruction (address: 683588138510569516922261862916793117525849086087, offset 155)
2019-08-01 00:51:08,718: [4529] m.e.detectors:WARNING: Potentially reading uninitialized memory at instruction (address: 683588138510569516922261862916793117525849086087, offset 156)
2019-08-01 00:51:09,526: [4529] m.e.detectors:WARNING: Potentially reading uninitialized memory at instruction (address: 683588138510569516922261862916793117525849086087, offset 157)
2019-08-01 00:51:10,144: [4529] m.e.detectors:WARNING: Potentially reading uninitialized memory at instruction (address: 683588138510569516922261862916793117525849086087, offset 158)
2019-08-01 00:51:16,932: [4529] m.e.detectors:WARNING: Potentially reading uninitialized memory at instruction (address: 683588138510569516922261862916793117525849086087, offset 159)
2019-08-01 00:51:20,333: [4529] m.e.detectors:WARNING: Potentially reading uninitialized memory at instruction (address: 683588138510569516922261862916793117525849086087, offset 128)
2019-08-01 00:51:20,929: [4529] m.e.detectors:WARNING: Potentially reading uninitialized memory at instruction (address: 683588138510569516922261862916793117525849086087, offset 129)
2019-08-01 00:51:21,555: [4529] m.e.detectors:WARNING: Potentially reading uninitialized memory at instruction (address: 683588138510569516922261862916793117525849086087, offset 130)
2019-08-01 00:51:22,536: [4529] m.e.detectors:WARNING: Potentially reading uninitialized memory at instruction (address: 683588138510569516922261862916793117525849086087, offset 131)
2019-08-01 00:51:23,682: [4529] m.e.detectors:WARNING: Potentially reading uninitialized memory at instruction (address: 683588138510569516922261862916793117525849086087, offset 132)
2019-08-01 00:51:27,016: [4529] m.e.detectors:WARNING: Potentially reading uninitialized memory at instruction (address: 683588138510569516922261862916793117525849086087, offset 133)
2019-08-01 00:51:34,000: [4529] m.e.detectors:WARNING: Potentially reading uninitialized memory at instruction (address: 683588138510569516922261862916793117525849086087, offset 134)
2019-08-01 00:51:35,189: [4529] m.e.detectors:WARNING: Potentially reading uninitialized memory at instruction (address: 683588138510569516922261862916793117525849086087, offset 135)
2019-08-01 00:51:36,010: [4529] m.e.detectors:WARNING: Potentially reading uninitialized memory at instruction (address: 683588138510569516922261862916793117525849086087, offset 136)
2019-08-01 00:51:36,913: [4529] m.e.detectors:WARNING: Potentially reading uninitialized memory at instruction (address: 683588138510569516922261862916793117525849086087, offset 137)
2019-08-01 00:51:37,626: [4529] m.e.detectors:WARNING: Potentially reading uninitialized memory at instruction (address: 683588138510569516922261862916793117525849086087, offset 138)
2019-08-01 00:51:38,531: [4529] m.e.detectors:WARNING: Potentially reading uninitialized memory at instruction (address: 683588138510569516922261862916793117525849086087, offset 139)
2019-08-01 00:51:39,323: [4529] m.e.detectors:WARNING: Potentially reading uninitialized memory at instruction (address: 683588138510569516922261862916793117525849086087, offset 140)
2019-08-01 00:51:39,939: [4529] m.e.detectors:WARNING: Potentially reading uninitialized memory at instruction (address: 683588138510569516922261862916793117525849086087, offset 141)
2019-08-01 00:51:40,546: [4529] m.e.detectors:WARNING: Potentially reading uninitialized memory at instruction (address: 683588138510569516922261862916793117525849086087, offset 142)
2019-08-01 00:51:41,175: [4529] m.e.detectors:WARNING: Potentially reading uninitialized memory at instruction (address: 683588138510569516922261862916793117525849086087, offset 143)
[Errno 12] Cannot allocate memory Probably too many cached expressions? visitors._cache...
2019-08-01 00:51:42,290: [4529] m.c.worker:ERROR: Exception in state 1: Z3NotFoundError()
Traceback (most recent call last):
  File "/usr/local/lib/python3.6/dist-packages/manticore/core/smtlib/solver.py", line 205, in _start_proc
    close_fds=True,
  File "/usr/lib/python3.6/subprocess.py", line 729, in __init__
    restore_signals, start_new_session)
  File "/usr/lib/python3.6/subprocess.py", line 1295, in _execute_child
    restore_signals, start_new_session, preexec_fn)
OSError: [Errno 12] Cannot allocate memory

During handling of the above exception, another exception occurred:

Traceback (most recent call last):
  File "/usr/local/lib/python3.6/dist-packages/manticore/core/worker.py", line 121, in run
    current_state.execute()
  File "/usr/local/lib/python3.6/dist-packages/manticore/ethereum/state.py", line 6, in execute
    return self._platform.execute()
  File "/usr/local/lib/python3.6/dist-packages/manticore/platforms/evm.py", line 2684, in execute
    self.current_vm.execute()
  File "/usr/local/lib/python3.6/dist-packages/manticore/platforms/evm.py", line 1213, in execute
    result = self._handler(*arguments)
  File "/usr/local/lib/python3.6/dist-packages/manticore/platforms/evm.py", line 1086, in _handler
    return implementation(*arguments)
  File "/usr/local/lib/python3.6/dist-packages/manticore/platforms/evm.py", line 1790, in MLOAD
    value = self._load(address, 32)
  File "/usr/local/lib/python3.6/dist-packages/manticore/platforms/evm.py", line 1312, in _load
    "did_evm_read_memory", offset + i, Operators.EXTRACT(value, (size - i - 1) * 8, 8)
  File "/usr/local/lib/python3.6/dist-packages/manticore/utils/event.py", line 128, in _publish
    self._publish_impl(_name, *args, **kwargs)
  File "/usr/local/lib/python3.6/dist-packages/manticore/utils/event.py", line 145, in _publish_impl
    sink._publish_impl(_name, *args, **kwargs)
  File "/usr/local/lib/python3.6/dist-packages/manticore/utils/event.py", line 145, in _publish_impl
    sink._publish_impl(_name, *args, **kwargs)
  File "/usr/local/lib/python3.6/dist-packages/manticore/utils/event.py", line 143, in _publish_impl
    sink._publish_impl(_name, self, *args, **kwargs)
  File "/usr/local/lib/python3.6/dist-packages/manticore/utils/event.py", line 136, in _publish_impl
    callback(robj(), *args, **kwargs)
  File "/usr/local/lib/python3.6/dist-packages/manticore/ethereum/detectors.py", line 665, in did_evm_read_memory_callback
    if state.can_be_true(cbu):
  File "/usr/local/lib/python3.6/dist-packages/manticore/core/state.py", line 297, in can_be_true
    return self._solver.can_be_true(self._constraints, expr)
  File "/usr/local/lib/python3.6/dist-packages/manticore/core/smtlib/solver.py", line 401, in can_be_true
    self._reset(temp_cs.to_string(related_to=expression))
  File "/usr/local/lib/python3.6/dist-packages/manticore/core/smtlib/solver.py", line 275, in _reset
    self._start_proc()
  File "/usr/local/lib/python3.6/dist-packages/manticore/core/smtlib/solver.py", line 210, in _start_proc
    raise Z3NotFoundError  # TODO(mark) don't catch this exception in two places
manticore.exceptions.Z3NotFoundError
 
2019-08-01 00:51:43,636: [3337] m.e.manticore:INFO: 11 alive states, 17 terminated states
2019-08-01 00:52:05,002: [3337] m.e.manticore:INFO: Starting symbolic transaction: 1