2019-08-06 16:21:50,312: [13] m.main:INFO: Registered plugins: DetectSuicidal, DetectReentrancySimple, DetectInvalid, DetectDelegatecall, DetectExternalCallAndLeak, DetectUninitializedStorage, DetectIntegerOverflow, DetectEnvInstruction, DetectReentrancyAdvanced, DetectUninitializedMemory, DetectUnusedRetVal
2019-08-06 16:21:50,312: [13] m.main:INFO: Beginning analysis
2019-08-06 16:21:50,340: [13] m.e.manticore:INFO: Starting symbolic create contract
2019-08-06 16:21:51,607: [13] m.e.manticore:INFO: Starting symbolic transaction: 0
2019-08-06 16:21:52,351: [13] m.e.manticore:INFO: 0 alive states, 2 terminated states
2019-08-06 16:21:52,487: [13] m.e.manticore:INFO: Starting symbolic transaction: 1
2019-08-06 16:21:52,575: [584] m.c.manticore:INFO: Generated testcase No. 0 - RETURN(1 txs)
2019-08-06 16:21:52,595: [586] m.c.manticore:INFO: Generated testcase No. 1 - REVERT(2 txs)
2019-08-06 16:21:53,571: [13] m.c.manticore:INFO: Results in /mcore_ijyxi2yg
2019-08-06 16:21:54,625: [898] m.main:INFO: Registered plugins: DetectReentrancySimple, DetectInvalid, DetectSuicidal, DetectUnusedRetVal, DetectReentrancyAdvanced, DetectUninitializedStorage, DetectEnvInstruction, DetectDelegatecall, DetectIntegerOverflow, DetectUninitializedMemory, DetectExternalCallAndLeak
2019-08-06 16:21:54,625: [898] m.main:INFO: Beginning analysis
2019-08-06 16:21:54,645: [898] m.e.manticore:INFO: Starting symbolic create contract
2019-08-06 16:22:19,058: [898] m.e.manticore:INFO: Starting symbolic transaction: 0
2019-08-06 16:23:13,140: [1467] m.e.detectors:WARNING: Potentially reading uninitialized storage
2019-08-06 16:24:32,701: [1469] m.p.evm:WARNING: Concretizing CODECOPY's 3 argument and dropping its taints: the value might not be tracked properly (in case of using detectors)
2019-08-06 16:24:38,299: [1465] m.p.evm:WARNING: Concretizing CODECOPY's 3 argument and dropping its taints: the value might not be tracked properly (in case of using detectors)
2019-08-06 16:26:54,934: [1471] m.e.detectors:WARNING: INVALID instruction
2019-08-06 16:31:53,214: [1477] m.e.detectors:WARNING: INVALID instruction
2019-08-06 16:33:08,626: [1469] m.e.detectors:WARNING: INVALID instruction
2019-08-06 16:33:14,430: [1477] m.e.detectors:WARNING: INVALID instruction
2019-08-06 16:33:25,627: [1477] m.e.detectors:WARNING: INVALID instruction
2019-08-06 16:33:35,222: [1477] m.e.detectors:WARNING: INVALID instruction
2019-08-06 16:36:14,903: [1473] m.e.detectors:WARNING: INVALID instruction
2019-08-06 16:36:54,718: [1470] m.c.worker:ERROR: Exception in state 5: SolverError('',)
Traceback (most recent call last):
  File "/usr/local/lib/python3.6/dist-packages/manticore/core/worker.py", line 121, in run
    current_state.execute()
  File "/usr/local/lib/python3.6/dist-packages/manticore/ethereum/state.py", line 6, in execute
    return self._platform.execute()
  File "/usr/local/lib/python3.6/dist-packages/manticore/platforms/evm.py", line 2684, in execute
    self.current_vm.execute()
  File "/usr/local/lib/python3.6/dist-packages/manticore/platforms/evm.py", line 1210, in execute
    last_pc, last_gas, instruction, arguments, fee, allocated = self._checkpoint()
  File "/usr/local/lib/python3.6/dist-packages/manticore/platforms/evm.py", line 1109, in _checkpoint
    self._consume(fee)
  File "/usr/local/lib/python3.6/dist-packages/manticore/platforms/evm.py", line 972, in _consume
    self.constraints, constraint
  File "/usr/local/lib/python3.6/dist-packages/manticore/core/smtlib/solver.py", line 436, in get_all_values
    while self._is_sat():
  File "/usr/local/lib/python3.6/dist-packages/manticore/core/smtlib/solver.py", line 328, in _is_sat
    raise SolverError(status)
manticore.exceptions.SolverError
 
2019-08-06 16:38:15,119: [1473] m.e.detectors:WARNING: INVALID instruction
[Errno 12] Cannot allocate memory Probably too many cached expressions? visitors._cache...
2019-08-06 16:40:53,146: [1475] m.c.worker:ERROR: Exception in state 8: Z3NotFoundError()
Traceback (most recent call last):
  File "/usr/local/lib/python3.6/dist-packages/manticore/core/smtlib/solver.py", line 205, in _start_proc
    close_fds=True,
  File "/usr/lib/python3.6/subprocess.py", line 729, in __init__
    restore_signals, start_new_session)
  File "/usr/lib/python3.6/subprocess.py", line 1295, in _execute_child
    restore_signals, start_new_session, preexec_fn)
OSError: [Errno 12] Cannot allocate memory

During handling of the above exception, another exception occurred:

Traceback (most recent call last):
  File "/usr/local/lib/python3.6/dist-packages/manticore/core/worker.py", line 121, in run
    current_state.execute()
  File "/usr/local/lib/python3.6/dist-packages/manticore/ethereum/state.py", line 6, in execute
    return self._platform.execute()
  File "/usr/local/lib/python3.6/dist-packages/manticore/platforms/evm.py", line 2684, in execute
    self.current_vm.execute()
  File "/usr/local/lib/python3.6/dist-packages/manticore/platforms/evm.py", line 1213, in execute
    result = self._handler(*arguments)
  File "/usr/local/lib/python3.6/dist-packages/manticore/platforms/evm.py", line 1086, in _handler
    return implementation(*arguments)
  File "/usr/local/lib/python3.6/dist-packages/manticore/platforms/evm.py", line 1790, in MLOAD
    value = self._load(address, 32)
  File "/usr/local/lib/python3.6/dist-packages/manticore/platforms/evm.py", line 1312, in _load
    "did_evm_read_memory", offset + i, Operators.EXTRACT(value, (size - i - 1) * 8, 8)
  File "/usr/local/lib/python3.6/dist-packages/manticore/utils/event.py", line 128, in _publish
    self._publish_impl(_name, *args, **kwargs)
  File "/usr/local/lib/python3.6/dist-packages/manticore/utils/event.py", line 145, in _publish_impl
    sink._publish_impl(_name, *args, **kwargs)
  File "/usr/local/lib/python3.6/dist-packages/manticore/utils/event.py", line 145, in _publish_impl
    sink._publish_impl(_name, *args, **kwargs)
  File "/usr/local/lib/python3.6/dist-packages/manticore/utils/event.py", line 143, in _publish_impl
    sink._publish_impl(_name, self, *args, **kwargs)
  File "/usr/local/lib/python3.6/dist-packages/manticore/utils/event.py", line 136, in _publish_impl
    callback(robj(), *args, **kwargs)
  File "/usr/local/lib/python3.6/dist-packages/manticore/ethereum/detectors.py", line 665, in did_evm_read_memory_callback
    if state.can_be_true(cbu):
  File "/usr/local/lib/python3.6/dist-packages/manticore/core/state.py", line 297, in can_be_true
    return self._solver.can_be_true(self._constraints, expr)
  File "/usr/local/lib/python3.6/dist-packages/manticore/core/smtlib/solver.py", line 401, in can_be_true
    self._reset(temp_cs.to_string(related_to=expression))
  File "/usr/local/lib/python3.6/dist-packages/manticore/core/smtlib/solver.py", line 275, in _reset
    self._start_proc()
  File "/usr/local/lib/python3.6/dist-packages/manticore/core/smtlib/solver.py", line 210, in _start_proc
    raise Z3NotFoundError  # TODO(mark) don't catch this exception in two places
manticore.exceptions.Z3NotFoundError