2019-08-01 01:40:03,485: [12] m.main:INFO: Registered plugins: DetectUninitializedStorage, DetectIntegerOverflow, DetectDelegatecall, DetectEnvInstruction, DetectUninitializedMemory, DetectReentrancyAdvanced, DetectUnusedRetVal, DetectExternalCallAndLeak, DetectSuicidal, DetectReentrancySimple, DetectInvalid
2019-08-01 01:40:03,485: [12] m.main:INFO: Beginning analysis
2019-08-01 01:40:03,501: [12] m.e.manticore:INFO: Starting symbolic create contract
2019-08-01 01:40:04,479: [12] m.e.manticore:INFO: Starting symbolic transaction: 0
2019-08-01 01:40:05,044: [12] m.e.manticore:INFO: 0 alive states, 2 terminated states
2019-08-01 01:40:05,196: [12] m.e.manticore:INFO: Starting symbolic transaction: 1
2019-08-01 01:40:05,305: [583] m.c.manticore:INFO: Generated testcase No. 0 - RETURN(1 txs)
2019-08-01 01:40:05,312: [582] m.c.manticore:INFO: Generated testcase No. 1 - REVERT(2 txs)
2019-08-01 01:40:06,365: [12] m.c.manticore:INFO: Results in /mcore_b7a8q64r
2019-08-01 01:40:07,239: [897] m.main:INFO: Registered plugins: DetectUninitializedStorage, DetectIntegerOverflow, DetectDelegatecall, DetectEnvInstruction, DetectReentrancySimple, DetectUninitializedMemory, DetectUnusedRetVal, DetectSuicidal, DetectExternalCallAndLeak, DetectReentrancyAdvanced, DetectInvalid
2019-08-01 01:40:07,239: [897] m.main:INFO: Beginning analysis
2019-08-01 01:40:07,251: [897] m.e.manticore:INFO: Starting symbolic create contract
2019-08-01 01:40:34,485: [897] m.e.manticore:INFO: Starting symbolic transaction: 0
2019-08-01 01:41:19,098: [3146] m.e.detectors:WARNING: Potentially reading uninitialized storage
2019-08-01 01:41:22,587: [3146] m.e.detectors:WARNING: Potentially reading uninitialized storage
2019-08-01 01:41:36,779: [3130] m.e.detectors:WARNING: Potentially reading uninitialized storage
2019-08-01 01:41:39,107: [3146] m.e.detectors:WARNING: Potentially reading uninitialized storage
2019-08-01 01:41:51,806: [3130] m.e.detectors:WARNING: Potentially reading uninitialized storage
2019-08-01 01:42:24,287: [3130] m.e.detectors:WARNING: Potentially reading uninitialized storage
2019-08-01 01:44:05,518: [3155] m.e.detectors:WARNING: Potentially reading uninitialized storage
2019-08-01 01:44:47,090: [3160] m.e.detectors:WARNING: Potentially reading uninitialized storage
2019-08-01 01:45:45,774: [3160] m.e.detectors:WARNING: Potentially reading uninitialized storage
2019-08-01 01:46:07,679: [3130] m.e.detectors:WARNING: Potentially reading uninitialized storage
2019-08-01 01:47:28,092: [3155] m.p.evm:WARNING: Concretizing CODECOPY's 3 argument and dropping its taints: the value might not be tracked properly (in case of using detectors)
2019-08-01 01:47:44,913: [3130] m.p.evm:WARNING: Concretizing CODECOPY's 3 argument and dropping its taints: the value might not be tracked properly (in case of using detectors)
2019-08-01 01:51:10,890: [3129] m.c.worker:ERROR: Exception in state 0: SolverError('',)
Traceback (most recent call last):
  File "/usr/local/lib/python3.6/dist-packages/manticore/core/worker.py", line 121, in run
    current_state.execute()
  File "/usr/local/lib/python3.6/dist-packages/manticore/ethereum/state.py", line 6, in execute
    return self._platform.execute()
  File "/usr/local/lib/python3.6/dist-packages/manticore/platforms/evm.py", line 2684, in execute
    self.current_vm.execute()
  File "/usr/local/lib/python3.6/dist-packages/manticore/platforms/evm.py", line 1210, in execute
    last_pc, last_gas, instruction, arguments, fee, allocated = self._checkpoint()
  File "/usr/local/lib/python3.6/dist-packages/manticore/platforms/evm.py", line 1109, in _checkpoint
    self._consume(fee)
  File "/usr/local/lib/python3.6/dist-packages/manticore/platforms/evm.py", line 972, in _consume
    self.constraints, constraint
  File "/usr/local/lib/python3.6/dist-packages/manticore/core/smtlib/solver.py", line 436, in get_all_values
    while self._is_sat():
  File "/usr/local/lib/python3.6/dist-packages/manticore/core/smtlib/solver.py", line 328, in _is_sat
    raise SolverError(status)
manticore.exceptions.SolverError
 
2019-08-01 01:52:12,882: [3173] m.e.detectors:WARNING: Potentially reading uninitialized storage
2019-08-01 01:52:33,506: [3146] m.c.worker:ERROR: Exception in state 4: SolverError('',)
Traceback (most recent call last):
  File "/usr/local/lib/python3.6/dist-packages/manticore/core/worker.py", line 121, in run
    current_state.execute()
  File "/usr/local/lib/python3.6/dist-packages/manticore/ethereum/state.py", line 6, in execute
    return self._platform.execute()
  File "/usr/local/lib/python3.6/dist-packages/manticore/platforms/evm.py", line 2684, in execute
    self.current_vm.execute()
  File "/usr/local/lib/python3.6/dist-packages/manticore/platforms/evm.py", line 1210, in execute
    last_pc, last_gas, instruction, arguments, fee, allocated = self._checkpoint()
  File "/usr/local/lib/python3.6/dist-packages/manticore/platforms/evm.py", line 1109, in _checkpoint
    self._consume(fee)
  File "/usr/local/lib/python3.6/dist-packages/manticore/platforms/evm.py", line 972, in _consume
    self.constraints, constraint
  File "/usr/local/lib/python3.6/dist-packages/manticore/core/smtlib/solver.py", line 436, in get_all_values
    while self._is_sat():
  File "/usr/local/lib/python3.6/dist-packages/manticore/core/smtlib/solver.py", line 328, in _is_sat
    raise SolverError(status)
manticore.exceptions.SolverError
 
2019-08-01 01:55:08,823: [3153] m.e.detectors:WARNING: Potentially reading uninitialized storage
2019-08-01 01:56:16,007: [3173] m.e.detectors:WARNING: Potentially reading uninitialized storage
2019-08-01 01:57:29,614: [3135] m.c.worker:ERROR: Exception in state 2: SolverError('',)
Traceback (most recent call last):
  File "/usr/local/lib/python3.6/dist-packages/manticore/core/worker.py", line 121, in run
    current_state.execute()
  File "/usr/local/lib/python3.6/dist-packages/manticore/ethereum/state.py", line 6, in execute
    return self._platform.execute()
  File "/usr/local/lib/python3.6/dist-packages/manticore/platforms/evm.py", line 2684, in execute
    self.current_vm.execute()
  File "/usr/local/lib/python3.6/dist-packages/manticore/platforms/evm.py", line 1210, in execute
    last_pc, last_gas, instruction, arguments, fee, allocated = self._checkpoint()
  File "/usr/local/lib/python3.6/dist-packages/manticore/platforms/evm.py", line 1109, in _checkpoint
    self._consume(fee)
  File "/usr/local/lib/python3.6/dist-packages/manticore/platforms/evm.py", line 972, in _consume
    self.constraints, constraint
  File "/usr/local/lib/python3.6/dist-packages/manticore/core/smtlib/solver.py", line 436, in get_all_values
    while self._is_sat():
  File "/usr/local/lib/python3.6/dist-packages/manticore/core/smtlib/solver.py", line 328, in _is_sat
    raise SolverError(status)
manticore.exceptions.SolverError
 
2019-08-01 01:57:37,991: [3173] m.e.detectors:WARNING: Potentially reading uninitialized storage
2019-08-01 01:57:56,683: [3130] m.c.worker:ERROR: Exception in state 1: SolverError('',)
Traceback (most recent call last):
  File "/usr/local/lib/python3.6/dist-packages/manticore/platforms/evm.py", line 1213, in execute
    result = self._handler(*arguments)
  File "/usr/local/lib/python3.6/dist-packages/manticore/platforms/evm.py", line 1086, in _handler
    return implementation(*arguments)
  File "/usr/local/lib/python3.6/dist-packages/manticore/platforms/evm.py", line 547, in wrapper
    raise ConcretizeArgument(index, policy=policy)
manticore.platforms.evm.ConcretizeArgument: 3

During handling of the above exception, another exception occurred:

Traceback (most recent call last):
  File "/usr/local/lib/python3.6/dist-packages/manticore/core/worker.py", line 121, in run
    current_state.execute()
  File "/usr/local/lib/python3.6/dist-packages/manticore/ethereum/state.py", line 6, in execute
    return self._platform.execute()
  File "/usr/local/lib/python3.6/dist-packages/manticore/platforms/evm.py", line 2684, in execute
    self.current_vm.execute()
  File "/usr/local/lib/python3.6/dist-packages/manticore/platforms/evm.py", line 1279, in execute
    policy=ex.policy,
manticore.core.state.Concretize

During handling of the above exception, another exception occurred:

Traceback (most recent call last):
  File "/usr/local/lib/python3.6/dist-packages/manticore/core/worker.py", line 142, in run
    m._fork(current_state, exc.expression, exc.policy, exc.setstate)
  File "/usr/local/lib/python3.6/dist-packages/manticore/core/manticore.py", line 332, in _fork
    solutions = state.concretize(expression, policy)
  File "/usr/local/lib/python3.6/dist-packages/manticore/core/state.py", line 251, in concretize
    m, M = self._solver.minmax(self._constraints, symbolic)
  File "/usr/local/lib/python3.6/dist-packages/manticore/core/smtlib/solver.py", line 124, in minmax
    M = self.max(constraints, x, iters)
  File "/usr/local/lib/python3.6/dist-packages/manticore/core/smtlib/solver.py", line 107, in max
    return self.optimize(constraints, X, "maximize", M)
  File "/usr/local/lib/python3.6/dist-packages/manticore/core/smtlib/solver.py", line 508, in optimize
    while self._is_sat():
  File "/usr/local/lib/python3.6/dist-packages/manticore/core/smtlib/solver.py", line 328, in _is_sat
    raise SolverError(status)
manticore.exceptions.SolverError
 
2019-08-01 02:04:00,304: [3155] m.c.worker:ERROR: Exception in state 6: SolverError('',)
Traceback (most recent call last):
  File "/usr/local/lib/python3.6/dist-packages/manticore/platforms/evm.py", line 1213, in execute
    result = self._handler(*arguments)
  File "/usr/local/lib/python3.6/dist-packages/manticore/platforms/evm.py", line 1086, in _handler
    return implementation(*arguments)
  File "/usr/local/lib/python3.6/dist-packages/manticore/platforms/evm.py", line 547, in wrapper
    raise ConcretizeArgument(index, policy=policy)
manticore.platforms.evm.ConcretizeArgument: 3

During handling of the above exception, another exception occurred:

Traceback (most recent call last):
  File "/usr/local/lib/python3.6/dist-packages/manticore/core/worker.py", line 121, in run
    current_state.execute()
  File "/usr/local/lib/python3.6/dist-packages/manticore/ethereum/state.py", line 6, in execute
    return self._platform.execute()
  File "/usr/local/lib/python3.6/dist-packages/manticore/platforms/evm.py", line 2684, in execute
    self.current_vm.execute()
  File "/usr/local/lib/python3.6/dist-packages/manticore/platforms/evm.py", line 1279, in execute
    policy=ex.policy,
manticore.core.state.Concretize

During handling of the above exception, another exception occurred:

Traceback (most recent call last):
  File "/usr/local/lib/python3.6/dist-packages/manticore/core/worker.py", line 142, in run
    m._fork(current_state, exc.expression, exc.policy, exc.setstate)
  File "/usr/local/lib/python3.6/dist-packages/manticore/core/manticore.py", line 332, in _fork
    solutions = state.concretize(expression, policy)
  File "/usr/local/lib/python3.6/dist-packages/manticore/core/state.py", line 251, in concretize
    m, M = self._solver.minmax(self._constraints, symbolic)
  File "/usr/local/lib/python3.6/dist-packages/manticore/core/smtlib/solver.py", line 124, in minmax
    M = self.max(constraints, x, iters)
  File "/usr/local/lib/python3.6/dist-packages/manticore/core/smtlib/solver.py", line 107, in max
    return self.optimize(constraints, X, "maximize", M)
  File "/usr/local/lib/python3.6/dist-packages/manticore/core/smtlib/solver.py", line 508, in optimize
    while self._is_sat():
  File "/usr/local/lib/python3.6/dist-packages/manticore/core/smtlib/solver.py", line 328, in _is_sat
    raise SolverError(status)
manticore.exceptions.SolverError
 
2019-08-01 02:08:09,424: [3160] m.p.evm:WARNING: Concretizing CODECOPY's 3 argument and dropping its taints: the value might not be tracked properly (in case of using detectors)
2019-08-01 02:08:11,437: [3173] m.p.evm:WARNING: Concretizing CODECOPY's 3 argument and dropping its taints: the value might not be tracked properly (in case of using detectors)