2019-08-05 07:07:33,653: [12] m.main:INFO: Registered plugins: DetectDelegatecall, DetectReentrancySimple, DetectInvalid, DetectUnusedRetVal, DetectUninitializedStorage, DetectIntegerOverflow, DetectSuicidal, DetectExternalCallAndLeak, DetectEnvInstruction, DetectReentrancyAdvanced, DetectUninitializedMemory
2019-08-05 07:07:33,653: [12] m.main:INFO: Beginning analysis
2019-08-05 07:07:33,662: [12] m.e.manticore:INFO: Starting symbolic create contract
2019-08-05 07:07:33,960: [56] m.c.manticore:INFO: Generated testcase No. 0 - NO STATE RESULT (?)(0 txs)
2019-08-05 07:07:34,149: [12] m.c.manticore:INFO: Results in /mcore_3ymxnx8v
2019-08-05 07:07:34,844: [315] m.main:INFO: Registered plugins: DetectReentrancySimple, DetectInvalid, DetectUnusedRetVal, DetectUninitializedStorage, DetectIntegerOverflow, DetectSuicidal, DetectExternalCallAndLeak, DetectReentrancyAdvanced, DetectEnvInstruction, DetectUninitializedMemory, DetectDelegatecall
2019-08-05 07:07:34,844: [315] m.main:INFO: Beginning analysis
2019-08-05 07:07:34,853: [315] m.e.manticore:INFO: Starting symbolic create contract
2019-08-05 07:07:35,161: [362] m.c.manticore:INFO: Generated testcase No. 0 - NO STATE RESULT (?)(0 txs)
2019-08-05 07:07:35,346: [315] m.c.manticore:INFO: Results in /mcore_8gpsj9uq
2019-08-05 07:07:36,046: [618] m.main:INFO: Registered plugins: DetectDelegatecall, DetectReentrancySimple, DetectInvalid, DetectUnusedRetVal, DetectEnvInstruction, DetectUninitializedStorage, DetectIntegerOverflow, DetectReentrancyAdvanced, DetectSuicidal, DetectExternalCallAndLeak, DetectUninitializedMemory
2019-08-05 07:07:36,047: [618] m.main:INFO: Beginning analysis
2019-08-05 07:07:36,056: [618] m.e.manticore:INFO: Starting symbolic create contract
2019-08-05 07:07:36,288: [662] m.c.manticore:INFO: Generated testcase No. 0 - NO STATE RESULT (?)(0 txs)
2019-08-05 07:07:36,446: [618] m.c.manticore:INFO: Results in /mcore_oqw78hp1
2019-08-05 07:07:37,104: [921] m.main:INFO: Registered plugins: DetectInvalid, DetectUnusedRetVal, DetectUninitializedStorage, DetectExternalCallAndLeak, DetectIntegerOverflow, DetectSuicidal, DetectEnvInstruction, DetectReentrancySimple, DetectUninitializedMemory, DetectReentrancyAdvanced, DetectDelegatecall
2019-08-05 07:07:37,105: [921] m.main:INFO: Beginning analysis
2019-08-05 07:07:37,115: [921] m.e.manticore:INFO: Starting symbolic create contract
2019-08-05 07:07:37,358: [965] m.c.manticore:INFO: Generated testcase No. 0 - NO STATE RESULT (?)(0 txs)
2019-08-05 07:07:37,538: [921] m.c.manticore:INFO: Results in /mcore_jf71saxx
2019-08-05 07:07:38,149: [1224] m.main:INFO: Registered plugins: DetectSuicidal, DetectReentrancySimple, DetectInvalid, DetectReentrancyAdvanced, DetectEnvInstruction, DetectUninitializedStorage, DetectIntegerOverflow, DetectUnusedRetVal, DetectExternalCallAndLeak, DetectUninitializedMemory, DetectDelegatecall
2019-08-05 07:07:38,149: [1224] m.main:INFO: Beginning analysis
2019-08-05 07:07:38,158: [1224] m.e.manticore:INFO: Starting symbolic create contract
2019-08-05 07:07:38,950: [1224] m.e.manticore:INFO: Starting symbolic transaction: 0
2019-08-05 07:07:39,305: [1224] m.e.manticore:INFO: 0 alive states, 2 terminated states
2019-08-05 07:07:39,414: [1224] m.e.manticore:INFO: Starting symbolic transaction: 1
2019-08-05 07:07:39,446: [1794] m.c.manticore:INFO: Generated testcase No. 0 - RETURN(1 txs)
2019-08-05 07:07:39,458: [1795] m.c.manticore:INFO: Generated testcase No. 1 - REVERT(2 txs)
2019-08-05 07:07:40,122: [1224] m.c.manticore:INFO: Results in /mcore_364sld4p
2019-08-05 07:07:40,932: [2109] m.main:INFO: Registered plugins: DetectReentrancySimple, DetectInvalid, DetectSuicidal, DetectUninitializedMemory, DetectIntegerOverflow, DetectExternalCallAndLeak, DetectEnvInstruction, DetectUninitializedStorage, DetectReentrancyAdvanced, DetectUnusedRetVal, DetectDelegatecall
2019-08-05 07:07:40,932: [2109] m.main:INFO: Beginning analysis
2019-08-05 07:07:40,943: [2109] m.e.manticore:INFO: Starting symbolic create contract
2019-08-05 07:07:41,750: [2109] m.e.manticore:INFO: Starting symbolic transaction: 0
2019-08-05 07:07:42,131: [2109] m.e.manticore:INFO: 0 alive states, 2 terminated states
2019-08-05 07:07:42,248: [2109] m.e.manticore:INFO: Starting symbolic transaction: 1
2019-08-05 07:07:42,285: [2679] m.c.manticore:INFO: Generated testcase No. 0 - RETURN(1 txs)
2019-08-05 07:07:42,302: [2681] m.c.manticore:INFO: Generated testcase No. 1 - REVERT(2 txs)
2019-08-05 07:07:42,984: [2109] m.c.manticore:INFO: Results in /mcore_arifpb3b
2019-08-05 07:07:43,748: [2994] m.main:INFO: Registered plugins: DetectSuicidal, DetectReentrancyAdvanced, DetectUninitializedMemory, DetectUnusedRetVal, DetectEnvInstruction, DetectReentrancySimple, DetectInvalid, DetectDelegatecall, DetectUninitializedStorage, DetectIntegerOverflow, DetectExternalCallAndLeak
2019-08-05 07:07:43,749: [2994] m.main:INFO: Beginning analysis
2019-08-05 07:07:43,758: [2994] m.e.manticore:INFO: Starting symbolic create contract
2019-08-05 07:07:44,031: [3038] m.c.manticore:INFO: Generated testcase No. 0 - NO STATE RESULT (?)(0 txs)
2019-08-05 07:07:44,161: [2994] m.c.manticore:INFO: Results in /mcore_vu2upqq0
2019-08-05 07:07:44,785: [3297] m.main:INFO: Registered plugins: DetectUnusedRetVal, DetectDelegatecall, DetectReentrancySimple, DetectInvalid, DetectSuicidal, DetectExternalCallAndLeak, DetectUninitializedStorage, DetectIntegerOverflow, DetectReentrancyAdvanced, DetectEnvInstruction, DetectUninitializedMemory
2019-08-05 07:07:44,786: [3297] m.main:INFO: Beginning analysis
2019-08-05 07:07:44,800: [3297] m.e.manticore:INFO: Starting symbolic create contract
2019-08-05 07:07:46,339: [3297] m.e.manticore:INFO: Starting symbolic transaction: 0
2019-08-05 07:07:48,667: [3718] m.e.detectors:WARNING: Potentially reading uninitialized storage
2019-08-05 07:07:48,943: [3297] m.e.manticore:INFO: 1 alive states, 3 terminated states
2019-08-05 07:07:49,334: [3297] m.e.manticore:INFO: Starting symbolic transaction: 1
2019-08-05 07:07:52,459: [4246] m.e.detectors:WARNING: Potentially reading uninitialized storage
2019-08-05 07:07:52,775: [3297] m.e.manticore:INFO: 1 alive states, 6 terminated states
2019-08-05 07:07:53,312: [4767] m.c.manticore:INFO: Generated testcase No. 0 - RETURN(3 txs)
2019-08-05 07:07:53,386: [4769] m.c.manticore:INFO: Generated testcase No. 1 - RETURN(1 txs)
2019-08-05 07:07:53,393: [4779] m.c.manticore:INFO: Generated testcase No. 2 - REVERT(2 txs)
2019-08-05 07:07:53,407: [4773] m.c.manticore:INFO: Generated testcase No. 3 - REVERT(2 txs)
2019-08-05 07:07:53,412: [4788] m.c.manticore:INFO: Generated testcase No. 4 - RETURN(2 txs)
2019-08-05 07:07:53,481: [4790] m.c.manticore:INFO: Generated testcase No. 6 - REVERT(3 txs)
2019-08-05 07:07:53,483: [4783] m.c.manticore:INFO: Generated testcase No. 5 - REVERT(3 txs)
2019-08-05 07:07:57,890: [3297] m.c.manticore:INFO: Results in /mcore_60j9giib
2019-08-05 07:07:59,072: [5260] m.main:INFO: Registered plugins: DetectExternalCallAndLeak, DetectReentrancySimple, DetectInvalid, DetectSuicidal, DetectEnvInstruction, DetectUninitializedStorage, DetectIntegerOverflow, DetectDelegatecall, DetectUnusedRetVal, DetectUninitializedMemory, DetectReentrancyAdvanced
2019-08-05 07:07:59,073: [5260] m.main:INFO: Beginning analysis
2019-08-05 07:07:59,084: [5260] m.e.manticore:INFO: Starting symbolic create contract
2019-08-05 07:08:10,563: [5260] m.e.manticore:INFO: Starting symbolic transaction: 0
2019-08-05 07:08:24,115: [5799] m.e.detectors:WARNING: Potentially reading uninitialized storage
2019-08-05 07:12:29,757: [5804] m.c.worker:ERROR: Exception in state 9: SolverError('',)
Traceback (most recent call last):
  File "/usr/local/lib/python3.6/dist-packages/manticore/platforms/evm.py", line 1213, in execute
    result = self._handler(*arguments)
  File "/usr/local/lib/python3.6/dist-packages/manticore/platforms/evm.py", line 1086, in _handler
    return implementation(*arguments)
  File "/usr/local/lib/python3.6/dist-packages/manticore/platforms/evm.py", line 1637, in CALLDATACOPY
    raise ConcretizeArgument(3, policy="SAMPLED")
manticore.platforms.evm.ConcretizeArgument: 3

During handling of the above exception, another exception occurred:

Traceback (most recent call last):
  File "/usr/local/lib/python3.6/dist-packages/manticore/core/worker.py", line 121, in run
    current_state.execute()
  File "/usr/local/lib/python3.6/dist-packages/manticore/ethereum/state.py", line 6, in execute
    return self._platform.execute()
  File "/usr/local/lib/python3.6/dist-packages/manticore/platforms/evm.py", line 2684, in execute
    self.current_vm.execute()
  File "/usr/local/lib/python3.6/dist-packages/manticore/platforms/evm.py", line 1279, in execute
    policy=ex.policy,
manticore.core.state.Concretize

During handling of the above exception, another exception occurred:

Traceback (most recent call last):
  File "/usr/local/lib/python3.6/dist-packages/manticore/core/worker.py", line 142, in run
    m._fork(current_state, exc.expression, exc.policy, exc.setstate)
  File "/usr/local/lib/python3.6/dist-packages/manticore/core/manticore.py", line 332, in _fork
    solutions = state.concretize(expression, policy)
  File "/usr/local/lib/python3.6/dist-packages/manticore/core/state.py", line 251, in concretize
    m, M = self._solver.minmax(self._constraints, symbolic)
  File "/usr/local/lib/python3.6/dist-packages/manticore/core/smtlib/solver.py", line 124, in minmax
    M = self.max(constraints, x, iters)
  File "/usr/local/lib/python3.6/dist-packages/manticore/core/smtlib/solver.py", line 107, in max
    return self.optimize(constraints, X, "maximize", M)
  File "/usr/local/lib/python3.6/dist-packages/manticore/core/smtlib/solver.py", line 508, in optimize
    while self._is_sat():
  File "/usr/local/lib/python3.6/dist-packages/manticore/core/smtlib/solver.py", line 328, in _is_sat
    raise SolverError(status)
manticore.exceptions.SolverError
 
2019-08-05 07:14:34,642: [5776] m.c.worker:ERROR: Exception in state 3: SolverError('',)
Traceback (most recent call last):
  File "/usr/local/lib/python3.6/dist-packages/manticore/core/worker.py", line 121, in run
    current_state.execute()
  File "/usr/local/lib/python3.6/dist-packages/manticore/ethereum/state.py", line 6, in execute
    return self._platform.execute()
  File "/usr/local/lib/python3.6/dist-packages/manticore/platforms/evm.py", line 2684, in execute
    self.current_vm.execute()
  File "/usr/local/lib/python3.6/dist-packages/manticore/platforms/evm.py", line 1201, in execute
    "Concretize PC", expression=expression, setstate=setstate, policy="ALL"
manticore.core.state.Concretize

During handling of the above exception, another exception occurred:

Traceback (most recent call last):
  File "/usr/local/lib/python3.6/dist-packages/manticore/core/worker.py", line 142, in run
    m._fork(current_state, exc.expression, exc.policy, exc.setstate)
  File "/usr/local/lib/python3.6/dist-packages/manticore/core/manticore.py", line 332, in _fork
    solutions = state.concretize(expression, policy)
  File "/usr/local/lib/python3.6/dist-packages/manticore/core/state.py", line 271, in concretize
    self._constraints, symbolic, maxcnt=maxcount, silent=True
  File "/usr/local/lib/python3.6/dist-packages/manticore/core/smtlib/solver.py", line 436, in get_all_values
    while self._is_sat():
  File "/usr/local/lib/python3.6/dist-packages/manticore/core/smtlib/solver.py", line 328, in _is_sat
    raise SolverError(status)
manticore.exceptions.SolverError
 
2019-08-05 07:17:55,011: [5260] m.e.manticore:INFO: 4 alive states, 26 terminated states
2019-08-05 07:18:03,184: [5260] m.e.manticore:INFO: Starting symbolic transaction: 1
2019-08-05 07:18:52,715: [11290] m.e.detectors:WARNING: Potentially reading uninitialized storage
2019-08-05 07:18:53,520: [11282] m.e.detectors:WARNING: Potentially reading uninitialized storage
2019-08-05 07:18:55,611: [11296] m.e.detectors:WARNING: Potentially reading uninitialized storage
2019-08-05 07:18:57,606: [11319] m.e.detectors:WARNING: Potentially reading uninitialized storage
2019-08-05 07:24:09,319: [11276] m.c.worker:ERROR: Exception in state 0: SolverError('',)
Traceback (most recent call last):
  File "/usr/local/lib/python3.6/dist-packages/manticore/core/worker.py", line 121, in run
    current_state.execute()
  File "/usr/local/lib/python3.6/dist-packages/manticore/ethereum/state.py", line 6, in execute
    return self._platform.execute()
  File "/usr/local/lib/python3.6/dist-packages/manticore/platforms/evm.py", line 2684, in execute
    self.current_vm.execute()
  File "/usr/local/lib/python3.6/dist-packages/manticore/platforms/evm.py", line 1210, in execute
    last_pc, last_gas, instruction, arguments, fee, allocated = self._checkpoint()
  File "/usr/local/lib/python3.6/dist-packages/manticore/platforms/evm.py", line 1109, in _checkpoint
    self._consume(fee)
  File "/usr/local/lib/python3.6/dist-packages/manticore/platforms/evm.py", line 972, in _consume
    self.constraints, constraint
  File "/usr/local/lib/python3.6/dist-packages/manticore/core/smtlib/solver.py", line 436, in get_all_values
    while self._is_sat():
  File "/usr/local/lib/python3.6/dist-packages/manticore/core/smtlib/solver.py", line 328, in _is_sat
    raise SolverError(status)
manticore.exceptions.SolverError
 
2019-08-05 07:24:31,626: [11319] m.e.detectors:WARNING: Potentially reading uninitialized storage
2019-08-05 07:25:29,318: [11304] m.e.detectors:WARNING: Potentially reading uninitialized storage
2019-08-05 07:26:03,191: [11290] m.c.worker:ERROR: Exception in state 2: SolverError('',)
Traceback (most recent call last):
  File "/usr/local/lib/python3.6/dist-packages/manticore/platforms/evm.py", line 1213, in execute
    result = self._handler(*arguments)
  File "/usr/local/lib/python3.6/dist-packages/manticore/platforms/evm.py", line 1086, in _handler
    return implementation(*arguments)
  File "/usr/local/lib/python3.6/dist-packages/manticore/platforms/evm.py", line 1637, in CALLDATACOPY
    raise ConcretizeArgument(3, policy="SAMPLED")
manticore.platforms.evm.ConcretizeArgument: 3

During handling of the above exception, another exception occurred:

Traceback (most recent call last):
  File "/usr/local/lib/python3.6/dist-packages/manticore/core/worker.py", line 121, in run
    current_state.execute()
  File "/usr/local/lib/python3.6/dist-packages/manticore/ethereum/state.py", line 6, in execute
    return self._platform.execute()
  File "/usr/local/lib/python3.6/dist-packages/manticore/platforms/evm.py", line 2684, in execute
    self.current_vm.execute()
  File "/usr/local/lib/python3.6/dist-packages/manticore/platforms/evm.py", line 1279, in execute
    policy=ex.policy,
manticore.core.state.Concretize

During handling of the above exception, another exception occurred:

Traceback (most recent call last):
  File "/usr/local/lib/python3.6/dist-packages/manticore/core/worker.py", line 142, in run
    m._fork(current_state, exc.expression, exc.policy, exc.setstate)
  File "/usr/local/lib/python3.6/dist-packages/manticore/core/manticore.py", line 332, in _fork
    solutions = state.concretize(expression, policy)
  File "/usr/local/lib/python3.6/dist-packages/manticore/core/state.py", line 251, in concretize
    m, M = self._solver.minmax(self._constraints, symbolic)
  File "/usr/local/lib/python3.6/dist-packages/manticore/core/smtlib/solver.py", line 123, in minmax
    m = self.min(constraints, x, iters)
  File "/usr/local/lib/python3.6/dist-packages/manticore/core/smtlib/solver.py", line 118, in min
    return self.optimize(constraints, X, "minimize", M)
  File "/usr/local/lib/python3.6/dist-packages/manticore/core/smtlib/solver.py", line 508, in optimize
    while self._is_sat():
  File "/usr/local/lib/python3.6/dist-packages/manticore/core/smtlib/solver.py", line 328, in _is_sat
    raise SolverError(status)
manticore.exceptions.SolverError
 
2019-08-05 07:28:25,978: [11282] m.c.worker:ERROR: Exception in state 1: SolverError('',)
Traceback (most recent call last):
  File "/usr/local/lib/python3.6/dist-packages/manticore/platforms/evm.py", line 1213, in execute
    result = self._handler(*arguments)
  File "/usr/local/lib/python3.6/dist-packages/manticore/platforms/evm.py", line 1086, in _handler
    return implementation(*arguments)
  File "/usr/local/lib/python3.6/dist-packages/manticore/platforms/evm.py", line 1637, in CALLDATACOPY
    raise ConcretizeArgument(3, policy="SAMPLED")
manticore.platforms.evm.ConcretizeArgument: 3

During handling of the above exception, another exception occurred:

Traceback (most recent call last):
  File "/usr/local/lib/python3.6/dist-packages/manticore/core/worker.py", line 121, in run
    current_state.execute()
  File "/usr/local/lib/python3.6/dist-packages/manticore/ethereum/state.py", line 6, in execute
    return self._platform.execute()
  File "/usr/local/lib/python3.6/dist-packages/manticore/platforms/evm.py", line 2684, in execute
    self.current_vm.execute()
  File "/usr/local/lib/python3.6/dist-packages/manticore/platforms/evm.py", line 1279, in execute
    policy=ex.policy,
manticore.core.state.Concretize

During handling of the above exception, another exception occurred:

Traceback (most recent call last):
  File "/usr/local/lib/python3.6/dist-packages/manticore/core/worker.py", line 142, in run
    m._fork(current_state, exc.expression, exc.policy, exc.setstate)
  File "/usr/local/lib/python3.6/dist-packages/manticore/core/manticore.py", line 332, in _fork
    solutions = state.concretize(expression, policy)
  File "/usr/local/lib/python3.6/dist-packages/manticore/core/state.py", line 251, in concretize
    m, M = self._solver.minmax(self._constraints, symbolic)
  File "/usr/local/lib/python3.6/dist-packages/manticore/core/smtlib/solver.py", line 124, in minmax
    M = self.max(constraints, x, iters)
  File "/usr/local/lib/python3.6/dist-packages/manticore/core/smtlib/solver.py", line 107, in max
    return self.optimize(constraints, X, "maximize", M)
  File "/usr/local/lib/python3.6/dist-packages/manticore/core/smtlib/solver.py", line 508, in optimize
    while self._is_sat():
  File "/usr/local/lib/python3.6/dist-packages/manticore/core/smtlib/solver.py", line 328, in _is_sat
    raise SolverError(status)
manticore.exceptions.SolverError
 
2019-08-05 07:29:33,812: [11322] m.c.worker:ERROR: Exception in state 8: SolverError('',)
Traceback (most recent call last):
  File "/usr/local/lib/python3.6/dist-packages/manticore/platforms/evm.py", line 1213, in execute
    result = self._handler(*arguments)
  File "/usr/local/lib/python3.6/dist-packages/manticore/platforms/evm.py", line 1086, in _handler
    return implementation(*arguments)
  File "/usr/local/lib/python3.6/dist-packages/manticore/platforms/evm.py", line 1637, in CALLDATACOPY
    raise ConcretizeArgument(3, policy="SAMPLED")
manticore.platforms.evm.ConcretizeArgument: 3

During handling of the above exception, another exception occurred:

Traceback (most recent call last):
  File "/usr/local/lib/python3.6/dist-packages/manticore/core/worker.py", line 121, in run
    current_state.execute()
  File "/usr/local/lib/python3.6/dist-packages/manticore/ethereum/state.py", line 6, in execute
    return self._platform.execute()
  File "/usr/local/lib/python3.6/dist-packages/manticore/platforms/evm.py", line 2684, in execute
    self.current_vm.execute()
  File "/usr/local/lib/python3.6/dist-packages/manticore/platforms/evm.py", line 1279, in execute
    policy=ex.policy,
manticore.core.state.Concretize

During handling of the above exception, another exception occurred:

Traceback (most recent call last):
  File "/usr/local/lib/python3.6/dist-packages/manticore/core/worker.py", line 142, in run
    m._fork(current_state, exc.expression, exc.policy, exc.setstate)
  File "/usr/local/lib/python3.6/dist-packages/manticore/core/manticore.py", line 332, in _fork
    solutions = state.concretize(expression, policy)
  File "/usr/local/lib/python3.6/dist-packages/manticore/core/state.py", line 251, in concretize
    m, M = self._solver.minmax(self._constraints, symbolic)
  File "/usr/local/lib/python3.6/dist-packages/manticore/core/smtlib/solver.py", line 124, in minmax
    M = self.max(constraints, x, iters)
  File "/usr/local/lib/python3.6/dist-packages/manticore/core/smtlib/solver.py", line 107, in max
    return self.optimize(constraints, X, "maximize", M)
  File "/usr/local/lib/python3.6/dist-packages/manticore/core/smtlib/solver.py", line 508, in optimize
    while self._is_sat():
  File "/usr/local/lib/python3.6/dist-packages/manticore/core/smtlib/solver.py", line 328, in _is_sat
    raise SolverError(status)
manticore.exceptions.SolverError
 
2019-08-05 07:33:14,220: [11323] m.c.worker:ERROR: Exception in state 9: SolverError('',)
Traceback (most recent call last):
  File "/usr/local/lib/python3.6/dist-packages/manticore/platforms/evm.py", line 1213, in execute
    result = self._handler(*arguments)
  File "/usr/local/lib/python3.6/dist-packages/manticore/platforms/evm.py", line 1086, in _handler
    return implementation(*arguments)
  File "/usr/local/lib/python3.6/dist-packages/manticore/platforms/evm.py", line 1637, in CALLDATACOPY
    raise ConcretizeArgument(3, policy="SAMPLED")
manticore.platforms.evm.ConcretizeArgument: 3

During handling of the above exception, another exception occurred:

Traceback (most recent call last):
  File "/usr/local/lib/python3.6/dist-packages/manticore/core/worker.py", line 121, in run
    current_state.execute()
  File "/usr/local/lib/python3.6/dist-packages/manticore/ethereum/state.py", line 6, in execute
    return self._platform.execute()
  File "/usr/local/lib/python3.6/dist-packages/manticore/platforms/evm.py", line 2684, in execute
    self.current_vm.execute()
  File "/usr/local/lib/python3.6/dist-packages/manticore/platforms/evm.py", line 1279, in execute
    policy=ex.policy,
manticore.core.state.Concretize

During handling of the above exception, another exception occurred:

Traceback (most recent call last):
  File "/usr/local/lib/python3.6/dist-packages/manticore/core/worker.py", line 142, in run
    m._fork(current_state, exc.expression, exc.policy, exc.setstate)
  File "/usr/local/lib/python3.6/dist-packages/manticore/core/manticore.py", line 332, in _fork
    solutions = state.concretize(expression, policy)
  File "/usr/local/lib/python3.6/dist-packages/manticore/core/state.py", line 251, in concretize
    m, M = self._solver.minmax(self._constraints, symbolic)
  File "/usr/local/lib/python3.6/dist-packages/manticore/core/smtlib/solver.py", line 123, in minmax
    m = self.min(constraints, x, iters)
  File "/usr/local/lib/python3.6/dist-packages/manticore/core/smtlib/solver.py", line 118, in min
    return self.optimize(constraints, X, "minimize", M)
  File "/usr/local/lib/python3.6/dist-packages/manticore/core/smtlib/solver.py", line 508, in optimize
    while self._is_sat():
  File "/usr/local/lib/python3.6/dist-packages/manticore/core/smtlib/solver.py", line 328, in _is_sat
    raise SolverError(status)
manticore.exceptions.SolverError