2019-07-31 20:12:12,057: [13] m.main:INFO: Registered plugins: DetectReentrancySimple, DetectInvalid, DetectUnusedRetVal, DetectEnvInstruction, DetectUninitializedStorage, DetectExternalCallAndLeak, DetectSuicidal, DetectUninitializedMemory, DetectReentrancyAdvanced, DetectDelegatecall, DetectIntegerOverflow
2019-07-31 20:12:12,058: [13] m.main:INFO: Beginning analysis
2019-07-31 20:12:12,072: [13] m.e.manticore:INFO: Starting symbolic create contract
2019-07-31 20:12:12,242: [57] m.c.manticore:INFO: Generated testcase No. 0 - NO STATE RESULT (?)(0 txs)
2019-07-31 20:12:12,559: [13] m.c.manticore:INFO: Results in /mcore_me13irmy
2019-07-31 20:12:13,305: [316] m.main:INFO: Registered plugins: DetectIntegerOverflow, DetectUnusedRetVal, DetectReentrancySimple, DetectInvalid, DetectExternalCallAndLeak, DetectSuicidal, DetectUninitializedStorage, DetectEnvInstruction, DetectReentrancyAdvanced, DetectDelegatecall, DetectUninitializedMemory
2019-07-31 20:12:13,305: [316] m.main:INFO: Beginning analysis
2019-07-31 20:12:13,316: [316] m.e.manticore:INFO: Starting symbolic create contract
2019-07-31 20:12:15,088: [316] m.e.manticore:INFO: Starting symbolic transaction: 0
2019-07-31 20:12:17,810: [316] m.e.manticore:INFO: 1 alive states, 5 terminated states
2019-07-31 20:12:18,459: [316] m.e.manticore:INFO: Starting symbolic transaction: 1
2019-07-31 20:12:21,930: [316] m.e.manticore:INFO: 1 alive states, 10 terminated states
2019-07-31 20:12:22,729: [1825] m.c.manticore:INFO: Generated testcase No. 0 - RETURN(3 txs)
2019-07-31 20:12:22,731: [1827] m.c.manticore:INFO: Generated testcase No. 1 - RETURN(1 txs)
2019-07-31 20:12:22,804: [1834] m.c.manticore:INFO: Generated testcase No. 3 - REVERT(2 txs)
2019-07-31 20:12:22,809: [1831] m.c.manticore:INFO: Generated testcase No. 2 - REVERT(2 txs)
2019-07-31 20:12:22,879: [1836] m.c.manticore:INFO: Generated testcase No. 4 - REVERT(2 txs)
2019-07-31 20:12:22,882: [1839] m.c.manticore:INFO: Generated testcase No. 5 - REVERT(2 txs)
2019-07-31 20:12:23,092: [1846] m.c.manticore:INFO: Generated testcase No. 7 - REVERT(3 txs)
2019-07-31 20:12:23,102: [1842] m.c.manticore:INFO: Generated testcase No. 6 - RETURN(2 txs)
2019-07-31 20:12:31,282: [1827] m.c.manticore:INFO: Generated testcase No. 8 - REVERT(3 txs)
2019-07-31 20:12:34,201: [1836] m.c.manticore:INFO: Generated testcase No. 9 - REVERT(3 txs)
2019-07-31 20:12:34,586: [1831] m.c.manticore:INFO: Generated testcase No. 10 - REVERT(3 txs)
2019-07-31 20:12:40,952: [316] m.c.manticore:INFO: Results in /mcore_2qud7y0z
2019-07-31 20:12:42,589: [2448] m.main:INFO: Registered plugins: DetectReentrancySimple, DetectInvalid, DetectUnusedRetVal, DetectEnvInstruction, DetectUninitializedStorage, DetectSuicidal, DetectExternalCallAndLeak, DetectReentrancyAdvanced, DetectIntegerOverflow, DetectUninitializedMemory, DetectDelegatecall
2019-07-31 20:12:42,590: [2448] m.main:INFO: Beginning analysis
2019-07-31 20:12:42,623: [2448] m.e.manticore:INFO: Starting symbolic create contract
2019-07-31 20:13:12,632: [2496] m.e.detectors:WARNING: Unsigned integer overflow at MUL instruction
2019-07-31 20:13:14,112: [2496] m.e.detectors:WARNING: Unsigned integer overflow at MUL instruction
2019-07-31 20:13:34,461: [2448] m.e.manticore:INFO: Starting symbolic transaction: 0
2019-07-31 20:14:30,686: [3705] m.e.detectors:WARNING: Unsigned integer overflow at MUL instruction
2019-07-31 20:15:20,675: [3701] m.e.detectors:WARNING: Potentially reading uninitialized storage
2019-07-31 20:15:29,415: [3701] m.e.detectors:WARNING: Unsigned integer overflow at MUL instruction
2019-07-31 20:16:46,683: [3714] m.e.detectors:WARNING: Unsigned integer overflow at MUL instruction
2019-07-31 20:17:08,986: [3708] m.e.detectors:WARNING: Potentially reading uninitialized storage
2019-07-31 20:17:31,410: [3708] m.e.detectors:WARNING: Potentially reading uninitialized storage
2019-07-31 20:17:59,490: [3694] m.e.detectors:WARNING: Unsigned integer overflow at MUL instruction
2019-07-31 20:18:59,722: [3709] m.e.detectors:WARNING: Potentially reading uninitialized storage
2019-07-31 20:19:25,182: [3709] m.e.detectors:WARNING: Potentially reading uninitialized storage
2019-07-31 20:20:44,601: [3705] m.c.worker:ERROR: Exception in state 3: SolverError('',)
Traceback (most recent call last):
  File "/usr/local/lib/python3.6/dist-packages/manticore/core/worker.py", line 121, in run
    current_state.execute()
  File "/usr/local/lib/python3.6/dist-packages/manticore/ethereum/state.py", line 6, in execute
    return self._platform.execute()
  File "/usr/local/lib/python3.6/dist-packages/manticore/platforms/evm.py", line 2684, in execute
    self.current_vm.execute()
  File "/usr/local/lib/python3.6/dist-packages/manticore/platforms/evm.py", line 1210, in execute
    last_pc, last_gas, instruction, arguments, fee, allocated = self._checkpoint()
  File "/usr/local/lib/python3.6/dist-packages/manticore/platforms/evm.py", line 1109, in _checkpoint
    self._consume(fee)
  File "/usr/local/lib/python3.6/dist-packages/manticore/platforms/evm.py", line 981, in _consume
    policy="ALL",
manticore.core.state.Concretize

During handling of the above exception, another exception occurred:

Traceback (most recent call last):
  File "/usr/local/lib/python3.6/dist-packages/manticore/core/worker.py", line 142, in run
    m._fork(current_state, exc.expression, exc.policy, exc.setstate)
  File "/usr/local/lib/python3.6/dist-packages/manticore/core/manticore.py", line 332, in _fork
    solutions = state.concretize(expression, policy)
  File "/usr/local/lib/python3.6/dist-packages/manticore/core/state.py", line 271, in concretize
    self._constraints, symbolic, maxcnt=maxcount, silent=True
  File "/usr/local/lib/python3.6/dist-packages/manticore/core/smtlib/solver.py", line 436, in get_all_values
    while self._is_sat():
  File "/usr/local/lib/python3.6/dist-packages/manticore/core/smtlib/solver.py", line 328, in _is_sat
    raise SolverError(status)
manticore.exceptions.SolverError
 
2019-07-31 20:21:55,306: [3697] m.e.detectors:WARNING: Potentially reading uninitialized memory at instruction (address: 801287331921741531910105032694242067773964760819, offset 128)
2019-07-31 20:21:57,591: [3697] m.e.detectors:WARNING: Potentially reading uninitialized memory at instruction (address: 801287331921741531910105032694242067773964760819, offset 129)
2019-07-31 20:22:00,015: [3697] m.e.detectors:WARNING: Potentially reading uninitialized memory at instruction (address: 801287331921741531910105032694242067773964760819, offset 130)
2019-07-31 20:22:02,904: [3697] m.e.detectors:WARNING: Potentially reading uninitialized memory at instruction (address: 801287331921741531910105032694242067773964760819, offset 131)
2019-07-31 20:22:05,315: [3697] m.e.detectors:WARNING: Potentially reading uninitialized memory at instruction (address: 801287331921741531910105032694242067773964760819, offset 132)
2019-07-31 20:22:07,120: [3697] m.e.detectors:WARNING: Potentially reading uninitialized memory at instruction (address: 801287331921741531910105032694242067773964760819, offset 133)
2019-07-31 20:22:09,619: [3697] m.e.detectors:WARNING: Potentially reading uninitialized memory at instruction (address: 801287331921741531910105032694242067773964760819, offset 134)
2019-07-31 20:22:11,419: [3697] m.e.detectors:WARNING: Potentially reading uninitialized memory at instruction (address: 801287331921741531910105032694242067773964760819, offset 135)
2019-07-31 20:22:13,906: [3697] m.e.detectors:WARNING: Potentially reading uninitialized memory at instruction (address: 801287331921741531910105032694242067773964760819, offset 136)
2019-07-31 20:22:20,395: [3697] m.e.detectors:WARNING: Potentially reading uninitialized memory at instruction (address: 801287331921741531910105032694242067773964760819, offset 137)
2019-07-31 20:22:23,320: [3697] m.e.detectors:WARNING: Potentially reading uninitialized memory at instruction (address: 801287331921741531910105032694242067773964760819, offset 138)
2019-07-31 20:22:25,510: [3697] m.e.detectors:WARNING: Potentially reading uninitialized memory at instruction (address: 801287331921741531910105032694242067773964760819, offset 139)
2019-07-31 20:22:28,018: [3697] m.e.detectors:WARNING: Potentially reading uninitialized memory at instruction (address: 801287331921741531910105032694242067773964760819, offset 140)
2019-07-31 20:22:29,823: [3697] m.e.detectors:WARNING: Potentially reading uninitialized memory at instruction (address: 801287331921741531910105032694242067773964760819, offset 141)
2019-07-31 20:22:31,727: [3697] m.e.detectors:WARNING: Potentially reading uninitialized memory at instruction (address: 801287331921741531910105032694242067773964760819, offset 142)
2019-07-31 20:22:33,526: [3697] m.e.detectors:WARNING: Potentially reading uninitialized memory at instruction (address: 801287331921741531910105032694242067773964760819, offset 143)
2019-07-31 20:22:34,523: [3701] m.e.detectors:WARNING: Potentially reading uninitialized storage
2019-07-31 20:22:35,730: [3697] m.e.detectors:WARNING: Potentially reading uninitialized memory at instruction (address: 801287331921741531910105032694242067773964760819, offset 144)
2019-07-31 20:22:37,707: [3709] m.e.detectors:WARNING: Potentially reading uninitialized memory at instruction (address: 801287331921741531910105032694242067773964760819, offset 128)
2019-07-31 20:22:38,326: [3697] m.e.detectors:WARNING: Potentially reading uninitialized memory at instruction (address: 801287331921741531910105032694242067773964760819, offset 145)
2019-07-31 20:22:39,527: [3709] m.e.detectors:WARNING: Potentially reading uninitialized memory at instruction (address: 801287331921741531910105032694242067773964760819, offset 129)
2019-07-31 20:22:40,319: [3697] m.e.detectors:WARNING: Potentially reading uninitialized memory at instruction (address: 801287331921741531910105032694242067773964760819, offset 146)
2019-07-31 20:22:41,627: [3709] m.e.detectors:WARNING: Potentially reading uninitialized memory at instruction (address: 801287331921741531910105032694242067773964760819, offset 130)
2019-07-31 20:22:42,590: [3697] m.e.detectors:WARNING: Potentially reading uninitialized memory at instruction (address: 801287331921741531910105032694242067773964760819, offset 147)
2019-07-31 20:22:44,094: [3709] m.e.detectors:WARNING: Potentially reading uninitialized memory at instruction (address: 801287331921741531910105032694242067773964760819, offset 131)
2019-07-31 20:22:46,119: [3709] m.e.detectors:WARNING: Potentially reading uninitialized memory at instruction (address: 801287331921741531910105032694242067773964760819, offset 132)
2019-07-31 20:22:48,687: [3709] m.e.detectors:WARNING: Potentially reading uninitialized memory at instruction (address: 801287331921741531910105032694242067773964760819, offset 133)
2019-07-31 20:22:48,919: [3697] m.e.detectors:WARNING: Potentially reading uninitialized memory at instruction (address: 801287331921741531910105032694242067773964760819, offset 148)
2019-07-31 20:22:51,290: [3709] m.e.detectors:WARNING: Potentially reading uninitialized memory at instruction (address: 801287331921741531910105032694242067773964760819, offset 134)
2019-07-31 20:22:51,519: [3697] m.e.detectors:WARNING: Potentially reading uninitialized memory at instruction (address: 801287331921741531910105032694242067773964760819, offset 149)
2019-07-31 20:22:53,418: [3709] m.e.detectors:WARNING: Potentially reading uninitialized memory at instruction (address: 801287331921741531910105032694242067773964760819, offset 135)
2019-07-31 20:22:54,379: [3697] m.e.detectors:WARNING: Potentially reading uninitialized memory at instruction (address: 801287331921741531910105032694242067773964760819, offset 150)
2019-07-31 20:22:56,599: [3709] m.e.detectors:WARNING: Potentially reading uninitialized memory at instruction (address: 801287331921741531910105032694242067773964760819, offset 136)
2019-07-31 20:22:57,607: [3697] m.e.detectors:WARNING: Potentially reading uninitialized memory at instruction (address: 801287331921741531910105032694242067773964760819, offset 151)
2019-07-31 20:22:59,099: [3709] m.e.detectors:WARNING: Potentially reading uninitialized memory at instruction (address: 801287331921741531910105032694242067773964760819, offset 137)
2019-07-31 20:23:00,322: [3697] m.e.detectors:WARNING: Potentially reading uninitialized memory at instruction (address: 801287331921741531910105032694242067773964760819, offset 152)
2019-07-31 20:23:02,411: [3697] m.e.detectors:WARNING: Potentially reading uninitialized memory at instruction (address: 801287331921741531910105032694242067773964760819, offset 153)
2019-07-31 20:23:05,123: [3697] m.e.detectors:WARNING: Potentially reading uninitialized memory at instruction (address: 801287331921741531910105032694242067773964760819, offset 154)
2019-07-31 20:23:05,223: [3709] m.e.detectors:WARNING: Potentially reading uninitialized memory at instruction (address: 801287331921741531910105032694242067773964760819, offset 138)
2019-07-31 20:23:07,494: [3697] m.e.detectors:WARNING: Potentially reading uninitialized memory at instruction (address: 801287331921741531910105032694242067773964760819, offset 155)
2019-07-31 20:23:07,506: [3709] m.e.detectors:WARNING: Potentially reading uninitialized memory at instruction (address: 801287331921741531910105032694242067773964760819, offset 139)
2019-07-31 20:23:09,807: [3697] m.e.detectors:WARNING: Potentially reading uninitialized memory at instruction (address: 801287331921741531910105032694242067773964760819, offset 156)
2019-07-31 20:23:10,111: [3709] m.e.detectors:WARNING: Potentially reading uninitialized memory at instruction (address: 801287331921741531910105032694242067773964760819, offset 140)
2019-07-31 20:23:12,394: [3697] m.e.detectors:WARNING: Potentially reading uninitialized memory at instruction (address: 801287331921741531910105032694242067773964760819, offset 157)
2019-07-31 20:23:12,919: [3709] m.e.detectors:WARNING: Potentially reading uninitialized memory at instruction (address: 801287331921741531910105032694242067773964760819, offset 141)
2019-07-31 20:23:15,529: [3709] m.e.detectors:WARNING: Potentially reading uninitialized memory at instruction (address: 801287331921741531910105032694242067773964760819, offset 142)
2019-07-31 20:23:15,530: [3697] m.e.detectors:WARNING: Potentially reading uninitialized memory at instruction (address: 801287331921741531910105032694242067773964760819, offset 158)
2019-07-31 20:23:17,603: [3697] m.e.detectors:WARNING: Potentially reading uninitialized memory at instruction (address: 801287331921741531910105032694242067773964760819, offset 159)
2019-07-31 20:23:18,033: [3709] m.e.detectors:WARNING: Potentially reading uninitialized memory at instruction (address: 801287331921741531910105032694242067773964760819, offset 143)
2019-07-31 20:23:20,011: [3709] m.e.detectors:WARNING: Potentially reading uninitialized memory at instruction (address: 801287331921741531910105032694242067773964760819, offset 144)
2019-07-31 20:23:22,323: [3709] m.e.detectors:WARNING: Potentially reading uninitialized memory at instruction (address: 801287331921741531910105032694242067773964760819, offset 145)
2019-07-31 20:23:24,723: [3709] m.e.detectors:WARNING: Potentially reading uninitialized memory at instruction (address: 801287331921741531910105032694242067773964760819, offset 146)
2019-07-31 20:23:25,718: [3697] m.e.detectors:WARNING: Potentially reading uninitialized memory at instruction (address: 801287331921741531910105032694242067773964760819, offset 128)
2019-07-31 20:23:27,215: [3709] m.e.detectors:WARNING: Potentially reading uninitialized memory at instruction (address: 801287331921741531910105032694242067773964760819, offset 147)
2019-07-31 20:23:34,921: [3697] m.e.detectors:WARNING: Potentially reading uninitialized memory at instruction (address: 801287331921741531910105032694242067773964760819, offset 129)
2019-07-31 20:23:35,723: [3709] m.e.detectors:WARNING: Potentially reading uninitialized memory at instruction (address: 801287331921741531910105032694242067773964760819, offset 148)
2019-07-31 20:23:37,511: [3709] m.e.detectors:WARNING: Potentially reading uninitialized memory at instruction (address: 801287331921741531910105032694242067773964760819, offset 149)
2019-07-31 20:23:38,383: [3697] m.e.detectors:WARNING: Potentially reading uninitialized memory at instruction (address: 801287331921741531910105032694242067773964760819, offset 130)
2019-07-31 20:23:41,323: [3697] m.e.detectors:WARNING: Potentially reading uninitialized memory at instruction (address: 801287331921741531910105032694242067773964760819, offset 131)
2019-07-31 20:23:41,623: [3701] m.e.detectors:WARNING: Potentially reading uninitialized storage
2019-07-31 20:23:43,679: [3697] m.e.detectors:WARNING: Potentially reading uninitialized memory at instruction (address: 801287331921741531910105032694242067773964760819, offset 132)
2019-07-31 20:23:43,803: [3709] m.e.detectors:WARNING: Potentially reading uninitialized memory at instruction (address: 801287331921741531910105032694242067773964760819, offset 150)
2019-07-31 20:23:46,814: [3709] m.e.detectors:WARNING: Potentially reading uninitialized memory at instruction (address: 801287331921741531910105032694242067773964760819, offset 151)
2019-07-31 20:23:46,825: [3697] m.e.detectors:WARNING: Potentially reading uninitialized memory at instruction (address: 801287331921741531910105032694242067773964760819, offset 133)
2019-07-31 20:23:48,527: [3701] m.e.detectors:WARNING: Unsigned integer overflow at MUL instruction
2019-07-31 20:23:49,227: [3709] m.e.detectors:WARNING: Potentially reading uninitialized memory at instruction (address: 801287331921741531910105032694242067773964760819, offset 152)
2019-07-31 20:23:49,315: [3697] m.e.detectors:WARNING: Potentially reading uninitialized memory at instruction (address: 801287331921741531910105032694242067773964760819, offset 134)
2019-07-31 20:23:51,311: [3709] m.e.detectors:WARNING: Potentially reading uninitialized memory at instruction (address: 801287331921741531910105032694242067773964760819, offset 153)
2019-07-31 20:23:51,387: [3697] m.e.detectors:WARNING: Potentially reading uninitialized memory at instruction (address: 801287331921741531910105032694242067773964760819, offset 135)
2019-07-31 20:23:53,127: [3709] m.e.detectors:WARNING: Potentially reading uninitialized memory at instruction (address: 801287331921741531910105032694242067773964760819, offset 154)
2019-07-31 20:23:53,629: [3697] m.e.detectors:WARNING: Potentially reading uninitialized memory at instruction (address: 801287331921741531910105032694242067773964760819, offset 136)
2019-07-31 20:23:57,725: [3709] m.e.detectors:WARNING: Potentially reading uninitialized memory at instruction (address: 801287331921741531910105032694242067773964760819, offset 155)
2019-07-31 20:23:57,725: [3697] m.e.detectors:WARNING: Potentially reading uninitialized memory at instruction (address: 801287331921741531910105032694242067773964760819, offset 137)
2019-07-31 20:24:02,518: [3697] m.e.detectors:WARNING: Potentially reading uninitialized memory at instruction (address: 801287331921741531910105032694242067773964760819, offset 138)
2019-07-31 20:24:05,019: [3697] m.e.detectors:WARNING: Potentially reading uninitialized memory at instruction (address: 801287331921741531910105032694242067773964760819, offset 139)
2019-07-31 20:24:05,031: [3709] m.e.detectors:WARNING: Potentially reading uninitialized memory at instruction (address: 801287331921741531910105032694242067773964760819, offset 156)
2019-07-31 20:24:07,319: [3697] m.e.detectors:WARNING: Potentially reading uninitialized memory at instruction (address: 801287331921741531910105032694242067773964760819, offset 140)
2019-07-31 20:24:07,898: [3709] m.e.detectors:WARNING: Potentially reading uninitialized memory at instruction (address: 801287331921741531910105032694242067773964760819, offset 157)
2019-07-31 20:24:09,802: [3697] m.e.detectors:WARNING: Potentially reading uninitialized memory at instruction (address: 801287331921741531910105032694242067773964760819, offset 141)
2019-07-31 20:24:09,919: [3709] m.e.detectors:WARNING: Potentially reading uninitialized memory at instruction (address: 801287331921741531910105032694242067773964760819, offset 158)
2019-07-31 20:24:11,899: [3697] m.e.detectors:WARNING: Potentially reading uninitialized memory at instruction (address: 801287331921741531910105032694242067773964760819, offset 142)
2019-07-31 20:24:12,027: [3709] m.e.detectors:WARNING: Potentially reading uninitialized memory at instruction (address: 801287331921741531910105032694242067773964760819, offset 159)
2019-07-31 20:24:14,111: [3697] m.e.detectors:WARNING: Potentially reading uninitialized memory at instruction (address: 801287331921741531910105032694242067773964760819, offset 143)
2019-07-31 20:24:17,007: [3697] m.e.detectors:WARNING: Potentially reading uninitialized memory at instruction (address: 801287331921741531910105032694242067773964760819, offset 144)
2019-07-31 20:24:19,407: [3697] m.e.detectors:WARNING: Potentially reading uninitialized memory at instruction (address: 801287331921741531910105032694242067773964760819, offset 145)
2019-07-31 20:24:20,103: [3709] m.e.detectors:WARNING: Potentially reading uninitialized memory at instruction (address: 801287331921741531910105032694242067773964760819, offset 128)
2019-07-31 20:24:22,029: [3697] m.e.detectors:WARNING: Potentially reading uninitialized memory at instruction (address: 801287331921741531910105032694242067773964760819, offset 146)
2019-07-31 20:24:25,421: [3709] m.e.detectors:WARNING: Potentially reading uninitialized memory at instruction (address: 801287331921741531910105032694242067773964760819, offset 129)
2019-07-31 20:24:31,128: [3697] m.e.detectors:WARNING: Potentially reading uninitialized memory at instruction (address: 801287331921741531910105032694242067773964760819, offset 147)
2019-07-31 20:24:33,227: [3709] m.e.detectors:WARNING: Potentially reading uninitialized memory at instruction (address: 801287331921741531910105032694242067773964760819, offset 130)
2019-07-31 20:24:33,706: [3697] m.e.detectors:WARNING: Potentially reading uninitialized memory at instruction (address: 801287331921741531910105032694242067773964760819, offset 148)
2019-07-31 20:24:35,502: [3709] m.e.detectors:WARNING: Potentially reading uninitialized memory at instruction (address: 801287331921741531910105032694242067773964760819, offset 131)
2019-07-31 20:24:36,215: [3697] m.e.detectors:WARNING: Potentially reading uninitialized memory at instruction (address: 801287331921741531910105032694242067773964760819, offset 149)
2019-07-31 20:24:38,524: [3709] m.e.detectors:WARNING: Potentially reading uninitialized memory at instruction (address: 801287331921741531910105032694242067773964760819, offset 132)
2019-07-31 20:24:39,082: [3697] m.e.detectors:WARNING: Potentially reading uninitialized memory at instruction (address: 801287331921741531910105032694242067773964760819, offset 150)
2019-07-31 20:24:42,998: [3697] m.e.detectors:WARNING: Potentially reading uninitialized memory at instruction (address: 801287331921741531910105032694242067773964760819, offset 151)
2019-07-31 20:24:46,121: [3697] m.e.detectors:WARNING: Potentially reading uninitialized memory at instruction (address: 801287331921741531910105032694242067773964760819, offset 152)
2019-07-31 20:24:46,226: [3709] m.e.detectors:WARNING: Potentially reading uninitialized memory at instruction (address: 801287331921741531910105032694242067773964760819, offset 133)
2019-07-31 20:24:48,586: [3709] m.e.detectors:WARNING: Potentially reading uninitialized memory at instruction (address: 801287331921741531910105032694242067773964760819, offset 134)
2019-07-31 20:24:48,829: [3697] m.e.detectors:WARNING: Potentially reading uninitialized memory at instruction (address: 801287331921741531910105032694242067773964760819, offset 153)
2019-07-31 20:24:50,902: [3709] m.e.detectors:WARNING: Potentially reading uninitialized memory at instruction (address: 801287331921741531910105032694242067773964760819, offset 135)
2019-07-31 20:24:51,615: [3697] m.e.detectors:WARNING: Potentially reading uninitialized memory at instruction (address: 801287331921741531910105032694242067773964760819, offset 154)
2019-07-31 20:24:54,215: [3709] m.e.detectors:WARNING: Potentially reading uninitialized memory at instruction (address: 801287331921741531910105032694242067773964760819, offset 136)
2019-07-31 20:24:54,819: [3697] m.e.detectors:WARNING: Potentially reading uninitialized memory at instruction (address: 801287331921741531910105032694242067773964760819, offset 155)
2019-07-31 20:24:57,291: [3709] m.e.detectors:WARNING: Potentially reading uninitialized memory at instruction (address: 801287331921741531910105032694242067773964760819, offset 137)
2019-07-31 20:24:57,717: [3697] m.e.detectors:WARNING: Potentially reading uninitialized memory at instruction (address: 801287331921741531910105032694242067773964760819, offset 156)
2019-07-31 20:24:59,706: [3709] m.e.detectors:WARNING: Potentially reading uninitialized memory at instruction (address: 801287331921741531910105032694242067773964760819, offset 138)
2019-07-31 20:25:00,823: [3697] m.e.detectors:WARNING: Potentially reading uninitialized memory at instruction (address: 801287331921741531910105032694242067773964760819, offset 157)
2019-07-31 20:25:02,519: [3709] m.e.detectors:WARNING: Potentially reading uninitialized memory at instruction (address: 801287331921741531910105032694242067773964760819, offset 139)
2019-07-31 20:25:03,787: [3697] m.e.detectors:WARNING: Potentially reading uninitialized memory at instruction (address: 801287331921741531910105032694242067773964760819, offset 158)
2019-07-31 20:25:05,433: [3709] m.e.detectors:WARNING: Potentially reading uninitialized memory at instruction (address: 801287331921741531910105032694242067773964760819, offset 140)
2019-07-31 20:25:07,103: [3697] m.e.detectors:WARNING: Potentially reading uninitialized memory at instruction (address: 801287331921741531910105032694242067773964760819, offset 159)
2019-07-31 20:25:08,117: [3709] m.e.detectors:WARNING: Potentially reading uninitialized memory at instruction (address: 801287331921741531910105032694242067773964760819, offset 141)
2019-07-31 20:25:10,690: [3709] m.e.detectors:WARNING: Potentially reading uninitialized memory at instruction (address: 801287331921741531910105032694242067773964760819, offset 142)
2019-07-31 20:25:14,498: [3709] m.e.detectors:WARNING: Potentially reading uninitialized memory at instruction (address: 801287331921741531910105032694242067773964760819, offset 143)
2019-07-31 20:25:30,339: [3697] m.c.worker:ERROR: Exception in state 1: SolverError('',)
Traceback (most recent call last):
  File "/usr/local/lib/python3.6/dist-packages/manticore/core/worker.py", line 121, in run
    current_state.execute()
  File "/usr/local/lib/python3.6/dist-packages/manticore/ethereum/state.py", line 6, in execute
    return self._platform.execute()
  File "/usr/local/lib/python3.6/dist-packages/manticore/platforms/evm.py", line 2684, in execute
    self.current_vm.execute()
  File "/usr/local/lib/python3.6/dist-packages/manticore/platforms/evm.py", line 1201, in execute
    "Concretize PC", expression=expression, setstate=setstate, policy="ALL"
manticore.core.state.Concretize

During handling of the above exception, another exception occurred:

Traceback (most recent call last):
  File "/usr/local/lib/python3.6/dist-packages/manticore/core/worker.py", line 142, in run
    m._fork(current_state, exc.expression, exc.policy, exc.setstate)
  File "/usr/local/lib/python3.6/dist-packages/manticore/core/manticore.py", line 332, in _fork
    solutions = state.concretize(expression, policy)
  File "/usr/local/lib/python3.6/dist-packages/manticore/core/state.py", line 271, in concretize
    self._constraints, symbolic, maxcnt=maxcount, silent=True
  File "/usr/local/lib/python3.6/dist-packages/manticore/core/smtlib/solver.py", line 436, in get_all_values
    while self._is_sat():
  File "/usr/local/lib/python3.6/dist-packages/manticore/core/smtlib/solver.py", line 328, in _is_sat
    raise SolverError(status)
manticore.exceptions.SolverError
 
2019-07-31 20:27:28,843: [3710] m.e.detectors:WARNING: Potentially reading uninitialized storage
2019-07-31 20:29:09,719: [3706] m.e.detectors:WARNING: Unsigned integer overflow at MUL instruction
2019-07-31 20:30:40,009: [3710] m.e.detectors:WARNING: Potentially reading uninitialized storage
2019-07-31 20:30:42,821: [3710] m.e.detectors:WARNING: Unsigned integer overflow at MUL instruction
2019-07-31 20:32:20,968: [3714] m.e.detectors:WARNING: Unsigned integer overflow at MUL instruction