2019-08-02 21:19:45,708: [12] m.main:INFO: Registered plugins: DetectDelegatecall, DetectReentrancySimple, DetectInvalid, DetectUnusedRetVal, DetectEnvInstruction, DetectUninitializedStorage, DetectIntegerOverflow, DetectReentrancyAdvanced, DetectSuicidal, DetectExternalCallAndLeak, DetectUninitializedMemory
2019-08-02 21:19:45,708: [12] m.main:INFO: Beginning analysis
2019-08-02 21:19:45,719: [12] m.e.manticore:INFO: Starting symbolic create contract
2019-08-02 21:19:45,871: [56] m.c.manticore:INFO: Generated testcase No. 0 - NO STATE RESULT (?)(0 txs)
2019-08-02 21:19:46,060: [12] m.c.manticore:INFO: Results in /mcore__l799fen
2019-08-02 21:19:46,698: [315] m.main:INFO: Registered plugins: DetectReentrancyAdvanced, DetectReentrancySimple, DetectInvalid, DetectUnusedRetVal, DetectUninitializedStorage, DetectSuicidal, DetectExternalCallAndLeak, DetectEnvInstruction, DetectUninitializedMemory, DetectDelegatecall, DetectIntegerOverflow
2019-08-02 21:19:46,698: [315] m.main:INFO: Beginning analysis
2019-08-02 21:19:46,710: [315] m.e.manticore:INFO: Starting symbolic create contract
2019-08-02 21:19:46,869: [359] m.c.manticore:INFO: Generated testcase No. 0 - NO STATE RESULT (?)(0 txs)
2019-08-02 21:19:47,067: [315] m.c.manticore:INFO: Results in /mcore_oxuw8oo8
2019-08-02 21:19:47,721: [618] m.main:INFO: Registered plugins: DetectUnusedRetVal, DetectUninitializedStorage, DetectIntegerOverflow, DetectSuicidal, DetectEnvInstruction, DetectUninitializedMemory, DetectReentrancyAdvanced, DetectExternalCallAndLeak, DetectDelegatecall, DetectReentrancySimple, DetectInvalid
2019-08-02 21:19:47,722: [618] m.main:INFO: Beginning analysis
2019-08-02 21:19:47,737: [618] m.e.manticore:INFO: Starting symbolic create contract
2019-08-02 21:20:47,691: [671] m.e.detectors:WARNING: Unsigned integer overflow at MUL instruction
2019-08-02 21:21:07,226: [668] m.e.detectors:WARNING: Unsigned integer overflow at MUL instruction
2019-08-02 21:21:08,827: [683] m.e.detectors:WARNING: Unsigned integer overflow at MUL instruction
2019-08-02 21:21:09,274: [677] m.e.detectors:WARNING: Unsigned integer overflow at MUL instruction
2019-08-02 21:21:11,103: [671] m.e.detectors:WARNING: Unsigned integer overflow at MUL instruction
2019-08-02 21:21:15,820: [675] m.e.detectors:WARNING: Unsigned integer overflow at MUL instruction
2019-08-02 21:21:24,118: [676] m.e.detectors:WARNING: Unsigned integer overflow at MUL instruction
2019-08-02 21:21:33,790: [677] m.e.detectors:WARNING: Unsigned integer overflow at MUL instruction
2019-08-02 21:21:37,206: [668] m.e.detectors:WARNING: Unsigned integer overflow at MUL instruction
2019-08-02 21:21:37,329: [683] m.e.detectors:WARNING: Unsigned integer overflow at MUL instruction
2019-08-02 21:21:45,491: [675] m.e.detectors:WARNING: Unsigned integer overflow at MUL instruction
2019-08-02 21:21:50,087: [676] m.e.detectors:WARNING: Unsigned integer overflow at MUL instruction
2019-08-02 21:21:56,312: [618] m.e.manticore:INFO: Starting symbolic transaction: 0
2019-08-02 21:24:52,995: [2723] m.e.detectors:WARNING: Unsigned integer overflow at MUL instruction
2019-08-02 21:25:23,437: [2723] m.e.detectors:WARNING: Unsigned integer overflow at MUL instruction
2019-08-02 21:25:34,387: [2718] m.e.detectors:WARNING: Unsigned integer overflow at MUL instruction
2019-08-02 21:26:45,820: [2741] m.e.detectors:WARNING: Unsigned integer overflow at MUL instruction
2019-08-02 21:27:06,751: [2776] m.e.detectors:WARNING: Unsigned integer overflow at MUL instruction
2019-08-02 21:27:22,645: [2718] m.e.detectors:WARNING: Unsigned integer overflow at MUL instruction
2019-08-02 21:27:32,111: [2733] m.e.detectors:WARNING: Unsigned integer overflow at MUL instruction
2019-08-02 21:28:01,723: [2756] m.e.detectors:WARNING: Unsigned integer overflow at MUL instruction
2019-08-02 21:28:09,950: [2733] m.e.detectors:WARNING: Potentially reading uninitialized storage
2019-08-02 21:28:15,226: [2733] m.e.detectors:WARNING: Unsigned integer overflow at MUL instruction
2019-08-02 21:29:01,338: [2776] m.e.detectors:WARNING: Potentially reading uninitialized storage
2019-08-02 21:29:06,678: [2776] m.e.detectors:WARNING: Unsigned integer overflow at MUL instruction
2019-08-02 21:29:08,182: [2718] m.e.detectors:WARNING: Unsigned integer overflow at MUL instruction
2019-08-02 21:29:54,722: [2776] m.e.detectors:WARNING: Unsigned integer overflow at MUL instruction
2019-08-02 21:30:03,726: [2772] m.e.detectors:WARNING: Potentially reading uninitialized storage
2019-08-02 21:30:09,194: [2772] m.e.detectors:WARNING: Unsigned integer overflow at MUL instruction
2019-08-02 21:30:19,047: [2756] m.e.detectors:WARNING: Unsigned integer overflow at MUL instruction
2019-08-02 21:30:56,919: [2765] m.e.detectors:WARNING: Potentially reading uninitialized storage
2019-08-02 21:31:02,226: [2765] m.e.detectors:WARNING: Unsigned integer overflow at MUL instruction
2019-08-02 21:31:03,478: [2733] m.e.detectors:WARNING: Potentially reading uninitialized storage
2019-08-02 21:31:05,490: [2718] m.e.detectors:WARNING: Potentially reading uninitialized storage
2019-08-02 21:31:16,821: [2772] m.e.detectors:WARNING: Potentially reading uninitialized storage
2019-08-02 21:31:23,610: [2741] m.e.detectors:WARNING: Potentially reading uninitialized storage
2019-08-02 21:31:49,747: [2756] m.e.detectors:WARNING: Potentially reading uninitialized storage
2019-08-02 21:31:53,243: [2723] m.e.detectors:WARNING: Potentially reading uninitialized storage
2019-08-02 21:32:05,542: [2718] m.e.detectors:WARNING: Unsigned integer overflow at MUL instruction
2019-08-02 21:32:06,210: [2723] m.e.detectors:WARNING: Unsigned integer overflow at MUL instruction
2019-08-02 21:32:21,695: [2780] m.e.detectors:WARNING: Potentially reading uninitialized storage
2019-08-02 21:32:27,630: [2780] m.e.detectors:WARNING: Unsigned integer overflow at MUL instruction
2019-08-02 21:34:50,046: [2756] m.e.detectors:WARNING: Potentially reading uninitialized storage
2019-08-02 21:34:51,279: [2733] m.e.detectors:WARNING: Unsigned integer overflow at MUL instruction
2019-08-02 21:37:12,995: [2756] m.e.detectors:WARNING: Potentially reading uninitialized storage
2019-08-02 21:38:10,240: [2756] m.e.detectors:WARNING: Potentially reading uninitialized storage
2019-08-02 21:38:53,930: [2780] m.e.detectors:WARNING: Potentially reading uninitialized storage
2019-08-02 21:38:59,047: [2772] m.c.worker:ERROR: Exception in state 7: SolverError('',)
Traceback (most recent call last):
  File "/usr/local/lib/python3.6/dist-packages/manticore/core/worker.py", line 121, in run
    current_state.execute()
  File "/usr/local/lib/python3.6/dist-packages/manticore/ethereum/state.py", line 6, in execute
    return self._platform.execute()
  File "/usr/local/lib/python3.6/dist-packages/manticore/platforms/evm.py", line 2684, in execute
    self.current_vm.execute()
  File "/usr/local/lib/python3.6/dist-packages/manticore/platforms/evm.py", line 1210, in execute
    last_pc, last_gas, instruction, arguments, fee, allocated = self._checkpoint()
  File "/usr/local/lib/python3.6/dist-packages/manticore/platforms/evm.py", line 1109, in _checkpoint
    self._consume(fee)
  File "/usr/local/lib/python3.6/dist-packages/manticore/platforms/evm.py", line 981, in _consume
    policy="ALL",
manticore.core.state.Concretize

During handling of the above exception, another exception occurred:

Traceback (most recent call last):
  File "/usr/local/lib/python3.6/dist-packages/manticore/core/worker.py", line 142, in run
    m._fork(current_state, exc.expression, exc.policy, exc.setstate)
  File "/usr/local/lib/python3.6/dist-packages/manticore/core/manticore.py", line 332, in _fork
    solutions = state.concretize(expression, policy)
  File "/usr/local/lib/python3.6/dist-packages/manticore/core/state.py", line 271, in concretize
    self._constraints, symbolic, maxcnt=maxcount, silent=True
  File "/usr/local/lib/python3.6/dist-packages/manticore/core/smtlib/solver.py", line 436, in get_all_values
    while self._is_sat():
  File "/usr/local/lib/python3.6/dist-packages/manticore/core/smtlib/solver.py", line 328, in _is_sat
    raise SolverError(status)
manticore.exceptions.SolverError
 
2019-08-02 21:39:09,175: [2765] m.c.worker:ERROR: Exception in state 6: SolverError('',)
Traceback (most recent call last):
  File "/usr/local/lib/python3.6/dist-packages/manticore/core/worker.py", line 121, in run
    current_state.execute()
  File "/usr/local/lib/python3.6/dist-packages/manticore/ethereum/state.py", line 6, in execute
    return self._platform.execute()
  File "/usr/local/lib/python3.6/dist-packages/manticore/platforms/evm.py", line 2684, in execute
    self.current_vm.execute()
  File "/usr/local/lib/python3.6/dist-packages/manticore/platforms/evm.py", line 1210, in execute
    last_pc, last_gas, instruction, arguments, fee, allocated = self._checkpoint()
  File "/usr/local/lib/python3.6/dist-packages/manticore/platforms/evm.py", line 1109, in _checkpoint
    self._consume(fee)
  File "/usr/local/lib/python3.6/dist-packages/manticore/platforms/evm.py", line 981, in _consume
    policy="ALL",
manticore.core.state.Concretize

During handling of the above exception, another exception occurred:

Traceback (most recent call last):
  File "/usr/local/lib/python3.6/dist-packages/manticore/core/worker.py", line 142, in run
    m._fork(current_state, exc.expression, exc.policy, exc.setstate)
  File "/usr/local/lib/python3.6/dist-packages/manticore/core/manticore.py", line 332, in _fork
    solutions = state.concretize(expression, policy)
  File "/usr/local/lib/python3.6/dist-packages/manticore/core/state.py", line 271, in concretize
    self._constraints, symbolic, maxcnt=maxcount, silent=True
  File "/usr/local/lib/python3.6/dist-packages/manticore/core/smtlib/solver.py", line 436, in get_all_values
    while self._is_sat():
  File "/usr/local/lib/python3.6/dist-packages/manticore/core/smtlib/solver.py", line 328, in _is_sat
    raise SolverError(status)
manticore.exceptions.SolverError
 
2019-08-02 21:39:56,794: [2780] m.e.detectors:WARNING: Potentially reading uninitialized storage
2019-08-02 21:40:04,395: [2733] m.e.detectors:WARNING: Unsigned integer overflow at MUL instruction
2019-08-02 21:40:50,936: [2718] m.e.detectors:WARNING: Unsigned integer overflow at MUL instruction
2019-08-02 21:41:13,938: [2733] m.e.detectors:WARNING: Potentially reading uninitialized storage
2019-08-02 21:41:48,108: [2776] m.c.worker:ERROR: Exception in state 8: SolverError('',)
Traceback (most recent call last):
  File "/usr/local/lib/python3.6/dist-packages/manticore/core/worker.py", line 121, in run
    current_state.execute()
  File "/usr/local/lib/python3.6/dist-packages/manticore/ethereum/state.py", line 6, in execute
    return self._platform.execute()
  File "/usr/local/lib/python3.6/dist-packages/manticore/platforms/evm.py", line 2684, in execute
    self.current_vm.execute()
  File "/usr/local/lib/python3.6/dist-packages/manticore/platforms/evm.py", line 1210, in execute
    last_pc, last_gas, instruction, arguments, fee, allocated = self._checkpoint()
  File "/usr/local/lib/python3.6/dist-packages/manticore/platforms/evm.py", line 1109, in _checkpoint
    self._consume(fee)
  File "/usr/local/lib/python3.6/dist-packages/manticore/platforms/evm.py", line 972, in _consume
    self.constraints, constraint
  File "/usr/local/lib/python3.6/dist-packages/manticore/core/smtlib/solver.py", line 436, in get_all_values
    while self._is_sat():
  File "/usr/local/lib/python3.6/dist-packages/manticore/core/smtlib/solver.py", line 328, in _is_sat
    raise SolverError(status)
manticore.exceptions.SolverError
 
2019-08-02 21:42:08,698: [2733] m.e.detectors:WARNING: Potentially reading uninitialized storage
2019-08-02 21:43:04,183: [2756] m.c.worker:ERROR: Exception in state 5: AssertionError('',)
Traceback (most recent call last):
  File "/usr/local/lib/python3.6/dist-packages/manticore/platforms/evm.py", line 1213, in execute
    result = self._handler(*arguments)
  File "/usr/local/lib/python3.6/dist-packages/manticore/platforms/evm.py", line 1086, in _handler
    return implementation(*arguments)
  File "/usr/local/lib/python3.6/dist-packages/manticore/platforms/evm.py", line 1637, in CALLDATACOPY
    raise ConcretizeArgument(3, policy="SAMPLED")
manticore.platforms.evm.ConcretizeArgument: 3

During handling of the above exception, another exception occurred:

Traceback (most recent call last):
  File "/usr/local/lib/python3.6/dist-packages/manticore/core/worker.py", line 121, in run
    current_state.execute()
  File "/usr/local/lib/python3.6/dist-packages/manticore/ethereum/state.py", line 6, in execute
    return self._platform.execute()
  File "/usr/local/lib/python3.6/dist-packages/manticore/platforms/evm.py", line 2684, in execute
    self.current_vm.execute()
  File "/usr/local/lib/python3.6/dist-packages/manticore/platforms/evm.py", line 1279, in execute
    policy=ex.policy,
manticore.core.state.Concretize

During handling of the above exception, another exception occurred:

Traceback (most recent call last):
  File "/usr/local/lib/python3.6/dist-packages/manticore/core/worker.py", line 142, in run
    m._fork(current_state, exc.expression, exc.policy, exc.setstate)
  File "/usr/local/lib/python3.6/dist-packages/manticore/core/manticore.py", line 332, in _fork
    solutions = state.concretize(expression, policy)
  File "/usr/local/lib/python3.6/dist-packages/manticore/core/state.py", line 251, in concretize
    m, M = self._solver.minmax(self._constraints, symbolic)
  File "/usr/local/lib/python3.6/dist-packages/manticore/core/smtlib/solver.py", line 124, in minmax
    M = self.max(constraints, x, iters)
  File "/usr/local/lib/python3.6/dist-packages/manticore/core/smtlib/solver.py", line 107, in max
    return self.optimize(constraints, X, "maximize", M)
  File "/usr/local/lib/python3.6/dist-packages/manticore/core/smtlib/solver.py", line 509, in optimize
    last_value = self._getvalue(aux)
  File "/usr/local/lib/python3.6/dist-packages/manticore/core/smtlib/solver.py", line 367, in _getvalue
    assert ret.startswith("((") and ret.endswith("))"), ret
AssertionError
 
2019-08-02 21:43:21,086: [2723] m.e.detectors:WARNING: Potentially reading uninitialized storage
2019-08-02 21:43:49,076: [2741] m.c.worker:ERROR: Exception in state 3: SolverError('',)
Traceback (most recent call last):
  File "/usr/local/lib/python3.6/dist-packages/manticore/platforms/evm.py", line 1213, in execute
    result = self._handler(*arguments)
  File "/usr/local/lib/python3.6/dist-packages/manticore/platforms/evm.py", line 1086, in _handler
    return implementation(*arguments)
  File "/usr/local/lib/python3.6/dist-packages/manticore/platforms/evm.py", line 1637, in CALLDATACOPY
    raise ConcretizeArgument(3, policy="SAMPLED")
manticore.platforms.evm.ConcretizeArgument: 3

During handling of the above exception, another exception occurred:

Traceback (most recent call last):
  File "/usr/local/lib/python3.6/dist-packages/manticore/core/worker.py", line 121, in run
    current_state.execute()
  File "/usr/local/lib/python3.6/dist-packages/manticore/ethereum/state.py", line 6, in execute
    return self._platform.execute()
  File "/usr/local/lib/python3.6/dist-packages/manticore/platforms/evm.py", line 2684, in execute
    self.current_vm.execute()
  File "/usr/local/lib/python3.6/dist-packages/manticore/platforms/evm.py", line 1279, in execute
    policy=ex.policy,
manticore.core.state.Concretize

During handling of the above exception, another exception occurred:

Traceback (most recent call last):
  File "/usr/local/lib/python3.6/dist-packages/manticore/core/worker.py", line 142, in run
    m._fork(current_state, exc.expression, exc.policy, exc.setstate)
  File "/usr/local/lib/python3.6/dist-packages/manticore/core/manticore.py", line 332, in _fork
    solutions = state.concretize(expression, policy)
  File "/usr/local/lib/python3.6/dist-packages/manticore/core/state.py", line 251, in concretize
    m, M = self._solver.minmax(self._constraints, symbolic)
  File "/usr/local/lib/python3.6/dist-packages/manticore/core/smtlib/solver.py", line 124, in minmax
    M = self.max(constraints, x, iters)
  File "/usr/local/lib/python3.6/dist-packages/manticore/core/smtlib/solver.py", line 107, in max
    return self.optimize(constraints, X, "maximize", M)
  File "/usr/local/lib/python3.6/dist-packages/manticore/core/smtlib/solver.py", line 508, in optimize
    while self._is_sat():
  File "/usr/local/lib/python3.6/dist-packages/manticore/core/smtlib/solver.py", line 328, in _is_sat
    raise SolverError(status)
manticore.exceptions.SolverError
 
2019-08-02 21:44:02,482: [2723] m.e.detectors:WARNING: Potentially reading uninitialized storage
2019-08-02 21:44:05,910: [2749] m.e.detectors:WARNING: Unsigned integer overflow at MUL instruction
2019-08-02 21:45:28,507: [2780] m.e.detectors:WARNING: Potentially reading uninitialized storage
2019-08-02 21:46:04,029: [2780] m.e.detectors:WARNING: Potentially reading uninitialized storage
2019-08-02 21:46:16,946: [2749] m.e.detectors:WARNING: Unsigned integer overflow at MUL instruction
2019-08-02 21:46:37,255: [2733] m.c.worker:ERROR: Exception in state 2: SolverError('',)
Traceback (most recent call last):
  File "/usr/local/lib/python3.6/dist-packages/manticore/platforms/evm.py", line 1213, in execute
    result = self._handler(*arguments)
  File "/usr/local/lib/python3.6/dist-packages/manticore/platforms/evm.py", line 1086, in _handler
    return implementation(*arguments)
  File "/usr/local/lib/python3.6/dist-packages/manticore/platforms/evm.py", line 1637, in CALLDATACOPY
    raise ConcretizeArgument(3, policy="SAMPLED")
manticore.platforms.evm.ConcretizeArgument: 3

During handling of the above exception, another exception occurred:

Traceback (most recent call last):
  File "/usr/local/lib/python3.6/dist-packages/manticore/core/worker.py", line 121, in run
    current_state.execute()
  File "/usr/local/lib/python3.6/dist-packages/manticore/ethereum/state.py", line 6, in execute
    return self._platform.execute()
  File "/usr/local/lib/python3.6/dist-packages/manticore/platforms/evm.py", line 2684, in execute
    self.current_vm.execute()
  File "/usr/local/lib/python3.6/dist-packages/manticore/platforms/evm.py", line 1279, in execute
    policy=ex.policy,
manticore.core.state.Concretize

During handling of the above exception, another exception occurred:

Traceback (most recent call last):
  File "/usr/local/lib/python3.6/dist-packages/manticore/core/worker.py", line 142, in run
    m._fork(current_state, exc.expression, exc.policy, exc.setstate)
  File "/usr/local/lib/python3.6/dist-packages/manticore/core/manticore.py", line 332, in _fork
    solutions = state.concretize(expression, policy)
  File "/usr/local/lib/python3.6/dist-packages/manticore/core/state.py", line 251, in concretize
    m, M = self._solver.minmax(self._constraints, symbolic)
  File "/usr/local/lib/python3.6/dist-packages/manticore/core/smtlib/solver.py", line 124, in minmax
    M = self.max(constraints, x, iters)
  File "/usr/local/lib/python3.6/dist-packages/manticore/core/smtlib/solver.py", line 107, in max
    return self.optimize(constraints, X, "maximize", M)
  File "/usr/local/lib/python3.6/dist-packages/manticore/core/smtlib/solver.py", line 508, in optimize
    while self._is_sat():
  File "/usr/local/lib/python3.6/dist-packages/manticore/core/smtlib/solver.py", line 328, in _is_sat
    raise SolverError(status)
manticore.exceptions.SolverError
 
2019-08-02 21:48:00,058: [2718] m.c.worker:ERROR: Exception in state 0: SolverError('',)
Traceback (most recent call last):
  File "/usr/local/lib/python3.6/dist-packages/manticore/platforms/evm.py", line 1213, in execute
    result = self._handler(*arguments)
  File "/usr/local/lib/python3.6/dist-packages/manticore/platforms/evm.py", line 1086, in _handler
    return implementation(*arguments)
  File "/usr/local/lib/python3.6/dist-packages/manticore/platforms/evm.py", line 1637, in CALLDATACOPY
    raise ConcretizeArgument(3, policy="SAMPLED")
manticore.platforms.evm.ConcretizeArgument: 3

During handling of the above exception, another exception occurred:

Traceback (most recent call last):
  File "/usr/local/lib/python3.6/dist-packages/manticore/core/worker.py", line 121, in run
    current_state.execute()
  File "/usr/local/lib/python3.6/dist-packages/manticore/ethereum/state.py", line 6, in execute
    return self._platform.execute()
  File "/usr/local/lib/python3.6/dist-packages/manticore/platforms/evm.py", line 2684, in execute
    self.current_vm.execute()
  File "/usr/local/lib/python3.6/dist-packages/manticore/platforms/evm.py", line 1279, in execute
    policy=ex.policy,
manticore.core.state.Concretize

During handling of the above exception, another exception occurred:

Traceback (most recent call last):
  File "/usr/local/lib/python3.6/dist-packages/manticore/core/worker.py", line 142, in run
    m._fork(current_state, exc.expression, exc.policy, exc.setstate)
  File "/usr/local/lib/python3.6/dist-packages/manticore/core/manticore.py", line 332, in _fork
    solutions = state.concretize(expression, policy)
  File "/usr/local/lib/python3.6/dist-packages/manticore/core/state.py", line 251, in concretize
    m, M = self._solver.minmax(self._constraints, symbolic)
  File "/usr/local/lib/python3.6/dist-packages/manticore/core/smtlib/solver.py", line 124, in minmax
    M = self.max(constraints, x, iters)
  File "/usr/local/lib/python3.6/dist-packages/manticore/core/smtlib/solver.py", line 107, in max
    return self.optimize(constraints, X, "maximize", M)
  File "/usr/local/lib/python3.6/dist-packages/manticore/core/smtlib/solver.py", line 508, in optimize
    while self._is_sat():
  File "/usr/local/lib/python3.6/dist-packages/manticore/core/smtlib/solver.py", line 328, in _is_sat
    raise SolverError(status)
manticore.exceptions.SolverError
 
2019-08-02 21:48:39,950: [2723] m.c.worker:ERROR: Exception in state 1: SolverError('',)
Traceback (most recent call last):
  File "/usr/local/lib/python3.6/dist-packages/manticore/platforms/evm.py", line 1213, in execute
    result = self._handler(*arguments)
  File "/usr/local/lib/python3.6/dist-packages/manticore/platforms/evm.py", line 1086, in _handler
    return implementation(*arguments)
  File "/usr/local/lib/python3.6/dist-packages/manticore/platforms/evm.py", line 1637, in CALLDATACOPY
    raise ConcretizeArgument(3, policy="SAMPLED")
manticore.platforms.evm.ConcretizeArgument: 3

During handling of the above exception, another exception occurred:

Traceback (most recent call last):
  File "/usr/local/lib/python3.6/dist-packages/manticore/core/worker.py", line 121, in run
    current_state.execute()
  File "/usr/local/lib/python3.6/dist-packages/manticore/ethereum/state.py", line 6, in execute
    return self._platform.execute()
  File "/usr/local/lib/python3.6/dist-packages/manticore/platforms/evm.py", line 2684, in execute
    self.current_vm.execute()
  File "/usr/local/lib/python3.6/dist-packages/manticore/platforms/evm.py", line 1279, in execute
    policy=ex.policy,
manticore.core.state.Concretize

During handling of the above exception, another exception occurred:

Traceback (most recent call last):
  File "/usr/local/lib/python3.6/dist-packages/manticore/core/worker.py", line 142, in run
    m._fork(current_state, exc.expression, exc.policy, exc.setstate)
  File "/usr/local/lib/python3.6/dist-packages/manticore/core/manticore.py", line 332, in _fork
    solutions = state.concretize(expression, policy)
  File "/usr/local/lib/python3.6/dist-packages/manticore/core/state.py", line 251, in concretize
    m, M = self._solver.minmax(self._constraints, symbolic)
  File "/usr/local/lib/python3.6/dist-packages/manticore/core/smtlib/solver.py", line 124, in minmax
    M = self.max(constraints, x, iters)
  File "/usr/local/lib/python3.6/dist-packages/manticore/core/smtlib/solver.py", line 107, in max
    return self.optimize(constraints, X, "maximize", M)
  File "/usr/local/lib/python3.6/dist-packages/manticore/core/smtlib/solver.py", line 508, in optimize
    while self._is_sat():
  File "/usr/local/lib/python3.6/dist-packages/manticore/core/smtlib/solver.py", line 328, in _is_sat
    raise SolverError(status)
manticore.exceptions.SolverError
 
2019-08-02 21:49:10,863: [2780] m.e.detectors:WARNING: Potentially reading uninitialized storage
2019-08-02 21:49:27,456: [2780] m.e.detectors:WARNING: Potentially reading uninitialized storage