2019-08-06 05:47:42,105: [12] m.main:INFO: Registered plugins: DetectIntegerOverflow, DetectUninitializedMemory, DetectSuicidal, DetectEnvInstruction, DetectUnusedRetVal, DetectReentrancySimple, DetectInvalid, DetectExternalCallAndLeak, DetectReentrancyAdvanced, DetectDelegatecall, DetectUninitializedStorage
2019-08-06 05:47:42,106: [12] m.main:INFO: Beginning analysis
2019-08-06 05:47:42,160: [12] m.e.manticore:INFO: Starting symbolic create contract
2019-08-06 05:47:44,171: [12] m.e.manticore:INFO: Starting symbolic transaction: 0
2019-08-06 05:47:48,992: [12] m.e.manticore:INFO: 6 alive states, 8 terminated states
2019-08-06 05:47:50,098: [12] m.e.manticore:INFO: Starting symbolic transaction: 1
2019-08-06 05:48:18,899: [12] m.e.manticore:INFO: 36 alive states, 56 terminated states
2019-08-06 05:48:20,419: [8354] m.c.manticore:INFO: Generated testcase No. 0 - RETURN(3 txs)
2019-08-06 05:48:20,467: [8357] m.c.manticore:INFO: Generated testcase No. 1 - RETURN(3 txs)
2019-08-06 05:48:20,519: [8361] m.c.manticore:INFO: Generated testcase No. 2 - RETURN(3 txs)
2019-08-06 05:48:20,573: [8371] m.c.manticore:INFO: Generated testcase No. 4 - RETURN(3 txs)
2019-08-06 05:48:20,580: [8355] m.c.manticore:INFO: Generated testcase No. 3 - RETURN(3 txs)
2019-08-06 05:48:20,678: [8366] m.c.manticore:INFO: Generated testcase No. 5 - RETURN(3 txs)
2019-08-06 05:48:20,679: [8383] m.c.manticore:INFO: Generated testcase No. 6 - RETURN(3 txs)
2019-08-06 05:48:20,688: [8359] m.c.manticore:INFO: Generated testcase No. 8 - RETURN(3 txs)
2019-08-06 05:48:20,762: [8376] m.c.manticore:INFO: Generated testcase No. 7 - RETURN(3 txs)
2019-08-06 05:48:30,862: [8371] m.c.manticore:INFO: Generated testcase No. 9 - RETURN(3 txs)
2019-08-06 05:48:30,947: [8359] m.c.manticore:INFO: Generated testcase No. 10 - RETURN(3 txs)
2019-08-06 05:48:31,236: [8366] m.c.manticore:INFO: Generated testcase No. 11 - RETURN(3 txs)
2019-08-06 05:48:31,837: [8383] m.c.manticore:INFO: Generated testcase No. 12 - RETURN(3 txs)
2019-08-06 05:48:32,367: [8355] m.c.manticore:INFO: Generated testcase No. 13 - RETURN(3 txs)
2019-08-06 05:48:32,822: [8361] m.c.manticore:INFO: Generated testcase No. 14 - RETURN(3 txs)
2019-08-06 05:48:32,868: [8376] m.c.manticore:INFO: Generated testcase No. 15 - RETURN(3 txs)
2019-08-06 05:48:32,955: [8357] m.c.manticore:INFO: Generated testcase No. 16 - RETURN(3 txs)
2019-08-06 05:48:32,975: [8354] m.c.manticore:INFO: Generated testcase No. 17 - RETURN(3 txs)
2019-08-06 05:48:48,071: [8366] m.c.manticore:INFO: Generated testcase No. 18 - RETURN(3 txs)
2019-08-06 05:48:51,485: [8354] m.c.manticore:INFO: Generated testcase No. 19 - RETURN(3 txs)
2019-08-06 05:48:51,847: [8376] m.c.manticore:INFO: Generated testcase No. 20 - RETURN(3 txs)
2019-08-06 05:48:51,879: [8383] m.c.manticore:INFO: Generated testcase No. 21 - RETURN(3 txs)
2019-08-06 05:48:52,083: [8357] m.c.manticore:INFO: Generated testcase No. 22 - RETURN(3 txs)
2019-08-06 05:48:52,667: [8359] m.c.manticore:INFO: Generated testcase No. 23 - RETURN(3 txs)
2019-08-06 05:48:52,850: [8371] m.c.manticore:INFO: Generated testcase No. 24 - RETURN(3 txs)
2019-08-06 05:48:53,455: [8355] m.c.manticore:INFO: Generated testcase No. 25 - RETURN(3 txs)
2019-08-06 05:48:56,103: [8361] m.c.manticore:INFO: Generated testcase No. 26 - RETURN(3 txs)
2019-08-06 05:49:17,357: [8366] m.c.manticore:INFO: Generated testcase No. 27 - RETURN(3 txs)
2019-08-06 05:49:17,842: [8357] m.c.manticore:INFO: Generated testcase No. 28 - RETURN(3 txs)
2019-08-06 05:49:18,835: [8383] m.c.manticore:INFO: Generated testcase No. 29 - RETURN(3 txs)
2019-08-06 05:49:19,324: [8355] m.c.manticore:INFO: Generated testcase No. 30 - RETURN(3 txs)
2019-08-06 05:49:20,931: [8359] m.c.manticore:INFO: Generated testcase No. 31 - RETURN(3 txs)
2019-08-06 05:49:25,858: [8371] m.c.manticore:INFO: Generated testcase No. 32 - RETURN(3 txs)
2019-08-06 05:49:25,943: [8376] m.c.manticore:INFO: Generated testcase No. 33 - RETURN(3 txs)
2019-08-06 05:49:25,982: [8354] m.c.manticore:INFO: Generated testcase No. 34 - RETURN(3 txs)
2019-08-06 05:49:27,662: [8361] m.c.manticore:INFO: Generated testcase No. 35 - RETURN(3 txs)
2019-08-06 05:49:33,181: [8383] m.c.manticore:INFO: Generated testcase No. 36 - RETURN(1 txs)
2019-08-06 05:49:35,679: [8366] m.c.manticore:INFO: Generated testcase No. 37 - REVERT(2 txs)
2019-08-06 05:49:36,675: [8357] m.c.manticore:INFO: Generated testcase No. 38 - REVERT(2 txs)
2019-08-06 05:49:36,719: [8355] m.c.manticore:INFO: Generated testcase No. 39 - REVERT(2 txs)
2019-08-06 05:49:39,901: [8359] m.c.manticore:INFO: Generated testcase No. 40 - REVERT(2 txs)
2019-08-06 05:49:40,074: [8376] m.c.manticore:INFO: Generated testcase No. 41 - REVERT(2 txs)
2019-08-06 05:49:40,567: [8371] m.c.manticore:INFO: Generated testcase No. 42 - REVERT(2 txs)
2019-08-06 05:49:40,940: [8354] m.c.manticore:INFO: Generated testcase No. 43 - REVERT(2 txs)
2019-08-06 05:49:43,079: [8383] m.c.manticore:INFO: Generated testcase No. 44 - RETURN(2 txs)
2019-08-06 05:49:43,634: [8361] m.c.manticore:INFO: Generated testcase No. 45 - RETURN(2 txs)
2019-08-06 05:49:44,859: [8366] m.c.manticore:INFO: Generated testcase No. 46 - RETURN(2 txs)
2019-08-06 05:49:45,469: [8357] m.c.manticore:INFO: Generated testcase No. 47 - RETURN(2 txs)
2019-08-06 05:49:45,815: [8355] m.c.manticore:INFO: Generated testcase No. 48 - RETURN(2 txs)
2019-08-06 05:49:47,141: [8359] m.c.manticore:INFO: Generated testcase No. 49 - RETURN(2 txs)
2019-08-06 05:49:49,166: [8376] m.c.manticore:INFO: Generated testcase No. 50 - REVERT(3 txs)
2019-08-06 05:49:49,269: [8371] m.c.manticore:INFO: Generated testcase No. 51 - REVERT(3 txs)
2019-08-06 05:49:50,147: [8354] m.c.manticore:INFO: Generated testcase No. 52 - REVERT(3 txs)
2019-08-06 05:49:52,457: [8383] m.c.manticore:INFO: Generated testcase No. 53 - REVERT(3 txs)
2019-08-06 05:49:53,127: [8361] m.c.manticore:INFO: Generated testcase No. 54 - REVERT(3 txs)
2019-08-06 05:49:53,555: [8366] m.c.manticore:INFO: Generated testcase No. 55 - REVERT(3 txs)
2019-08-06 05:49:54,932: [8357] m.c.manticore:INFO: Generated testcase No. 56 - REVERT(3 txs)
2019-08-06 05:49:55,217: [8355] m.c.manticore:INFO: Generated testcase No. 57 - REVERT(3 txs)
2019-08-06 05:49:57,568: [8359] m.c.manticore:INFO: Generated testcase No. 58 - REVERT(3 txs)
2019-08-06 05:49:59,312: [8371] m.c.manticore:INFO: Generated testcase No. 59 - REVERT(3 txs)
2019-08-06 05:50:01,155: [8376] m.c.manticore:INFO: Generated testcase No. 60 - REVERT(3 txs)
2019-08-06 05:50:02,415: [8354] m.c.manticore:INFO: Generated testcase No. 61 - REVERT(3 txs)
2019-08-06 05:50:04,454: [8383] m.c.manticore:INFO: Generated testcase No. 62 - REVERT(3 txs)
2019-08-06 05:50:04,821: [8361] m.c.manticore:INFO: Generated testcase No. 63 - REVERT(3 txs)
2019-08-06 05:50:05,944: [8366] m.c.manticore:INFO: Generated testcase No. 64 - REVERT(3 txs)
2019-08-06 05:50:06,719: [8357] m.c.manticore:INFO: Generated testcase No. 65 - REVERT(3 txs)
2019-08-06 05:50:07,157: [8355] m.c.manticore:INFO: Generated testcase No. 66 - REVERT(3 txs)
2019-08-06 05:50:09,388: [8359] m.c.manticore:INFO: Generated testcase No. 67 - REVERT(3 txs)
2019-08-06 05:50:10,826: [8371] m.c.manticore:INFO: Generated testcase No. 68 - REVERT(3 txs)
2019-08-06 05:50:13,739: [8376] m.c.manticore:INFO: Generated testcase No. 69 - REVERT(3 txs)
2019-08-06 05:50:14,566: [8354] m.c.manticore:INFO: Generated testcase No. 70 - REVERT(3 txs)
2019-08-06 05:50:15,125: [8383] m.c.manticore:INFO: Generated testcase No. 71 - REVERT(3 txs)
2019-08-06 05:50:17,560: [8366] m.c.manticore:INFO: Generated testcase No. 72 - REVERT(3 txs)
2019-08-06 05:50:17,617: [8361] m.c.manticore:INFO: Generated testcase No. 73 - REVERT(3 txs)
2019-08-06 05:50:18,956: [8357] m.c.manticore:INFO: Generated testcase No. 74 - REVERT(3 txs)
2019-08-06 05:50:19,526: [8355] m.c.manticore:INFO: Generated testcase No. 75 - REVERT(3 txs)
2019-08-06 05:50:21,886: [8359] m.c.manticore:INFO: Generated testcase No. 76 - REVERT(3 txs)
2019-08-06 05:50:23,337: [8371] m.c.manticore:INFO: Generated testcase No. 77 - REVERT(3 txs)
2019-08-06 05:50:25,681: [8354] m.c.manticore:INFO: Generated testcase No. 78 - REVERT(3 txs)
2019-08-06 05:50:25,960: [8376] m.c.manticore:INFO: Generated testcase No. 79 - REVERT(3 txs)
2019-08-06 05:50:27,488: [8383] m.c.manticore:INFO: Generated testcase No. 80 - REVERT(3 txs)
2019-08-06 05:50:30,183: [8361] m.c.manticore:INFO: Generated testcase No. 81 - REVERT(3 txs)
2019-08-06 05:50:30,722: [8366] m.c.manticore:INFO: Generated testcase No. 82 - REVERT(3 txs)
2019-08-06 05:50:31,701: [8357] m.c.manticore:INFO: Generated testcase No. 83 - REVERT(3 txs)
2019-08-06 05:50:32,482: [8355] m.c.manticore:INFO: Generated testcase No. 84 - REVERT(3 txs)
2019-08-06 05:50:35,569: [8359] m.c.manticore:INFO: Generated testcase No. 85 - REVERT(3 txs)
2019-08-06 05:50:40,134: [8371] m.c.manticore:INFO: Generated testcase No. 86 - REVERT(3 txs)
2019-08-06 05:50:42,103: [8376] m.c.manticore:INFO: Generated testcase No. 87 - REVERT(3 txs)
2019-08-06 05:50:43,855: [8383] m.c.manticore:INFO: Generated testcase No. 88 - REVERT(3 txs)
2019-08-06 05:50:44,065: [8354] m.c.manticore:INFO: Generated testcase No. 89 - REVERT(3 txs)
2019-08-06 05:50:45,192: [8366] m.c.manticore:INFO: Generated testcase No. 90 - REVERT(3 txs)
2019-08-06 05:50:45,242: [8361] m.c.manticore:INFO: Generated testcase No. 91 - REVERT(3 txs)
2019-08-06 05:50:59,792: [12] m.c.manticore:INFO: Results in /mcore_75ycp0_d
2019-08-06 05:51:03,287: [11305] m.main:INFO: Registered plugins: DetectReentrancySimple, DetectInvalid, DetectUnusedRetVal, DetectUninitializedStorage, DetectExternalCallAndLeak, DetectSuicidal, DetectEnvInstruction, DetectIntegerOverflow, DetectUninitializedMemory, DetectReentrancyAdvanced, DetectDelegatecall
2019-08-06 05:51:03,288: [11305] m.main:INFO: Beginning analysis
2019-08-06 05:51:03,299: [11305] m.e.manticore:INFO: Starting symbolic create contract
2019-08-06 05:51:08,132: [11305] m.e.manticore:INFO: Starting symbolic transaction: 0
2019-08-06 05:51:28,749: [11305] m.e.manticore:INFO: 8 alive states, 8 terminated states
2019-08-06 05:51:31,791: [11305] m.e.manticore:INFO: Starting symbolic transaction: 1
2019-08-06 05:55:38,406: [11305] m.e.manticore:INFO: 64 alive states, 72 terminated states
2019-08-06 05:55:42,826: [31403] m.c.manticore:INFO: Generated testcase No. 0 - RETURN(3 txs)
2019-08-06 05:55:42,936: [31401] m.c.manticore:INFO: Generated testcase No. 1 - RETURN(3 txs)
2019-08-06 05:55:42,980: [31407] m.c.manticore:INFO: Generated testcase No. 2 - RETURN(3 txs)
2019-08-06 05:55:43,158: [31436] m.c.manticore:INFO: Generated testcase No. 5 - RETURN(3 txs)
2019-08-06 05:55:43,245: [31417] m.c.manticore:INFO: Generated testcase No. 3 - RETURN(3 txs)
2019-08-06 05:55:43,257: [31411] m.c.manticore:INFO: Generated testcase No. 4 - RETURN(3 txs)
2019-08-06 05:55:43,266: [31443] m.c.manticore:INFO: Generated testcase No. 6 - RETURN(3 txs)
2019-08-06 05:55:43,320: [31430] m.c.manticore:INFO: Generated testcase No. 7 - RETURN(3 txs)
2019-08-06 05:55:43,371: [31422] m.c.manticore:INFO: Generated testcase No. 9 - RETURN(3 txs)
2019-08-06 05:55:43,384: [31445] m.c.manticore:INFO: Generated testcase No. 8 - RETURN(3 txs)
2019-08-06 05:56:15,457: [31436] m.c.manticore:INFO: Generated testcase No. 10 - RETURN(3 txs)
2019-08-06 05:56:19,635: [31443] m.c.manticore:INFO: Generated testcase No. 12 - RETURN(3 txs)
2019-08-06 05:56:19,853: [31445] m.c.manticore:INFO: Generated testcase No. 11 - RETURN(3 txs)
2019-08-06 05:56:24,671: [31430] m.c.manticore:INFO: Generated testcase No. 13 - RETURN(3 txs)
2019-08-06 05:56:26,967: [31411] m.c.manticore:INFO: Generated testcase No. 14 - RETURN(3 txs)
2019-08-06 05:56:30,072: [31407] m.c.manticore:INFO: Generated testcase No. 15 - RETURN(3 txs)
2019-08-06 05:56:30,211: [31401] m.c.manticore:INFO: Generated testcase No. 16 - RETURN(3 txs)
2019-08-06 05:56:30,953: [31403] m.c.manticore:INFO: Generated testcase No. 18 - RETURN(3 txs)
2019-08-06 05:56:30,985: [31422] m.c.manticore:INFO: Generated testcase No. 17 - RETURN(3 txs)
2019-08-06 05:56:35,337: [31417] m.c.manticore:INFO: Generated testcase No. 19 - RETURN(3 txs)
2019-08-06 05:56:46,478: [31436] m.c.manticore:INFO: Generated testcase No. 20 - RETURN(3 txs)
2019-08-06 05:56:51,927: [31445] m.c.manticore:INFO: Generated testcase No. 21 - RETURN(3 txs)
2019-08-06 05:56:52,432: [31430] m.c.manticore:INFO: Generated testcase No. 22 - RETURN(3 txs)
2019-08-06 05:56:58,319: [31407] m.c.manticore:INFO: Generated testcase No. 23 - RETURN(3 txs)
2019-08-06 05:56:59,338: [31443] m.c.manticore:INFO: Generated testcase No. 24 - RETURN(3 txs)
2019-08-06 05:56:59,528: [31422] m.c.manticore:INFO: Generated testcase No. 25 - RETURN(3 txs)
2019-08-06 05:57:02,184: [31403] m.c.manticore:INFO: Generated testcase No. 26 - RETURN(3 txs)
2019-08-06 05:57:02,270: [31401] m.c.manticore:INFO: Generated testcase No. 27 - RETURN(3 txs)
2019-08-06 05:57:02,320: [31411] m.c.manticore:INFO: Generated testcase No. 28 - RETURN(3 txs)
2019-08-06 05:57:09,065: [31417] m.c.manticore:INFO: Generated testcase No. 29 - RETURN(3 txs)
2019-08-06 05:57:17,019: [31436] m.c.manticore:INFO: Generated testcase No. 30 - RETURN(3 txs)
2019-08-06 05:57:30,175: [31430] m.c.manticore:INFO: Generated testcase No. 31 - RETURN(3 txs)
2019-08-06 05:57:32,335: [31445] m.c.manticore:INFO: Generated testcase No. 32 - RETURN(3 txs)
2019-08-06 05:57:36,039: [31411] m.c.manticore:INFO: Generated testcase No. 33 - RETURN(3 txs)
2019-08-06 05:57:36,243: [31422] m.c.manticore:INFO: Generated testcase No. 34 - RETURN(3 txs)
2019-08-06 05:57:36,380: [31407] m.c.manticore:INFO: Generated testcase No. 36 - RETURN(3 txs)
2019-08-06 05:57:36,518: [31403] m.c.manticore:INFO: Generated testcase No. 35 - RETURN(3 txs)
2019-08-06 05:57:38,410: [31401] m.c.manticore:INFO: Generated testcase No. 37 - RETURN(3 txs)
2019-08-06 05:57:39,161: [31443] m.c.manticore:INFO: Generated testcase No. 38 - RETURN(3 txs)
2019-08-06 05:57:44,818: [31417] m.c.manticore:INFO: Generated testcase No. 39 - RETURN(3 txs)
2019-08-06 05:57:51,733: [31436] m.c.manticore:INFO: Generated testcase No. 40 - RETURN(3 txs)
2019-08-06 05:58:12,054: [31445] m.c.manticore:INFO: Generated testcase No. 41 - RETURN(3 txs)
2019-08-06 05:58:13,579: [31430] m.c.manticore:INFO: Generated testcase No. 42 - RETURN(3 txs)
2019-08-06 05:58:16,413: [31407] m.c.manticore:INFO: Generated testcase No. 43 - RETURN(3 txs)
2019-08-06 05:58:16,622: [31411] m.c.manticore:INFO: Generated testcase No. 44 - RETURN(3 txs)
2019-08-06 05:58:16,854: [31417] m.c.manticore:INFO: Generated testcase No. 45 - RETURN(3 txs)
2019-08-06 05:58:19,455: [31401] m.c.manticore:INFO: Generated testcase No. 46 - RETURN(3 txs)
2019-08-06 05:58:19,609: [31443] m.c.manticore:INFO: Generated testcase No. 47 - RETURN(3 txs)
2019-08-06 05:58:22,753: [31403] m.c.manticore:INFO: Generated testcase No. 49 - RETURN(3 txs)
2019-08-06 05:58:22,812: [31422] m.c.manticore:INFO: Generated testcase No. 48 - RETURN(3 txs)
2019-08-06 05:58:43,253: [31436] m.c.manticore:INFO: Generated testcase No. 50 - RETURN(3 txs)
2019-08-06 05:58:45,927: [31430] m.c.manticore:INFO: Generated testcase No. 51 - RETURN(3 txs)
2019-08-06 05:58:50,568: [31445] m.c.manticore:INFO: Generated testcase No. 52 - RETURN(3 txs)
2019-08-06 05:58:51,271: [31407] m.c.manticore:INFO: Generated testcase No. 53 - RETURN(3 txs)
2019-08-06 05:58:51,909: [31401] m.c.manticore:INFO: Generated testcase No. 54 - RETURN(3 txs)
2019-08-06 05:58:52,070: [31417] m.c.manticore:INFO: Generated testcase No. 55 - RETURN(3 txs)
2019-08-06 05:58:52,623: [31443] m.c.manticore:INFO: Generated testcase No. 56 - RETURN(3 txs)
2019-08-06 05:58:55,057: [31411] m.c.manticore:INFO: Generated testcase No. 57 - RETURN(3 txs)
2019-08-06 05:58:56,081: [31422] m.c.manticore:INFO: Generated testcase No. 58 - RETURN(3 txs)
2019-08-06 05:59:01,538: [31403] m.c.manticore:INFO: Generated testcase No. 59 - RETURN(3 txs)
2019-08-06 05:59:16,733: [31436] m.c.manticore:INFO: Generated testcase No. 60 - RETURN(3 txs)
2019-08-06 05:59:20,322: [31430] m.c.manticore:INFO: Generated testcase No. 61 - RETURN(3 txs)
2019-08-06 05:59:21,914: [31407] m.c.manticore:INFO: Generated testcase No. 62 - RETURN(3 txs)
2019-08-06 05:59:25,878: [31411] m.c.manticore:INFO: Generated testcase No. 63 - RETURN(3 txs)
2019-08-06 05:59:27,473: [31443] m.c.manticore:INFO: Generated testcase No. 64 - RETURN(1 txs)
2019-08-06 05:59:29,197: [31401] m.c.manticore:INFO: Generated testcase No. 65 - REVERT(2 txs)
2019-08-06 05:59:30,649: [31417] m.c.manticore:INFO: Generated testcase No. 66 - REVERT(2 txs)
2019-08-06 05:59:31,959: [31422] m.c.manticore:INFO: Generated testcase No. 67 - REVERT(2 txs)
2019-08-06 05:59:32,524: [31445] m.c.manticore:INFO: Generated testcase No. 68 - REVERT(2 txs)
2019-08-06 05:59:48,335: [31403] m.c.manticore:INFO: Generated testcase No. 69 - REVERT(2 txs)
2019-08-06 05:59:50,235: [31443] m.c.manticore:INFO: Generated testcase No. 70 - REVERT(2 txs)
2019-08-06 05:59:54,268: [31430] m.c.manticore:INFO: Generated testcase No. 71 - REVERT(2 txs)
2019-08-06 05:59:55,754: [31436] m.c.manticore:INFO: Generated testcase No. 72 - RETURN(2 txs)
2019-08-06 05:59:58,159: [31407] m.c.manticore:INFO: Generated testcase No. 73 - RETURN(2 txs)
2019-08-06 06:00:01,034: [31401] m.c.manticore:INFO: Generated testcase No. 74 - RETURN(2 txs)
2019-08-06 06:00:07,542: [31422] m.c.manticore:INFO: Generated testcase No. 75 - RETURN(2 txs)
2019-08-06 06:00:08,814: [31411] m.c.manticore:INFO: Generated testcase No. 76 - RETURN(2 txs)
2019-08-06 06:00:09,425: [31445] m.c.manticore:INFO: Generated testcase No. 77 - RETURN(2 txs)
2019-08-06 06:00:09,584: [31417] m.c.manticore:INFO: Generated testcase No. 78 - RETURN(2 txs)
2019-08-06 06:00:10,715: [31443] m.c.manticore:INFO: Generated testcase No. 79 - REVERT(3 txs)
2019-08-06 06:00:16,687: [31430] m.c.manticore:INFO: Generated testcase No. 80 - REVERT(3 txs)
2019-08-06 06:00:24,183: [31436] m.c.manticore:INFO: Generated testcase No. 81 - RETURN(2 txs)
2019-08-06 06:00:25,246: [31403] m.c.manticore:INFO: Generated testcase No. 82 - REVERT(3 txs)
2019-08-06 06:00:34,787: [31407] m.c.manticore:INFO: Generated testcase No. 83 - REVERT(3 txs)
2019-08-06 06:00:35,235: [31401] m.c.manticore:INFO: Generated testcase No. 84 - REVERT(3 txs)
2019-08-06 06:00:35,338: [31445] m.c.manticore:INFO: Generated testcase No. 85 - REVERT(3 txs)
2019-08-06 06:00:36,219: [31411] m.c.manticore:INFO: Generated testcase No. 86 - REVERT(3 txs)
2019-08-06 06:00:38,811: [31422] m.c.manticore:INFO: Generated testcase No. 87 - REVERT(3 txs)
2019-08-06 06:00:41,872: [31417] m.c.manticore:INFO: Generated testcase No. 88 - REVERT(3 txs)
2019-08-06 06:00:52,433: [31443] m.c.manticore:INFO: Generated testcase No. 89 - REVERT(3 txs)
2019-08-06 06:00:54,014: [31436] m.c.manticore:INFO: Generated testcase No. 90 - REVERT(3 txs)
2019-08-06 06:00:54,673: [31430] m.c.manticore:INFO: Generated testcase No. 91 - REVERT(3 txs)
2019-08-06 06:00:58,220: [31403] m.c.manticore:INFO: Generated testcase No. 92 - REVERT(3 txs)
2019-08-06 06:01:03,829: [31401] m.c.manticore:INFO: Generated testcase No. 93 - REVERT(3 txs)
2019-08-06 06:01:08,323: [31445] m.c.manticore:INFO: Generated testcase No. 94 - REVERT(3 txs)
2019-08-06 06:01:09,631: [31411] m.c.manticore:INFO: Generated testcase No. 95 - REVERT(3 txs)
2019-08-06 06:01:10,647: [31407] m.c.manticore:INFO: Generated testcase No. 96 - REVERT(3 txs)
2019-08-06 06:01:16,441: [31417] m.c.manticore:INFO: Generated testcase No. 97 - REVERT(3 txs)
2019-08-06 06:01:16,652: [31422] m.c.manticore:INFO: Generated testcase No. 98 - REVERT(3 txs)
2019-08-06 06:01:24,417: [31436] m.c.manticore:INFO: Generated testcase No. 99 - REVERT(3 txs)
2019-08-06 06:01:25,624: [31430] m.c.manticore:INFO: Generated testcase No. 100 - REVERT(3 txs)
2019-08-06 06:01:26,078: [31443] m.c.manticore:INFO: Generated testcase No. 101 - REVERT(3 txs)
2019-08-06 06:01:27,425: [31403] m.c.manticore:INFO: Generated testcase No. 102 - REVERT(3 txs)
2019-08-06 06:01:36,168: [31401] m.c.manticore:INFO: Generated testcase No. 103 - REVERT(3 txs)
2019-08-06 06:01:40,055: [31445] m.c.manticore:INFO: Generated testcase No. 104 - REVERT(3 txs)
2019-08-06 06:01:41,487: [31407] m.c.manticore:INFO: Generated testcase No. 105 - REVERT(3 txs)
2019-08-06 06:01:42,117: [31411] m.c.manticore:INFO: Generated testcase No. 106 - REVERT(3 txs)
2019-08-06 06:01:48,830: [31417] m.c.manticore:INFO: Generated testcase No. 107 - REVERT(3 txs)
2019-08-06 06:01:50,056: [31422] m.c.manticore:INFO: Generated testcase No. 108 - REVERT(3 txs)
2019-08-06 06:01:57,056: [31443] m.c.manticore:INFO: Generated testcase No. 109 - REVERT(3 txs)
2019-08-06 06:01:57,892: [31436] m.c.manticore:INFO: Generated testcase No. 110 - REVERT(3 txs)
2019-08-06 06:01:59,112: [31403] m.c.manticore:INFO: Generated testcase No. 111 - REVERT(3 txs)
2019-08-06 06:01:59,275: [31430] m.c.manticore:INFO: Generated testcase No. 112 - REVERT(3 txs)
2019-08-06 06:02:10,528: [31401] m.c.manticore:INFO: Generated testcase No. 113 - REVERT(3 txs)
2019-08-06 06:02:11,577: [31407] m.c.manticore:INFO: Generated testcase No. 114 - REVERT(3 txs)
2019-08-06 06:02:13,180: [31445] m.c.manticore:INFO: Generated testcase No. 115 - REVERT(3 txs)
2019-08-06 06:02:19,250: [31411] m.c.manticore:INFO: Generated testcase No. 116 - REVERT(3 txs)
2019-08-06 06:02:22,924: [31422] m.c.manticore:INFO: Generated testcase No. 117 - REVERT(3 txs)
2019-08-06 06:02:24,656: [31417] m.c.manticore:INFO: Generated testcase No. 118 - REVERT(3 txs)
2019-08-06 06:02:29,810: [31443] m.c.manticore:INFO: Generated testcase No. 119 - REVERT(3 txs)
2019-08-06 06:02:30,446: [31436] m.c.manticore:INFO: Generated testcase No. 120 - REVERT(3 txs)
2019-08-06 06:02:30,770: [31430] m.c.manticore:INFO: Generated testcase No. 121 - REVERT(3 txs)
2019-08-06 06:02:35,556: [31403] m.c.manticore:INFO: Generated testcase No. 122 - REVERT(3 txs)
2019-08-06 06:02:41,512: [31401] m.c.manticore:INFO: Generated testcase No. 123 - REVERT(3 txs)
2019-08-06 06:02:44,579: [31407] m.c.manticore:INFO: Generated testcase No. 124 - REVERT(3 txs)
2019-08-06 06:02:45,962: [31445] m.c.manticore:INFO: Generated testcase No. 125 - REVERT(3 txs)
2019-08-06 06:02:52,761: [31411] m.c.manticore:INFO: Generated testcase No. 126 - REVERT(3 txs)
2019-08-06 06:02:55,732: [31422] m.c.manticore:INFO: Generated testcase No. 127 - REVERT(3 txs)
2019-08-06 06:02:59,041: [31430] m.c.manticore:INFO: Generated testcase No. 128 - REVERT(3 txs)
2019-08-06 06:03:00,467: [31436] m.c.manticore:INFO: Generated testcase No. 129 - REVERT(3 txs)
2019-08-06 06:03:00,638: [31443] m.c.manticore:INFO: Generated testcase No. 130 - REVERT(3 txs)
2019-08-06 06:03:00,861: [31417] m.c.manticore:INFO: Generated testcase No. 131 - REVERT(3 txs)
2019-08-06 06:03:07,638: [31403] m.c.manticore:INFO: Generated testcase No. 132 - REVERT(3 txs)
2019-08-06 06:03:13,147: [31401] m.c.manticore:INFO: Generated testcase No. 134 - REVERT(3 txs)
2019-08-06 06:03:17,627: [31445] m.c.manticore:INFO: Generated testcase No. 133 - REVERT(3 txs)
2019-08-06 06:03:20,012: [31407] m.c.manticore:INFO: Generated testcase No. 135 - REVERT(3 txs)
2019-08-06 06:03:36,597: [11305] m.c.manticore:INFO: Results in /mcore_h5ldmlxj
2019-08-06 06:03:42,019: [3426] m.main:INFO: Registered plugins: DetectReentrancyAdvanced, DetectReentrancySimple, DetectInvalid, DetectUnusedRetVal, DetectUninitializedStorage, DetectIntegerOverflow, DetectSuicidal, DetectExternalCallAndLeak, DetectEnvInstruction, DetectUninitializedMemory, DetectDelegatecall
2019-08-06 06:03:42,020: [3426] m.main:INFO: Beginning analysis
2019-08-06 06:03:42,070: [3426] m.e.manticore:INFO: Starting symbolic create contract
2019-08-06 06:03:59,697: [3426] m.e.manticore:INFO: Starting symbolic transaction: 0
2019-08-06 06:04:23,977: [4771] m.e.detectors:WARNING: Potentially reading uninitialized storage
2019-08-06 06:04:32,029: [4775] m.e.detectors:WARNING: Potentially reading uninitialized storage
2019-08-06 06:08:22,659: [4779] m.c.worker:ERROR: Exception in state 8: SolverError('',)
Traceback (most recent call last):
  File "/usr/local/lib/python3.6/dist-packages/manticore/platforms/evm.py", line 1213, in execute
    result = self._handler(*arguments)
  File "/usr/local/lib/python3.6/dist-packages/manticore/platforms/evm.py", line 1086, in _handler
    return implementation(*arguments)
  File "/usr/local/lib/python3.6/dist-packages/manticore/platforms/evm.py", line 1637, in CALLDATACOPY
    raise ConcretizeArgument(3, policy="SAMPLED")
manticore.platforms.evm.ConcretizeArgument: 3

During handling of the above exception, another exception occurred:

Traceback (most recent call last):
  File "/usr/local/lib/python3.6/dist-packages/manticore/core/worker.py", line 121, in run
    current_state.execute()
  File "/usr/local/lib/python3.6/dist-packages/manticore/ethereum/state.py", line 6, in execute
    return self._platform.execute()
  File "/usr/local/lib/python3.6/dist-packages/manticore/platforms/evm.py", line 2684, in execute
    self.current_vm.execute()
  File "/usr/local/lib/python3.6/dist-packages/manticore/platforms/evm.py", line 1279, in execute
    policy=ex.policy,
manticore.core.state.Concretize

During handling of the above exception, another exception occurred:

Traceback (most recent call last):
  File "/usr/local/lib/python3.6/dist-packages/manticore/core/worker.py", line 142, in run
    m._fork(current_state, exc.expression, exc.policy, exc.setstate)
  File "/usr/local/lib/python3.6/dist-packages/manticore/core/manticore.py", line 332, in _fork
    solutions = state.concretize(expression, policy)
  File "/usr/local/lib/python3.6/dist-packages/manticore/core/state.py", line 251, in concretize
    m, M = self._solver.minmax(self._constraints, symbolic)
  File "/usr/local/lib/python3.6/dist-packages/manticore/core/smtlib/solver.py", line 124, in minmax
    M = self.max(constraints, x, iters)
  File "/usr/local/lib/python3.6/dist-packages/manticore/core/smtlib/solver.py", line 107, in max
    return self.optimize(constraints, X, "maximize", M)
  File "/usr/local/lib/python3.6/dist-packages/manticore/core/smtlib/solver.py", line 508, in optimize
    while self._is_sat():
  File "/usr/local/lib/python3.6/dist-packages/manticore/core/smtlib/solver.py", line 328, in _is_sat
    raise SolverError(status)
manticore.exceptions.SolverError
 
2019-08-06 06:08:47,332: [4771] m.c.worker:ERROR: Exception in state 2: SolverError('',)
Traceback (most recent call last):
  File "/usr/local/lib/python3.6/dist-packages/manticore/platforms/evm.py", line 1213, in execute
    result = self._handler(*arguments)
  File "/usr/local/lib/python3.6/dist-packages/manticore/platforms/evm.py", line 1086, in _handler
    return implementation(*arguments)
  File "/usr/local/lib/python3.6/dist-packages/manticore/platforms/evm.py", line 1642, in CALLDATACOPY
    raise ConcretizeArgument(2, policy="SAMPLED")
manticore.platforms.evm.ConcretizeArgument: 2

During handling of the above exception, another exception occurred:

Traceback (most recent call last):
  File "/usr/local/lib/python3.6/dist-packages/manticore/core/worker.py", line 121, in run
    current_state.execute()
  File "/usr/local/lib/python3.6/dist-packages/manticore/ethereum/state.py", line 6, in execute
    return self._platform.execute()
  File "/usr/local/lib/python3.6/dist-packages/manticore/platforms/evm.py", line 2684, in execute
    self.current_vm.execute()
  File "/usr/local/lib/python3.6/dist-packages/manticore/platforms/evm.py", line 1279, in execute
    policy=ex.policy,
manticore.core.state.Concretize

During handling of the above exception, another exception occurred:

Traceback (most recent call last):
  File "/usr/local/lib/python3.6/dist-packages/manticore/core/worker.py", line 142, in run
    m._fork(current_state, exc.expression, exc.policy, exc.setstate)
  File "/usr/local/lib/python3.6/dist-packages/manticore/core/manticore.py", line 332, in _fork
    solutions = state.concretize(expression, policy)
  File "/usr/local/lib/python3.6/dist-packages/manticore/core/state.py", line 251, in concretize
    m, M = self._solver.minmax(self._constraints, symbolic)
  File "/usr/local/lib/python3.6/dist-packages/manticore/core/smtlib/solver.py", line 123, in minmax
    m = self.min(constraints, x, iters)
  File "/usr/local/lib/python3.6/dist-packages/manticore/core/smtlib/solver.py", line 118, in min
    return self.optimize(constraints, X, "minimize", M)
  File "/usr/local/lib/python3.6/dist-packages/manticore/core/smtlib/solver.py", line 508, in optimize
    while self._is_sat():
  File "/usr/local/lib/python3.6/dist-packages/manticore/core/smtlib/solver.py", line 328, in _is_sat
    raise SolverError(status)
manticore.exceptions.SolverError
 
2019-08-06 06:10:33,590: [4775] m.c.worker:ERROR: Exception in state 5: SolverError('',)
Traceback (most recent call last):
  File "/usr/local/lib/python3.6/dist-packages/manticore/core/worker.py", line 121, in run
    current_state.execute()
  File "/usr/local/lib/python3.6/dist-packages/manticore/ethereum/state.py", line 6, in execute
    return self._platform.execute()
  File "/usr/local/lib/python3.6/dist-packages/manticore/platforms/evm.py", line 2684, in execute
    self.current_vm.execute()
  File "/usr/local/lib/python3.6/dist-packages/manticore/platforms/evm.py", line 1213, in execute
    result = self._handler(*arguments)
  File "/usr/local/lib/python3.6/dist-packages/manticore/platforms/evm.py", line 1086, in _handler
    return implementation(*arguments)
  File "/usr/local/lib/python3.6/dist-packages/manticore/platforms/evm.py", line 548, in wrapper
    return func(*args, **kwargs)
  File "/usr/local/lib/python3.6/dist-packages/manticore/platforms/evm.py", line 1540, in SHA3
    data = self.try_simplify_to_constant(self.read_buffer(start, size))
  File "/usr/local/lib/python3.6/dist-packages/manticore/platforms/evm.py", line 1521, in try_simplify_to_constant
    self.constraints, simplified, 2, silent=True
  File "/usr/local/lib/python3.6/dist-packages/manticore/core/smtlib/solver.py", line 436, in get_all_values
    while self._is_sat():
  File "/usr/local/lib/python3.6/dist-packages/manticore/core/smtlib/solver.py", line 328, in _is_sat
    raise SolverError(status)
manticore.exceptions.SolverError
 
2019-08-06 06:10:40,757: [4774] m.c.worker:ERROR: Exception in state 4: SolverError('',)
Traceback (most recent call last):
  File "/usr/local/lib/python3.6/dist-packages/manticore/core/worker.py", line 121, in run
    current_state.execute()
  File "/usr/local/lib/python3.6/dist-packages/manticore/ethereum/state.py", line 6, in execute
    return self._platform.execute()
  File "/usr/local/lib/python3.6/dist-packages/manticore/platforms/evm.py", line 2684, in execute
    self.current_vm.execute()
  File "/usr/local/lib/python3.6/dist-packages/manticore/platforms/evm.py", line 1213, in execute
    result = self._handler(*arguments)
  File "/usr/local/lib/python3.6/dist-packages/manticore/platforms/evm.py", line 1086, in _handler
    return implementation(*arguments)
  File "/usr/local/lib/python3.6/dist-packages/manticore/platforms/evm.py", line 548, in wrapper
    return func(*args, **kwargs)
  File "/usr/local/lib/python3.6/dist-packages/manticore/platforms/evm.py", line 1540, in SHA3
    data = self.try_simplify_to_constant(self.read_buffer(start, size))
  File "/usr/local/lib/python3.6/dist-packages/manticore/platforms/evm.py", line 1521, in try_simplify_to_constant
    self.constraints, simplified, 2, silent=True
  File "/usr/local/lib/python3.6/dist-packages/manticore/core/smtlib/solver.py", line 436, in get_all_values
    while self._is_sat():
  File "/usr/local/lib/python3.6/dist-packages/manticore/core/smtlib/solver.py", line 328, in _is_sat
    raise SolverError(status)
manticore.exceptions.SolverError
 
2019-08-06 06:11:29,166: [4777] m.c.worker:ERROR: Exception in state 6: SolverError('',)
Traceback (most recent call last):
  File "/usr/local/lib/python3.6/dist-packages/manticore/core/worker.py", line 121, in run
    current_state.execute()
  File "/usr/local/lib/python3.6/dist-packages/manticore/ethereum/state.py", line 6, in execute
    return self._platform.execute()
  File "/usr/local/lib/python3.6/dist-packages/manticore/platforms/evm.py", line 2684, in execute
    self.current_vm.execute()
  File "/usr/local/lib/python3.6/dist-packages/manticore/platforms/evm.py", line 1210, in execute
    last_pc, last_gas, instruction, arguments, fee, allocated = self._checkpoint()
  File "/usr/local/lib/python3.6/dist-packages/manticore/platforms/evm.py", line 1109, in _checkpoint
    self._consume(fee)
  File "/usr/local/lib/python3.6/dist-packages/manticore/platforms/evm.py", line 972, in _consume
    self.constraints, constraint
  File "/usr/local/lib/python3.6/dist-packages/manticore/core/smtlib/solver.py", line 436, in get_all_values
    while self._is_sat():
  File "/usr/local/lib/python3.6/dist-packages/manticore/core/smtlib/solver.py", line 328, in _is_sat
    raise SolverError(status)
manticore.exceptions.SolverError