2019-07-31 21:43:48,521: [12] m.main:INFO: Registered plugins: DetectEnvInstruction, DetectUnusedRetVal, DetectReentrancySimple, DetectInvalid, DetectDelegatecall, DetectSuicidal, DetectReentrancyAdvanced, DetectUninitializedStorage, DetectIntegerOverflow, DetectExternalCallAndLeak, DetectUninitializedMemory
2019-07-31 21:43:48,522: [12] m.main:INFO: Beginning analysis
2019-07-31 21:43:48,536: [12] m.e.manticore:INFO: Starting symbolic create contract
2019-07-31 21:43:50,658: [12] m.e.manticore:INFO: Starting symbolic transaction: 0
2019-07-31 21:43:53,809: [12] m.e.manticore:INFO: 1 alive states, 5 terminated states
2019-07-31 21:43:54,621: [12] m.e.manticore:INFO: Starting symbolic transaction: 1
2019-07-31 21:43:58,334: [12] m.e.manticore:INFO: 1 alive states, 10 terminated states
2019-07-31 21:43:59,279: [1521] m.c.manticore:INFO: Generated testcase No. 0 - RETURN(3 txs)
2019-07-31 21:43:59,406: [1523] m.c.manticore:INFO: Generated testcase No. 1 - RETURN(1 txs)
2019-07-31 21:43:59,586: [1537] m.c.manticore:INFO: Generated testcase No. 3 - REVERT(2 txs)
2019-07-31 21:43:59,586: [1541] m.c.manticore:INFO: Generated testcase No. 2 - REVERT(2 txs)
2019-07-31 21:43:59,600: [1527] m.c.manticore:INFO: Generated testcase No. 5 - REVERT(2 txs)
2019-07-31 21:43:59,676: [1542] m.c.manticore:INFO: Generated testcase No. 6 - RETURN(2 txs)
2019-07-31 21:43:59,601: [1532] m.c.manticore:INFO: Generated testcase No. 4 - REVERT(2 txs)
2019-07-31 21:43:59,701: [1544] m.c.manticore:INFO: Generated testcase No. 7 - REVERT(3 txs)
2019-07-31 21:43:59,706: [1550] m.c.manticore:INFO: Generated testcase No. 9 - REVERT(3 txs)
2019-07-31 21:43:59,779: [1540] m.c.manticore:INFO: Generated testcase No. 8 - REVERT(3 txs)
2019-07-31 21:44:13,588: [1523] m.c.manticore:INFO: Generated testcase No. 10 - REVERT(3 txs)
2019-07-31 21:44:22,643: [12] m.c.manticore:INFO: Results in /mcore_h3ge7ew8
2019-07-31 21:44:24,695: [2148] m.main:INFO: Registered plugins: DetectReentrancySimple, DetectInvalid, DetectUnusedRetVal, DetectUninitializedStorage, DetectExternalCallAndLeak, DetectSuicidal, DetectEnvInstruction, DetectUninitializedMemory, DetectReentrancyAdvanced, DetectDelegatecall, DetectIntegerOverflow
2019-07-31 21:44:24,696: [2148] m.main:INFO: Beginning analysis
2019-07-31 21:44:24,723: [2148] m.e.manticore:INFO: Starting symbolic create contract
2019-07-31 21:44:25,792: [2148] m.e.manticore:INFO: Starting symbolic transaction: 0
2019-07-31 21:44:26,554: [2148] m.e.manticore:INFO: 0 alive states, 2 terminated states
2019-07-31 21:44:26,680: [2148] m.e.manticore:INFO: Starting symbolic transaction: 1
2019-07-31 21:44:26,845: [2721] m.c.manticore:INFO: Generated testcase No. 0 - RETURN(1 txs)
2019-07-31 21:44:26,849: [2718] m.c.manticore:INFO: Generated testcase No. 1 - REVERT(2 txs)
2019-07-31 21:44:27,948: [2148] m.c.manticore:INFO: Results in /mcore_z1invfxv
2019-07-31 21:44:28,949: [3033] m.main:INFO: Registered plugins: DetectReentrancySimple, DetectInvalid, DetectUnusedRetVal, DetectUninitializedStorage, DetectIntegerOverflow, DetectSuicidal, DetectExternalCallAndLeak, DetectEnvInstruction, DetectUninitializedMemory, DetectReentrancyAdvanced, DetectDelegatecall
2019-07-31 21:44:28,949: [3033] m.main:INFO: Beginning analysis
2019-07-31 21:44:28,958: [3033] m.e.manticore:INFO: Starting symbolic create contract
2019-07-31 21:44:38,343: [3081] m.e.detectors:WARNING: Warning ORIGIN instruction used
2019-07-31 21:44:48,158: [3033] m.e.manticore:INFO: Starting symbolic transaction: 0
2019-07-31 21:46:05,243: [3492] m.e.detectors:WARNING: INVALID instruction
2019-07-31 21:46:11,936: [3500] m.e.detectors:WARNING: Reachable external call to sender
2019-07-31 21:47:07,423: [3492] m.e.detectors:WARNING: Potentially reading uninitialized storage
2019-07-31 21:48:08,934: [3488] m.e.detectors:WARNING: INVALID instruction
2019-07-31 21:49:07,321: [3482] m.e.detectors:WARNING: Unsigned integer overflow at MUL instruction
2019-07-31 21:49:11,439: [3494] m.e.detectors:WARNING: Potentially reading uninitialized storage
2019-07-31 21:49:20,451: [3033] m.e.manticore:INFO: 20 alive states, 38 terminated states
2019-07-31 21:49:41,385: [3033] m.e.manticore:INFO: Starting symbolic transaction: 1
2019-07-31 22:00:42,709: [11604] m.c.worker:ERROR: Exception in state 8: SolverError('',)
Traceback (most recent call last):
  File "/usr/local/lib/python3.6/dist-packages/manticore/core/worker.py", line 121, in run
    current_state.execute()
  File "/usr/local/lib/python3.6/dist-packages/manticore/ethereum/state.py", line 6, in execute
    return self._platform.execute()
  File "/usr/local/lib/python3.6/dist-packages/manticore/platforms/evm.py", line 2684, in execute
    self.current_vm.execute()
  File "/usr/local/lib/python3.6/dist-packages/manticore/platforms/evm.py", line 1208, in execute
    self._check_jmpdest()
  File "/usr/local/lib/python3.6/dist-packages/manticore/platforms/evm.py", line 1142, in _check_jmpdest
    self.constraints, should_check_jumpdest
  File "/usr/local/lib/python3.6/dist-packages/manticore/core/smtlib/solver.py", line 436, in get_all_values
    while self._is_sat():
  File "/usr/local/lib/python3.6/dist-packages/manticore/core/smtlib/solver.py", line 328, in _is_sat
    raise SolverError(status)
manticore.exceptions.SolverError
 
2019-07-31 22:05:35,440: [11568] m.c.worker:ERROR: Exception in state 2: SolverError('[Errno 32] Broken pipe',)
Traceback (most recent call last):
  File "/usr/local/lib/python3.6/dist-packages/manticore/core/smtlib/solver.py", line 289, in _send
    self._proc.stdin.write(f"{cmd}\n")
BrokenPipeError: [Errno 32] Broken pipe

During handling of the above exception, another exception occurred:

Traceback (most recent call last):
  File "/usr/local/lib/python3.6/dist-packages/manticore/core/worker.py", line 121, in run
    current_state.execute()
  File "/usr/local/lib/python3.6/dist-packages/manticore/ethereum/state.py", line 6, in execute
    return self._platform.execute()
  File "/usr/local/lib/python3.6/dist-packages/manticore/platforms/evm.py", line 2684, in execute
    self.current_vm.execute()
  File "/usr/local/lib/python3.6/dist-packages/manticore/platforms/evm.py", line 1208, in execute
    self._check_jmpdest()
  File "/usr/local/lib/python3.6/dist-packages/manticore/platforms/evm.py", line 1141, in _check_jmpdest
    should_check_jumpdest_solutions = Z3Solver().get_all_values(
  File "/usr/local/lib/python3.6/dist-packages/manticore/core/smtlib/solver.py", line 162, in __init__
    self.version = self._solver_version()
  File "/usr/local/lib/python3.6/dist-packages/manticore/core/smtlib/solver.py", line 188, in _solver_version
    self._reset()
  File "/usr/local/lib/python3.6/dist-packages/manticore/core/smtlib/solver.py", line 266, in _reset
    self._start_proc()
  File "/usr/local/lib/python3.6/dist-packages/manticore/core/smtlib/solver.py", line 214, in _start_proc
    self._send(cfg)
  File "/usr/local/lib/python3.6/dist-packages/manticore/core/smtlib/solver.py", line 291, in _send
    raise SolverError(str(e))
manticore.exceptions.SolverError: [Errno 32] Broken pipe
 
2019-07-31 22:10:38,723: [11557] m.e.detectors:WARNING: INVALID instruction