2019-08-07 00:30:25,432: [12] m.main:INFO: Registered plugins: DetectUninitializedMemory, DetectReentrancyAdvanced, DetectSuicidal, DetectIntegerOverflow, DetectExternalCallAndLeak, DetectReentrancySimple, DetectInvalid, DetectUnusedRetVal, DetectEnvInstruction, DetectUninitializedStorage, DetectDelegatecall
2019-08-07 00:30:25,433: [12] m.main:INFO: Beginning analysis
2019-08-07 00:30:25,442: [12] m.e.manticore:INFO: Starting symbolic create contract
2019-08-07 00:30:25,557: [56] m.c.manticore:INFO: Generated testcase No. 0 - NO STATE RESULT (?)(0 txs)
2019-08-07 00:30:25,846: [12] m.c.manticore:INFO: Results in /mcore_s1m17ipn
2019-08-07 00:30:26,584: [315] m.main:INFO: Registered plugins: DetectExternalCallAndLeak, DetectUnusedRetVal, DetectReentrancyAdvanced, DetectInvalid, DetectSuicidal, DetectUninitializedStorage, DetectIntegerOverflow, DetectDelegatecall, DetectEnvInstruction, DetectReentrancySimple, DetectUninitializedMemory
2019-08-07 00:30:26,584: [315] m.main:INFO: Beginning analysis
2019-08-07 00:30:26,630: [315] m.e.manticore:INFO: Starting symbolic create contract
2019-08-07 00:30:30,902: [315] m.e.manticore:INFO: Starting symbolic transaction: 0
2019-08-07 00:30:45,635: [315] m.e.manticore:INFO: 8 alive states, 8 terminated states
2019-08-07 00:30:48,363: [315] m.e.manticore:INFO: Starting symbolic transaction: 1
2019-08-07 00:34:22,813: [315] m.e.manticore:INFO: 64 alive states, 72 terminated states
2019-08-07 00:34:26,419: [20374] m.c.manticore:INFO: Generated testcase No. 2 - RETURN(3 txs)
2019-08-07 00:34:26,441: [20387] m.c.manticore:INFO: Generated testcase No. 1 - RETURN(3 txs)
2019-08-07 00:34:26,746: [20355] m.c.manticore:INFO: Generated testcase No. 0 - RETURN(3 txs)
2019-08-07 00:34:26,838: [20336] m.c.manticore:INFO: Generated testcase No. 3 - RETURN(3 txs)
2019-08-07 00:34:26,929: [20361] m.c.manticore:INFO: Generated testcase No. 4 - RETURN(3 txs)
2019-08-07 00:34:27,015: [20342] m.c.manticore:INFO: Generated testcase No. 6 - RETURN(3 txs)
2019-08-07 00:34:27,020: [20348] m.c.manticore:INFO: Generated testcase No. 5 - RETURN(3 txs)
2019-08-07 00:34:27,029: [20368] m.c.manticore:INFO: Generated testcase No. 7 - RETURN(3 txs)
2019-08-07 00:34:27,124: [20337] m.c.manticore:INFO: Generated testcase No. 8 - RETURN(3 txs)
2019-08-07 00:34:50,508: [20387] m.c.manticore:INFO: Generated testcase No. 9 - RETURN(3 txs)
2019-08-07 00:34:52,120: [20355] m.c.manticore:INFO: Generated testcase No. 10 - RETURN(3 txs)
2019-08-07 00:34:54,140: [20374] m.c.manticore:INFO: Generated testcase No. 11 - RETURN(3 txs)
2019-08-07 00:34:57,617: [20361] m.c.manticore:INFO: Generated testcase No. 12 - RETURN(3 txs)
2019-08-07 00:34:58,126: [20368] m.c.manticore:INFO: Generated testcase No. 13 - RETURN(3 txs)
2019-08-07 00:34:59,280: [20336] m.c.manticore:INFO: Generated testcase No. 14 - RETURN(3 txs)
2019-08-07 00:34:59,708: [20342] m.c.manticore:INFO: Generated testcase No. 15 - RETURN(3 txs)
2019-08-07 00:35:00,401: [20348] m.c.manticore:INFO: Generated testcase No. 16 - RETURN(3 txs)
2019-08-07 00:35:00,624: [20337] m.c.manticore:INFO: Generated testcase No. 17 - RETURN(3 txs)
2019-08-07 00:35:19,034: [20387] m.c.manticore:INFO: Generated testcase No. 18 - RETURN(3 txs)
2019-08-07 00:35:19,379: [20355] m.c.manticore:INFO: Generated testcase No. 19 - RETURN(3 txs)
2019-08-07 00:35:20,290: [20374] m.c.manticore:INFO: Generated testcase No. 20 - RETURN(3 txs)
2019-08-07 00:35:24,882: [20348] m.c.manticore:INFO: Generated testcase No. 21 - RETURN(3 txs)
2019-08-07 00:35:25,207: [20336] m.c.manticore:INFO: Generated testcase No. 22 - RETURN(3 txs)
2019-08-07 00:35:26,675: [20368] m.c.manticore:INFO: Generated testcase No. 23 - RETURN(3 txs)
2019-08-07 00:35:29,988: [20337] m.c.manticore:INFO: Generated testcase No. 24 - RETURN(3 txs)
2019-08-07 00:35:32,209: [20361] m.c.manticore:INFO: Generated testcase No. 25 - RETURN(3 txs)
2019-08-07 00:35:33,496: [20342] m.c.manticore:INFO: Generated testcase No. 26 - RETURN(3 txs)
2019-08-07 00:35:48,739: [20374] m.c.manticore:INFO: Generated testcase No. 27 - RETURN(3 txs)
2019-08-07 00:35:49,894: [20348] m.c.manticore:INFO: Generated testcase No. 28 - RETURN(3 txs)
2019-08-07 00:35:51,296: [20387] m.c.manticore:INFO: Generated testcase No. 29 - RETURN(3 txs)
2019-08-07 00:35:52,388: [20355] m.c.manticore:INFO: Generated testcase No. 30 - RETURN(3 txs)
2019-08-07 00:35:52,820: [20336] m.c.manticore:INFO: Generated testcase No. 31 - RETURN(3 txs)
2019-08-07 00:35:58,686: [20368] m.c.manticore:INFO: Generated testcase No. 32 - RETURN(3 txs)
2019-08-07 00:35:59,389: [20337] m.c.manticore:INFO: Generated testcase No. 33 - RETURN(3 txs)
2019-08-07 00:36:01,438: [20361] m.c.manticore:INFO: Generated testcase No. 34 - RETURN(3 txs)
2019-08-07 00:36:09,631: [20342] m.c.manticore:INFO: Generated testcase No. 35 - RETURN(3 txs)
2019-08-07 00:36:16,613: [20374] m.c.manticore:INFO: Generated testcase No. 36 - RETURN(3 txs)
2019-08-07 00:36:20,513: [20348] m.c.manticore:INFO: Generated testcase No. 38 - RETURN(3 txs)
2019-08-07 00:36:20,775: [20387] m.c.manticore:INFO: Generated testcase No. 37 - RETURN(3 txs)
2019-08-07 00:36:20,817: [20355] m.c.manticore:INFO: Generated testcase No. 40 - RETURN(3 txs)
2019-08-07 00:36:23,193: [20336] m.c.manticore:INFO: Generated testcase No. 39 - RETURN(3 txs)
2019-08-07 00:36:27,481: [20368] m.c.manticore:INFO: Generated testcase No. 41 - RETURN(3 txs)
2019-08-07 00:36:28,611: [20361] m.c.manticore:INFO: Generated testcase No. 42 - RETURN(3 txs)
2019-08-07 00:36:35,772: [20337] m.c.manticore:INFO: Generated testcase No. 43 - RETURN(3 txs)
2019-08-07 00:36:40,013: [20342] m.c.manticore:INFO: Generated testcase No. 44 - RETURN(3 txs)
2019-08-07 00:36:44,786: [20374] m.c.manticore:INFO: Generated testcase No. 45 - RETURN(3 txs)
2019-08-07 00:36:47,174: [20355] m.c.manticore:INFO: Generated testcase No. 46 - RETURN(3 txs)
2019-08-07 00:36:51,556: [20336] m.c.manticore:INFO: Generated testcase No. 47 - RETURN(3 txs)
2019-08-07 00:36:52,509: [20348] m.c.manticore:INFO: Generated testcase No. 48 - RETURN(3 txs)
2019-08-07 00:36:53,078: [20387] m.c.manticore:INFO: Generated testcase No. 49 - RETURN(3 txs)
2019-08-07 00:36:55,688: [20361] m.c.manticore:INFO: Generated testcase No. 50 - RETURN(3 txs)
2019-08-07 00:36:56,112: [20368] m.c.manticore:INFO: Generated testcase No. 51 - RETURN(3 txs)
2019-08-07 00:37:05,297: [20337] m.c.manticore:INFO: Generated testcase No. 52 - RETURN(3 txs)
2019-08-07 00:37:11,211: [20342] m.c.manticore:INFO: Generated testcase No. 53 - RETURN(3 txs)
2019-08-07 00:37:14,033: [20355] m.c.manticore:INFO: Generated testcase No. 54 - RETURN(3 txs)
2019-08-07 00:37:17,043: [20374] m.c.manticore:INFO: Generated testcase No. 55 - RETURN(3 txs)
2019-08-07 00:37:18,589: [20348] m.c.manticore:INFO: Generated testcase No. 56 - RETURN(3 txs)
2019-08-07 00:37:20,220: [20361] m.c.manticore:INFO: Generated testcase No. 57 - RETURN(3 txs)
2019-08-07 00:37:21,416: [20387] m.c.manticore:INFO: Generated testcase No. 58 - RETURN(3 txs)
2019-08-07 00:37:23,796: [20368] m.c.manticore:INFO: Generated testcase No. 59 - RETURN(3 txs)
2019-08-07 00:37:26,519: [20336] m.c.manticore:INFO: Generated testcase No. 60 - RETURN(3 txs)
2019-08-07 00:37:31,007: [20337] m.c.manticore:INFO: Generated testcase No. 61 - RETURN(3 txs)
2019-08-07 00:37:41,991: [20355] m.c.manticore:INFO: Generated testcase No. 62 - RETURN(3 txs)
2019-08-07 00:37:43,928: [20342] m.c.manticore:INFO: Generated testcase No. 63 - RETURN(3 txs)
2019-08-07 00:37:47,495: [20374] m.c.manticore:INFO: Generated testcase No. 64 - RETURN(1 txs)
2019-08-07 00:37:47,732: [20361] m.c.manticore:INFO: Generated testcase No. 65 - REVERT(2 txs)
2019-08-07 00:37:49,435: [20348] m.c.manticore:INFO: Generated testcase No. 66 - REVERT(2 txs)
2019-08-07 00:37:54,080: [20387] m.c.manticore:INFO: Generated testcase No. 67 - REVERT(2 txs)
2019-08-07 00:37:54,587: [20336] m.c.manticore:INFO: Generated testcase No. 68 - REVERT(2 txs)
2019-08-07 00:37:55,376: [20368] m.c.manticore:INFO: Generated testcase No. 69 - REVERT(2 txs)
2019-08-07 00:37:56,830: [20337] m.c.manticore:INFO: Generated testcase No. 70 - REVERT(2 txs)
2019-08-07 00:38:09,397: [20342] m.c.manticore:INFO: Generated testcase No. 71 - REVERT(2 txs)
2019-08-07 00:38:10,233: [20374] m.c.manticore:INFO: Generated testcase No. 72 - RETURN(2 txs)
2019-08-07 00:38:11,915: [20355] m.c.manticore:INFO: Generated testcase No. 73 - RETURN(2 txs)
2019-08-07 00:38:12,676: [20361] m.c.manticore:INFO: Generated testcase No. 74 - RETURN(2 txs)
2019-08-07 00:38:13,599: [20348] m.c.manticore:INFO: Generated testcase No. 75 - RETURN(2 txs)
2019-08-07 00:38:17,295: [20387] m.c.manticore:INFO: Generated testcase No. 76 - RETURN(2 txs)
2019-08-07 00:38:18,728: [20336] m.c.manticore:INFO: Generated testcase No. 77 - RETURN(2 txs)
2019-08-07 00:38:20,434: [20368] m.c.manticore:INFO: Generated testcase No. 78 - REVERT(3 txs)
2019-08-07 00:38:21,216: [20337] m.c.manticore:INFO: Generated testcase No. 79 - RETURN(2 txs)
2019-08-07 00:38:33,142: [20342] m.c.manticore:INFO: Generated testcase No. 80 - RETURN(2 txs)
2019-08-07 00:38:35,319: [20374] m.c.manticore:INFO: Generated testcase No. 81 - REVERT(3 txs)
2019-08-07 00:38:37,050: [20348] m.c.manticore:INFO: Generated testcase No. 82 - REVERT(3 txs)
2019-08-07 00:38:39,689: [20361] m.c.manticore:INFO: Generated testcase No. 83 - REVERT(3 txs)
2019-08-07 00:38:39,902: [20355] m.c.manticore:INFO: Generated testcase No. 84 - REVERT(3 txs)
2019-08-07 00:38:42,135: [20387] m.c.manticore:INFO: Generated testcase No. 85 - REVERT(3 txs)
2019-08-07 00:38:42,924: [20336] m.c.manticore:INFO: Generated testcase No. 86 - REVERT(3 txs)
2019-08-07 00:38:47,121: [20337] m.c.manticore:INFO: Generated testcase No. 87 - REVERT(3 txs)
2019-08-07 00:38:48,015: [20368] m.c.manticore:INFO: Generated testcase No. 88 - REVERT(3 txs)
2019-08-07 00:39:00,305: [20342] m.c.manticore:INFO: Generated testcase No. 89 - REVERT(3 txs)
2019-08-07 00:39:05,230: [20374] m.c.manticore:INFO: Generated testcase No. 90 - REVERT(3 txs)
2019-08-07 00:39:05,796: [20348] m.c.manticore:INFO: Generated testcase No. 91 - REVERT(3 txs)
2019-08-07 00:39:06,421: [20361] m.c.manticore:INFO: Generated testcase No. 92 - REVERT(3 txs)
2019-08-07 00:39:09,386: [20355] m.c.manticore:INFO: Generated testcase No. 93 - REVERT(3 txs)
2019-08-07 00:39:10,113: [20336] m.c.manticore:INFO: Generated testcase No. 94 - REVERT(3 txs)
2019-08-07 00:39:11,078: [20387] m.c.manticore:INFO: Generated testcase No. 95 - REVERT(3 txs)
2019-08-07 00:39:13,586: [20337] m.c.manticore:INFO: Generated testcase No. 96 - REVERT(3 txs)
2019-08-07 00:39:15,100: [20368] m.c.manticore:INFO: Generated testcase No. 97 - REVERT(3 txs)
2019-08-07 00:39:26,017: [20342] m.c.manticore:INFO: Generated testcase No. 98 - REVERT(3 txs)
2019-08-07 00:39:29,175: [20374] m.c.manticore:INFO: Generated testcase No. 99 - REVERT(3 txs)
2019-08-07 00:39:30,001: [20348] m.c.manticore:INFO: Generated testcase No. 100 - REVERT(3 txs)
2019-08-07 00:39:32,784: [20361] m.c.manticore:INFO: Generated testcase No. 101 - REVERT(3 txs)
2019-08-07 00:39:35,532: [20355] m.c.manticore:INFO: Generated testcase No. 102 - REVERT(3 txs)
2019-08-07 00:39:36,001: [20336] m.c.manticore:INFO: Generated testcase No. 103 - REVERT(3 txs)
2019-08-07 00:39:38,374: [20387] m.c.manticore:INFO: Generated testcase No. 104 - REVERT(3 txs)
2019-08-07 00:39:38,737: [20337] m.c.manticore:INFO: Generated testcase No. 105 - REVERT(3 txs)
2019-08-07 00:39:41,003: [20368] m.c.manticore:INFO: Generated testcase No. 106 - REVERT(3 txs)
2019-08-07 00:39:55,308: [20342] m.c.manticore:INFO: Generated testcase No. 107 - REVERT(3 txs)
2019-08-07 00:39:58,585: [20348] m.c.manticore:INFO: Generated testcase No. 108 - REVERT(3 txs)
2019-08-07 00:39:58,777: [20374] m.c.manticore:INFO: Generated testcase No. 109 - REVERT(3 txs)
2019-08-07 00:40:00,184: [20361] m.c.manticore:INFO: Generated testcase No. 110 - REVERT(3 txs)
2019-08-07 00:40:02,433: [20355] m.c.manticore:INFO: Generated testcase No. 111 - REVERT(3 txs)
2019-08-07 00:40:03,720: [20336] m.c.manticore:INFO: Generated testcase No. 112 - REVERT(3 txs)
2019-08-07 00:40:04,921: [20387] m.c.manticore:INFO: Generated testcase No. 113 - REVERT(3 txs)
2019-08-07 00:40:07,688: [20337] m.c.manticore:INFO: Generated testcase No. 114 - REVERT(3 txs)
2019-08-07 00:40:09,477: [20368] m.c.manticore:INFO: Generated testcase No. 115 - REVERT(3 txs)
2019-08-07 00:40:24,310: [20342] m.c.manticore:INFO: Generated testcase No. 116 - REVERT(3 txs)
2019-08-07 00:40:27,687: [20374] m.c.manticore:INFO: Generated testcase No. 117 - REVERT(3 txs)
2019-08-07 00:40:28,224: [20361] m.c.manticore:INFO: Generated testcase No. 118 - REVERT(3 txs)
2019-08-07 00:40:30,124: [20348] m.c.manticore:INFO: Generated testcase No. 119 - REVERT(3 txs)
2019-08-07 00:40:30,316: [20355] m.c.manticore:INFO: Generated testcase No. 120 - REVERT(3 txs)
2019-08-07 00:40:32,814: [20336] m.c.manticore:INFO: Generated testcase No. 121 - REVERT(3 txs)
2019-08-07 00:40:33,728: [20387] m.c.manticore:INFO: Generated testcase No. 122 - REVERT(3 txs)
2019-08-07 00:40:35,601: [20337] m.c.manticore:INFO: Generated testcase No. 123 - REVERT(3 txs)
2019-08-07 00:40:38,509: [20368] m.c.manticore:INFO: Generated testcase No. 124 - REVERT(3 txs)
2019-08-07 00:40:49,802: [20342] m.c.manticore:INFO: Generated testcase No. 125 - REVERT(3 txs)
2019-08-07 00:40:56,810: [20374] m.c.manticore:INFO: Generated testcase No. 126 - REVERT(3 txs)
2019-08-07 00:40:56,875: [20361] m.c.manticore:INFO: Generated testcase No. 127 - REVERT(3 txs)
2019-08-07 00:40:59,820: [20355] m.c.manticore:INFO: Generated testcase No. 128 - REVERT(3 txs)
2019-08-07 00:41:01,290: [20348] m.c.manticore:INFO: Generated testcase No. 129 - REVERT(3 txs)
2019-08-07 00:41:03,216: [20336] m.c.manticore:INFO: Generated testcase No. 130 - REVERT(3 txs)
2019-08-07 00:41:03,330: [20337] m.c.manticore:INFO: Generated testcase No. 131 - REVERT(3 txs)
2019-08-07 00:41:04,523: [20387] m.c.manticore:INFO: Generated testcase No. 132 - REVERT(3 txs)
2019-08-07 00:41:06,495: [20368] m.c.manticore:INFO: Generated testcase No. 133 - REVERT(3 txs)
2019-08-07 00:41:21,522: [20374] m.c.manticore:INFO: Generated testcase No. 134 - REVERT(3 txs)
2019-08-07 00:41:23,112: [20342] m.c.manticore:INFO: Generated testcase No. 135 - REVERT(3 txs)
2019-08-07 00:41:36,154: [315] m.c.manticore:INFO: Results in /mcore_h5li83yw
2019-08-07 00:41:41,870: [24827] m.main:INFO: Registered plugins: DetectEnvInstruction, DetectIntegerOverflow, DetectReentrancySimple, DetectInvalid, DetectSuicidal, DetectUnusedRetVal, DetectUninitializedStorage, DetectExternalCallAndLeak, DetectDelegatecall, DetectReentrancyAdvanced, DetectUninitializedMemory
2019-08-07 00:41:41,870: [24827] m.main:INFO: Beginning analysis
2019-08-07 00:41:41,921: [24827] m.e.manticore:INFO: Starting symbolic create contract
2019-08-07 00:41:55,429: [24827] m.e.manticore:INFO: Starting symbolic transaction: 0
2019-08-07 00:42:12,151: [26116] m.e.detectors:WARNING: Potentially reading uninitialized storage
2019-08-07 00:42:19,142: [26115] m.e.detectors:WARNING: Potentially reading uninitialized storage
2019-08-07 00:43:02,497: [26108] m.c.worker:ERROR: Exception in state 1: SolverError('',)
Traceback (most recent call last):
  File "/usr/local/lib/python3.6/dist-packages/manticore/core/worker.py", line 121, in run
    current_state.execute()
  File "/usr/local/lib/python3.6/dist-packages/manticore/ethereum/state.py", line 6, in execute
    return self._platform.execute()
  File "/usr/local/lib/python3.6/dist-packages/manticore/platforms/evm.py", line 2684, in execute
    self.current_vm.execute()
  File "/usr/local/lib/python3.6/dist-packages/manticore/platforms/evm.py", line 1210, in execute
    last_pc, last_gas, instruction, arguments, fee, allocated = self._checkpoint()
  File "/usr/local/lib/python3.6/dist-packages/manticore/platforms/evm.py", line 1109, in _checkpoint
    self._consume(fee)
  File "/usr/local/lib/python3.6/dist-packages/manticore/platforms/evm.py", line 981, in _consume
    policy="ALL",
manticore.core.state.Concretize

During handling of the above exception, another exception occurred:

Traceback (most recent call last):
  File "/usr/local/lib/python3.6/dist-packages/manticore/core/worker.py", line 142, in run
    m._fork(current_state, exc.expression, exc.policy, exc.setstate)
  File "/usr/local/lib/python3.6/dist-packages/manticore/core/manticore.py", line 332, in _fork
    solutions = state.concretize(expression, policy)
  File "/usr/local/lib/python3.6/dist-packages/manticore/core/state.py", line 271, in concretize
    self._constraints, symbolic, maxcnt=maxcount, silent=True
  File "/usr/local/lib/python3.6/dist-packages/manticore/core/smtlib/solver.py", line 436, in get_all_values
    while self._is_sat():
  File "/usr/local/lib/python3.6/dist-packages/manticore/core/smtlib/solver.py", line 328, in _is_sat
    raise SolverError(status)
manticore.exceptions.SolverError
 
2019-08-07 00:43:03,028: [24827] m.e.manticore:INFO: 13 alive states, 13 terminated states
2019-08-07 00:43:08,252: [24827] m.e.manticore:INFO: Starting symbolic transaction: 1
2019-08-07 00:45:36,026: [30422] m.e.detectors:WARNING: Potentially reading uninitialized storage
2019-08-07 00:46:01,398: [30405] m.e.detectors:WARNING: Potentially reading uninitialized storage
2019-08-07 00:46:02,098: [30395] m.e.detectors:WARNING: Potentially reading uninitialized storage
2019-08-07 00:46:26,833: [30437] m.e.detectors:WARNING: Potentially reading uninitialized storage
2019-08-07 00:47:09,273: [30422] m.e.detectors:WARNING: Potentially reading uninitialized storage
2019-08-07 00:47:51,818: [30437] m.e.detectors:WARNING: Potentially reading uninitialized storage
2019-08-07 00:48:02,731: [30405] m.e.detectors:WARNING: Potentially reading uninitialized storage
2019-08-07 00:48:29,830: [30390] m.e.detectors:WARNING: Potentially reading uninitialized storage
2019-08-07 00:48:48,694: [30431] m.e.detectors:WARNING: Potentially reading uninitialized storage
2019-08-07 00:48:55,514: [30437] m.e.detectors:WARNING: Potentially reading uninitialized storage
2019-08-07 00:49:22,787: [30436] m.e.detectors:WARNING: Potentially reading uninitialized storage
2019-08-07 00:50:54,822: [30422] m.e.detectors:WARNING: Potentially reading uninitialized storage
2019-08-07 00:51:32,626: [30434] m.e.detectors:WARNING: Potentially reading uninitialized storage
2019-08-07 00:51:52,330: [30390] m.e.detectors:WARNING: Potentially reading uninitialized storage
2019-08-07 00:52:43,783: [30422] m.e.detectors:WARNING: Potentially reading uninitialized storage
2019-08-07 00:53:29,910: [30390] m.e.detectors:WARNING: Potentially reading uninitialized storage
2019-08-07 00:53:56,835: [30434] m.e.detectors:WARNING: Potentially reading uninitialized storage
2019-08-07 00:54:53,222: [30437] m.e.detectors:WARNING: Potentially reading uninitialized storage
2019-08-07 00:55:31,622: [30434] m.e.detectors:WARNING: Potentially reading uninitialized storage
2019-08-07 00:56:04,938: [30436] m.e.detectors:WARNING: Potentially reading uninitialized storage
2019-08-07 00:56:40,994: [30437] m.e.detectors:WARNING: Potentially reading uninitialized storage
2019-08-07 00:57:36,194: [30434] m.e.detectors:WARNING: Potentially reading uninitialized storage
2019-08-07 00:57:57,498: [30436] m.e.detectors:WARNING: Potentially reading uninitialized storage
2019-08-07 00:58:36,608: [30390] m.e.detectors:WARNING: Potentially reading uninitialized storage
2019-08-07 00:58:45,374: [30422] m.e.detectors:WARNING: Potentially reading uninitialized storage