2019-08-03 03:51:40,218: [13] m.main:INFO: Registered plugins: DetectReentrancySimple, DetectInvalid, DetectSuicidal, DetectUnusedRetVal, DetectUninitializedStorage, DetectIntegerOverflow, DetectDelegatecall, DetectEnvInstruction, DetectReentrancyAdvanced, DetectUninitializedMemory, DetectExternalCallAndLeak
2019-08-03 03:51:40,219: [13] m.main:INFO: Beginning analysis
2019-08-03 03:51:40,232: [13] m.e.manticore:INFO: Starting symbolic create contract
2019-08-03 03:51:42,317: [13] m.e.manticore:INFO: Starting symbolic transaction: 0
2019-08-03 03:51:46,855: [13] m.e.manticore:INFO: 6 alive states, 8 terminated states
2019-08-03 03:51:47,882: [13] m.e.manticore:INFO: Starting symbolic transaction: 1
2019-08-03 03:52:13,768: [13] m.e.manticore:INFO: 36 alive states, 56 terminated states
2019-08-03 03:52:15,226: [8395] m.c.manticore:INFO: Generated testcase No. 1 - RETURN(3 txs)
2019-08-03 03:52:15,250: [8401] m.c.manticore:INFO: Generated testcase No. 0 - RETURN(3 txs)
2019-08-03 03:52:15,262: [8355] m.c.manticore:INFO: Generated testcase No. 2 - RETURN(3 txs)
2019-08-03 03:52:15,282: [8389] m.c.manticore:INFO: Generated testcase No. 3 - RETURN(3 txs)
2019-08-03 03:52:15,297: [8359] m.c.manticore:INFO: Generated testcase No. 5 - RETURN(3 txs)
2019-08-03 03:52:15,320: [8384] m.c.manticore:INFO: Generated testcase No. 8 - RETURN(3 txs)
2019-08-03 03:52:15,323: [8365] m.c.manticore:INFO: Generated testcase No. 4 - RETURN(3 txs)
2019-08-03 03:52:15,378: [8372] m.c.manticore:INFO: Generated testcase No. 7 - RETURN(3 txs)
2019-08-03 03:52:15,381: [8357] m.c.manticore:INFO: Generated testcase No. 6 - RETURN(3 txs)
2019-08-03 03:52:15,390: [8377] m.c.manticore:INFO: Generated testcase No. 9 - RETURN(3 txs)
2019-08-03 03:52:27,217: [8395] m.c.manticore:INFO: Generated testcase No. 10 - RETURN(3 txs)
2019-08-03 03:52:27,330: [8401] m.c.manticore:INFO: Generated testcase No. 11 - RETURN(3 txs)
2019-08-03 03:52:27,488: [8365] m.c.manticore:INFO: Generated testcase No. 12 - RETURN(3 txs)
2019-08-03 03:52:27,490: [8384] m.c.manticore:INFO: Generated testcase No. 13 - RETURN(3 txs)
2019-08-03 03:52:27,826: [8377] m.c.manticore:INFO: Generated testcase No. 14 - RETURN(3 txs)
2019-08-03 03:52:27,914: [8359] m.c.manticore:INFO: Generated testcase No. 15 - RETURN(3 txs)
2019-08-03 03:52:27,981: [8372] m.c.manticore:INFO: Generated testcase No. 16 - RETURN(3 txs)
2019-08-03 03:52:28,131: [8389] m.c.manticore:INFO: Generated testcase No. 17 - RETURN(3 txs)
2019-08-03 03:52:28,286: [8355] m.c.manticore:INFO: Generated testcase No. 18 - RETURN(3 txs)
2019-08-03 03:52:28,433: [8357] m.c.manticore:INFO: Generated testcase No. 19 - RETURN(3 txs)
2019-08-03 03:52:39,978: [8365] m.c.manticore:INFO: Generated testcase No. 20 - RETURN(3 txs)
2019-08-03 03:52:40,176: [8359] m.c.manticore:INFO: Generated testcase No. 21 - RETURN(3 txs)
2019-08-03 03:52:40,293: [8355] m.c.manticore:INFO: Generated testcase No. 23 - RETURN(3 txs)
2019-08-03 03:52:40,293: [8395] m.c.manticore:INFO: Generated testcase No. 22 - RETURN(3 txs)
2019-08-03 03:52:40,715: [8377] m.c.manticore:INFO: Generated testcase No. 25 - RETURN(3 txs)
2019-08-03 03:52:40,721: [8372] m.c.manticore:INFO: Generated testcase No. 24 - RETURN(3 txs)
2019-08-03 03:52:41,017: [8389] m.c.manticore:INFO: Generated testcase No. 26 - RETURN(3 txs)
2019-08-03 03:52:41,085: [8384] m.c.manticore:INFO: Generated testcase No. 27 - RETURN(3 txs)
2019-08-03 03:52:41,196: [8401] m.c.manticore:INFO: Generated testcase No. 28 - RETURN(3 txs)
2019-08-03 03:52:41,576: [8357] m.c.manticore:INFO: Generated testcase No. 29 - RETURN(3 txs)
2019-08-03 03:52:53,474: [8355] m.c.manticore:INFO: Generated testcase No. 30 - RETURN(3 txs)
2019-08-03 03:52:53,497: [8372] m.c.manticore:INFO: Generated testcase No. 31 - RETURN(3 txs)
2019-08-03 03:52:53,891: [8365] m.c.manticore:INFO: Generated testcase No. 32 - RETURN(3 txs)
2019-08-03 03:52:54,179: [8377] m.c.manticore:INFO: Generated testcase No. 33 - RETURN(3 txs)
2019-08-03 03:52:54,204: [8395] m.c.manticore:INFO: Generated testcase No. 34 - RETURN(3 txs)
2019-08-03 03:52:54,211: [8359] m.c.manticore:INFO: Generated testcase No. 35 - RETURN(3 txs)
2019-08-03 03:52:54,501: [8389] m.c.manticore:INFO: Generated testcase No. 36 - RETURN(1 txs)
2019-08-03 03:52:54,518: [8384] m.c.manticore:INFO: Generated testcase No. 37 - REVERT(2 txs)
2019-08-03 03:52:55,017: [8357] m.c.manticore:INFO: Generated testcase No. 38 - REVERT(2 txs)
2019-08-03 03:52:55,105: [8401] m.c.manticore:INFO: Generated testcase No. 39 - REVERT(2 txs)
2019-08-03 03:53:02,489: [8389] m.c.manticore:INFO: Generated testcase No. 40 - REVERT(2 txs)
2019-08-03 03:53:04,887: [8384] m.c.manticore:INFO: Generated testcase No. 41 - REVERT(2 txs)
2019-08-03 03:53:05,322: [8401] m.c.manticore:INFO: Generated testcase No. 42 - REVERT(2 txs)
2019-08-03 03:53:05,434: [8357] m.c.manticore:INFO: Generated testcase No. 43 - REVERT(2 txs)
2019-08-03 03:53:06,419: [8395] m.c.manticore:INFO: Generated testcase No. 44 - RETURN(2 txs)
2019-08-03 03:53:06,492: [8355] m.c.manticore:INFO: Generated testcase No. 45 - RETURN(2 txs)
2019-08-03 03:53:06,731: [8365] m.c.manticore:INFO: Generated testcase No. 46 - RETURN(2 txs)
2019-08-03 03:53:07,237: [8377] m.c.manticore:INFO: Generated testcase No. 47 - RETURN(2 txs)
2019-08-03 03:53:07,344: [8372] m.c.manticore:INFO: Generated testcase No. 48 - RETURN(2 txs)
2019-08-03 03:53:07,609: [8359] m.c.manticore:INFO: Generated testcase No. 49 - RETURN(2 txs)
2019-08-03 03:53:13,477: [8389] m.c.manticore:INFO: Generated testcase No. 50 - REVERT(3 txs)
2019-08-03 03:53:14,395: [8384] m.c.manticore:INFO: Generated testcase No. 51 - REVERT(3 txs)
2019-08-03 03:53:15,695: [8357] m.c.manticore:INFO: Generated testcase No. 52 - REVERT(3 txs)
2019-08-03 03:53:15,789: [8365] m.c.manticore:INFO: Generated testcase No. 53 - REVERT(3 txs)
2019-08-03 03:53:16,010: [8401] m.c.manticore:INFO: Generated testcase No. 54 - REVERT(3 txs)
2019-08-03 03:53:16,990: [8372] m.c.manticore:INFO: Generated testcase No. 55 - REVERT(3 txs)
2019-08-03 03:53:17,224: [8377] m.c.manticore:INFO: Generated testcase No. 56 - REVERT(3 txs)
2019-08-03 03:53:17,225: [8355] m.c.manticore:INFO: Generated testcase No. 58 - REVERT(3 txs)
2019-08-03 03:53:17,279: [8395] m.c.manticore:INFO: Generated testcase No. 57 - REVERT(3 txs)
2019-08-03 03:53:19,109: [8359] m.c.manticore:INFO: Generated testcase No. 59 - REVERT(3 txs)
2019-08-03 03:53:25,908: [8389] m.c.manticore:INFO: Generated testcase No. 60 - REVERT(3 txs)
2019-08-03 03:53:26,377: [8384] m.c.manticore:INFO: Generated testcase No. 61 - REVERT(3 txs)
2019-08-03 03:53:27,128: [8357] m.c.manticore:INFO: Generated testcase No. 62 - REVERT(3 txs)
2019-08-03 03:53:29,512: [8372] m.c.manticore:INFO: Generated testcase No. 63 - REVERT(3 txs)
2019-08-03 03:53:29,707: [8401] m.c.manticore:INFO: Generated testcase No. 64 - REVERT(3 txs)
2019-08-03 03:53:30,229: [8365] m.c.manticore:INFO: Generated testcase No. 65 - REVERT(3 txs)
2019-08-03 03:53:30,513: [8395] m.c.manticore:INFO: Generated testcase No. 66 - REVERT(3 txs)
2019-08-03 03:53:31,413: [8377] m.c.manticore:INFO: Generated testcase No. 67 - REVERT(3 txs)
2019-08-03 03:53:32,201: [8355] m.c.manticore:INFO: Generated testcase No. 68 - REVERT(3 txs)
2019-08-03 03:53:32,393: [8359] m.c.manticore:INFO: Generated testcase No. 69 - REVERT(3 txs)
2019-08-03 03:53:39,497: [8384] m.c.manticore:INFO: Generated testcase No. 70 - REVERT(3 txs)
2019-08-03 03:53:39,808: [8389] m.c.manticore:INFO: Generated testcase No. 71 - REVERT(3 txs)
2019-08-03 03:53:41,210: [8357] m.c.manticore:INFO: Generated testcase No. 72 - REVERT(3 txs)
2019-08-03 03:53:43,011: [8372] m.c.manticore:INFO: Generated testcase No. 73 - REVERT(3 txs)
2019-08-03 03:53:44,236: [8365] m.c.manticore:INFO: Generated testcase No. 74 - REVERT(3 txs)
2019-08-03 03:53:44,237: [8401] m.c.manticore:INFO: Generated testcase No. 75 - REVERT(3 txs)
2019-08-03 03:53:44,875: [8377] m.c.manticore:INFO: Generated testcase No. 76 - REVERT(3 txs)
2019-08-03 03:53:45,641: [8395] m.c.manticore:INFO: Generated testcase No. 77 - REVERT(3 txs)
2019-08-03 03:53:46,601: [8355] m.c.manticore:INFO: Generated testcase No. 78 - REVERT(3 txs)
2019-08-03 03:53:47,007: [8359] m.c.manticore:INFO: Generated testcase No. 79 - REVERT(3 txs)
2019-08-03 03:53:51,175: [8389] m.c.manticore:INFO: Generated testcase No. 80 - REVERT(3 txs)
2019-08-03 03:53:52,523: [8384] m.c.manticore:INFO: Generated testcase No. 81 - REVERT(3 txs)
2019-08-03 03:53:54,377: [8357] m.c.manticore:INFO: Generated testcase No. 82 - REVERT(3 txs)
2019-08-03 03:53:56,638: [8372] m.c.manticore:INFO: Generated testcase No. 83 - REVERT(3 txs)
2019-08-03 03:53:57,017: [8401] m.c.manticore:INFO: Generated testcase No. 84 - REVERT(3 txs)
2019-08-03 03:53:57,187: [8365] m.c.manticore:INFO: Generated testcase No. 85 - REVERT(3 txs)
2019-08-03 03:53:58,502: [8377] m.c.manticore:INFO: Generated testcase No. 86 - REVERT(3 txs)
2019-08-03 03:53:59,819: [8355] m.c.manticore:INFO: Generated testcase No. 87 - REVERT(3 txs)
2019-08-03 03:54:00,365: [8395] m.c.manticore:INFO: Generated testcase No. 88 - REVERT(3 txs)
2019-08-03 03:54:00,777: [8359] m.c.manticore:INFO: Generated testcase No. 89 - REVERT(3 txs)
2019-08-03 03:54:06,927: [8384] m.c.manticore:INFO: Generated testcase No. 90 - REVERT(3 txs)
2019-08-03 03:54:07,102: [8389] m.c.manticore:INFO: Generated testcase No. 91 - REVERT(3 txs)
2019-08-03 03:54:14,441: [13] m.c.manticore:INFO: Results in /mcore_96hec5do
2019-08-03 03:54:16,916: [11308] m.main:INFO: Registered plugins: DetectDelegatecall, DetectIntegerOverflow, DetectReentrancyAdvanced, DetectReentrancySimple, DetectInvalid, DetectUnusedRetVal, DetectEnvInstruction, DetectUninitializedStorage, DetectExternalCallAndLeak, DetectSuicidal, DetectUninitializedMemory
2019-08-03 03:54:16,917: [11308] m.main:INFO: Beginning analysis
2019-08-03 03:54:16,937: [11308] m.e.manticore:INFO: Starting symbolic create contract
2019-08-03 03:54:21,221: [11308] m.e.manticore:INFO: Starting symbolic transaction: 0
2019-08-03 03:54:41,059: [11308] m.e.manticore:INFO: 8 alive states, 8 terminated states
2019-08-03 03:54:43,946: [11308] m.e.manticore:INFO: Starting symbolic transaction: 1
2019-08-03 03:58:50,984: [11308] m.e.manticore:INFO: 64 alive states, 72 terminated states
2019-08-03 03:58:55,104: [31472] m.c.manticore:INFO: Generated testcase No. 0 - RETURN(3 txs)
2019-08-03 03:58:55,307: [31469] m.c.manticore:INFO: Generated testcase No. 1 - RETURN(3 txs)
2019-08-03 03:58:55,316: [31500] m.c.manticore:INFO: Generated testcase No. 3 - RETURN(3 txs)
2019-08-03 03:58:55,423: [31473] m.c.manticore:INFO: Generated testcase No. 2 - RETURN(3 txs)
2019-08-03 03:58:55,489: [31486] m.c.manticore:INFO: Generated testcase No. 4 - RETURN(3 txs)
2019-08-03 03:58:55,501: [31493] m.c.manticore:INFO: Generated testcase No. 5 - RETURN(3 txs)
2019-08-03 03:58:55,579: [31478] m.c.manticore:INFO: Generated testcase No. 7 - RETURN(3 txs)
2019-08-03 03:58:55,587: [31475] m.c.manticore:INFO: Generated testcase No. 6 - RETURN(3 txs)
2019-08-03 03:58:55,653: [31468] m.c.manticore:INFO: Generated testcase No. 8 - RETURN(3 txs)
2019-08-03 03:59:24,512: [31475] m.c.manticore:INFO: Generated testcase No. 9 - RETURN(3 txs)
2019-08-03 03:59:26,934: [31478] m.c.manticore:INFO: Generated testcase No. 10 - RETURN(3 txs)
2019-08-03 03:59:27,446: [31473] m.c.manticore:INFO: Generated testcase No. 11 - RETURN(3 txs)
2019-08-03 03:59:27,744: [31486] m.c.manticore:INFO: Generated testcase No. 12 - RETURN(3 txs)
2019-08-03 03:59:28,976: [31469] m.c.manticore:INFO: Generated testcase No. 13 - RETURN(3 txs)
2019-08-03 03:59:29,274: [31500] m.c.manticore:INFO: Generated testcase No. 14 - RETURN(3 txs)
2019-08-03 03:59:29,575: [31472] m.c.manticore:INFO: Generated testcase No. 15 - RETURN(3 txs)
2019-08-03 03:59:32,988: [31468] m.c.manticore:INFO: Generated testcase No. 16 - RETURN(3 txs)
2019-08-03 03:59:35,835: [31493] m.c.manticore:INFO: Generated testcase No. 17 - RETURN(3 txs)
2019-08-03 03:59:53,012: [31473] m.c.manticore:INFO: Generated testcase No. 18 - RETURN(3 txs)
2019-08-03 03:59:54,475: [31486] m.c.manticore:INFO: Generated testcase No. 19 - RETURN(3 txs)
2019-08-03 03:59:55,795: [31475] m.c.manticore:INFO: Generated testcase No. 20 - RETURN(3 txs)
2019-08-03 03:59:56,727: [31472] m.c.manticore:INFO: Generated testcase No. 21 - RETURN(3 txs)
2019-08-03 03:59:57,344: [31469] m.c.manticore:INFO: Generated testcase No. 22 - RETURN(3 txs)
2019-08-03 03:59:57,922: [31500] m.c.manticore:INFO: Generated testcase No. 23 - RETURN(3 txs)
2019-08-03 04:00:03,049: [31493] m.c.manticore:INFO: Generated testcase No. 24 - RETURN(3 txs)
2019-08-03 04:00:04,116: [31478] m.c.manticore:INFO: Generated testcase No. 25 - RETURN(3 txs)
2019-08-03 04:00:05,321: [31468] m.c.manticore:INFO: Generated testcase No. 26 - RETURN(3 txs)
2019-08-03 04:00:21,546: [31486] m.c.manticore:INFO: Generated testcase No. 27 - RETURN(3 txs)
2019-08-03 04:00:21,791: [31473] m.c.manticore:INFO: Generated testcase No. 28 - RETURN(3 txs)
2019-08-03 04:00:24,630: [31472] m.c.manticore:INFO: Generated testcase No. 29 - RETURN(3 txs)
2019-08-03 04:00:30,387: [31475] m.c.manticore:INFO: Generated testcase No. 30 - RETURN(3 txs)
2019-08-03 04:00:34,496: [31500] m.c.manticore:INFO: Generated testcase No. 31 - RETURN(3 txs)
2019-08-03 04:00:36,020: [31493] m.c.manticore:INFO: Generated testcase No. 32 - RETURN(3 txs)
2019-08-03 04:00:36,656: [31469] m.c.manticore:INFO: Generated testcase No. 33 - RETURN(3 txs)
2019-08-03 04:00:39,288: [31468] m.c.manticore:INFO: Generated testcase No. 34 - RETURN(3 txs)
2019-08-03 04:00:40,009: [31478] m.c.manticore:INFO: Generated testcase No. 35 - RETURN(3 txs)
2019-08-03 04:00:50,839: [31473] m.c.manticore:INFO: Generated testcase No. 36 - RETURN(3 txs)
2019-08-03 04:00:56,621: [31486] m.c.manticore:INFO: Generated testcase No. 37 - RETURN(3 txs)
2019-08-03 04:01:02,586: [31472] m.c.manticore:INFO: Generated testcase No. 38 - RETURN(3 txs)
2019-08-03 04:01:04,978: [31475] m.c.manticore:INFO: Generated testcase No. 39 - RETURN(3 txs)
2019-08-03 04:01:07,792: [31500] m.c.manticore:INFO: Generated testcase No. 40 - RETURN(3 txs)
2019-08-03 04:01:09,482: [31468] m.c.manticore:INFO: Generated testcase No. 41 - RETURN(3 txs)
2019-08-03 04:01:11,588: [31493] m.c.manticore:INFO: Generated testcase No. 42 - RETURN(3 txs)
2019-08-03 04:01:15,799: [31478] m.c.manticore:INFO: Generated testcase No. 43 - RETURN(3 txs)
2019-08-03 04:01:19,524: [31469] m.c.manticore:INFO: Generated testcase No. 44 - RETURN(3 txs)
2019-08-03 04:01:24,806: [31473] m.c.manticore:INFO: Generated testcase No. 46 - RETURN(3 txs)
2019-08-03 04:01:24,824: [31486] m.c.manticore:INFO: Generated testcase No. 45 - RETURN(3 txs)
2019-08-03 04:01:30,131: [31472] m.c.manticore:INFO: Generated testcase No. 47 - RETURN(3 txs)
2019-08-03 04:01:36,869: [31468] m.c.manticore:INFO: Generated testcase No. 48 - RETURN(3 txs)
2019-08-03 04:01:37,177: [31475] m.c.manticore:INFO: Generated testcase No. 49 - RETURN(3 txs)
2019-08-03 04:01:37,239: [31500] m.c.manticore:INFO: Generated testcase No. 50 - RETURN(3 txs)
2019-08-03 04:01:38,923: [31493] m.c.manticore:INFO: Generated testcase No. 51 - RETURN(3 txs)
2019-08-03 04:01:51,439: [31478] m.c.manticore:INFO: Generated testcase No. 52 - RETURN(3 txs)
2019-08-03 04:01:52,780: [31469] m.c.manticore:INFO: Generated testcase No. 53 - RETURN(3 txs)
2019-08-03 04:01:56,519: [31473] m.c.manticore:INFO: Generated testcase No. 54 - RETURN(3 txs)
2019-08-03 04:02:00,792: [31472] m.c.manticore:INFO: Generated testcase No. 56 - RETURN(3 txs)
2019-08-03 04:02:00,801: [31486] m.c.manticore:INFO: Generated testcase No. 55 - RETURN(3 txs)
2019-08-03 04:02:06,454: [31500] m.c.manticore:INFO: Generated testcase No. 57 - RETURN(3 txs)
2019-08-03 04:02:16,423: [31468] m.c.manticore:INFO: Generated testcase No. 58 - RETURN(3 txs)
2019-08-03 04:02:16,899: [31475] m.c.manticore:INFO: Generated testcase No. 59 - RETURN(3 txs)
2019-08-03 04:02:18,180: [31493] m.c.manticore:INFO: Generated testcase No. 60 - RETURN(3 txs)
2019-08-03 04:02:24,927: [31469] m.c.manticore:INFO: Generated testcase No. 61 - RETURN(3 txs)
2019-08-03 04:02:30,098: [31473] m.c.manticore:INFO: Generated testcase No. 62 - RETURN(3 txs)
2019-08-03 04:02:43,130: [31478] m.c.manticore:INFO: Generated testcase No. 63 - RETURN(3 txs)
2019-08-03 04:02:43,919: [31472] m.c.manticore:INFO: Generated testcase No. 64 - RETURN(1 txs)
2019-08-03 04:02:45,487: [31500] m.c.manticore:INFO: Generated testcase No. 65 - REVERT(2 txs)
2019-08-03 04:02:47,403: [31486] m.c.manticore:INFO: Generated testcase No. 66 - REVERT(2 txs)
2019-08-03 04:02:48,126: [31475] m.c.manticore:INFO: Generated testcase No. 67 - REVERT(2 txs)
2019-08-03 04:03:02,095: [31469] m.c.manticore:INFO: Generated testcase No. 68 - REVERT(2 txs)
2019-08-03 04:03:03,006: [31493] m.c.manticore:INFO: Generated testcase No. 69 - REVERT(2 txs)
2019-08-03 04:03:03,995: [31468] m.c.manticore:INFO: Generated testcase No. 70 - REVERT(2 txs)
2019-08-03 04:03:04,912: [31473] m.c.manticore:INFO: Generated testcase No. 71 - REVERT(2 txs)
2019-08-03 04:03:07,148: [31472] m.c.manticore:INFO: Generated testcase No. 72 - RETURN(2 txs)
2019-08-03 04:03:12,248: [31475] m.c.manticore:INFO: Generated testcase No. 73 - RETURN(2 txs)
2019-08-03 04:03:12,645: [31478] m.c.manticore:INFO: Generated testcase No. 74 - RETURN(2 txs)
2019-08-03 04:03:13,305: [31486] m.c.manticore:INFO: Generated testcase No. 75 - RETURN(2 txs)
2019-08-03 04:03:13,553: [31500] m.c.manticore:INFO: Generated testcase No. 76 - RETURN(2 txs)
2019-08-03 04:03:23,956: [31468] m.c.manticore:INFO: Generated testcase No. 77 - RETURN(2 txs)
2019-08-03 04:03:26,881: [31469] m.c.manticore:INFO: Generated testcase No. 78 - RETURN(2 txs)
2019-08-03 04:03:27,325: [31493] m.c.manticore:INFO: Generated testcase No. 79 - REVERT(3 txs)
2019-08-03 04:03:31,701: [31473] m.c.manticore:INFO: Generated testcase No. 80 - RETURN(2 txs)
2019-08-03 04:03:33,192: [31472] m.c.manticore:INFO: Generated testcase No. 81 - REVERT(3 txs)
2019-08-03 04:03:33,836: [31475] m.c.manticore:INFO: Generated testcase No. 82 - REVERT(3 txs)
2019-08-03 04:03:36,039: [31486] m.c.manticore:INFO: Generated testcase No. 83 - REVERT(3 txs)
2019-08-03 04:03:36,223: [31500] m.c.manticore:INFO: Generated testcase No. 84 - REVERT(3 txs)
2019-08-03 04:03:39,492: [31478] m.c.manticore:INFO: Generated testcase No. 85 - REVERT(3 txs)
2019-08-03 04:03:51,234: [31468] m.c.manticore:INFO: Generated testcase No. 86 - REVERT(3 txs)
2019-08-03 04:03:52,120: [31469] m.c.manticore:INFO: Generated testcase No. 87 - REVERT(3 txs)
2019-08-03 04:03:52,614: [31493] m.c.manticore:INFO: Generated testcase No. 88 - REVERT(3 txs)
2019-08-03 04:03:59,387: [31473] m.c.manticore:INFO: Generated testcase No. 89 - REVERT(3 txs)
2019-08-03 04:04:00,574: [31475] m.c.manticore:INFO: Generated testcase No. 90 - REVERT(3 txs)
2019-08-03 04:04:02,045: [31472] m.c.manticore:INFO: Generated testcase No. 91 - REVERT(3 txs)
2019-08-03 04:04:03,822: [31500] m.c.manticore:INFO: Generated testcase No. 92 - REVERT(3 txs)
2019-08-03 04:04:05,193: [31478] m.c.manticore:INFO: Generated testcase No. 93 - REVERT(3 txs)
2019-08-03 04:04:06,921: [31486] m.c.manticore:INFO: Generated testcase No. 94 - REVERT(3 txs)
2019-08-03 04:04:20,095: [31469] m.c.manticore:INFO: Generated testcase No. 95 - REVERT(3 txs)
2019-08-03 04:04:20,514: [31493] m.c.manticore:INFO: Generated testcase No. 96 - REVERT(3 txs)
2019-08-03 04:04:21,376: [31468] m.c.manticore:INFO: Generated testcase No. 97 - REVERT(3 txs)
2019-08-03 04:04:28,326: [31472] m.c.manticore:INFO: Generated testcase No. 98 - REVERT(3 txs)
2019-08-03 04:04:28,825: [31475] m.c.manticore:INFO: Generated testcase No. 99 - REVERT(3 txs)
2019-08-03 04:04:30,013: [31473] m.c.manticore:INFO: Generated testcase No. 100 - REVERT(3 txs)
2019-08-03 04:04:33,489: [31500] m.c.manticore:INFO: Generated testcase No. 101 - REVERT(3 txs)
2019-08-03 04:04:34,430: [31486] m.c.manticore:INFO: Generated testcase No. 103 - REVERT(3 txs)
2019-08-03 04:04:34,516: [31478] m.c.manticore:INFO: Generated testcase No. 102 - REVERT(3 txs)
2019-08-03 04:04:47,833: [31493] m.c.manticore:INFO: Generated testcase No. 104 - REVERT(3 txs)
2019-08-03 04:04:50,594: [31469] m.c.manticore:INFO: Generated testcase No. 105 - REVERT(3 txs)
2019-08-03 04:04:53,491: [31468] m.c.manticore:INFO: Generated testcase No. 106 - REVERT(3 txs)
2019-08-03 04:04:55,884: [31475] m.c.manticore:INFO: Generated testcase No. 108 - REVERT(3 txs)
2019-08-03 04:04:55,891: [31472] m.c.manticore:INFO: Generated testcase No. 107 - REVERT(3 txs)
2019-08-03 04:05:00,328: [31473] m.c.manticore:INFO: Generated testcase No. 109 - REVERT(3 txs)
2019-08-03 04:05:01,783: [31486] m.c.manticore:INFO: Generated testcase No. 110 - REVERT(3 txs)
2019-08-03 04:05:03,881: [31500] m.c.manticore:INFO: Generated testcase No. 111 - REVERT(3 txs)
2019-08-03 04:05:05,035: [31478] m.c.manticore:INFO: Generated testcase No. 112 - REVERT(3 txs)
2019-08-03 04:05:15,991: [31493] m.c.manticore:INFO: Generated testcase No. 113 - REVERT(3 txs)
2019-08-03 04:05:19,826: [31469] m.c.manticore:INFO: Generated testcase No. 114 - REVERT(3 txs)
2019-08-03 04:05:21,289: [31468] m.c.manticore:INFO: Generated testcase No. 115 - REVERT(3 txs)
2019-08-03 04:05:23,426: [31472] m.c.manticore:INFO: Generated testcase No. 116 - REVERT(3 txs)
2019-08-03 04:05:24,876: [31473] m.c.manticore:INFO: Generated testcase No. 117 - REVERT(3 txs)
2019-08-03 04:05:29,106: [31475] m.c.manticore:INFO: Generated testcase No. 118 - REVERT(3 txs)
2019-08-03 04:05:31,925: [31500] m.c.manticore:INFO: Generated testcase No. 119 - REVERT(3 txs)
2019-08-03 04:05:32,589: [31486] m.c.manticore:INFO: Generated testcase No. 120 - REVERT(3 txs)
2019-08-03 04:05:37,827: [31478] m.c.manticore:INFO: Generated testcase No. 121 - REVERT(3 txs)
2019-08-03 04:05:44,744: [31493] m.c.manticore:INFO: Generated testcase No. 122 - REVERT(3 txs)
2019-08-03 04:05:50,223: [31469] m.c.manticore:INFO: Generated testcase No. 124 - REVERT(3 txs)
2019-08-03 04:05:50,240: [31468] m.c.manticore:INFO: Generated testcase No. 123 - REVERT(3 txs)
2019-08-03 04:05:52,175: [31475] m.c.manticore:INFO: Generated testcase No. 125 - REVERT(3 txs)
2019-08-03 04:05:55,101: [31472] m.c.manticore:INFO: Generated testcase No. 126 - REVERT(3 txs)
2019-08-03 04:05:55,549: [31473] m.c.manticore:INFO: Generated testcase No. 127 - REVERT(3 txs)
2019-08-03 04:06:00,113: [31486] m.c.manticore:INFO: Generated testcase No. 128 - REVERT(3 txs)
2019-08-03 04:06:03,604: [31500] m.c.manticore:INFO: Generated testcase No. 129 - REVERT(3 txs)
2019-08-03 04:06:09,038: [31478] m.c.manticore:INFO: Generated testcase No. 130 - REVERT(3 txs)
2019-08-03 04:06:14,779: [31493] m.c.manticore:INFO: Generated testcase No. 131 - REVERT(3 txs)
2019-08-03 04:06:15,323: [31469] m.c.manticore:INFO: Generated testcase No. 132 - REVERT(3 txs)
2019-08-03 04:06:22,575: [31475] m.c.manticore:INFO: Generated testcase No. 133 - REVERT(3 txs)
2019-08-03 04:06:22,582: [31468] m.c.manticore:INFO: Generated testcase No. 134 - REVERT(3 txs)
2019-08-03 04:06:24,220: [31473] m.c.manticore:INFO: Generated testcase No. 135 - REVERT(3 txs)
2019-08-03 04:06:41,129: [11308] m.c.manticore:INFO: Results in /mcore_m07335bc
2019-08-03 04:06:47,216: [3491] m.main:INFO: Registered plugins: DetectReentrancySimple, DetectInvalid, DetectSuicidal, DetectUnusedRetVal, DetectUninitializedStorage, DetectEnvInstruction, DetectDelegatecall, DetectIntegerOverflow, DetectUninitializedMemory, DetectReentrancyAdvanced, DetectExternalCallAndLeak
2019-08-03 04:06:47,217: [3491] m.main:INFO: Beginning analysis
2019-08-03 04:06:47,228: [3491] m.e.manticore:INFO: Starting symbolic create contract
2019-08-03 04:07:01,868: [3491] m.e.manticore:INFO: Starting symbolic transaction: 0
2019-08-03 04:07:20,082: [4797] m.e.detectors:WARNING: Potentially reading uninitialized storage
2019-08-03 04:07:25,037: [4783] m.e.detectors:WARNING: Potentially reading uninitialized storage
2019-08-03 04:10:13,287: [4774] m.c.worker:ERROR: Exception in state 2: SolverError('',)
Traceback (most recent call last):
  File "/usr/local/lib/python3.6/dist-packages/manticore/platforms/evm.py", line 1213, in execute
    result = self._handler(*arguments)
  File "/usr/local/lib/python3.6/dist-packages/manticore/platforms/evm.py", line 1086, in _handler
    return implementation(*arguments)
  File "/usr/local/lib/python3.6/dist-packages/manticore/platforms/evm.py", line 1637, in CALLDATACOPY
    raise ConcretizeArgument(3, policy="SAMPLED")
manticore.platforms.evm.ConcretizeArgument: 3

During handling of the above exception, another exception occurred:

Traceback (most recent call last):
  File "/usr/local/lib/python3.6/dist-packages/manticore/core/worker.py", line 121, in run
    current_state.execute()
  File "/usr/local/lib/python3.6/dist-packages/manticore/ethereum/state.py", line 6, in execute
    return self._platform.execute()
  File "/usr/local/lib/python3.6/dist-packages/manticore/platforms/evm.py", line 2684, in execute
    self.current_vm.execute()
  File "/usr/local/lib/python3.6/dist-packages/manticore/platforms/evm.py", line 1279, in execute
    policy=ex.policy,
manticore.core.state.Concretize

During handling of the above exception, another exception occurred:

Traceback (most recent call last):
  File "/usr/local/lib/python3.6/dist-packages/manticore/core/worker.py", line 142, in run
    m._fork(current_state, exc.expression, exc.policy, exc.setstate)
  File "/usr/local/lib/python3.6/dist-packages/manticore/core/manticore.py", line 332, in _fork
    solutions = state.concretize(expression, policy)
  File "/usr/local/lib/python3.6/dist-packages/manticore/core/state.py", line 251, in concretize
    m, M = self._solver.minmax(self._constraints, symbolic)
  File "/usr/local/lib/python3.6/dist-packages/manticore/core/smtlib/solver.py", line 124, in minmax
    M = self.max(constraints, x, iters)
  File "/usr/local/lib/python3.6/dist-packages/manticore/core/smtlib/solver.py", line 107, in max
    return self.optimize(constraints, X, "maximize", M)
  File "/usr/local/lib/python3.6/dist-packages/manticore/core/smtlib/solver.py", line 508, in optimize
    while self._is_sat():
  File "/usr/local/lib/python3.6/dist-packages/manticore/core/smtlib/solver.py", line 328, in _is_sat
    raise SolverError(status)
manticore.exceptions.SolverError
 
2019-08-03 04:14:17,126: [4792] m.c.worker:ERROR: Exception in state 6: SolverError('',)
Traceback (most recent call last):
  File "/usr/local/lib/python3.6/dist-packages/manticore/core/worker.py", line 121, in run
    current_state.execute()
  File "/usr/local/lib/python3.6/dist-packages/manticore/ethereum/state.py", line 6, in execute
    return self._platform.execute()
  File "/usr/local/lib/python3.6/dist-packages/manticore/platforms/evm.py", line 2684, in execute
    self.current_vm.execute()
  File "/usr/local/lib/python3.6/dist-packages/manticore/platforms/evm.py", line 1210, in execute
    last_pc, last_gas, instruction, arguments, fee, allocated = self._checkpoint()
  File "/usr/local/lib/python3.6/dist-packages/manticore/platforms/evm.py", line 1109, in _checkpoint
    self._consume(fee)
  File "/usr/local/lib/python3.6/dist-packages/manticore/platforms/evm.py", line 972, in _consume
    self.constraints, constraint
  File "/usr/local/lib/python3.6/dist-packages/manticore/core/smtlib/solver.py", line 436, in get_all_values
    while self._is_sat():
  File "/usr/local/lib/python3.6/dist-packages/manticore/core/smtlib/solver.py", line 328, in _is_sat
    raise SolverError(status)
manticore.exceptions.SolverError
 
2019-08-03 04:15:48,729: [4796] m.c.worker:ERROR: Exception in state 7: SolverError('',)
Traceback (most recent call last):
  File "/usr/local/lib/python3.6/dist-packages/manticore/core/worker.py", line 121, in run
    current_state.execute()
  File "/usr/local/lib/python3.6/dist-packages/manticore/ethereum/state.py", line 6, in execute
    return self._platform.execute()
  File "/usr/local/lib/python3.6/dist-packages/manticore/platforms/evm.py", line 2684, in execute
    self.current_vm.execute()
  File "/usr/local/lib/python3.6/dist-packages/manticore/platforms/evm.py", line 1210, in execute
    last_pc, last_gas, instruction, arguments, fee, allocated = self._checkpoint()
  File "/usr/local/lib/python3.6/dist-packages/manticore/platforms/evm.py", line 1109, in _checkpoint
    self._consume(fee)
  File "/usr/local/lib/python3.6/dist-packages/manticore/platforms/evm.py", line 972, in _consume
    self.constraints, constraint
  File "/usr/local/lib/python3.6/dist-packages/manticore/core/smtlib/solver.py", line 436, in get_all_values
    while self._is_sat():
  File "/usr/local/lib/python3.6/dist-packages/manticore/core/smtlib/solver.py", line 328, in _is_sat
    raise SolverError(status)
manticore.exceptions.SolverError
 
2019-08-03 04:15:53,130: [4770] m.c.worker:ERROR: Exception in state 1: SolverError('',)
Traceback (most recent call last):
  File "/usr/local/lib/python3.6/dist-packages/manticore/core/worker.py", line 121, in run
    current_state.execute()
  File "/usr/local/lib/python3.6/dist-packages/manticore/ethereum/state.py", line 6, in execute
    return self._platform.execute()
  File "/usr/local/lib/python3.6/dist-packages/manticore/platforms/evm.py", line 2684, in execute
    self.current_vm.execute()
  File "/usr/local/lib/python3.6/dist-packages/manticore/platforms/evm.py", line 1210, in execute
    last_pc, last_gas, instruction, arguments, fee, allocated = self._checkpoint()
  File "/usr/local/lib/python3.6/dist-packages/manticore/platforms/evm.py", line 1109, in _checkpoint
    self._consume(fee)
  File "/usr/local/lib/python3.6/dist-packages/manticore/platforms/evm.py", line 972, in _consume
    self.constraints, constraint
  File "/usr/local/lib/python3.6/dist-packages/manticore/core/smtlib/solver.py", line 436, in get_all_values
    while self._is_sat():
  File "/usr/local/lib/python3.6/dist-packages/manticore/core/smtlib/solver.py", line 328, in _is_sat
    raise SolverError(status)
manticore.exceptions.SolverError
 
2019-08-03 04:20:12,341: [4779] m.c.worker:ERROR: Exception in state 3: SolverError('',)
Traceback (most recent call last):
  File "/usr/local/lib/python3.6/dist-packages/manticore/core/worker.py", line 121, in run
    current_state.execute()
  File "/usr/local/lib/python3.6/dist-packages/manticore/ethereum/state.py", line 6, in execute
    return self._platform.execute()
  File "/usr/local/lib/python3.6/dist-packages/manticore/platforms/evm.py", line 2684, in execute
    self.current_vm.execute()
  File "/usr/local/lib/python3.6/dist-packages/manticore/platforms/evm.py", line 1210, in execute
    last_pc, last_gas, instruction, arguments, fee, allocated = self._checkpoint()
  File "/usr/local/lib/python3.6/dist-packages/manticore/platforms/evm.py", line 1109, in _checkpoint
    self._consume(fee)
  File "/usr/local/lib/python3.6/dist-packages/manticore/platforms/evm.py", line 972, in _consume
    self.constraints, constraint
  File "/usr/local/lib/python3.6/dist-packages/manticore/core/smtlib/solver.py", line 436, in get_all_values
    while self._is_sat():
  File "/usr/local/lib/python3.6/dist-packages/manticore/core/smtlib/solver.py", line 328, in _is_sat
    raise SolverError(status)
manticore.exceptions.SolverError
 
2019-08-03 04:20:31,369: [4768] m.c.worker:ERROR: Exception in state 0: SolverError('',)
Traceback (most recent call last):
  File "/usr/local/lib/python3.6/dist-packages/manticore/core/worker.py", line 121, in run
    current_state.execute()
  File "/usr/local/lib/python3.6/dist-packages/manticore/ethereum/state.py", line 6, in execute
    return self._platform.execute()
  File "/usr/local/lib/python3.6/dist-packages/manticore/platforms/evm.py", line 2684, in execute
    self.current_vm.execute()
  File "/usr/local/lib/python3.6/dist-packages/manticore/platforms/evm.py", line 1210, in execute
    last_pc, last_gas, instruction, arguments, fee, allocated = self._checkpoint()
  File "/usr/local/lib/python3.6/dist-packages/manticore/platforms/evm.py", line 1109, in _checkpoint
    self._consume(fee)
  File "/usr/local/lib/python3.6/dist-packages/manticore/platforms/evm.py", line 972, in _consume
    self.constraints, constraint
  File "/usr/local/lib/python3.6/dist-packages/manticore/core/smtlib/solver.py", line 436, in get_all_values
    while self._is_sat():
  File "/usr/local/lib/python3.6/dist-packages/manticore/core/smtlib/solver.py", line 328, in _is_sat
    raise SolverError(status)
manticore.exceptions.SolverError
 
2019-08-03 04:21:37,870: [4783] m.c.worker:ERROR: Exception in state 4: SolverError('',)
Traceback (most recent call last):
  File "/usr/local/lib/python3.6/dist-packages/manticore/core/worker.py", line 121, in run
    current_state.execute()
  File "/usr/local/lib/python3.6/dist-packages/manticore/ethereum/state.py", line 6, in execute
    return self._platform.execute()
  File "/usr/local/lib/python3.6/dist-packages/manticore/platforms/evm.py", line 2684, in execute
    self.current_vm.execute()
  File "/usr/local/lib/python3.6/dist-packages/manticore/platforms/evm.py", line 1210, in execute
    last_pc, last_gas, instruction, arguments, fee, allocated = self._checkpoint()
  File "/usr/local/lib/python3.6/dist-packages/manticore/platforms/evm.py", line 1109, in _checkpoint
    self._consume(fee)
  File "/usr/local/lib/python3.6/dist-packages/manticore/platforms/evm.py", line 972, in _consume
    self.constraints, constraint
  File "/usr/local/lib/python3.6/dist-packages/manticore/core/smtlib/solver.py", line 436, in get_all_values
    while self._is_sat():
  File "/usr/local/lib/python3.6/dist-packages/manticore/core/smtlib/solver.py", line 328, in _is_sat
    raise SolverError(status)
manticore.exceptions.SolverError
 
2019-08-03 04:21:38,104: [3491] m.e.manticore:INFO: 13 alive states, 14 terminated states