2019-07-22 23:24:02,276: [14] m.main:INFO: Registered plugins: DetectReentrancyAdvanced, DetectReentrancySimple, DetectInvalid, DetectUnusedRetVal, DetectUninitializedStorage, DetectSuicidal, DetectExternalCallAndLeak, DetectEnvInstruction, DetectIntegerOverflow, DetectUninitializedMemory, DetectDelegatecall
2019-07-22 23:24:02,277: [14] m.main:INFO: Beginning analysis
2019-07-22 23:24:02,285: [14] m.e.manticore:INFO: Starting symbolic create contract
2019-07-22 23:24:04,355: [14] m.e.manticore:INFO: Starting symbolic transaction: 0
2019-07-22 23:24:05,283: [14] m.e.manticore:INFO: 0 alive states, 2 terminated states
2019-07-22 23:24:05,470: [14] m.e.manticore:INFO: Starting symbolic transaction: 1
2019-07-22 23:24:05,672: [624] m.c.manticore:INFO: Generated testcase No. 0 - RETURN(1 txs)
2019-07-22 23:24:05,682: [625] m.c.manticore:INFO: Generated testcase No. 1 - REVERT(2 txs)
2019-07-22 23:24:06,774: [14] m.c.manticore:INFO: Results in /mcore_7c240lfx
2019-07-22 23:24:07,672: [949] m.main:INFO: Registered plugins: DetectUnusedRetVal, DetectReentrancySimple, DetectInvalid, DetectDelegatecall, DetectExternalCallAndLeak, DetectSuicidal, DetectUninitializedStorage, DetectIntegerOverflow, DetectEnvInstruction, DetectReentrancyAdvanced, DetectUninitializedMemory
2019-07-22 23:24:07,672: [949] m.main:INFO: Beginning analysis
2019-07-22 23:24:07,683: [949] m.e.manticore:INFO: Starting symbolic create contract
2019-07-22 23:24:10,891: [949] m.e.manticore:INFO: Starting symbolic transaction: 0
2019-07-22 23:24:14,479: [1331] m.e.detectors:WARNING: Warning ORIGIN instruction used
2019-07-22 23:24:14,692: [1311] m.e.detectors:WARNING: Warning ORIGIN instruction used
2019-07-22 23:24:15,666: [949] m.e.manticore:INFO: 0 alive states, 6 terminated states
2019-07-22 23:24:16,578: [949] m.e.manticore:INFO: Starting symbolic transaction: 1
2019-07-22 23:24:16,849: [2001] m.c.manticore:INFO: Generated testcase No. 1 - REVERT(2 txs)
2019-07-22 23:24:16,857: [1999] m.c.manticore:INFO: Generated testcase No. 0 - REVERT(2 txs)
2019-07-22 23:24:16,929: [1996] m.c.manticore:INFO: Generated testcase No. 3 - REVERT(2 txs)
2019-07-22 23:24:16,956: [1995] m.c.manticore:INFO: Generated testcase No. 4 - REVERT(2 txs)
2019-07-22 23:24:16,959: [1994] m.c.manticore:INFO: Generated testcase No. 2 - RETURN(1 txs)
2019-07-22 23:24:17,064: [2009] m.c.manticore:INFO: Generated testcase No. 5 - REVERT(2 txs)
2019-07-22 23:24:28,358: [949] m.c.manticore:INFO: Results in /mcore_yx3gip1z
2019-07-22 23:24:30,266: [2434] m.main:INFO: Registered plugins: DetectReentrancySimple, DetectInvalid, DetectSuicidal, DetectReentrancyAdvanced, DetectUninitializedStorage, DetectDelegatecall, DetectEnvInstruction, DetectIntegerOverflow, DetectUninitializedMemory, DetectUnusedRetVal, DetectExternalCallAndLeak
2019-07-22 23:24:30,266: [2434] m.main:INFO: Beginning analysis
2019-07-22 23:24:30,278: [2434] m.e.manticore:INFO: Starting symbolic create contract
2019-07-22 23:24:33,472: [2434] m.e.manticore:INFO: Starting symbolic transaction: 0
2019-07-22 23:24:37,265: [2434] m.e.manticore:INFO: 0 alive states, 5 terminated states
2019-07-22 23:24:38,582: [2434] m.e.manticore:INFO: Starting symbolic transaction: 1
2019-07-22 23:24:39,148: [3154] m.c.manticore:INFO: Generated testcase No. 0 - REVERT(2 txs)
2019-07-22 23:24:39,157: [3155] m.c.manticore:INFO: Generated testcase No. 4 - REVERT(2 txs)
2019-07-22 23:24:39,159: [3156] m.c.manticore:INFO: Generated testcase No. 2 - RETURN(1 txs)
2019-07-22 23:24:39,213: [3171] m.c.manticore:INFO: Generated testcase No. 3 - REVERT(2 txs)
2019-07-22 23:24:39,215: [3170] m.c.manticore:INFO: Generated testcase No. 1 - REVERT(2 txs)
Process Process-23:
Traceback (most recent call last):
  File "/usr/local/lib/python3.6/dist-packages/manticore/ethereum/abi.py", line 212, in deserialize
    result += (ABI._deserialize(abitypes.parse(ty), data[4:]),)
  File "/usr/local/lib/python3.6/dist-packages/ply/yacc.py", line 333, in parse
    return self.parseopt_notrack(input, lexer, debug, tracking, tokenfunc)
  File "/usr/local/lib/python3.6/dist-packages/ply/yacc.py", line 1063, in parseopt_notrack
    lookahead = get_token()     # Get the next token
  File "/usr/local/lib/python3.6/dist-packages/ply/lex.py", line 386, in token
    newtok = self.lexerrorf(tok)
  File "/usr/local/lib/python3.6/dist-packages/manticore/ethereum/abitypes.py", line 144, in t_error
    raise Exception("Illegal character '%s'" % t.value[0])
Exception: Illegal character ' '

During handling of the above exception, another exception occurred:

Traceback (most recent call last):
  File "/usr/lib/python3.6/multiprocessing/process.py", line 258, in _bootstrap
    self.run()
  File "/usr/lib/python3.6/multiprocessing/process.py", line 93, in run
    self._target(*self._args, **self._kwargs)
  File "/usr/local/lib/python3.6/dist-packages/manticore/ethereum/manticore.py", line 1656, in worker_finalize
    finalizer(q.get_nowait())
  File "/usr/local/lib/python3.6/dist-packages/manticore/ethereum/manticore.py", line 1651, in finalizer
    self.generate_testcase(st, message=message)
  File "/usr/local/lib/python3.6/dist-packages/manticore/ethereum/manticore.py", line 1568, in generate_testcase
    is_something_symbolic = sym_tx.dump(tx_summary, state, self, conc_tx=conc_tx)
  File "/usr/local/lib/python3.6/dist-packages/manticore/platforms/evm.py", line 252, in dump
    _, arguments = ABI.deserialize(signature, calldata)
  File "/usr/local/lib/python3.6/dist-packages/manticore/ethereum/abi.py", line 219, in deserialize
    raise EthereumError("Error {} deserializing type {:s}".format(str(e), type_spec))
manticore.exceptions.EthereumError: Error Illegal character ' ' deserializing type remove(uint32[] storage,uint32,uint256)
Process Process-30:
Traceback (most recent call last):
  File "/usr/local/lib/python3.6/dist-packages/manticore/ethereum/abi.py", line 212, in deserialize
    result += (ABI._deserialize(abitypes.parse(ty), data[4:]),)
  File "/usr/local/lib/python3.6/dist-packages/ply/yacc.py", line 333, in parse
    return self.parseopt_notrack(input, lexer, debug, tracking, tokenfunc)
  File "/usr/local/lib/python3.6/dist-packages/ply/yacc.py", line 1063, in parseopt_notrack
    lookahead = get_token()     # Get the next token
  File "/usr/local/lib/python3.6/dist-packages/ply/lex.py", line 386, in token
    newtok = self.lexerrorf(tok)
  File "/usr/local/lib/python3.6/dist-packages/manticore/ethereum/abitypes.py", line 144, in t_error
    raise Exception("Illegal character '%s'" % t.value[0])
Exception: Illegal character ' '

During handling of the above exception, another exception occurred:

Traceback (most recent call last):
  File "/usr/lib/python3.6/multiprocessing/process.py", line 258, in _bootstrap
    self.run()
  File "/usr/lib/python3.6/multiprocessing/process.py", line 93, in run
    self._target(*self._args, **self._kwargs)
  File "/usr/local/lib/python3.6/dist-packages/manticore/ethereum/manticore.py", line 1656, in worker_finalize
    finalizer(q.get_nowait())
  File "/usr/local/lib/python3.6/dist-packages/manticore/ethereum/manticore.py", line 1651, in finalizer
    self.generate_testcase(st, message=message)
  File "/usr/local/lib/python3.6/dist-packages/manticore/ethereum/manticore.py", line 1568, in generate_testcase
    is_something_symbolic = sym_tx.dump(tx_summary, state, self, conc_tx=conc_tx)
  File "/usr/local/lib/python3.6/dist-packages/manticore/platforms/evm.py", line 252, in dump
    _, arguments = ABI.deserialize(signature, calldata)
  File "/usr/local/lib/python3.6/dist-packages/manticore/ethereum/abi.py", line 219, in deserialize
    raise EthereumError("Error {} deserializing type {:s}".format(str(e), type_spec))
manticore.exceptions.EthereumError: Error Illegal character ' ' deserializing type insert(uint32[] storage,uint32,uint256)
Process Process-22:
Traceback (most recent call last):
  File "/usr/local/lib/python3.6/dist-packages/manticore/ethereum/abi.py", line 212, in deserialize
    result += (ABI._deserialize(abitypes.parse(ty), data[4:]),)
  File "/usr/local/lib/python3.6/dist-packages/ply/yacc.py", line 333, in parse
    return self.parseopt_notrack(input, lexer, debug, tracking, tokenfunc)
  File "/usr/local/lib/python3.6/dist-packages/ply/yacc.py", line 1063, in parseopt_notrack
    lookahead = get_token()     # Get the next token
  File "/usr/local/lib/python3.6/dist-packages/ply/lex.py", line 386, in token
    newtok = self.lexerrorf(tok)
  File "/usr/local/lib/python3.6/dist-packages/manticore/ethereum/abitypes.py", line 144, in t_error
    raise Exception("Illegal character '%s'" % t.value[0])
Exception: Illegal character ' '

During handling of the above exception, another exception occurred:

Traceback (most recent call last):
  File "/usr/lib/python3.6/multiprocessing/process.py", line 258, in _bootstrap
    self.run()
  File "/usr/lib/python3.6/multiprocessing/process.py", line 93, in run
    self._target(*self._args, **self._kwargs)
  File "/usr/local/lib/python3.6/dist-packages/manticore/ethereum/manticore.py", line 1656, in worker_finalize
    finalizer(q.get_nowait())
  File "/usr/local/lib/python3.6/dist-packages/manticore/ethereum/manticore.py", line 1651, in finalizer
    self.generate_testcase(st, message=message)
  File "/usr/local/lib/python3.6/dist-packages/manticore/ethereum/manticore.py", line 1568, in generate_testcase
    is_something_symbolic = sym_tx.dump(tx_summary, state, self, conc_tx=conc_tx)
  File "/usr/local/lib/python3.6/dist-packages/manticore/platforms/evm.py", line 252, in dump
    _, arguments = ABI.deserialize(signature, calldata)
  File "/usr/local/lib/python3.6/dist-packages/manticore/ethereum/abi.py", line 219, in deserialize
    raise EthereumError("Error {} deserializing type {:s}".format(str(e), type_spec))
manticore.exceptions.EthereumError: Error Illegal character ' ' deserializing type remove(uint32[] storage,uint32)
2019-07-22 23:24:51,196: [2434] m.c.manticore:INFO: Results in /mcore_yb6nficb
2019-07-22 23:24:54,168: [3544] m.main:INFO: Registered plugins: DetectReentrancyAdvanced, DetectReentrancySimple, DetectInvalid, DetectUnusedRetVal, DetectUninitializedStorage, DetectSuicidal, DetectExternalCallAndLeak, DetectEnvInstruction, DetectUninitializedMemory, DetectDelegatecall, DetectIntegerOverflow
2019-07-22 23:24:54,168: [3544] m.main:INFO: Beginning analysis
2019-07-22 23:24:54,178: [3544] m.e.manticore:INFO: Starting symbolic create contract
2019-07-22 23:24:58,795: [3544] m.e.manticore:INFO: Starting symbolic transaction: 0
2019-07-22 23:25:08,288: [3906] m.e.detectors:WARNING: Warning ORIGIN instruction used
2019-07-22 23:25:09,079: [3922] m.e.detectors:WARNING: Warning ORIGIN instruction used