2019-07-31 14:33:32,435: [12] m.main:INFO: Registered plugins: DetectReentrancySimple, DetectInvalid, DetectUnusedRetVal, DetectEnvInstruction, DetectUninitializedStorage, DetectSuicidal, DetectExternalCallAndLeak, DetectUninitializedMemory, DetectReentrancyAdvanced, DetectDelegatecall, DetectIntegerOverflow
2019-07-31 14:33:32,436: [12] m.main:INFO: Beginning analysis
2019-07-31 14:33:32,449: [12] m.e.manticore:INFO: Starting symbolic create contract
2019-07-31 14:33:33,188: [12] m.e.manticore:INFO: Starting symbolic transaction: 0
2019-07-31 14:33:33,913: [12] m.e.manticore:INFO: 0 alive states, 2 terminated states
2019-07-31 14:33:34,042: [12] m.e.manticore:INFO: Starting symbolic transaction: 1
2019-07-31 14:33:34,108: [548] m.c.manticore:INFO: Generated testcase No. 0 - RETURN(1 txs)
2019-07-31 14:33:34,134: [549] m.c.manticore:INFO: Generated testcase No. 1 - REVERT(2 txs)
2019-07-31 14:33:35,163: [12] m.c.manticore:INFO: Results in /mcore_lzai3_r0
2019-07-31 14:33:36,068: [863] m.main:INFO: Registered plugins: DetectReentrancySimple, DetectInvalid, DetectUnusedRetVal, DetectUninitializedStorage, DetectIntegerOverflow, DetectSuicidal, DetectExternalCallAndLeak, DetectReentrancyAdvanced, DetectEnvInstruction, DetectUninitializedMemory, DetectDelegatecall
2019-07-31 14:33:36,068: [863] m.main:INFO: Beginning analysis
2019-07-31 14:33:36,089: [863] m.e.manticore:INFO: Starting symbolic create contract
2019-07-31 14:34:40,776: [863] m.e.manticore:INFO: Starting symbolic transaction: 0
2019-07-31 14:36:51,498: [2089] m.e.detectors:WARNING: Potentially reading uninitialized storage
2019-07-31 14:37:35,830: [2093] m.e.detectors:WARNING: Potentially reading uninitialized storage
2019-07-31 14:37:51,131: [2089] m.e.detectors:WARNING: Potentially reading uninitialized storage
2019-07-31 14:38:28,595: [2089] m.e.detectors:WARNING: Potentially reading uninitialized storage
2019-07-31 14:41:54,831: [2093] m.e.detectors:WARNING: Potentially reading uninitialized memory at instruction (address: 1325419682236525366060218952420698790009325074736, offset 128)
2019-07-31 14:42:00,815: [2093] m.e.detectors:WARNING: Potentially reading uninitialized memory at instruction (address: 1325419682236525366060218952420698790009325074736, offset 129)
2019-07-31 14:42:06,485: [2093] m.e.detectors:WARNING: Potentially reading uninitialized memory at instruction (address: 1325419682236525366060218952420698790009325074736, offset 130)
2019-07-31 14:42:09,513: [2093] m.e.detectors:WARNING: Potentially reading uninitialized memory at instruction (address: 1325419682236525366060218952420698790009325074736, offset 131)
2019-07-31 14:42:11,517: [2093] m.e.detectors:WARNING: Potentially reading uninitialized memory at instruction (address: 1325419682236525366060218952420698790009325074736, offset 132)
2019-07-31 14:42:16,784: [2093] m.e.detectors:WARNING: Potentially reading uninitialized memory at instruction (address: 1325419682236525366060218952420698790009325074736, offset 133)
2019-07-31 14:42:21,130: [2093] m.e.detectors:WARNING: Potentially reading uninitialized memory at instruction (address: 1325419682236525366060218952420698790009325074736, offset 134)
2019-07-31 14:42:22,923: [2093] m.e.detectors:WARNING: Potentially reading uninitialized memory at instruction (address: 1325419682236525366060218952420698790009325074736, offset 135)
2019-07-31 14:42:24,314: [2093] m.e.detectors:WARNING: Potentially reading uninitialized memory at instruction (address: 1325419682236525366060218952420698790009325074736, offset 136)
2019-07-31 14:42:29,710: [2093] m.e.detectors:WARNING: Potentially reading uninitialized memory at instruction (address: 1325419682236525366060218952420698790009325074736, offset 137)
2019-07-31 14:42:34,011: [2093] m.e.detectors:WARNING: Potentially reading uninitialized memory at instruction (address: 1325419682236525366060218952420698790009325074736, offset 138)
2019-07-31 14:42:41,520: [2093] m.e.detectors:WARNING: Potentially reading uninitialized memory at instruction (address: 1325419682236525366060218952420698790009325074736, offset 139)
2019-07-31 14:42:53,432: [2093] m.e.detectors:WARNING: Potentially reading uninitialized memory at instruction (address: 1325419682236525366060218952420698790009325074736, offset 140)
2019-07-31 14:42:55,311: [2093] m.e.detectors:WARNING: Potentially reading uninitialized memory at instruction (address: 1325419682236525366060218952420698790009325074736, offset 141)
2019-07-31 14:42:57,431: [2093] m.e.detectors:WARNING: Potentially reading uninitialized memory at instruction (address: 1325419682236525366060218952420698790009325074736, offset 142)
2019-07-31 14:42:59,050: [2093] m.e.detectors:WARNING: Potentially reading uninitialized memory at instruction (address: 1325419682236525366060218952420698790009325074736, offset 143)
2019-07-31 14:43:00,931: [2093] m.e.detectors:WARNING: Potentially reading uninitialized memory at instruction (address: 1325419682236525366060218952420698790009325074736, offset 144)
2019-07-31 14:43:02,431: [2093] m.e.detectors:WARNING: Potentially reading uninitialized memory at instruction (address: 1325419682236525366060218952420698790009325074736, offset 145)
2019-07-31 14:43:04,114: [2093] m.e.detectors:WARNING: Potentially reading uninitialized memory at instruction (address: 1325419682236525366060218952420698790009325074736, offset 146)
2019-07-31 14:43:05,718: [2093] m.e.detectors:WARNING: Potentially reading uninitialized memory at instruction (address: 1325419682236525366060218952420698790009325074736, offset 147)
2019-07-31 14:43:09,999: [2093] m.e.detectors:WARNING: Potentially reading uninitialized memory at instruction (address: 1325419682236525366060218952420698790009325074736, offset 148)
2019-07-31 14:43:11,234: [2093] m.e.detectors:WARNING: Potentially reading uninitialized memory at instruction (address: 1325419682236525366060218952420698790009325074736, offset 149)
2019-07-31 14:43:12,422: [2093] m.e.detectors:WARNING: Potentially reading uninitialized memory at instruction (address: 1325419682236525366060218952420698790009325074736, offset 150)
2019-07-31 14:43:13,843: [2093] m.e.detectors:WARNING: Potentially reading uninitialized memory at instruction (address: 1325419682236525366060218952420698790009325074736, offset 151)
2019-07-31 14:43:16,528: [2093] m.e.detectors:WARNING: Potentially reading uninitialized memory at instruction (address: 1325419682236525366060218952420698790009325074736, offset 152)
2019-07-31 14:43:17,839: [2093] m.e.detectors:WARNING: Potentially reading uninitialized memory at instruction (address: 1325419682236525366060218952420698790009325074736, offset 153)
2019-07-31 14:43:19,426: [2093] m.e.detectors:WARNING: Potentially reading uninitialized memory at instruction (address: 1325419682236525366060218952420698790009325074736, offset 154)
2019-07-31 14:43:21,148: [2093] m.e.detectors:WARNING: Potentially reading uninitialized memory at instruction (address: 1325419682236525366060218952420698790009325074736, offset 155)
2019-07-31 14:43:22,631: [2093] m.e.detectors:WARNING: Potentially reading uninitialized memory at instruction (address: 1325419682236525366060218952420698790009325074736, offset 156)
2019-07-31 14:43:24,022: [2093] m.e.detectors:WARNING: Potentially reading uninitialized memory at instruction (address: 1325419682236525366060218952420698790009325074736, offset 157)
2019-07-31 14:43:26,044: [2088] m.e.detectors:WARNING: Potentially reading uninitialized memory at instruction (address: 1325419682236525366060218952420698790009325074736, offset 128)
2019-07-31 14:43:26,131: [2093] m.e.detectors:WARNING: Potentially reading uninitialized memory at instruction (address: 1325419682236525366060218952420698790009325074736, offset 158)
2019-07-31 14:43:27,735: [2088] m.e.detectors:WARNING: Potentially reading uninitialized memory at instruction (address: 1325419682236525366060218952420698790009325074736, offset 129)
2019-07-31 14:43:27,814: [2093] m.e.detectors:WARNING: Potentially reading uninitialized memory at instruction (address: 1325419682236525366060218952420698790009325074736, offset 159)
2019-07-31 14:43:29,204: [2088] m.e.detectors:WARNING: Potentially reading uninitialized memory at instruction (address: 1325419682236525366060218952420698790009325074736, offset 130)
2019-07-31 14:43:33,123: [2093] m.e.detectors:WARNING: Potentially reading uninitialized memory at instruction (address: 1325419682236525366060218952420698790009325074736, offset 128)
2019-07-31 14:43:33,639: [2088] m.e.detectors:WARNING: Potentially reading uninitialized memory at instruction (address: 1325419682236525366060218952420698790009325074736, offset 131)
2019-07-31 14:43:35,325: [2088] m.e.detectors:WARNING: Potentially reading uninitialized memory at instruction (address: 1325419682236525366060218952420698790009325074736, offset 132)
2019-07-31 14:43:37,022: [2088] m.e.detectors:WARNING: Potentially reading uninitialized memory at instruction (address: 1325419682236525366060218952420698790009325074736, offset 133)
2019-07-31 14:43:38,035: [2093] m.e.detectors:WARNING: Potentially reading uninitialized memory at instruction (address: 1325419682236525366060218952420698790009325074736, offset 129)
2019-07-31 14:43:39,234: [2088] m.e.detectors:WARNING: Potentially reading uninitialized memory at instruction (address: 1325419682236525366060218952420698790009325074736, offset 134)
2019-07-31 14:43:39,639: [2093] m.e.detectors:WARNING: Potentially reading uninitialized memory at instruction (address: 1325419682236525366060218952420698790009325074736, offset 130)
2019-07-31 14:43:41,526: [2088] m.e.detectors:WARNING: Potentially reading uninitialized memory at instruction (address: 1325419682236525366060218952420698790009325074736, offset 135)
2019-07-31 14:43:41,903: [2093] m.e.detectors:WARNING: Potentially reading uninitialized memory at instruction (address: 1325419682236525366060218952420698790009325074736, offset 131)
2019-07-31 14:43:55,318: [2088] m.e.detectors:WARNING: Potentially reading uninitialized memory at instruction (address: 1325419682236525366060218952420698790009325074736, offset 136)
2019-07-31 14:43:56,575: [2088] m.e.detectors:WARNING: Potentially reading uninitialized memory at instruction (address: 1325419682236525366060218952420698790009325074736, offset 137)
2019-07-31 14:43:57,710: [2088] m.e.detectors:WARNING: Potentially reading uninitialized memory at instruction (address: 1325419682236525366060218952420698790009325074736, offset 138)
2019-07-31 14:43:58,815: [2088] m.e.detectors:WARNING: Potentially reading uninitialized memory at instruction (address: 1325419682236525366060218952420698790009325074736, offset 139)
2019-07-31 14:43:59,538: [2088] m.e.detectors:WARNING: Potentially reading uninitialized memory at instruction (address: 1325419682236525366060218952420698790009325074736, offset 140)
2019-07-31 14:44:00,459: [2088] m.e.detectors:WARNING: Potentially reading uninitialized memory at instruction (address: 1325419682236525366060218952420698790009325074736, offset 141)
2019-07-31 14:44:02,540: [2088] m.e.detectors:WARNING: Potentially reading uninitialized memory at instruction (address: 1325419682236525366060218952420698790009325074736, offset 142)
2019-07-31 14:44:03,307: [2088] m.e.detectors:WARNING: Potentially reading uninitialized memory at instruction (address: 1325419682236525366060218952420698790009325074736, offset 143)
2019-07-31 14:44:04,044: [2088] m.e.detectors:WARNING: Potentially reading uninitialized memory at instruction (address: 1325419682236525366060218952420698790009325074736, offset 144)
2019-07-31 14:44:04,774: [2088] m.e.detectors:WARNING: Potentially reading uninitialized memory at instruction (address: 1325419682236525366060218952420698790009325074736, offset 145)
2019-07-31 14:44:05,526: [2088] m.e.detectors:WARNING: Potentially reading uninitialized memory at instruction (address: 1325419682236525366060218952420698790009325074736, offset 146)
2019-07-31 14:44:06,626: [2088] m.e.detectors:WARNING: Potentially reading uninitialized memory at instruction (address: 1325419682236525366060218952420698790009325074736, offset 147)
2019-07-31 14:44:07,619: [2088] m.e.detectors:WARNING: Potentially reading uninitialized memory at instruction (address: 1325419682236525366060218952420698790009325074736, offset 148)
2019-07-31 14:44:09,626: [2088] m.e.detectors:WARNING: Potentially reading uninitialized memory at instruction (address: 1325419682236525366060218952420698790009325074736, offset 149)
2019-07-31 14:44:12,209: [2088] m.e.detectors:WARNING: Potentially reading uninitialized memory at instruction (address: 1325419682236525366060218952420698790009325074736, offset 150)
2019-07-31 14:44:13,030: [2088] m.e.detectors:WARNING: Potentially reading uninitialized memory at instruction (address: 1325419682236525366060218952420698790009325074736, offset 151)
2019-07-31 14:44:13,986: [2088] m.e.detectors:WARNING: Potentially reading uninitialized memory at instruction (address: 1325419682236525366060218952420698790009325074736, offset 152)
2019-07-31 14:44:14,811: [2088] m.e.detectors:WARNING: Potentially reading uninitialized memory at instruction (address: 1325419682236525366060218952420698790009325074736, offset 153)
2019-07-31 14:44:15,536: [2088] m.e.detectors:WARNING: Potentially reading uninitialized memory at instruction (address: 1325419682236525366060218952420698790009325074736, offset 154)
2019-07-31 14:44:17,757: [2088] m.e.detectors:WARNING: Potentially reading uninitialized memory at instruction (address: 1325419682236525366060218952420698790009325074736, offset 155)
2019-07-31 14:44:18,469: [2088] m.e.detectors:WARNING: Potentially reading uninitialized memory at instruction (address: 1325419682236525366060218952420698790009325074736, offset 156)
2019-07-31 14:44:19,212: [2088] m.e.detectors:WARNING: Potentially reading uninitialized memory at instruction (address: 1325419682236525366060218952420698790009325074736, offset 157)
2019-07-31 14:44:19,934: [2088] m.e.detectors:WARNING: Potentially reading uninitialized memory at instruction (address: 1325419682236525366060218952420698790009325074736, offset 158)
2019-07-31 14:44:20,666: [2088] m.e.detectors:WARNING: Potentially reading uninitialized memory at instruction (address: 1325419682236525366060218952420698790009325074736, offset 159)
2019-07-31 14:44:25,771: [2088] m.e.detectors:WARNING: Potentially reading uninitialized memory at instruction (address: 1325419682236525366060218952420698790009325074736, offset 128)
2019-07-31 14:44:26,535: [2088] m.e.detectors:WARNING: Potentially reading uninitialized memory at instruction (address: 1325419682236525366060218952420698790009325074736, offset 129)
2019-07-31 14:44:27,317: [2088] m.e.detectors:WARNING: Potentially reading uninitialized memory at instruction (address: 1325419682236525366060218952420698790009325074736, offset 130)
2019-07-31 14:44:28,360: [2088] m.e.detectors:WARNING: Potentially reading uninitialized memory at instruction (address: 1325419682236525366060218952420698790009325074736, offset 131)
2019-07-31 14:44:29,141: [2088] m.e.detectors:WARNING: Potentially reading uninitialized memory at instruction (address: 1325419682236525366060218952420698790009325074736, offset 132)
2019-07-31 14:44:29,930: [2088] m.e.detectors:WARNING: Potentially reading uninitialized memory at instruction (address: 1325419682236525366060218952420698790009325074736, offset 133)
2019-07-31 14:44:30,727: [2088] m.e.detectors:WARNING: Potentially reading uninitialized memory at instruction (address: 1325419682236525366060218952420698790009325074736, offset 134)
2019-07-31 14:44:31,656: [2088] m.e.detectors:WARNING: Potentially reading uninitialized memory at instruction (address: 1325419682236525366060218952420698790009325074736, offset 135)
2019-07-31 14:44:32,423: [2088] m.e.detectors:WARNING: Potentially reading uninitialized memory at instruction (address: 1325419682236525366060218952420698790009325074736, offset 136)
2019-07-31 14:44:33,211: [2088] m.e.detectors:WARNING: Potentially reading uninitialized memory at instruction (address: 1325419682236525366060218952420698790009325074736, offset 137)
2019-07-31 14:44:33,981: [2088] m.e.detectors:WARNING: Potentially reading uninitialized memory at instruction (address: 1325419682236525366060218952420698790009325074736, offset 138)
2019-07-31 14:44:34,761: [2088] m.e.detectors:WARNING: Potentially reading uninitialized memory at instruction (address: 1325419682236525366060218952420698790009325074736, offset 139)
2019-07-31 14:44:37,260: [2088] m.e.detectors:WARNING: Potentially reading uninitialized memory at instruction (address: 1325419682236525366060218952420698790009325074736, offset 140)
2019-07-31 14:44:38,036: [2088] m.e.detectors:WARNING: Potentially reading uninitialized memory at instruction (address: 1325419682236525366060218952420698790009325074736, offset 141)
2019-07-31 14:44:39,046: [2088] m.e.detectors:WARNING: Potentially reading uninitialized memory at instruction (address: 1325419682236525366060218952420698790009325074736, offset 142)
2019-07-31 14:44:39,843: [2088] m.e.detectors:WARNING: Potentially reading uninitialized memory at instruction (address: 1325419682236525366060218952420698790009325074736, offset 143)
2019-07-31 14:44:40,642: [2088] m.e.detectors:WARNING: Potentially reading uninitialized memory at instruction (address: 1325419682236525366060218952420698790009325074736, offset 144)
2019-07-31 14:44:41,443: [2088] m.e.detectors:WARNING: Potentially reading uninitialized memory at instruction (address: 1325419682236525366060218952420698790009325074736, offset 145)
2019-07-31 14:44:42,241: [2088] m.e.detectors:WARNING: Potentially reading uninitialized memory at instruction (address: 1325419682236525366060218952420698790009325074736, offset 146)
2019-07-31 14:44:43,023: [2088] m.e.detectors:WARNING: Potentially reading uninitialized memory at instruction (address: 1325419682236525366060218952420698790009325074736, offset 147)
2019-07-31 14:44:43,835: [2088] m.e.detectors:WARNING: Potentially reading uninitialized memory at instruction (address: 1325419682236525366060218952420698790009325074736, offset 148)
2019-07-31 14:44:44,832: [2088] m.e.detectors:WARNING: Potentially reading uninitialized memory at instruction (address: 1325419682236525366060218952420698790009325074736, offset 149)
2019-07-31 14:44:45,637: [2088] m.e.detectors:WARNING: Potentially reading uninitialized memory at instruction (address: 1325419682236525366060218952420698790009325074736, offset 150)
2019-07-31 14:44:46,447: [2088] m.e.detectors:WARNING: Potentially reading uninitialized memory at instruction (address: 1325419682236525366060218952420698790009325074736, offset 151)
2019-07-31 14:44:47,254: [2088] m.e.detectors:WARNING: Potentially reading uninitialized memory at instruction (address: 1325419682236525366060218952420698790009325074736, offset 152)
2019-07-31 14:44:48,042: [2088] m.e.detectors:WARNING: Potentially reading uninitialized memory at instruction (address: 1325419682236525366060218952420698790009325074736, offset 153)
2019-07-31 14:44:48,837: [2088] m.e.detectors:WARNING: Potentially reading uninitialized memory at instruction (address: 1325419682236525366060218952420698790009325074736, offset 154)
2019-07-31 14:44:49,830: [2088] m.e.detectors:WARNING: Potentially reading uninitialized memory at instruction (address: 1325419682236525366060218952420698790009325074736, offset 155)
2019-07-31 14:44:50,698: [2088] m.e.detectors:WARNING: Potentially reading uninitialized memory at instruction (address: 1325419682236525366060218952420698790009325074736, offset 156)
2019-07-31 14:44:51,523: [2088] m.e.detectors:WARNING: Potentially reading uninitialized memory at instruction (address: 1325419682236525366060218952420698790009325074736, offset 157)
2019-07-31 14:44:54,130: [2088] m.e.detectors:WARNING: Potentially reading uninitialized memory at instruction (address: 1325419682236525366060218952420698790009325074736, offset 158)
2019-07-31 14:44:54,940: [2088] m.e.detectors:WARNING: Potentially reading uninitialized memory at instruction (address: 1325419682236525366060218952420698790009325074736, offset 159)
2019-07-31 14:45:47,761: [2088] m.c.worker:ERROR: Exception in state 4: SolverError('',)
Traceback (most recent call last):
  File "/usr/local/lib/python3.6/dist-packages/manticore/core/worker.py", line 121, in run
    current_state.execute()
  File "/usr/local/lib/python3.6/dist-packages/manticore/ethereum/state.py", line 6, in execute
    return self._platform.execute()
  File "/usr/local/lib/python3.6/dist-packages/manticore/platforms/evm.py", line 2684, in execute
    self.current_vm.execute()
  File "/usr/local/lib/python3.6/dist-packages/manticore/platforms/evm.py", line 1201, in execute
    "Concretize PC", expression=expression, setstate=setstate, policy="ALL"
manticore.core.state.Concretize

During handling of the above exception, another exception occurred:

Traceback (most recent call last):
  File "/usr/local/lib/python3.6/dist-packages/manticore/core/worker.py", line 142, in run
    m._fork(current_state, exc.expression, exc.policy, exc.setstate)
  File "/usr/local/lib/python3.6/dist-packages/manticore/core/manticore.py", line 332, in _fork
    solutions = state.concretize(expression, policy)
  File "/usr/local/lib/python3.6/dist-packages/manticore/core/state.py", line 271, in concretize
    self._constraints, symbolic, maxcnt=maxcount, silent=True
  File "/usr/local/lib/python3.6/dist-packages/manticore/core/smtlib/solver.py", line 436, in get_all_values
    while self._is_sat():
  File "/usr/local/lib/python3.6/dist-packages/manticore/core/smtlib/solver.py", line 328, in _is_sat
    raise SolverError(status)
manticore.exceptions.SolverError