2019-07-24 15:12:39,640: [12] m.main:INFO: Registered plugins: DetectExternalCallAndLeak, DetectReentrancySimple, DetectInvalid, DetectUnusedRetVal, DetectDelegatecall, DetectUninitializedStorage, DetectIntegerOverflow, DetectSuicidal, DetectEnvInstruction, DetectReentrancyAdvanced, DetectUninitializedMemory
2019-07-24 15:12:39,641: [12] m.main:INFO: Beginning analysis
2019-07-24 15:12:39,664: [12] m.e.manticore:INFO: Starting symbolic create contract
2019-07-24 15:12:41,083: [12] m.e.manticore:INFO: Starting symbolic transaction: 0
2019-07-24 15:12:41,893: [12] m.e.manticore:INFO: 0 alive states, 2 terminated states
2019-07-24 15:12:42,056: [12] m.e.manticore:INFO: Starting symbolic transaction: 1
2019-07-24 15:12:42,189: [582] m.c.manticore:INFO: Generated testcase No. 0 - RETURN(1 txs)
2019-07-24 15:12:42,212: [583] m.c.manticore:INFO: Generated testcase No. 1 - REVERT(2 txs)
2019-07-24 15:12:43,324: [12] m.c.manticore:INFO: Results in /mcore_9zhdg8pt
2019-07-24 15:12:44,265: [897] m.main:INFO: Registered plugins: DetectEnvInstruction, DetectReentrancyAdvanced, DetectUnusedRetVal, DetectDelegatecall, DetectExternalCallAndLeak, DetectReentrancySimple, DetectInvalid, DetectSuicidal, DetectUninitializedMemory, DetectIntegerOverflow, DetectUninitializedStorage
2019-07-24 15:12:44,265: [897] m.main:INFO: Beginning analysis
2019-07-24 15:12:44,274: [897] m.e.manticore:INFO: Starting symbolic create contract
2019-07-24 15:12:45,675: [897] m.e.manticore:INFO: Starting symbolic transaction: 0
2019-07-24 15:12:46,581: [897] m.e.manticore:INFO: 0 alive states, 2 terminated states
2019-07-24 15:12:46,762: [897] m.e.manticore:INFO: Starting symbolic transaction: 1
2019-07-24 15:12:46,871: [1467] m.c.manticore:INFO: Generated testcase No. 0 - RETURN(1 txs)
2019-07-24 15:12:46,884: [1468] m.c.manticore:INFO: Generated testcase No. 1 - REVERT(2 txs)
2019-07-24 15:12:47,985: [897] m.c.manticore:INFO: Results in /mcore_hzhoi6dm
2019-07-24 15:12:49,119: [1782] m.main:INFO: Registered plugins: DetectSuicidal, DetectUninitializedStorage, DetectDelegatecall, DetectReentrancySimple, DetectUninitializedMemory, DetectUnusedRetVal, DetectEnvInstruction, DetectIntegerOverflow, DetectExternalCallAndLeak, DetectReentrancyAdvanced, DetectInvalid
2019-07-24 15:12:49,120: [1782] m.main:INFO: Beginning analysis
2019-07-24 15:12:49,160: [1782] m.e.manticore:INFO: Starting symbolic create contract
2019-07-24 15:12:50,558: [1782] m.e.manticore:INFO: Starting symbolic transaction: 0
2019-07-24 15:12:51,463: [1782] m.e.manticore:INFO: 0 alive states, 2 terminated states
2019-07-24 15:12:51,578: [1782] m.e.manticore:INFO: Starting symbolic transaction: 1
2019-07-24 15:12:51,692: [2352] m.c.manticore:INFO: Generated testcase No. 0 - RETURN(1 txs)
2019-07-24 15:12:51,753: [2353] m.c.manticore:INFO: Generated testcase No. 1 - REVERT(2 txs)
2019-07-24 15:12:52,773: [1782] m.c.manticore:INFO: Results in /mcore_5hn1vgd4
2019-07-24 15:12:53,752: [2667] m.main:INFO: Registered plugins: DetectEnvInstruction, DetectSuicidal, DetectUnusedRetVal, DetectInvalid, DetectDelegatecall, DetectReentrancySimple, DetectExternalCallAndLeak, DetectIntegerOverflow, DetectUninitializedMemory, DetectUninitializedStorage, DetectReentrancyAdvanced
2019-07-24 15:12:53,753: [2667] m.main:INFO: Beginning analysis
2019-07-24 15:12:53,765: [2667] m.e.manticore:INFO: Starting symbolic create contract
2019-07-24 15:12:54,986: [2667] m.e.manticore:INFO: Starting symbolic transaction: 0
2019-07-24 15:12:55,950: [2667] m.e.manticore:INFO: 0 alive states, 2 terminated states
2019-07-24 15:12:56,075: [2667] m.e.manticore:INFO: Starting symbolic transaction: 1
2019-07-24 15:12:56,219: [3238] m.c.manticore:INFO: Generated testcase No. 0 - RETURN(1 txs)
2019-07-24 15:12:56,275: [3237] m.c.manticore:INFO: Generated testcase No. 1 - REVERT(2 txs)
2019-07-24 15:12:57,285: [2667] m.c.manticore:INFO: Results in /mcore_xhv79l0s
2019-07-24 15:12:58,244: [3552] m.main:INFO: Registered plugins: DetectUnusedRetVal, DetectReentrancySimple, DetectInvalid, DetectExternalCallAndLeak, DetectSuicidal, DetectUninitializedStorage, DetectIntegerOverflow, DetectEnvInstruction, DetectReentrancyAdvanced, DetectDelegatecall, DetectUninitializedMemory
2019-07-24 15:12:58,245: [3552] m.main:INFO: Beginning analysis
2019-07-24 15:12:58,256: [3552] m.e.manticore:INFO: Starting symbolic create contract
2019-07-24 15:12:59,568: [3552] m.e.manticore:INFO: Starting symbolic transaction: 0
2019-07-24 15:13:00,396: [3552] m.e.manticore:INFO: 0 alive states, 2 terminated states
2019-07-24 15:13:00,563: [3552] m.e.manticore:INFO: Starting symbolic transaction: 1
2019-07-24 15:13:00,702: [4122] m.c.manticore:INFO: Generated testcase No. 0 - RETURN(1 txs)
2019-07-24 15:13:00,767: [4123] m.c.manticore:INFO: Generated testcase No. 1 - REVERT(2 txs)
2019-07-24 15:13:01,897: [3552] m.c.manticore:INFO: Results in /mcore_lafr41iy
2019-07-24 15:13:02,883: [4437] m.main:INFO: Registered plugins: DetectReentrancyAdvanced, DetectUninitializedStorage, DetectUnusedRetVal, DetectDelegatecall, DetectUninitializedMemory, DetectIntegerOverflow, DetectSuicidal, DetectEnvInstruction, DetectReentrancySimple, DetectExternalCallAndLeak, DetectInvalid
2019-07-24 15:13:02,883: [4437] m.main:INFO: Beginning analysis
2019-07-24 15:13:02,894: [4437] m.e.manticore:INFO: Starting symbolic create contract
2019-07-24 15:13:04,599: [4437] m.e.manticore:INFO: Starting symbolic transaction: 0
2019-07-24 15:13:05,467: [4437] m.e.manticore:INFO: 0 alive states, 2 terminated states
2019-07-24 15:13:05,560: [4437] m.e.manticore:INFO: Starting symbolic transaction: 1
2019-07-24 15:13:05,685: [5047] m.c.manticore:INFO: Generated testcase No. 0 - RETURN(1 txs)
2019-07-24 15:13:05,738: [5048] m.c.manticore:INFO: Generated testcase No. 1 - REVERT(2 txs)
2019-07-24 15:13:06,869: [4437] m.c.manticore:INFO: Results in /mcore_yzt690ho
2019-07-24 15:13:07,743: [5372] m.main:INFO: Registered plugins: DetectUninitializedMemory, DetectReentrancyAdvanced, DetectDelegatecall, DetectExternalCallAndLeak, DetectSuicidal, DetectReentrancySimple, DetectInvalid, DetectUnusedRetVal, DetectUninitializedStorage, DetectIntegerOverflow, DetectEnvInstruction
2019-07-24 15:13:07,744: [5372] m.main:INFO: Beginning analysis
2019-07-24 15:13:07,768: [5372] m.e.manticore:INFO: Starting symbolic create contract
2019-07-24 15:13:08,260: [5416] m.c.manticore:INFO: Generated testcase No. 0 - NO STATE RESULT (?)(0 txs)
2019-07-24 15:13:08,681: [5372] m.c.manticore:INFO: Results in /mcore_xrq0k_pd
2019-07-24 15:13:09,462: [5675] m.main:INFO: Registered plugins: DetectReentrancySimple, DetectInvalid, DetectUnusedRetVal, DetectReentrancyAdvanced, DetectUninitializedStorage, DetectSuicidal, DetectExternalCallAndLeak, DetectEnvInstruction, DetectUninitializedMemory, DetectDelegatecall, DetectIntegerOverflow
2019-07-24 15:13:09,462: [5675] m.main:INFO: Beginning analysis
2019-07-24 15:13:09,475: [5675] m.e.manticore:INFO: Starting symbolic create contract
2019-07-24 15:13:09,875: [5719] m.c.manticore:INFO: Generated testcase No. 0 - NO STATE RESULT (?)(0 txs)
2019-07-24 15:13:10,298: [5675] m.c.manticore:INFO: Results in /mcore_p3mtxzy_
2019-07-24 15:13:11,031: [5978] m.main:INFO: Registered plugins: DetectReentrancySimple, DetectInvalid, DetectUnusedRetVal, DetectUninitializedStorage, DetectIntegerOverflow, DetectSuicidal, DetectExternalCallAndLeak, DetectUninitializedMemory, DetectReentrancyAdvanced, DetectDelegatecall, DetectEnvInstruction
2019-07-24 15:13:11,031: [5978] m.main:INFO: Beginning analysis
2019-07-24 15:13:11,056: [5978] m.e.manticore:INFO: Starting symbolic create contract
2019-07-24 15:13:12,358: [5978] m.e.manticore:INFO: Starting symbolic transaction: 0
2019-07-24 15:13:13,259: [5978] m.e.manticore:INFO: 0 alive states, 2 terminated states
2019-07-24 15:13:13,381: [5978] m.e.manticore:INFO: Starting symbolic transaction: 1
2019-07-24 15:13:13,493: [6548] m.c.manticore:INFO: Generated testcase No. 0 - RETURN(1 txs)
2019-07-24 15:13:13,565: [6549] m.c.manticore:INFO: Generated testcase No. 1 - REVERT(2 txs)
2019-07-24 15:13:14,654: [5978] m.c.manticore:INFO: Results in /mcore_7e7la9jb
2019-07-24 15:13:15,550: [6863] m.main:INFO: Registered plugins: DetectExternalCallAndLeak, DetectReentrancySimple, DetectInvalid, DetectSuicidal, DetectReentrancyAdvanced, DetectUninitializedStorage, DetectIntegerOverflow, DetectDelegatecall, DetectEnvInstruction, DetectUnusedRetVal, DetectUninitializedMemory
2019-07-24 15:13:15,550: [6863] m.main:INFO: Beginning analysis
2019-07-24 15:13:15,564: [6863] m.e.manticore:INFO: Starting symbolic create contract
2019-07-24 15:13:19,885: [6863] m.e.manticore:INFO: Starting symbolic transaction: 0
2019-07-24 15:13:36,584: [6863] m.e.manticore:INFO: 3 alive states, 11 terminated states
2019-07-24 15:13:38,882: [6863] m.e.manticore:INFO: Starting symbolic transaction: 1
2019-07-24 15:14:48,163: [6863] m.e.manticore:INFO: 9 alive states, 44 terminated states
2019-07-24 15:14:52,506: [13686] m.c.manticore:INFO: Generated testcase No. 2 - RETURN(3 txs)
2019-07-24 15:14:52,529: [13683] m.c.manticore:INFO: Generated testcase No. 1 - RETURN(3 txs)
2019-07-24 15:14:52,804: [13704] m.c.manticore:INFO: Generated testcase No. 3 - RETURN(3 txs)
2019-07-24 15:14:53,215: [13694] m.c.manticore:INFO: Generated testcase No. 4 - RETURN(3 txs)
2019-07-24 15:14:53,528: [13703] m.c.manticore:INFO: Generated testcase No. 8 - RETURN(3 txs)
2019-07-24 15:14:53,636: [13684] m.c.manticore:INFO: Generated testcase No. 7 - RETURN(3 txs)
2019-07-24 15:14:53,704: [13697] m.c.manticore:INFO: Generated testcase No. 6 - RETURN(3 txs)
2019-07-24 15:14:53,715: [13690] m.c.manticore:INFO: Generated testcase No. 5 - RETURN(3 txs)
2019-07-24 15:14:53,833: [13710] m.c.manticore:INFO: Generated testcase No. 0 - RETURN(1 txs)
2019-07-24 15:14:53,922: [13700] m.c.manticore:INFO: Generated testcase No. 9 - RETURN(3 txs)
2019-07-24 15:15:40,260: [13710] m.c.manticore:INFO: Generated testcase No. 10 - REVERT(2 txs)
2019-07-24 15:15:44,717: [13704] m.c.manticore:INFO: Generated testcase No. 11 - REVERT(2 txs)
2019-07-24 15:15:50,431: [13703] m.c.manticore:INFO: Generated testcase No. 12 - REVERT(2 txs)
2019-07-24 15:15:52,128: [13690] m.c.manticore:INFO: Generated testcase No. 13 - REVERT(2 txs)
2019-07-24 15:15:53,628: [13700] m.c.manticore:INFO: Generated testcase No. 14 - REVERT(2 txs)
2019-07-24 15:15:53,822: [13683] m.c.manticore:INFO: Generated testcase No. 15 - REVERT(2 txs)
2019-07-24 15:15:54,705: [13684] m.c.manticore:INFO: Generated testcase No. 16 - REVERT(2 txs)
2019-07-24 15:15:55,143: [13686] m.c.manticore:INFO: Generated testcase No. 17 - REVERT(2 txs)
2019-07-24 15:16:02,429: [13697] m.c.manticore:INFO: Generated testcase No. 18 - REVERT(2 txs)
2019-07-24 15:16:09,131: [13694] m.c.manticore:INFO: Generated testcase No. 19 - REVERT(2 txs)
2019-07-24 15:16:24,129: [13710] m.c.manticore:INFO: Generated testcase No. 20 - RETURN(2 txs)
2019-07-24 15:16:37,023: [13704] m.c.manticore:INFO: Generated testcase No. 21 - RETURN(2 txs)
2019-07-24 15:16:40,825: [13700] m.c.manticore:INFO: Generated testcase No. 22 - RETURN(2 txs)
2019-07-24 15:16:42,151: [13690] m.c.manticore:INFO: Generated testcase No. 23 - REVERT(3 txs)
2019-07-24 15:16:43,318: [13703] m.c.manticore:INFO: Generated testcase No. 24 - REVERT(3 txs)
2019-07-24 15:16:43,645: [13683] m.c.manticore:INFO: Generated testcase No. 25 - REVERT(3 txs)
2019-07-24 15:16:44,815: [13686] m.c.manticore:INFO: Generated testcase No. 26 - REVERT(3 txs)
2019-07-24 15:16:51,638: [13684] m.c.manticore:INFO: Generated testcase No. 27 - REVERT(3 txs)
2019-07-24 15:16:53,861: [13694] m.c.manticore:INFO: Generated testcase No. 28 - REVERT(3 txs)
2019-07-24 15:17:00,118: [13697] m.c.manticore:INFO: Generated testcase No. 29 - REVERT(3 txs)
2019-07-24 15:17:07,317: [13710] m.c.manticore:INFO: Generated testcase No. 30 - REVERT(3 txs)
2019-07-24 15:17:26,450: [13704] m.c.manticore:INFO: Generated testcase No. 31 - REVERT(3 txs)
2019-07-24 15:17:27,118: [13700] m.c.manticore:INFO: Generated testcase No. 32 - REVERT(3 txs)
2019-07-24 15:17:39,629: [13686] m.c.manticore:INFO: Generated testcase No. 34 - REVERT(3 txs)
2019-07-24 15:17:39,922: [13684] m.c.manticore:INFO: Generated testcase No. 33 - REVERT(3 txs)
2019-07-24 15:17:40,643: [13690] m.c.manticore:INFO: Generated testcase No. 35 - REVERT(3 txs)
2019-07-24 15:17:42,236: [13683] m.c.manticore:INFO: Generated testcase No. 36 - REVERT(3 txs)
2019-07-24 15:17:47,147: [13703] m.c.manticore:INFO: Generated testcase No. 37 - REVERT(3 txs)
2019-07-24 15:17:52,103: [13694] m.c.manticore:INFO: Generated testcase No. 38 - REVERT(3 txs)
2019-07-24 15:17:56,526: [13710] m.c.manticore:INFO: Generated testcase No. 39 - REVERT(3 txs)
2019-07-24 15:18:02,969: [13697] m.c.manticore:INFO: Generated testcase No. 40 - REVERT(3 txs)
2019-07-24 15:18:22,733: [13704] m.c.manticore:INFO: Generated testcase No. 41 - REVERT(3 txs)
2019-07-24 15:18:23,633: [13700] m.c.manticore:INFO: Generated testcase No. 42 - REVERT(3 txs)
2019-07-24 15:18:36,605: [13690] m.c.manticore:INFO: Generated testcase No. 43 - REVERT(3 txs)
2019-07-24 15:18:43,949: [13703] m.c.manticore:INFO: Generated testcase No. 45 - REVERT(3 txs)
2019-07-24 15:18:44,203: [13684] m.c.manticore:INFO: Generated testcase No. 46 - REVERT(3 txs)
2019-07-24 15:18:44,830: [13686] m.c.manticore:INFO: Generated testcase No. 44 - REVERT(3 txs)
2019-07-24 15:18:51,304: [13683] m.c.manticore:INFO: Generated testcase No. 47 - REVERT(3 txs)
2019-07-24 15:18:51,708: [13710] m.c.manticore:INFO: Generated testcase No. 49 - REVERT(3 txs)
2019-07-24 15:18:56,222: [13694] m.c.manticore:INFO: Generated testcase No. 48 - REVERT(3 txs)
2019-07-24 15:18:57,247: [13697] m.c.manticore:INFO: Generated testcase No. 50 - REVERT(3 txs)
2019-07-24 15:19:25,225: [13704] m.c.manticore:INFO: Generated testcase No. 51 - REVERT(3 txs)
2019-07-24 15:19:26,841: [13700] m.c.manticore:INFO: Generated testcase No. 52 - REVERT(3 txs)
2019-07-24 15:19:48,000: [6863] m.c.manticore:INFO: Results in /mcore_ohth6pep
2019-07-24 15:19:52,057: [15734] m.main:INFO: Registered plugins: DetectReentrancyAdvanced, DetectReentrancySimple, DetectInvalid, DetectUnusedRetVal, DetectUninitializedStorage, DetectIntegerOverflow, DetectSuicidal, DetectExternalCallAndLeak, DetectEnvInstruction, DetectUninitializedMemory, DetectDelegatecall
2019-07-24 15:19:52,057: [15734] m.main:INFO: Beginning analysis
2019-07-24 15:19:52,069: [15734] m.e.manticore:INFO: Starting symbolic create contract
2019-07-24 15:19:53,278: [15734] m.e.manticore:INFO: Starting symbolic transaction: 0
2019-07-24 15:19:54,172: [15734] m.e.manticore:INFO: 0 alive states, 2 terminated states
2019-07-24 15:19:54,360: [15734] m.e.manticore:INFO: Starting symbolic transaction: 1
2019-07-24 15:19:54,481: [16304] m.c.manticore:INFO: Generated testcase No. 0 - RETURN(1 txs)
2019-07-24 15:19:54,494: [16305] m.c.manticore:INFO: Generated testcase No. 1 - REVERT(2 txs)
2019-07-24 15:19:55,493: [15734] m.c.manticore:INFO: Results in /mcore_xionk4fl
2019-07-24 15:19:56,571: [16619] m.main:INFO: Registered plugins: DetectSuicidal, DetectReentrancySimple, DetectInvalid, DetectExternalCallAndLeak, DetectUnusedRetVal, DetectDelegatecall, DetectUninitializedStorage, DetectIntegerOverflow, DetectEnvInstruction, DetectUninitializedMemory, DetectReentrancyAdvanced
2019-07-24 15:19:56,571: [16619] m.main:INFO: Beginning analysis
2019-07-24 15:19:56,582: [16619] m.e.manticore:INFO: Starting symbolic create contract
2019-07-24 15:20:19,247: [16667] m.c.worker:ERROR: Exception in state 0: NotImplementedError('__bool__ for Bool',)
Traceback (most recent call last):
  File "/usr/local/lib/python3.6/dist-packages/manticore/platforms/evm.py", line 2684, in execute
    self.current_vm.execute()
  File "/usr/local/lib/python3.6/dist-packages/manticore/platforms/evm.py", line 1213, in execute
    result = self._handler(*arguments)
  File "/usr/local/lib/python3.6/dist-packages/manticore/platforms/evm.py", line 1086, in _handler
    return implementation(*arguments)
  File "/usr/local/lib/python3.6/dist-packages/manticore/platforms/evm.py", line 548, in wrapper
    return func(*args, **kwargs)
  File "/usr/local/lib/python3.6/dist-packages/manticore/platforms/evm.py", line 2013, in RETURN
    raise EndTx("RETURN", data)
manticore.platforms.evm.EndTx: EndTX<RETURN>

During handling of the above exception, another exception occurred:

Traceback (most recent call last):
  File "/usr/local/lib/python3.6/dist-packages/manticore/core/worker.py", line 121, in run
    current_state.execute()
  File "/usr/local/lib/python3.6/dist-packages/manticore/ethereum/state.py", line 6, in execute
    return self._platform.execute()
  File "/usr/local/lib/python3.6/dist-packages/manticore/platforms/evm.py", line 2688, in execute
    self._close_transaction(ex.result, ex.data, rollback=ex.is_rollback())
  File "/usr/local/lib/python3.6/dist-packages/manticore/platforms/evm.py", line 2347, in _close_transaction
    self._publish("did_close_transaction", tx)
  File "/usr/local/lib/python3.6/dist-packages/manticore/utils/event.py", line 128, in _publish
    self._publish_impl(_name, *args, **kwargs)
  File "/usr/local/lib/python3.6/dist-packages/manticore/utils/event.py", line 145, in _publish_impl
    sink._publish_impl(_name, *args, **kwargs)
  File "/usr/local/lib/python3.6/dist-packages/manticore/utils/event.py", line 143, in _publish_impl
    sink._publish_impl(_name, self, *args, **kwargs)
  File "/usr/local/lib/python3.6/dist-packages/manticore/utils/event.py", line 136, in _publish_impl
    callback(robj(), *args, **kwargs)
  File "/usr/local/lib/python3.6/dist-packages/manticore/ethereum/detectors.py", line 326, in did_close_transaction_callback
    if tx.gas > 2300:
  File "/usr/local/lib/python3.6/dist-packages/manticore/core/smtlib/expression.py", line 206, in __bool__
    raise NotImplementedError("__bool__ for Bool")
NotImplementedError: __bool__ for Bool