INFO:root:Contract /unique_chucks/32/0xc1f78d6771c5412d48939ddf06f997b23d09a7b0.sol:Controlled:
INFO:symExec:Running, please wait...
INFO:symExec:	============ Results ===========
INFO:symExec:	  EVM code coverage: 	 99.4%
INFO:symExec:	  Arithmetic bugs: 	 False
INFO:symExec:	  └> Overflow bugs: 	 False
INFO:symExec:	  └> Underflow bugs: 	 False
INFO:symExec:	  └> Division bugs: 	 False
INFO:symExec:	  └> Modulo bugs:   	 False
INFO:symExec:	  └> Truncation bugs: 	 False
INFO:symExec:	  └> Signedness bugs: 	 False
INFO:symExec:	  Callstack bug: 	 False
INFO:symExec:	  Concurrency bug: 	 False
INFO:symExec:	  Time dependency bug: 	 False
INFO:symExec:	  Reentrancy bug: 	 False
INFO:symExec:	 --- 0.32782793045 seconds ---
INFO:symExec:	====== Analysis Completed ======
INFO:root:Contract /unique_chucks/32/0xc1f78d6771c5412d48939ddf06f997b23d09a7b0.sol:MiniMeToken:
INFO:symExec:Running, please wait...
Exception ctypes.ArgumentError: "argument 1: <type 'exceptions.Exception'>: timeout" in <bound method FuncDeclRef.__del__ of some_var_5> ignored
INFO:symExec:	============ Results ===========
INFO:symExec:	  EVM code coverage: 	 32.8%
INFO:symExec:	  Arithmetic bugs: 	 False
INFO:symExec:	  └> Overflow bugs: 	 False
INFO:symExec:	  └> Underflow bugs: 	 False
INFO:symExec:	  └> Division bugs: 	 False
INFO:symExec:	  └> Modulo bugs:   	 False
INFO:symExec:	  └> Truncation bugs: 	 False
INFO:symExec:	  └> Signedness bugs: 	 False
INFO:symExec:	  Callstack bug: 	 False
INFO:symExec:	  Concurrency bug: 	 False
INFO:symExec:	  Time dependency bug: 	 False
INFO:symExec:	  Reentrancy bug: 	 True
/unique_chucks/32/0xc1f78d6771c5412d48939ddf06f997b23d09a7b0.sol:MiniMeToken:578:19
TokenController(controller).proxyPayment.value(msg.value)(msg.sender)
^
INFO:symExec:	 --- 50.2107880116 seconds ---
INFO:symExec:	====== Analysis Completed ======
INFO:root:Contract /unique_chucks/32/0xc1f78d6771c5412d48939ddf06f997b23d09a7b0.sol:MiniMeTokenFactory:
INFO:symExec:Running, please wait...
Traceback (most recent call last):
  File "/root/osiris/taintFlow.py", line 652, in perform_taint_analysis
    propagate_taint(taint, tainted_stack, tainted_memory, tainted_storage, instruction, current_stack, previous_block, current_block, next_blocks, arithmetic_errors, sha3_list, false_positives, strings)
  File "/root/osiris/taintFlow.py", line 421, in propagate_taint
    if arithmetic_error["instruction"].data_in[1] == 32 or arithmetic_error["instruction"].data_in[1] == 31:
  File "/root/osiris/z3/z3.py", line 302, in __nonzero__
    return self.__bool__()
  File "/root/osiris/z3/z3.py", line 309, in __bool__
    elif is_eq(self) and self.num_args() == 2:
  File "/root/osiris/z3/z3.py", line 1422, in is_eq
    return is_app_of(a, Z3_OP_EQ)
  File "/root/osiris/z3/z3.py", line 1164, in is_app_of
    return is_app(a) and a.decl().kind() == k
  File "/root/osiris/z3/z3.py", line 885, in decl
    return FuncDeclRef(Z3_get_app_decl(self.ctx_ref(), self.as_ast()), self.ctx)
  File "/root/osiris/z3/z3.py", line 333, in ctx_ref
    return self.ctx.ref()
  File "/root/osiris/symExec.py", line 2868, in handler
    raise Exception("timeout")
Exception: timeout
INFO:symExec:	============ Results ===========
INFO:symExec:	  EVM code coverage: 	 8.4%
INFO:symExec:	  Arithmetic bugs: 	 True
INFO:symExec:	  └> Overflow bugs: 	 True
/unique_chucks/32/0xc1f78d6771c5412d48939ddf06f997b23d09a7b0.sol:MiniMeTokenFactory:657:9
newToken.changeController(msg.sender)
^
INFO:symExec:	  └> Underflow bugs: 	 False
INFO:symExec:	  └> Division bugs: 	 False
INFO:symExec:	  └> Modulo bugs:   	 False
INFO:symExec:	  └> Truncation bugs: 	 False
INFO:symExec:	  └> Signedness bugs: 	 False
INFO:symExec:	  Callstack bug: 	 False
INFO:symExec:	  Concurrency bug: 	 False
INFO:symExec:	  Time dependency bug: 	 False
INFO:symExec:	  Reentrancy bug: 	 False
INFO:symExec:	 --- 50.1054050922 seconds ---
INFO:symExec:	====== Analysis Completed ======
INFO:root:Contract /unique_chucks/32/0xc1f78d6771c5412d48939ddf06f997b23d09a7b0.sol:PreSale:
INFO:symExec:Running, please wait...
INFO:symExec:	============ Results ===========
INFO:symExec:	  EVM code coverage: 	 80.5%
INFO:symExec:	  Arithmetic bugs: 	 False
INFO:symExec:	  └> Overflow bugs: 	 False
INFO:symExec:	  └> Underflow bugs: 	 False
INFO:symExec:	  └> Division bugs: 	 False
INFO:symExec:	  └> Modulo bugs:   	 False
INFO:symExec:	  └> Truncation bugs: 	 False
INFO:symExec:	  └> Signedness bugs: 	 False
INFO:symExec:	  Callstack bug: 	 False
INFO:symExec:	  Concurrency bug: 	 True
Flow 1:
/unique_chucks/32/0xc1f78d6771c5412d48939ddf06f997b23d09a7b0.sol:PreSale:832:7
caller.transfer(toReturn)
^
Flow 2:
/unique_chucks/32/0xc1f78d6771c5412d48939ddf06f997b23d09a7b0.sol:PreSale:832:7
caller.transfer(toReturn)
^
INFO:symExec:	  Time dependency bug: 	 False
INFO:symExec:	  Reentrancy bug: 	 False
INFO:symExec:	 --- 13.9653470516 seconds ---
INFO:symExec:	====== Analysis Completed ======
INFO:root:Contract /unique_chucks/32/0xc1f78d6771c5412d48939ddf06f997b23d09a7b0.sol:SafeMath:
INFO:symExec:Running, please wait...
INFO:symExec:	============ Results ===========
INFO:symExec:	  EVM code coverage: 	 100.0%
INFO:symExec:	  Arithmetic bugs: 	 False
INFO:symExec:	  └> Overflow bugs: 	 False
INFO:symExec:	  └> Underflow bugs: 	 False
INFO:symExec:	  └> Division bugs: 	 False
INFO:symExec:	  └> Modulo bugs:   	 False
INFO:symExec:	  └> Truncation bugs: 	 False
INFO:symExec:	  └> Signedness bugs: 	 False
INFO:symExec:	  Callstack bug: 	 False
INFO:symExec:	  Concurrency bug: 	 False
INFO:symExec:	  Time dependency bug: 	 False
INFO:symExec:	  Reentrancy bug: 	 False
INFO:symExec:	 --- 0.0139329433441 seconds ---
INFO:symExec:	====== Analysis Completed ======

  .oooooo.             o8o            o8o          
 d8P'  `Y8b            `"'            `"'          
888      888  .oooo.o oooo  oooo d8b oooo   .oooo.o
888      888 d88(  "8 `888  `888""8P `888  d88(  "8
888      888 `"Y88b.   888   888      888  `"Y88b. 
`88b    d88' o.  )88b  888   888      888  o.  )88b
 `Y8bood8P'  8""888P' o888o d888b    o888o 8""888P'



!!! SYMBOLIC EXECUTION TIMEOUT !!!

!!! SYMBOLIC EXECUTION TIMEOUT !!!
Unexpected error: <type 'exceptions.Exception'>