Traceback (most recent call last):
  File "/usr/local/lib/python3.6/dist-packages/mythril-0.18.6-py3.6.egg/mythril/laser/ethereum/svm.py", line 579, in _sym_exec
    dstart = helper.get_concrete_int(op1)
  File "/usr/local/lib/python3.6/dist-packages/mythril-0.18.6-py3.6.egg/mythril/laser/ethereum/helper.py", line 94, in get_concrete_int
    return simplify(item).as_long()
AttributeError: 'BitVecRef' object has no attribute 'as_long'

During handling of the above exception, another exception occurred:

Traceback (most recent call last):
  File "/usr/local/bin/myth", line 4, in <module>
    __import__('pkg_resources').run_script('mythril==0.18.6', 'myth')
  File "/usr/lib/python3/dist-packages/pkg_resources/__init__.py", line 658, in run_script
    self.require(requires)[0].run_script(script_name, ns)
  File "/usr/lib/python3/dist-packages/pkg_resources/__init__.py", line 1438, in run_script
    exec(code, namespace, namespace)
  File "/usr/local/lib/python3.6/dist-packages/mythril-0.18.6-py3.6.egg/EGG-INFO/scripts/myth", line 9, in <module>
    mythril.interfaces.cli.main()
  File "/usr/local/lib/python3.6/dist-packages/mythril-0.18.6-py3.6.egg/mythril/interfaces/cli.py", line 198, in main
    max_depth=args.max_depth)
  File "/usr/local/lib/python3.6/dist-packages/mythril-0.18.6-py3.6.egg/mythril/mythril.py", line 342, in fire_lasers
    max_depth=max_depth)
  File "/usr/local/lib/python3.6/dist-packages/mythril-0.18.6-py3.6.egg/mythril/analysis/symbolic.py", line 22, in __init__
    self.laser.sym_exec(address)
  File "/usr/local/lib/python3.6/dist-packages/mythril-0.18.6-py3.6.egg/mythril/laser/ethereum/svm.py", line 265, in sym_exec
    node = self._sym_exec(gblState)
  File "/usr/local/lib/python3.6/dist-packages/mythril-0.18.6-py3.6.egg/mythril/laser/ethereum/svm.py", line 911, in _sym_exec
    new_node = self._sym_exec(new_gblState)
  File "/usr/local/lib/python3.6/dist-packages/mythril-0.18.6-py3.6.egg/mythril/laser/ethereum/svm.py", line 911, in _sym_exec
    new_node = self._sym_exec(new_gblState)
  File "/usr/local/lib/python3.6/dist-packages/mythril-0.18.6-py3.6.egg/mythril/laser/ethereum/svm.py", line 911, in _sym_exec
    new_node = self._sym_exec(new_gblState)
  File "/usr/local/lib/python3.6/dist-packages/mythril-0.18.6-py3.6.egg/mythril/laser/ethereum/svm.py", line 897, in _sym_exec
    new_node = self._sym_exec(new_gblState)
  File "/usr/local/lib/python3.6/dist-packages/mythril-0.18.6-py3.6.egg/mythril/laser/ethereum/svm.py", line 897, in _sym_exec
    new_node = self._sym_exec(new_gblState)
  File "/usr/local/lib/python3.6/dist-packages/mythril-0.18.6-py3.6.egg/mythril/laser/ethereum/svm.py", line 852, in _sym_exec
    new_node = self._sym_exec(new_gblState)
  File "/usr/local/lib/python3.6/dist-packages/mythril-0.18.6-py3.6.egg/mythril/laser/ethereum/svm.py", line 897, in _sym_exec
    new_node = self._sym_exec(new_gblState)
  File "/usr/local/lib/python3.6/dist-packages/mythril-0.18.6-py3.6.egg/mythril/laser/ethereum/svm.py", line 852, in _sym_exec
    new_node = self._sym_exec(new_gblState)
  File "/usr/local/lib/python3.6/dist-packages/mythril-0.18.6-py3.6.egg/mythril/laser/ethereum/svm.py", line 852, in _sym_exec
    new_node = self._sym_exec(new_gblState)
  File "/usr/local/lib/python3.6/dist-packages/mythril-0.18.6-py3.6.egg/mythril/laser/ethereum/svm.py", line 582, in _sym_exec
    state.mem_extend(mstart, 1)
  File "/usr/local/lib/python3.6/dist-packages/mythril-0.18.6-py3.6.egg/mythril/laser/ethereum/svm.py", line 129, in mem_extend
    raise Exception
Exception