2019-08-05 09:42:40,402: [12] m.main:INFO: Registered plugins: DetectReentrancySimple, DetectInvalid, DetectExternalCallAndLeak, DetectUninitializedMemory, DetectDelegatecall, DetectReentrancyAdvanced, DetectUnusedRetVal, DetectUninitializedStorage, DetectIntegerOverflow, DetectEnvInstruction, DetectSuicidal
2019-08-05 09:42:40,402: [12] m.main:INFO: Beginning analysis
2019-08-05 09:42:40,451: [12] m.e.manticore:INFO: Starting symbolic create contract
2019-08-05 09:42:41,377: [12] m.e.manticore:INFO: Starting symbolic transaction: 0
2019-08-05 09:42:41,994: [12] m.e.manticore:INFO: 0 alive states, 2 terminated states
2019-08-05 09:42:42,145: [12] m.e.manticore:INFO: Starting symbolic transaction: 1
2019-08-05 09:42:42,210: [582] m.c.manticore:INFO: Generated testcase No. 0 - RETURN(1 txs)
2019-08-05 09:42:42,275: [583] m.c.manticore:INFO: Generated testcase No. 1 - REVERT(2 txs)
2019-08-05 09:42:43,012: [12] m.c.manticore:INFO: Results in /mcore_bg772mo5
2019-08-05 09:42:43,904: [897] m.main:INFO: Registered plugins: DetectReentrancySimple, DetectInvalid, DetectUnusedRetVal, DetectUninitializedStorage, DetectIntegerOverflow, DetectSuicidal, DetectExternalCallAndLeak, DetectReentrancyAdvanced, DetectEnvInstruction, DetectUninitializedMemory, DetectDelegatecall
2019-08-05 09:42:43,905: [897] m.main:INFO: Beginning analysis
2019-08-05 09:42:43,954: [897] m.e.manticore:INFO: Starting symbolic create contract
2019-08-05 09:42:44,089: [941] m.c.manticore:INFO: Generated testcase No. 0 - NO STATE RESULT (?)(0 txs)
2019-08-05 09:42:44,307: [897] m.c.manticore:INFO: Results in /mcore_82auuydw
2019-08-05 09:42:45,031: [1200] m.main:INFO: Registered plugins: DetectReentrancySimple, DetectInvalid, DetectUnusedRetVal, DetectEnvInstruction, DetectUninitializedStorage, DetectIntegerOverflow, DetectSuicidal, DetectExternalCallAndLeak, DetectUninitializedMemory, DetectReentrancyAdvanced, DetectDelegatecall
2019-08-05 09:42:45,031: [1200] m.main:INFO: Beginning analysis
2019-08-05 09:42:45,057: [1200] m.e.manticore:INFO: Starting symbolic create contract
2019-08-05 09:42:45,194: [1245] m.c.manticore:INFO: Generated testcase No. 0 - NO STATE RESULT (?)(0 txs)
2019-08-05 09:42:45,408: [1200] m.c.manticore:INFO: Results in /mcore_29mx5o6p
2019-08-05 09:42:46,127: [1503] m.main:INFO: Registered plugins: DetectReentrancyAdvanced, DetectReentrancySimple, DetectInvalid, DetectUnusedRetVal, DetectUninitializedStorage, DetectIntegerOverflow, DetectSuicidal, DetectExternalCallAndLeak, DetectEnvInstruction, DetectUninitializedMemory, DetectDelegatecall
2019-08-05 09:42:46,127: [1503] m.main:INFO: Beginning analysis
2019-08-05 09:42:46,147: [1503] m.e.manticore:INFO: Starting symbolic create contract
2019-08-05 09:42:46,282: [1547] m.c.manticore:INFO: Generated testcase No. 0 - NO STATE RESULT (?)(0 txs)
2019-08-05 09:42:46,508: [1503] m.c.manticore:INFO: Results in /mcore_mcamqnbl
2019-08-05 09:42:47,214: [1806] m.main:INFO: Registered plugins: DetectReentrancySimple, DetectInvalid, DetectSuicidal, DetectReentrancyAdvanced, DetectUninitializedStorage, DetectIntegerOverflow, DetectDelegatecall, DetectEnvInstruction, DetectUninitializedMemory, DetectUnusedRetVal, DetectExternalCallAndLeak
2019-08-05 09:42:47,214: [1806] m.main:INFO: Beginning analysis
2019-08-05 09:42:47,236: [1806] m.e.manticore:INFO: Starting symbolic create contract
2019-08-05 09:43:33,506: [1806] m.e.manticore:INFO: Starting symbolic transaction: 0
2019-08-05 09:44:36,341: [3015] m.e.detectors:WARNING: Potentially reading uninitialized storage
2019-08-05 09:44:44,770: [2979] m.e.detectors:WARNING: Potentially reading uninitialized storage
2019-08-05 09:46:08,364: [3002] m.e.detectors:WARNING: Potentially reading uninitialized storage
2019-08-05 09:47:09,161: [2986] m.e.detectors:WARNING: Potentially reading uninitialized storage
2019-08-05 09:48:22,866: [2986] m.e.detectors:WARNING: Potentially reading uninitialized memory at instruction (address: 784523340564166496728225098264159902585783491778, offset 128)
2019-08-05 09:48:24,926: [2986] m.e.detectors:WARNING: Potentially reading uninitialized memory at instruction (address: 784523340564166496728225098264159902585783491778, offset 129)
2019-08-05 09:48:26,849: [2986] m.e.detectors:WARNING: Potentially reading uninitialized memory at instruction (address: 784523340564166496728225098264159902585783491778, offset 130)
2019-08-05 09:48:28,734: [2986] m.e.detectors:WARNING: Potentially reading uninitialized memory at instruction (address: 784523340564166496728225098264159902585783491778, offset 131)
2019-08-05 09:48:30,366: [2986] m.e.detectors:WARNING: Potentially reading uninitialized memory at instruction (address: 784523340564166496728225098264159902585783491778, offset 132)
2019-08-05 09:48:32,033: [2986] m.e.detectors:WARNING: Potentially reading uninitialized memory at instruction (address: 784523340564166496728225098264159902585783491778, offset 133)
2019-08-05 09:48:33,965: [2986] m.e.detectors:WARNING: Potentially reading uninitialized memory at instruction (address: 784523340564166496728225098264159902585783491778, offset 134)
2019-08-05 09:48:36,065: [2986] m.e.detectors:WARNING: Potentially reading uninitialized memory at instruction (address: 784523340564166496728225098264159902585783491778, offset 135)
2019-08-05 09:48:37,656: [2986] m.e.detectors:WARNING: Potentially reading uninitialized memory at instruction (address: 784523340564166496728225098264159902585783491778, offset 136)
2019-08-05 09:48:39,253: [2986] m.e.detectors:WARNING: Potentially reading uninitialized memory at instruction (address: 784523340564166496728225098264159902585783491778, offset 137)
2019-08-05 09:48:43,677: [2986] m.e.detectors:WARNING: Potentially reading uninitialized memory at instruction (address: 784523340564166496728225098264159902585783491778, offset 138)
2019-08-05 09:48:44,756: [2986] m.e.detectors:WARNING: Potentially reading uninitialized memory at instruction (address: 784523340564166496728225098264159902585783491778, offset 139)
2019-08-05 09:48:46,961: [2986] m.e.detectors:WARNING: Potentially reading uninitialized memory at instruction (address: 784523340564166496728225098264159902585783491778, offset 140)
2019-08-05 09:48:49,177: [2986] m.e.detectors:WARNING: Potentially reading uninitialized memory at instruction (address: 784523340564166496728225098264159902585783491778, offset 141)
2019-08-05 09:48:51,345: [2986] m.e.detectors:WARNING: Potentially reading uninitialized memory at instruction (address: 784523340564166496728225098264159902585783491778, offset 142)
2019-08-05 09:48:53,244: [2986] m.e.detectors:WARNING: Potentially reading uninitialized memory at instruction (address: 784523340564166496728225098264159902585783491778, offset 143)
2019-08-05 09:48:54,966: [2986] m.e.detectors:WARNING: Potentially reading uninitialized memory at instruction (address: 784523340564166496728225098264159902585783491778, offset 144)
2019-08-05 09:48:56,966: [2986] m.e.detectors:WARNING: Potentially reading uninitialized memory at instruction (address: 784523340564166496728225098264159902585783491778, offset 145)
2019-08-05 09:48:58,471: [2986] m.e.detectors:WARNING: Potentially reading uninitialized memory at instruction (address: 784523340564166496728225098264159902585783491778, offset 146)
2019-08-05 09:49:00,025: [3018] m.e.detectors:WARNING: Potentially reading uninitialized memory at instruction (address: 784523340564166496728225098264159902585783491778, offset 128)
2019-08-05 09:49:00,466: [2986] m.e.detectors:WARNING: Potentially reading uninitialized memory at instruction (address: 784523340564166496728225098264159902585783491778, offset 147)
2019-08-05 09:49:02,161: [3018] m.e.detectors:WARNING: Potentially reading uninitialized memory at instruction (address: 784523340564166496728225098264159902585783491778, offset 129)
2019-08-05 09:49:02,465: [2986] m.e.detectors:WARNING: Potentially reading uninitialized memory at instruction (address: 784523340564166496728225098264159902585783491778, offset 148)
2019-08-05 09:49:03,967: [3018] m.e.detectors:WARNING: Potentially reading uninitialized memory at instruction (address: 784523340564166496728225098264159902585783491778, offset 130)
2019-08-05 09:49:04,956: [2986] m.e.detectors:WARNING: Potentially reading uninitialized memory at instruction (address: 784523340564166496728225098264159902585783491778, offset 149)
2019-08-05 09:49:06,021: [3018] m.e.detectors:WARNING: Potentially reading uninitialized memory at instruction (address: 784523340564166496728225098264159902585783491778, offset 131)
2019-08-05 09:49:08,651: [2986] m.e.detectors:WARNING: Potentially reading uninitialized memory at instruction (address: 784523340564166496728225098264159902585783491778, offset 150)
2019-08-05 09:49:10,538: [3018] m.e.detectors:WARNING: Potentially reading uninitialized memory at instruction (address: 784523340564166496728225098264159902585783491778, offset 132)
2019-08-05 09:49:10,676: [2986] m.e.detectors:WARNING: Potentially reading uninitialized memory at instruction (address: 784523340564166496728225098264159902585783491778, offset 151)
2019-08-05 09:49:12,662: [2986] m.e.detectors:WARNING: Potentially reading uninitialized memory at instruction (address: 784523340564166496728225098264159902585783491778, offset 152)
2019-08-05 09:49:12,662: [3018] m.e.detectors:WARNING: Potentially reading uninitialized memory at instruction (address: 784523340564166496728225098264159902585783491778, offset 133)
2019-08-05 09:49:14,169: [3018] m.e.detectors:WARNING: Potentially reading uninitialized memory at instruction (address: 784523340564166496728225098264159902585783491778, offset 134)
2019-08-05 09:49:14,462: [2986] m.e.detectors:WARNING: Potentially reading uninitialized memory at instruction (address: 784523340564166496728225098264159902585783491778, offset 153)
2019-08-05 09:49:16,128: [2986] m.e.detectors:WARNING: Potentially reading uninitialized memory at instruction (address: 784523340564166496728225098264159902585783491778, offset 154)
2019-08-05 09:49:16,441: [3018] m.e.detectors:WARNING: Potentially reading uninitialized memory at instruction (address: 784523340564166496728225098264159902585783491778, offset 135)
2019-08-05 09:49:17,961: [2986] m.e.detectors:WARNING: Potentially reading uninitialized memory at instruction (address: 784523340564166496728225098264159902585783491778, offset 155)
2019-08-05 09:49:18,341: [3018] m.e.detectors:WARNING: Potentially reading uninitialized memory at instruction (address: 784523340564166496728225098264159902585783491778, offset 136)
2019-08-05 09:49:20,257: [2986] m.e.detectors:WARNING: Potentially reading uninitialized memory at instruction (address: 784523340564166496728225098264159902585783491778, offset 156)
2019-08-05 09:49:20,736: [3018] m.e.detectors:WARNING: Potentially reading uninitialized memory at instruction (address: 784523340564166496728225098264159902585783491778, offset 137)
2019-08-05 09:49:22,049: [2986] m.e.detectors:WARNING: Potentially reading uninitialized memory at instruction (address: 784523340564166496728225098264159902585783491778, offset 157)
2019-08-05 09:49:22,457: [3018] m.e.detectors:WARNING: Potentially reading uninitialized memory at instruction (address: 784523340564166496728225098264159902585783491778, offset 138)
2019-08-05 09:49:23,667: [2986] m.e.detectors:WARNING: Potentially reading uninitialized memory at instruction (address: 784523340564166496728225098264159902585783491778, offset 158)
2019-08-05 09:49:24,367: [3018] m.e.detectors:WARNING: Potentially reading uninitialized memory at instruction (address: 784523340564166496728225098264159902585783491778, offset 139)
2019-08-05 09:49:25,517: [2986] m.e.detectors:WARNING: Potentially reading uninitialized memory at instruction (address: 784523340564166496728225098264159902585783491778, offset 159)
2019-08-05 09:49:26,236: [3018] m.e.detectors:WARNING: Potentially reading uninitialized memory at instruction (address: 784523340564166496728225098264159902585783491778, offset 140)
2019-08-05 09:49:28,066: [3018] m.e.detectors:WARNING: Potentially reading uninitialized memory at instruction (address: 784523340564166496728225098264159902585783491778, offset 141)
2019-08-05 09:49:29,924: [3018] m.e.detectors:WARNING: Potentially reading uninitialized memory at instruction (address: 784523340564166496728225098264159902585783491778, offset 142)
2019-08-05 09:49:31,420: [2986] m.e.detectors:WARNING: Potentially reading uninitialized memory at instruction (address: 784523340564166496728225098264159902585783491778, offset 128)
2019-08-05 09:49:33,273: [2986] m.e.detectors:WARNING: Potentially reading uninitialized memory at instruction (address: 784523340564166496728225098264159902585783491778, offset 129)
2019-08-05 09:49:34,166: [3018] m.e.detectors:WARNING: Potentially reading uninitialized memory at instruction (address: 784523340564166496728225098264159902585783491778, offset 143)
2019-08-05 09:49:35,166: [2986] m.e.detectors:WARNING: Potentially reading uninitialized memory at instruction (address: 784523340564166496728225098264159902585783491778, offset 130)
2019-08-05 09:49:36,757: [3018] m.e.detectors:WARNING: Potentially reading uninitialized memory at instruction (address: 784523340564166496728225098264159902585783491778, offset 144)
2019-08-05 09:49:37,053: [2986] m.e.detectors:WARNING: Potentially reading uninitialized memory at instruction (address: 784523340564166496728225098264159902585783491778, offset 131)
2019-08-05 09:49:38,662: [3018] m.e.detectors:WARNING: Potentially reading uninitialized memory at instruction (address: 784523340564166496728225098264159902585783491778, offset 145)
2019-08-05 09:49:40,774: [3018] m.e.detectors:WARNING: Potentially reading uninitialized memory at instruction (address: 784523340564166496728225098264159902585783491778, offset 146)
2019-08-05 09:49:42,261: [2986] m.e.detectors:WARNING: Potentially reading uninitialized memory at instruction (address: 784523340564166496728225098264159902585783491778, offset 132)
2019-08-05 09:49:42,638: [3018] m.e.detectors:WARNING: Potentially reading uninitialized memory at instruction (address: 784523340564166496728225098264159902585783491778, offset 147)
2019-08-05 09:49:44,069: [2986] m.e.detectors:WARNING: Potentially reading uninitialized memory at instruction (address: 784523340564166496728225098264159902585783491778, offset 133)
2019-08-05 09:49:44,346: [3018] m.e.detectors:WARNING: Potentially reading uninitialized memory at instruction (address: 784523340564166496728225098264159902585783491778, offset 148)
2019-08-05 09:49:46,262: [2986] m.e.detectors:WARNING: Potentially reading uninitialized memory at instruction (address: 784523340564166496728225098264159902585783491778, offset 134)
2019-08-05 09:49:46,442: [3018] m.e.detectors:WARNING: Potentially reading uninitialized memory at instruction (address: 784523340564166496728225098264159902585783491778, offset 149)
2019-08-05 09:49:48,186: [2986] m.e.detectors:WARNING: Potentially reading uninitialized memory at instruction (address: 784523340564166496728225098264159902585783491778, offset 135)
2019-08-05 09:49:48,732: [3018] m.e.detectors:WARNING: Potentially reading uninitialized memory at instruction (address: 784523340564166496728225098264159902585783491778, offset 150)
2019-08-05 09:49:50,640: [3018] m.e.detectors:WARNING: Potentially reading uninitialized memory at instruction (address: 784523340564166496728225098264159902585783491778, offset 151)
2019-08-05 09:49:50,674: [2986] m.e.detectors:WARNING: Potentially reading uninitialized memory at instruction (address: 784523340564166496728225098264159902585783491778, offset 136)
2019-08-05 09:49:52,065: [2986] m.e.detectors:WARNING: Potentially reading uninitialized memory at instruction (address: 784523340564166496728225098264159902585783491778, offset 137)
2019-08-05 09:49:52,521: [3018] m.e.detectors:WARNING: Potentially reading uninitialized memory at instruction (address: 784523340564166496728225098264159902585783491778, offset 152)
2019-08-05 09:49:53,664: [2986] m.e.detectors:WARNING: Potentially reading uninitialized memory at instruction (address: 784523340564166496728225098264159902585783491778, offset 138)
2019-08-05 09:49:54,313: [3018] m.e.detectors:WARNING: Potentially reading uninitialized memory at instruction (address: 784523340564166496728225098264159902585783491778, offset 153)
2019-08-05 09:49:55,560: [2986] m.e.detectors:WARNING: Potentially reading uninitialized memory at instruction (address: 784523340564166496728225098264159902585783491778, offset 139)
2019-08-05 09:49:55,580: [3018] m.e.detectors:WARNING: Potentially reading uninitialized memory at instruction (address: 784523340564166496728225098264159902585783491778, offset 154)
2019-08-05 09:49:57,261: [2986] m.e.detectors:WARNING: Potentially reading uninitialized memory at instruction (address: 784523340564166496728225098264159902585783491778, offset 140)
2019-08-05 09:49:58,894: [2986] m.e.detectors:WARNING: Potentially reading uninitialized memory at instruction (address: 784523340564166496728225098264159902585783491778, offset 141)
2019-08-05 09:49:59,442: [3018] m.e.detectors:WARNING: Potentially reading uninitialized memory at instruction (address: 784523340564166496728225098264159902585783491778, offset 155)
2019-08-05 09:50:00,577: [2986] m.e.detectors:WARNING: Potentially reading uninitialized memory at instruction (address: 784523340564166496728225098264159902585783491778, offset 142)
2019-08-05 09:50:00,837: [3018] m.e.detectors:WARNING: Potentially reading uninitialized memory at instruction (address: 784523340564166496728225098264159902585783491778, offset 156)
2019-08-05 09:50:02,537: [2986] m.e.detectors:WARNING: Potentially reading uninitialized memory at instruction (address: 784523340564166496728225098264159902585783491778, offset 143)
2019-08-05 09:50:02,872: [3018] m.e.detectors:WARNING: Potentially reading uninitialized memory at instruction (address: 784523340564166496728225098264159902585783491778, offset 157)
2019-08-05 09:50:05,241: [2986] m.e.detectors:WARNING: Potentially reading uninitialized memory at instruction (address: 784523340564166496728225098264159902585783491778, offset 144)
2019-08-05 09:50:06,313: [3018] m.e.detectors:WARNING: Potentially reading uninitialized memory at instruction (address: 784523340564166496728225098264159902585783491778, offset 158)
2019-08-05 09:50:08,342: [2986] m.e.detectors:WARNING: Potentially reading uninitialized memory at instruction (address: 784523340564166496728225098264159902585783491778, offset 145)
2019-08-05 09:50:09,845: [3018] m.e.detectors:WARNING: Potentially reading uninitialized memory at instruction (address: 784523340564166496728225098264159902585783491778, offset 159)
2019-08-05 09:50:12,053: [2986] m.e.detectors:WARNING: Potentially reading uninitialized memory at instruction (address: 784523340564166496728225098264159902585783491778, offset 146)
2019-08-05 09:50:16,812: [2986] m.e.detectors:WARNING: Potentially reading uninitialized memory at instruction (address: 784523340564166496728225098264159902585783491778, offset 147)
2019-08-05 09:50:23,617: [3018] m.e.detectors:WARNING: Potentially reading uninitialized memory at instruction (address: 784523340564166496728225098264159902585783491778, offset 128)
2019-08-05 09:50:28,158: [3018] m.e.detectors:WARNING: Potentially reading uninitialized memory at instruction (address: 784523340564166496728225098264159902585783491778, offset 129)
2019-08-05 09:50:30,656: [2986] m.e.detectors:WARNING: Potentially reading uninitialized memory at instruction (address: 784523340564166496728225098264159902585783491778, offset 148)
2019-08-05 09:50:33,765: [3018] m.e.detectors:WARNING: Potentially reading uninitialized memory at instruction (address: 784523340564166496728225098264159902585783491778, offset 130)
2019-08-05 09:50:35,133: [2986] m.e.detectors:WARNING: Potentially reading uninitialized memory at instruction (address: 784523340564166496728225098264159902585783491778, offset 149)
2019-08-05 09:50:38,328: [3018] m.e.detectors:WARNING: Potentially reading uninitialized memory at instruction (address: 784523340564166496728225098264159902585783491778, offset 131)
2019-08-05 09:50:39,717: [2986] m.e.detectors:WARNING: Potentially reading uninitialized memory at instruction (address: 784523340564166496728225098264159902585783491778, offset 150)
2019-08-05 09:50:42,709: [3018] m.e.detectors:WARNING: Potentially reading uninitialized memory at instruction (address: 784523340564166496728225098264159902585783491778, offset 132)
2019-08-05 09:50:44,816: [2986] m.e.detectors:WARNING: Potentially reading uninitialized memory at instruction (address: 784523340564166496728225098264159902585783491778, offset 151)
2019-08-05 09:50:48,020: [3018] m.e.detectors:WARNING: Potentially reading uninitialized memory at instruction (address: 784523340564166496728225098264159902585783491778, offset 133)
2019-08-05 09:50:49,558: [2986] m.e.detectors:WARNING: Potentially reading uninitialized memory at instruction (address: 784523340564166496728225098264159902585783491778, offset 152)
2019-08-05 09:50:52,664: [3018] m.e.detectors:WARNING: Potentially reading uninitialized memory at instruction (address: 784523340564166496728225098264159902585783491778, offset 134)
2019-08-05 09:50:54,713: [2979] m.c.worker:ERROR: Exception in state 0: SolverError('',)
Traceback (most recent call last):
  File "/usr/local/lib/python3.6/dist-packages/manticore/platforms/evm.py", line 1213, in execute
    result = self._handler(*arguments)
  File "/usr/local/lib/python3.6/dist-packages/manticore/platforms/evm.py", line 1086, in _handler
    return implementation(*arguments)
  File "/usr/local/lib/python3.6/dist-packages/manticore/platforms/evm.py", line 1637, in CALLDATACOPY
    raise ConcretizeArgument(3, policy="SAMPLED")
manticore.platforms.evm.ConcretizeArgument: 3

During handling of the above exception, another exception occurred:

Traceback (most recent call last):
  File "/usr/local/lib/python3.6/dist-packages/manticore/core/worker.py", line 121, in run
    current_state.execute()
  File "/usr/local/lib/python3.6/dist-packages/manticore/ethereum/state.py", line 6, in execute
    return self._platform.execute()
  File "/usr/local/lib/python3.6/dist-packages/manticore/platforms/evm.py", line 2684, in execute
    self.current_vm.execute()
  File "/usr/local/lib/python3.6/dist-packages/manticore/platforms/evm.py", line 1279, in execute
    policy=ex.policy,
manticore.core.state.Concretize

During handling of the above exception, another exception occurred:

Traceback (most recent call last):
  File "/usr/local/lib/python3.6/dist-packages/manticore/core/worker.py", line 142, in run
    m._fork(current_state, exc.expression, exc.policy, exc.setstate)
  File "/usr/local/lib/python3.6/dist-packages/manticore/core/manticore.py", line 332, in _fork
    solutions = state.concretize(expression, policy)
  File "/usr/local/lib/python3.6/dist-packages/manticore/core/state.py", line 251, in concretize
    m, M = self._solver.minmax(self._constraints, symbolic)
  File "/usr/local/lib/python3.6/dist-packages/manticore/core/smtlib/solver.py", line 124, in minmax
    M = self.max(constraints, x, iters)
  File "/usr/local/lib/python3.6/dist-packages/manticore/core/smtlib/solver.py", line 107, in max
    return self.optimize(constraints, X, "maximize", M)
  File "/usr/local/lib/python3.6/dist-packages/manticore/core/smtlib/solver.py", line 508, in optimize
    while self._is_sat():
  File "/usr/local/lib/python3.6/dist-packages/manticore/core/smtlib/solver.py", line 328, in _is_sat
    raise SolverError(status)
manticore.exceptions.SolverError
 
2019-08-05 09:50:54,813: [2986] m.e.detectors:WARNING: Potentially reading uninitialized memory at instruction (address: 784523340564166496728225098264159902585783491778, offset 153)
2019-08-05 09:50:57,052: [3018] m.e.detectors:WARNING: Potentially reading uninitialized memory at instruction (address: 784523340564166496728225098264159902585783491778, offset 135)
2019-08-05 09:50:59,022: [2986] m.e.detectors:WARNING: Potentially reading uninitialized memory at instruction (address: 784523340564166496728225098264159902585783491778, offset 154)
2019-08-05 09:51:01,958: [3018] m.e.detectors:WARNING: Potentially reading uninitialized memory at instruction (address: 784523340564166496728225098264159902585783491778, offset 136)
2019-08-05 09:51:03,052: [2986] m.e.detectors:WARNING: Potentially reading uninitialized memory at instruction (address: 784523340564166496728225098264159902585783491778, offset 155)
2019-08-05 09:51:05,321: [3018] m.e.detectors:WARNING: Potentially reading uninitialized memory at instruction (address: 784523340564166496728225098264159902585783491778, offset 137)
2019-08-05 09:51:07,037: [2986] m.e.detectors:WARNING: Potentially reading uninitialized memory at instruction (address: 784523340564166496728225098264159902585783491778, offset 156)
2019-08-05 09:51:10,838: [2986] m.e.detectors:WARNING: Potentially reading uninitialized memory at instruction (address: 784523340564166496728225098264159902585783491778, offset 157)
2019-08-05 09:51:14,824: [2986] m.e.detectors:WARNING: Potentially reading uninitialized memory at instruction (address: 784523340564166496728225098264159902585783491778, offset 158)
2019-08-05 09:51:16,113: [3018] m.e.detectors:WARNING: Potentially reading uninitialized memory at instruction (address: 784523340564166496728225098264159902585783491778, offset 138)
2019-08-05 09:51:18,613: [2986] m.e.detectors:WARNING: Potentially reading uninitialized memory at instruction (address: 784523340564166496728225098264159902585783491778, offset 159)
2019-08-05 09:51:19,921: [3018] m.e.detectors:WARNING: Potentially reading uninitialized memory at instruction (address: 784523340564166496728225098264159902585783491778, offset 139)
2019-08-05 09:51:24,132: [3018] m.e.detectors:WARNING: Potentially reading uninitialized memory at instruction (address: 784523340564166496728225098264159902585783491778, offset 140)
2019-08-05 09:51:28,632: [3018] m.e.detectors:WARNING: Potentially reading uninitialized memory at instruction (address: 784523340564166496728225098264159902585783491778, offset 141)
2019-08-05 09:51:34,216: [3018] m.e.detectors:WARNING: Potentially reading uninitialized memory at instruction (address: 784523340564166496728225098264159902585783491778, offset 142)
2019-08-05 09:51:38,928: [3018] m.e.detectors:WARNING: Potentially reading uninitialized memory at instruction (address: 784523340564166496728225098264159902585783491778, offset 143)
2019-08-05 09:51:43,612: [3018] m.e.detectors:WARNING: Potentially reading uninitialized memory at instruction (address: 784523340564166496728225098264159902585783491778, offset 144)
2019-08-05 09:51:47,826: [3018] m.e.detectors:WARNING: Potentially reading uninitialized memory at instruction (address: 784523340564166496728225098264159902585783491778, offset 145)
2019-08-05 09:51:52,132: [3018] m.e.detectors:WARNING: Potentially reading uninitialized memory at instruction (address: 784523340564166496728225098264159902585783491778, offset 146)
2019-08-05 09:51:57,028: [3018] m.e.detectors:WARNING: Potentially reading uninitialized memory at instruction (address: 784523340564166496728225098264159902585783491778, offset 147)
2019-08-05 09:52:02,439: [3018] m.e.detectors:WARNING: Potentially reading uninitialized memory at instruction (address: 784523340564166496728225098264159902585783491778, offset 148)
2019-08-05 09:52:07,353: [3018] m.e.detectors:WARNING: Potentially reading uninitialized memory at instruction (address: 784523340564166496728225098264159902585783491778, offset 149)
[Errno 12] Cannot allocate memory Probably too many cached expressions? visitors._cache...
2019-08-05 09:52:11,052: [3018] m.c.worker:ERROR: Exception in state 9: Z3NotFoundError()
Traceback (most recent call last):
  File "/usr/local/lib/python3.6/dist-packages/manticore/core/smtlib/solver.py", line 205, in _start_proc
    close_fds=True,
  File "/usr/lib/python3.6/subprocess.py", line 729, in __init__
    restore_signals, start_new_session)
  File "/usr/lib/python3.6/subprocess.py", line 1295, in _execute_child
    restore_signals, start_new_session, preexec_fn)
OSError: [Errno 12] Cannot allocate memory

During handling of the above exception, another exception occurred:

Traceback (most recent call last):
  File "/usr/local/lib/python3.6/dist-packages/manticore/core/worker.py", line 121, in run
    current_state.execute()
  File "/usr/local/lib/python3.6/dist-packages/manticore/ethereum/state.py", line 6, in execute
    return self._platform.execute()
  File "/usr/local/lib/python3.6/dist-packages/manticore/platforms/evm.py", line 2684, in execute
    self.current_vm.execute()
  File "/usr/local/lib/python3.6/dist-packages/manticore/platforms/evm.py", line 1213, in execute
    result = self._handler(*arguments)
  File "/usr/local/lib/python3.6/dist-packages/manticore/platforms/evm.py", line 1086, in _handler
    return implementation(*arguments)
  File "/usr/local/lib/python3.6/dist-packages/manticore/platforms/evm.py", line 1790, in MLOAD
    value = self._load(address, 32)
  File "/usr/local/lib/python3.6/dist-packages/manticore/platforms/evm.py", line 1312, in _load
    "did_evm_read_memory", offset + i, Operators.EXTRACT(value, (size - i - 1) * 8, 8)
  File "/usr/local/lib/python3.6/dist-packages/manticore/utils/event.py", line 128, in _publish
    self._publish_impl(_name, *args, **kwargs)
  File "/usr/local/lib/python3.6/dist-packages/manticore/utils/event.py", line 145, in _publish_impl
    sink._publish_impl(_name, *args, **kwargs)
  File "/usr/local/lib/python3.6/dist-packages/manticore/utils/event.py", line 145, in _publish_impl
    sink._publish_impl(_name, *args, **kwargs)
  File "/usr/local/lib/python3.6/dist-packages/manticore/utils/event.py", line 143, in _publish_impl
    sink._publish_impl(_name, self, *args, **kwargs)
  File "/usr/local/lib/python3.6/dist-packages/manticore/utils/event.py", line 136, in _publish_impl
    callback(robj(), *args, **kwargs)
  File "/usr/local/lib/python3.6/dist-packages/manticore/ethereum/detectors.py", line 665, in did_evm_read_memory_callback
    if state.can_be_true(cbu):
  File "/usr/local/lib/python3.6/dist-packages/manticore/core/state.py", line 297, in can_be_true
    return self._solver.can_be_true(self._constraints, expr)
  File "/usr/local/lib/python3.6/dist-packages/manticore/core/smtlib/solver.py", line 401, in can_be_true
    self._reset(temp_cs.to_string(related_to=expression))
  File "/usr/local/lib/python3.6/dist-packages/manticore/core/smtlib/solver.py", line 275, in _reset
    self._start_proc()
  File "/usr/local/lib/python3.6/dist-packages/manticore/core/smtlib/solver.py", line 210, in _start_proc
    raise Z3NotFoundError  # TODO(mark) don't catch this exception in two places
manticore.exceptions.Z3NotFoundError
 
2019-08-05 09:53:12,671: [3007] m.c.worker:ERROR: Exception in state 6: SolverError('',)
Traceback (most recent call last):
  File "/usr/local/lib/python3.6/dist-packages/manticore/core/worker.py", line 121, in run
    current_state.execute()
  File "/usr/local/lib/python3.6/dist-packages/manticore/ethereum/state.py", line 6, in execute
    return self._platform.execute()
  File "/usr/local/lib/python3.6/dist-packages/manticore/platforms/evm.py", line 2684, in execute
    self.current_vm.execute()
  File "/usr/local/lib/python3.6/dist-packages/manticore/platforms/evm.py", line 1201, in execute
    "Concretize PC", expression=expression, setstate=setstate, policy="ALL"
manticore.core.state.Concretize

During handling of the above exception, another exception occurred:

Traceback (most recent call last):
  File "/usr/local/lib/python3.6/dist-packages/manticore/core/worker.py", line 142, in run
    m._fork(current_state, exc.expression, exc.policy, exc.setstate)
  File "/usr/local/lib/python3.6/dist-packages/manticore/core/manticore.py", line 332, in _fork
    solutions = state.concretize(expression, policy)
  File "/usr/local/lib/python3.6/dist-packages/manticore/core/state.py", line 271, in concretize
    self._constraints, symbolic, maxcnt=maxcount, silent=True
  File "/usr/local/lib/python3.6/dist-packages/manticore/core/smtlib/solver.py", line 436, in get_all_values
    while self._is_sat():
  File "/usr/local/lib/python3.6/dist-packages/manticore/core/smtlib/solver.py", line 328, in _is_sat
    raise SolverError(status)
manticore.exceptions.SolverError
 
2019-08-05 09:55:29,571: [3010] m.c.worker:ERROR: Exception in state 7: SolverError('',)
Traceback (most recent call last):
  File "/usr/local/lib/python3.6/dist-packages/manticore/platforms/evm.py", line 1213, in execute
    result = self._handler(*arguments)
  File "/usr/local/lib/python3.6/dist-packages/manticore/platforms/evm.py", line 1086, in _handler
    return implementation(*arguments)
  File "/usr/local/lib/python3.6/dist-packages/manticore/platforms/evm.py", line 547, in wrapper
    raise ConcretizeArgument(index, policy=policy)
manticore.platforms.evm.ConcretizeArgument: 1

During handling of the above exception, another exception occurred:

Traceback (most recent call last):
  File "/usr/local/lib/python3.6/dist-packages/manticore/core/worker.py", line 121, in run
    current_state.execute()
  File "/usr/local/lib/python3.6/dist-packages/manticore/ethereum/state.py", line 6, in execute
    return self._platform.execute()
  File "/usr/local/lib/python3.6/dist-packages/manticore/platforms/evm.py", line 2684, in execute
    self.current_vm.execute()
  File "/usr/local/lib/python3.6/dist-packages/manticore/platforms/evm.py", line 1279, in execute
    policy=ex.policy,
manticore.core.state.Concretize

During handling of the above exception, another exception occurred:

Traceback (most recent call last):
  File "/usr/local/lib/python3.6/dist-packages/manticore/core/worker.py", line 142, in run
    m._fork(current_state, exc.expression, exc.policy, exc.setstate)
  File "/usr/local/lib/python3.6/dist-packages/manticore/core/manticore.py", line 332, in _fork
    solutions = state.concretize(expression, policy)
  File "/usr/local/lib/python3.6/dist-packages/manticore/core/state.py", line 271, in concretize
    self._constraints, symbolic, maxcnt=maxcount, silent=True
  File "/usr/local/lib/python3.6/dist-packages/manticore/core/smtlib/solver.py", line 436, in get_all_values
    while self._is_sat():
  File "/usr/local/lib/python3.6/dist-packages/manticore/core/smtlib/solver.py", line 328, in _is_sat
    raise SolverError(status)
manticore.exceptions.SolverError
 
2019-08-05 09:57:16,422: [2997] m.e.detectors:WARNING: INVALID instruction
2019-08-05 09:58:08,818: [2997] m.e.detectors:WARNING: INVALID instruction
2019-08-05 09:58:29,942: [3015] m.e.detectors:WARNING: INVALID instruction
2019-08-05 09:59:01,632: [2997] m.e.detectors:WARNING: INVALID instruction
2019-08-05 10:00:18,337: [3015] m.e.detectors:WARNING: INVALID instruction
2019-08-05 10:00:51,545: [2986] m.e.detectors:WARNING: INVALID instruction
2019-08-05 10:01:10,546: [3015] m.e.detectors:WARNING: INVALID instruction
2019-08-05 10:01:38,345: [2986] m.e.detectors:WARNING: INVALID instruction
2019-08-05 10:02:00,232: [3015] m.e.detectors:WARNING: INVALID instruction
2019-08-05 10:02:52,808: [2986] m.e.detectors:WARNING: Potentially reading uninitialized memory at instruction (address: 784523340564166496728225098264159902585783491778, offset 160)
2019-08-05 10:02:56,937: [2986] m.e.detectors:WARNING: Potentially reading uninitialized memory at instruction (address: 784523340564166496728225098264159902585783491778, offset 161)
2019-08-05 10:02:59,432: [2986] m.e.detectors:WARNING: Potentially reading uninitialized memory at instruction (address: 784523340564166496728225098264159902585783491778, offset 162)
2019-08-05 10:03:02,517: [2986] m.e.detectors:WARNING: Potentially reading uninitialized memory at instruction (address: 784523340564166496728225098264159902585783491778, offset 163)
2019-08-05 10:03:05,058: [2986] m.e.detectors:WARNING: Potentially reading uninitialized memory at instruction (address: 784523340564166496728225098264159902585783491778, offset 164)
2019-08-05 10:03:08,358: [2986] m.e.detectors:WARNING: Potentially reading uninitialized memory at instruction (address: 784523340564166496728225098264159902585783491778, offset 165)
2019-08-05 10:03:11,651: [2986] m.e.detectors:WARNING: Potentially reading uninitialized memory at instruction (address: 784523340564166496728225098264159902585783491778, offset 166)
2019-08-05 10:03:15,045: [2986] m.e.detectors:WARNING: Potentially reading uninitialized memory at instruction (address: 784523340564166496728225098264159902585783491778, offset 167)
2019-08-05 10:03:19,033: [2986] m.e.detectors:WARNING: Potentially reading uninitialized memory at instruction (address: 784523340564166496728225098264159902585783491778, offset 168)
2019-08-05 10:03:25,354: [2986] m.e.detectors:WARNING: Potentially reading uninitialized memory at instruction (address: 784523340564166496728225098264159902585783491778, offset 169)
2019-08-05 10:03:28,664: [2986] m.e.detectors:WARNING: Potentially reading uninitialized memory at instruction (address: 784523340564166496728225098264159902585783491778, offset 170)
2019-08-05 10:03:32,140: [2986] m.e.detectors:WARNING: Potentially reading uninitialized memory at instruction (address: 784523340564166496728225098264159902585783491778, offset 171)
2019-08-05 10:03:35,020: [2986] m.e.detectors:WARNING: Potentially reading uninitialized memory at instruction (address: 784523340564166496728225098264159902585783491778, offset 172)
2019-08-05 10:03:38,212: [2986] m.e.detectors:WARNING: Potentially reading uninitialized memory at instruction (address: 784523340564166496728225098264159902585783491778, offset 173)
2019-08-05 10:03:42,429: [2986] m.e.detectors:WARNING: Potentially reading uninitialized memory at instruction (address: 784523340564166496728225098264159902585783491778, offset 174)
2019-08-05 10:03:45,729: [2986] m.e.detectors:WARNING: Potentially reading uninitialized memory at instruction (address: 784523340564166496728225098264159902585783491778, offset 175)
2019-08-05 10:03:48,556: [2986] m.e.detectors:WARNING: Potentially reading uninitialized memory at instruction (address: 784523340564166496728225098264159902585783491778, offset 176)
2019-08-05 10:03:50,153: [3015] m.e.detectors:WARNING: INVALID instruction
2019-08-05 10:03:51,637: [2986] m.e.detectors:WARNING: Potentially reading uninitialized memory at instruction (address: 784523340564166496728225098264159902585783491778, offset 177)
2019-08-05 10:03:54,021: [2986] m.e.detectors:WARNING: Potentially reading uninitialized memory at instruction (address: 784523340564166496728225098264159902585783491778, offset 178)
2019-08-05 10:03:57,325: [2986] m.e.detectors:WARNING: Potentially reading uninitialized memory at instruction (address: 784523340564166496728225098264159902585783491778, offset 179)
2019-08-05 10:04:05,345: [2986] m.e.detectors:WARNING: Potentially reading uninitialized memory at instruction (address: 784523340564166496728225098264159902585783491778, offset 180)
2019-08-05 10:04:08,460: [2986] m.e.detectors:WARNING: Potentially reading uninitialized memory at instruction (address: 784523340564166496728225098264159902585783491778, offset 181)
2019-08-05 10:04:11,853: [2986] m.e.detectors:WARNING: Potentially reading uninitialized memory at instruction (address: 784523340564166496728225098264159902585783491778, offset 182)
2019-08-05 10:04:15,148: [2986] m.e.detectors:WARNING: Potentially reading uninitialized memory at instruction (address: 784523340564166496728225098264159902585783491778, offset 183)
2019-08-05 10:04:18,357: [2986] m.e.detectors:WARNING: Potentially reading uninitialized memory at instruction (address: 784523340564166496728225098264159902585783491778, offset 184)
2019-08-05 10:04:21,654: [2986] m.e.detectors:WARNING: Potentially reading uninitialized memory at instruction (address: 784523340564166496728225098264159902585783491778, offset 185)
2019-08-05 10:04:25,157: [2986] m.e.detectors:WARNING: Potentially reading uninitialized memory at instruction (address: 784523340564166496728225098264159902585783491778, offset 186)
2019-08-05 10:04:28,848: [2986] m.e.detectors:WARNING: Potentially reading uninitialized memory at instruction (address: 784523340564166496728225098264159902585783491778, offset 187)
2019-08-05 10:04:31,945: [2986] m.e.detectors:WARNING: Potentially reading uninitialized memory at instruction (address: 784523340564166496728225098264159902585783491778, offset 188)
2019-08-05 10:04:35,541: [2986] m.e.detectors:WARNING: Potentially reading uninitialized memory at instruction (address: 784523340564166496728225098264159902585783491778, offset 189)
2019-08-05 10:04:38,758: [2986] m.e.detectors:WARNING: Potentially reading uninitialized memory at instruction (address: 784523340564166496728225098264159902585783491778, offset 190)
2019-08-05 10:04:39,957: [3015] m.e.detectors:WARNING: INVALID instruction
2019-08-05 10:04:41,044: [2986] m.e.detectors:WARNING: Potentially reading uninitialized memory at instruction (address: 784523340564166496728225098264159902585783491778, offset 191)
2019-08-05 10:05:35,521: [2986] m.e.detectors:WARNING: INVALID instruction
2019-08-05 10:06:12,026: [2981] m.c.worker:ERROR: Exception in state 1: SolverError('',)
Traceback (most recent call last):
  File "/usr/local/lib/python3.6/dist-packages/manticore/core/worker.py", line 121, in run
    current_state.execute()
  File "/usr/local/lib/python3.6/dist-packages/manticore/ethereum/state.py", line 6, in execute
    return self._platform.execute()
  File "/usr/local/lib/python3.6/dist-packages/manticore/platforms/evm.py", line 2684, in execute
    self.current_vm.execute()
  File "/usr/local/lib/python3.6/dist-packages/manticore/platforms/evm.py", line 1210, in execute
    last_pc, last_gas, instruction, arguments, fee, allocated = self._checkpoint()
  File "/usr/local/lib/python3.6/dist-packages/manticore/platforms/evm.py", line 1109, in _checkpoint
    self._consume(fee)
  File "/usr/local/lib/python3.6/dist-packages/manticore/platforms/evm.py", line 972, in _consume
    self.constraints, constraint
  File "/usr/local/lib/python3.6/dist-packages/manticore/core/smtlib/solver.py", line 436, in get_all_values
    while self._is_sat():
  File "/usr/local/lib/python3.6/dist-packages/manticore/core/smtlib/solver.py", line 328, in _is_sat
    raise SolverError(status)
manticore.exceptions.SolverError
 
2019-08-05 10:07:18,358: [3002] m.c.worker:ERROR: Exception in state 5: SolverError('',)
Traceback (most recent call last):
  File "/usr/local/lib/python3.6/dist-packages/manticore/core/worker.py", line 121, in run
    current_state.execute()
  File "/usr/local/lib/python3.6/dist-packages/manticore/ethereum/state.py", line 6, in execute
    return self._platform.execute()
  File "/usr/local/lib/python3.6/dist-packages/manticore/platforms/evm.py", line 2684, in execute
    self.current_vm.execute()
  File "/usr/local/lib/python3.6/dist-packages/manticore/platforms/evm.py", line 1210, in execute
    last_pc, last_gas, instruction, arguments, fee, allocated = self._checkpoint()
  File "/usr/local/lib/python3.6/dist-packages/manticore/platforms/evm.py", line 1109, in _checkpoint
    self._consume(fee)
  File "/usr/local/lib/python3.6/dist-packages/manticore/platforms/evm.py", line 972, in _consume
    self.constraints, constraint
  File "/usr/local/lib/python3.6/dist-packages/manticore/core/smtlib/solver.py", line 436, in get_all_values
    while self._is_sat():
  File "/usr/local/lib/python3.6/dist-packages/manticore/core/smtlib/solver.py", line 328, in _is_sat
    raise SolverError(status)
manticore.exceptions.SolverError