2019-08-05 23:31:06,665: [12] m.main:INFO: Registered plugins: DetectUnusedRetVal, DetectReentrancySimple, DetectInvalid, DetectSuicidal, DetectDelegatecall, DetectExternalCallAndLeak, DetectUninitializedStorage, DetectEnvInstruction, DetectIntegerOverflow, DetectReentrancyAdvanced, DetectUninitializedMemory
2019-08-05 23:31:06,665: [12] m.main:INFO: Beginning analysis
2019-08-05 23:31:06,677: [12] m.e.manticore:INFO: Starting symbolic create contract
2019-08-05 23:31:09,069: [12] m.e.manticore:INFO: Starting symbolic transaction: 0
2019-08-05 23:31:11,781: [12] m.e.manticore:INFO: 1 alive states, 5 terminated states
2019-08-05 23:31:12,622: [12] m.e.manticore:INFO: Starting symbolic transaction: 1
2019-08-05 23:31:15,687: [12] m.e.manticore:INFO: 1 alive states, 10 terminated states
2019-08-05 23:31:16,686: [1521] m.c.manticore:INFO: Generated testcase No. 0 - RETURN(3 txs)
2019-08-05 23:31:16,756: [1525] m.c.manticore:INFO: Generated testcase No. 2 - REVERT(2 txs)
2019-08-05 23:31:16,756: [1523] m.c.manticore:INFO: Generated testcase No. 1 - RETURN(1 txs)
2019-08-05 23:31:16,771: [1535] m.c.manticore:INFO: Generated testcase No. 3 - REVERT(2 txs)
2019-08-05 23:31:16,782: [1529] m.c.manticore:INFO: Generated testcase No. 4 - REVERT(2 txs)
2019-08-05 23:31:16,784: [1543] m.c.manticore:INFO: Generated testcase No. 5 - REVERT(2 txs)
2019-08-05 23:31:16,834: [1539] m.c.manticore:INFO: Generated testcase No. 6 - RETURN(2 txs)
2019-08-05 23:31:16,845: [1553] m.c.manticore:INFO: Generated testcase No. 8 - REVERT(3 txs)
2019-08-05 23:31:16,871: [1546] m.c.manticore:INFO: Generated testcase No. 7 - REVERT(3 txs)
2019-08-05 23:31:22,871: [1523] m.c.manticore:INFO: Generated testcase No. 9 - REVERT(3 txs)
2019-08-05 23:31:23,726: [1529] m.c.manticore:INFO: Generated testcase No. 10 - REVERT(3 txs)
2019-08-05 23:31:27,561: [12] m.c.manticore:INFO: Results in /mcore_sv2njsbp
2019-08-05 23:31:29,632: [2146] m.main:INFO: Registered plugins: DetectReentrancySimple, DetectInvalid, DetectUnusedRetVal, DetectReentrancyAdvanced, DetectUninitializedStorage, DetectSuicidal, DetectExternalCallAndLeak, DetectEnvInstruction, DetectUninitializedMemory, DetectDelegatecall, DetectIntegerOverflow
2019-08-05 23:31:29,632: [2146] m.main:INFO: Beginning analysis
2019-08-05 23:31:29,666: [2146] m.e.manticore:INFO: Starting symbolic create contract
2019-08-05 23:31:30,720: [2146] m.e.manticore:INFO: Starting symbolic transaction: 0
2019-08-05 23:31:31,394: [2146] m.e.manticore:INFO: 0 alive states, 2 terminated states
2019-08-05 23:31:31,562: [2146] m.e.manticore:INFO: Starting symbolic transaction: 1
2019-08-05 23:31:31,604: [2716] m.c.manticore:INFO: Generated testcase No. 0 - RETURN(1 txs)
2019-08-05 23:31:31,650: [2717] m.c.manticore:INFO: Generated testcase No. 1 - REVERT(2 txs)
2019-08-05 23:31:32,487: [2146] m.c.manticore:INFO: Results in /mcore_wrhj17mw
2019-08-05 23:31:33,506: [3031] m.main:INFO: Registered plugins: DetectReentrancySimple, DetectInvalid, DetectUnusedRetVal, DetectReentrancyAdvanced, DetectUninitializedStorage, DetectExternalCallAndLeak, DetectSuicidal, DetectEnvInstruction, DetectUninitializedMemory, DetectDelegatecall, DetectIntegerOverflow
2019-08-05 23:31:33,506: [3031] m.main:INFO: Beginning analysis
2019-08-05 23:31:33,565: [3031] m.e.manticore:INFO: Starting symbolic create contract
2019-08-05 23:31:46,126: [3031] m.e.manticore:INFO: Starting symbolic transaction: 0
2019-08-05 23:32:06,906: [3031] m.e.manticore:INFO: 4 alive states, 16 terminated states
2019-08-05 23:32:13,036: [3031] m.e.manticore:INFO: Starting symbolic transaction: 1
2019-08-05 23:33:36,874: [3031] m.e.manticore:INFO: 16 alive states, 76 terminated states
2019-08-05 23:33:44,154: [11110] m.c.manticore:INFO: Generated testcase No. 1 - RETURN(3 txs)
2019-08-05 23:33:44,162: [11112] m.c.manticore:INFO: Generated testcase No. 2 - RETURN(3 txs)
2019-08-05 23:33:44,168: [11144] m.c.manticore:INFO: Generated testcase No. 3 - RETURN(3 txs)
2019-08-05 23:33:44,227: [11109] m.c.manticore:INFO: Generated testcase No. 0 - RETURN(3 txs)
2019-08-05 23:33:44,263: [11121] m.c.manticore:INFO: Generated testcase No. 4 - RETURN(3 txs)
2019-08-05 23:33:44,336: [11128] m.c.manticore:INFO: Generated testcase No. 5 - RETURN(3 txs)
2019-08-05 23:33:44,344: [11125] m.c.manticore:INFO: Generated testcase No. 6 - RETURN(3 txs)
2019-08-05 23:33:44,417: [11114] m.c.manticore:INFO: Generated testcase No. 7 - RETURN(3 txs)
2019-08-05 23:33:44,549: [11133] m.c.manticore:INFO: Generated testcase No. 8 - RETURN(3 txs)
2019-08-05 23:34:45,230: [11125] m.c.manticore:INFO: Generated testcase No. 9 - RETURN(3 txs)
2019-08-05 23:34:46,234: [11128] m.c.manticore:INFO: Generated testcase No. 10 - RETURN(3 txs)
2019-08-05 23:34:46,915: [11133] m.c.manticore:INFO: Generated testcase No. 11 - RETURN(3 txs)
2019-08-05 23:34:48,035: [11110] m.c.manticore:INFO: Generated testcase No. 12 - RETURN(3 txs)
2019-08-05 23:34:49,047: [11144] m.c.manticore:INFO: Generated testcase No. 14 - RETURN(3 txs)
2019-08-05 23:34:49,070: [11121] m.c.manticore:INFO: Generated testcase No. 13 - RETURN(3 txs)
2019-08-05 23:34:50,444: [11109] m.c.manticore:INFO: Generated testcase No. 15 - RETURN(3 txs)
2019-08-05 23:34:50,555: [11114] m.c.manticore:INFO: Generated testcase No. 16 - REVERT(1 txs)
2019-08-05 23:34:52,131: [11112] m.c.manticore:INFO: Generated testcase No. 17 - RETURN(1 txs)
2019-08-05 23:35:17,633: [11114] m.c.manticore:INFO: Generated testcase No. 18 - REVERT(2 txs)
2019-08-05 23:35:48,948: [11125] m.c.manticore:INFO: Generated testcase No. 19 - REVERT(2 txs)
2019-08-05 23:35:49,918: [11128] m.c.manticore:INFO: Generated testcase No. 20 - REVERT(2 txs)
2019-08-05 23:35:49,931: [11112] m.c.manticore:INFO: Generated testcase No. 21 - REVERT(2 txs)
2019-08-05 23:35:53,427: [11133] m.c.manticore:INFO: Generated testcase No. 22 - REVERT(2 txs)
2019-08-05 23:35:53,928: [11109] m.c.manticore:INFO: Generated testcase No. 23 - REVERT(2 txs)
2019-08-05 23:35:54,731: [11110] m.c.manticore:INFO: Generated testcase No. 24 - REVERT(2 txs)
2019-08-05 23:35:55,959: [11121] m.c.manticore:INFO: Generated testcase No. 25 - REVERT(2 txs)
2019-08-05 23:35:56,215: [11144] m.c.manticore:INFO: Generated testcase No. 26 - REVERT(2 txs)
2019-08-05 23:36:15,378: [11114] m.c.manticore:INFO: Generated testcase No. 27 - REVERT(2 txs)
2019-08-05 23:36:50,822: [11125] m.c.manticore:INFO: Generated testcase No. 28 - REVERT(2 txs)
2019-08-05 23:36:51,531: [11128] m.c.manticore:INFO: Generated testcase No. 29 - REVERT(2 txs)
2019-08-05 23:36:52,636: [11112] m.c.manticore:INFO: Generated testcase No. 30 - REVERT(2 txs)
2019-08-05 23:36:56,720: [11133] m.c.manticore:INFO: Generated testcase No. 31 - REVERT(2 txs)
2019-08-05 23:36:57,328: [11110] m.c.manticore:INFO: Generated testcase No. 32 - RETURN(2 txs)
2019-08-05 23:36:57,411: [11109] m.c.manticore:INFO: Generated testcase No. 33 - RETURN(2 txs)
2019-08-05 23:36:58,912: [11121] m.c.manticore:INFO: Generated testcase No. 34 - RETURN(2 txs)
2019-08-05 23:36:59,416: [11144] m.c.manticore:INFO: Generated testcase No. 35 - RETURN(2 txs)
2019-08-05 23:37:14,817: [11114] m.c.manticore:INFO: Generated testcase No. 36 - REVERT(3 txs)
2019-08-05 23:37:55,149: [11128] m.c.manticore:INFO: Generated testcase No. 37 - REVERT(3 txs)
2019-08-05 23:37:57,835: [11125] m.c.manticore:INFO: Generated testcase No. 38 - REVERT(3 txs)
2019-08-05 23:37:57,943: [11112] m.c.manticore:INFO: Generated testcase No. 39 - REVERT(3 txs)
2019-08-05 23:38:00,122: [11110] m.c.manticore:INFO: Generated testcase No. 40 - REVERT(3 txs)
2019-08-05 23:38:01,241: [11109] m.c.manticore:INFO: Generated testcase No. 41 - REVERT(3 txs)
2019-08-05 23:38:02,623: [11133] m.c.manticore:INFO: Generated testcase No. 42 - REVERT(3 txs)
2019-08-05 23:38:04,362: [11121] m.c.manticore:INFO: Generated testcase No. 43 - REVERT(3 txs)
2019-08-05 23:38:04,665: [11144] m.c.manticore:INFO: Generated testcase No. 44 - REVERT(3 txs)
2019-08-05 23:38:24,972: [11114] m.c.manticore:INFO: Generated testcase No. 45 - REVERT(3 txs)
2019-08-05 23:39:03,044: [11128] m.c.manticore:INFO: Generated testcase No. 46 - REVERT(3 txs)
2019-08-05 23:39:07,540: [11109] m.c.manticore:INFO: Generated testcase No. 47 - REVERT(3 txs)
2019-08-05 23:39:09,831: [11125] m.c.manticore:INFO: Generated testcase No. 48 - REVERT(3 txs)
2019-08-05 23:39:10,234: [11112] m.c.manticore:INFO: Generated testcase No. 49 - REVERT(3 txs)
2019-08-05 23:39:10,435: [11110] m.c.manticore:INFO: Generated testcase No. 50 - REVERT(3 txs)
2019-08-05 23:39:11,455: [11133] m.c.manticore:INFO: Generated testcase No. 51 - REVERT(3 txs)
2019-08-05 23:39:15,840: [11144] m.c.manticore:INFO: Generated testcase No. 52 - REVERT(3 txs)
2019-08-05 23:39:17,528: [11121] m.c.manticore:INFO: Generated testcase No. 53 - REVERT(3 txs)
2019-08-05 23:39:33,519: [11114] m.c.manticore:INFO: Generated testcase No. 54 - REVERT(3 txs)
2019-08-05 23:40:19,340: [11128] m.c.manticore:INFO: Generated testcase No. 55 - REVERT(3 txs)
2019-08-05 23:40:22,812: [11125] m.c.manticore:INFO: Generated testcase No. 56 - REVERT(3 txs)
2019-08-05 23:40:22,927: [11110] m.c.manticore:INFO: Generated testcase No. 57 - REVERT(3 txs)
2019-08-05 23:40:23,436: [11112] m.c.manticore:INFO: Generated testcase No. 58 - REVERT(3 txs)
2019-08-05 23:40:25,048: [11109] m.c.manticore:INFO: Generated testcase No. 59 - REVERT(3 txs)
2019-08-05 23:40:25,241: [11144] m.c.manticore:INFO: Generated testcase No. 60 - REVERT(3 txs)
2019-08-05 23:40:28,517: [11133] m.c.manticore:INFO: Generated testcase No. 61 - REVERT(3 txs)
2019-08-05 23:40:29,834: [11121] m.c.manticore:INFO: Generated testcase No. 62 - REVERT(3 txs)
2019-08-05 23:40:42,083: [11114] m.c.manticore:INFO: Generated testcase No. 63 - REVERT(3 txs)
2019-08-05 23:41:30,832: [11112] m.c.manticore:INFO: Generated testcase No. 64 - REVERT(3 txs)
2019-08-05 23:41:35,143: [11128] m.c.manticore:INFO: Generated testcase No. 65 - REVERT(3 txs)
2019-08-05 23:41:37,938: [11125] m.c.manticore:INFO: Generated testcase No. 66 - REVERT(3 txs)
2019-08-05 23:41:38,750: [11144] m.c.manticore:INFO: Generated testcase No. 67 - REVERT(3 txs)
2019-08-05 23:41:40,312: [11109] m.c.manticore:INFO: Generated testcase No. 68 - REVERT(3 txs)
2019-08-05 23:41:40,539: [11110] m.c.manticore:INFO: Generated testcase No. 69 - REVERT(3 txs)
2019-08-05 23:41:44,211: [11133] m.c.manticore:INFO: Generated testcase No. 70 - REVERT(3 txs)
2019-08-05 23:41:44,638: [11121] m.c.manticore:INFO: Generated testcase No. 71 - REVERT(3 txs)
2019-08-05 23:41:59,010: [11114] m.c.manticore:INFO: Generated testcase No. 72 - REVERT(3 txs)
2019-08-05 23:42:49,244: [11112] m.c.manticore:INFO: Generated testcase No. 73 - REVERT(3 txs)
2019-08-05 23:42:52,739: [11128] m.c.manticore:INFO: Generated testcase No. 74 - REVERT(3 txs)
2019-08-05 23:42:53,153: [11144] m.c.manticore:INFO: Generated testcase No. 75 - REVERT(3 txs)
2019-08-05 23:42:53,763: [11125] m.c.manticore:INFO: Generated testcase No. 76 - REVERT(3 txs)
2019-08-05 23:42:54,532: [11109] m.c.manticore:INFO: Generated testcase No. 77 - REVERT(3 txs)
2019-08-05 23:42:59,835: [11110] m.c.manticore:INFO: Generated testcase No. 78 - REVERT(3 txs)
2019-08-05 23:43:04,329: [11121] m.c.manticore:INFO: Generated testcase No. 79 - REVERT(3 txs)
2019-08-05 23:43:04,631: [11133] m.c.manticore:INFO: Generated testcase No. 80 - REVERT(3 txs)
2019-08-05 23:43:10,834: [11114] m.c.manticore:INFO: Generated testcase No. 81 - REVERT(3 txs)
2019-08-05 23:44:06,967: [11109] m.c.manticore:INFO: Generated testcase No. 82 - REVERT(3 txs)
2019-08-05 23:44:07,833: [11128] m.c.manticore:INFO: Generated testcase No. 83 - REVERT(3 txs)
2019-08-05 23:44:08,473: [11125] m.c.manticore:INFO: Generated testcase No. 84 - REVERT(3 txs)
2019-08-05 23:44:09,245: [11144] m.c.manticore:INFO: Generated testcase No. 85 - REVERT(3 txs)
2019-08-05 23:44:09,261: [11112] m.c.manticore:INFO: Generated testcase No. 86 - REVERT(3 txs)
2019-08-05 23:44:13,131: [11110] m.c.manticore:INFO: Generated testcase No. 87 - REVERT(3 txs)
2019-08-05 23:44:18,648: [11133] m.c.manticore:INFO: Generated testcase No. 88 - REVERT(3 txs)
2019-08-05 23:44:20,473: [11121] m.c.manticore:INFO: Generated testcase No. 89 - REVERT(3 txs)
2019-08-05 23:44:23,866: [11114] m.c.manticore:INFO: Generated testcase No. 90 - REVERT(3 txs)
2019-08-05 23:45:26,254: [11109] m.c.manticore:INFO: Generated testcase No. 91 - REVERT(3 txs)
2019-08-05 23:45:49,671: [3031] m.c.manticore:INFO: Results in /mcore_9tlznpk4
2019-08-05 23:45:58,351: [15062] m.main:INFO: Registered plugins: DetectUninitializedMemory, DetectDelegatecall, DetectUnusedRetVal, DetectIntegerOverflow, DetectReentrancyAdvanced, DetectEnvInstruction, DetectReentrancySimple, DetectSuicidal, DetectUninitializedStorage, DetectInvalid, DetectExternalCallAndLeak
2019-08-05 23:45:58,351: [15062] m.main:INFO: Beginning analysis
2019-08-05 23:45:58,365: [15062] m.e.manticore:INFO: Starting symbolic create contract
2019-08-05 23:47:22,584: [15110] m.e.detectors:WARNING: Warning TIMESTAMP instruction used
2019-08-05 23:47:50,662: [15111] m.c.worker:ERROR: Exception in state 1: NotImplementedError('__bool__ for Bool',)
Traceback (most recent call last):
  File "/usr/local/lib/python3.6/dist-packages/manticore/platforms/evm.py", line 2684, in execute
    self.current_vm.execute()
  File "/usr/local/lib/python3.6/dist-packages/manticore/platforms/evm.py", line 1213, in execute
    result = self._handler(*arguments)
  File "/usr/local/lib/python3.6/dist-packages/manticore/platforms/evm.py", line 1086, in _handler
    return implementation(*arguments)
  File "/usr/local/lib/python3.6/dist-packages/manticore/platforms/evm.py", line 548, in wrapper
    return func(*args, **kwargs)
  File "/usr/local/lib/python3.6/dist-packages/manticore/platforms/evm.py", line 2013, in RETURN
    raise EndTx("RETURN", data)
manticore.platforms.evm.EndTx: EndTX<RETURN>

During handling of the above exception, another exception occurred:

Traceback (most recent call last):
  File "/usr/local/lib/python3.6/dist-packages/manticore/core/worker.py", line 121, in run
    current_state.execute()
  File "/usr/local/lib/python3.6/dist-packages/manticore/ethereum/state.py", line 6, in execute
    return self._platform.execute()
  File "/usr/local/lib/python3.6/dist-packages/manticore/platforms/evm.py", line 2688, in execute
    self._close_transaction(ex.result, ex.data, rollback=ex.is_rollback())
  File "/usr/local/lib/python3.6/dist-packages/manticore/platforms/evm.py", line 2347, in _close_transaction
    self._publish("did_close_transaction", tx)
  File "/usr/local/lib/python3.6/dist-packages/manticore/utils/event.py", line 128, in _publish
    self._publish_impl(_name, *args, **kwargs)
  File "/usr/local/lib/python3.6/dist-packages/manticore/utils/event.py", line 145, in _publish_impl
    sink._publish_impl(_name, *args, **kwargs)
  File "/usr/local/lib/python3.6/dist-packages/manticore/utils/event.py", line 143, in _publish_impl
    sink._publish_impl(_name, self, *args, **kwargs)
  File "/usr/local/lib/python3.6/dist-packages/manticore/utils/event.py", line 136, in _publish_impl
    callback(robj(), *args, **kwargs)
  File "/usr/local/lib/python3.6/dist-packages/manticore/ethereum/detectors.py", line 326, in did_close_transaction_callback
    if tx.gas > 2300:
  File "/usr/local/lib/python3.6/dist-packages/manticore/core/smtlib/expression.py", line 206, in __bool__
    raise NotImplementedError("__bool__ for Bool")
NotImplementedError: __bool__ for Bool
 
2019-08-05 23:47:51,118: [15062] m.e.manticore:INFO: Failed to create contract: exception in constructor
2019-08-05 23:47:51,672: [16429] m.c.manticore:INFO: Generated testcase No. 0 - REVERT(1 txs)
2019-08-05 23:47:51,725: [16432] m.c.manticore:INFO: Generated testcase No. 1 - REVERT(1 txs)
2019-08-05 23:47:51,750: [16431] m.c.manticore:INFO: Generated testcase No. 3 - REVERT(1 txs)
2019-08-05 23:47:51,760: [16438] m.c.manticore:INFO: Generated testcase No. 2 - REVERT(1 txs)
2019-08-05 23:47:52,358: [16434] m.c.manticore:INFO: Generated testcase No. 4 - RETURN(0 txs)
Process Process-15:
Traceback (most recent call last):
  File "/usr/lib/python3.6/multiprocessing/process.py", line 258, in _bootstrap
    self.run()
  File "/usr/lib/python3.6/multiprocessing/process.py", line 93, in run
    self._target(*self._args, **self._kwargs)
  File "/usr/local/lib/python3.6/dist-packages/manticore/ethereum/manticore.py", line 1656, in worker_finalize
    finalizer(q.get_nowait())
  File "/usr/local/lib/python3.6/dist-packages/manticore/ethereum/manticore.py", line 1651, in finalizer
    self.generate_testcase(st, message=message)
  File "/usr/local/lib/python3.6/dist-packages/manticore/ethereum/manticore.py", line 1539, in generate_testcase
    is_something_symbolic = state.platform.dump(stream, state, self, message)
  File "/usr/local/lib/python3.6/dist-packages/manticore/platforms/evm.py", line 2949, in dump
    if str(state.context["last_exception"]) != "TXERROR":
KeyError: 'last_exception'
2019-08-05 23:49:39,807: [15062] m.c.manticore:INFO: Results in /mcore_5w_4pk7c