2019-08-01 01:40:03,481: [13] m.main:INFO: Registered plugins: DetectDelegatecall, DetectIntegerOverflow, DetectUninitializedMemory, DetectUnusedRetVal, DetectUninitializedStorage, DetectReentrancySimple, DetectInvalid, DetectSuicidal, DetectExternalCallAndLeak, DetectEnvInstruction, DetectReentrancyAdvanced
2019-08-01 01:40:03,481: [13] m.main:INFO: Beginning analysis
2019-08-01 01:40:03,502: [13] m.e.manticore:INFO: Starting symbolic create contract
2019-08-01 01:40:05,341: [13] m.e.manticore:INFO: Starting symbolic transaction: 0
2019-08-01 01:40:08,044: [13] m.e.manticore:INFO: 1 alive states, 5 terminated states
2019-08-01 01:40:08,707: [13] m.e.manticore:INFO: Starting symbolic transaction: 1
2019-08-01 01:40:12,083: [13] m.e.manticore:INFO: 1 alive states, 10 terminated states
2019-08-01 01:40:12,818: [1520] m.c.manticore:INFO: Generated testcase No. 0 - RETURN(3 txs)
2019-08-01 01:40:12,930: [1525] m.c.manticore:INFO: Generated testcase No. 2 - REVERT(2 txs)
2019-08-01 01:40:12,980: [1522] m.c.manticore:INFO: Generated testcase No. 1 - RETURN(1 txs)
2019-08-01 01:40:13,003: [1533] m.c.manticore:INFO: Generated testcase No. 3 - REVERT(2 txs)
2019-08-01 01:40:13,100: [1547] m.c.manticore:INFO: Generated testcase No. 5 - REVERT(2 txs)
2019-08-01 01:40:13,104: [1529] m.c.manticore:INFO: Generated testcase No. 4 - REVERT(2 txs)
2019-08-01 01:40:13,200: [1543] m.c.manticore:INFO: Generated testcase No. 6 - REVERT(3 txs)
2019-08-01 01:40:13,205: [1542] m.c.manticore:INFO: Generated testcase No. 7 - RETURN(2 txs)
2019-08-01 01:40:13,381: [1545] m.c.manticore:INFO: Generated testcase No. 8 - REVERT(3 txs)
2019-08-01 01:40:21,713: [1522] m.c.manticore:INFO: Generated testcase No. 9 - REVERT(3 txs)
2019-08-01 01:40:25,817: [1547] m.c.manticore:INFO: Generated testcase No. 10 - REVERT(3 txs)
2019-08-01 01:40:31,248: [13] m.c.manticore:INFO: Results in /mcore_er0n9e12
2019-08-01 01:40:32,853: [2145] m.main:INFO: Registered plugins: DetectReentrancySimple, DetectInvalid, DetectDelegatecall, DetectReentrancyAdvanced, DetectUnusedRetVal, DetectUninitializedStorage, DetectExternalCallAndLeak, DetectSuicidal, DetectUninitializedMemory, DetectEnvInstruction, DetectIntegerOverflow
2019-08-01 01:40:32,854: [2145] m.main:INFO: Beginning analysis
2019-08-01 01:40:32,866: [2145] m.e.manticore:INFO: Starting symbolic create contract
2019-08-01 01:40:33,121: [2190] m.c.manticore:INFO: Generated testcase No. 0 - NO STATE RESULT (?)(0 txs)
2019-08-01 01:40:33,394: [2145] m.c.manticore:INFO: Results in /mcore_wrh8pckw
2019-08-01 01:40:34,170: [2448] m.main:INFO: Registered plugins: DetectUnusedRetVal, DetectReentrancySimple, DetectInvalid, DetectExternalCallAndLeak, DetectSuicidal, DetectUninitializedStorage, DetectEnvInstruction, DetectReentrancyAdvanced, DetectIntegerOverflow, DetectDelegatecall, DetectUninitializedMemory
2019-08-01 01:40:34,170: [2448] m.main:INFO: Beginning analysis
2019-08-01 01:40:34,220: [2448] m.e.manticore:INFO: Starting symbolic create contract
2019-08-01 01:40:53,753: [2496] m.e.detectors:WARNING: Unsigned integer overflow at MUL instruction
2019-08-01 01:40:54,706: [2496] m.e.detectors:WARNING: Unsigned integer overflow at MUL instruction
2019-08-01 01:41:16,397: [2448] m.e.manticore:INFO: Starting symbolic transaction: 0
2019-08-01 01:42:01,896: [3656] m.e.detectors:WARNING: Unsigned integer overflow at MUL instruction
2019-08-01 01:42:57,227: [3652] m.e.detectors:WARNING: Potentially reading uninitialized storage
2019-08-01 01:43:06,282: [3652] m.e.detectors:WARNING: Unsigned integer overflow at MUL instruction
2019-08-01 01:43:17,986: [3690] m.e.detectors:WARNING: Unsigned integer overflow at MUL instruction
2019-08-01 01:43:22,883: [3647] m.e.detectors:WARNING: Potentially reading uninitialized storage
2019-08-01 01:44:27,911: [3678] m.e.detectors:WARNING: Potentially reading uninitialized storage
2019-08-01 01:44:56,902: [3649] m.e.detectors:WARNING: Unsigned integer overflow at MUL instruction
2019-08-01 01:44:58,306: [3678] m.e.detectors:WARNING: Potentially reading uninitialized storage
2019-08-01 01:48:26,240: [3671] m.c.worker:ERROR: Exception in state 6: SolverError('',)
Traceback (most recent call last):
  File "/usr/local/lib/python3.6/dist-packages/manticore/core/worker.py", line 121, in run
    current_state.execute()
  File "/usr/local/lib/python3.6/dist-packages/manticore/ethereum/state.py", line 6, in execute
    return self._platform.execute()
  File "/usr/local/lib/python3.6/dist-packages/manticore/platforms/evm.py", line 2684, in execute
    self.current_vm.execute()
  File "/usr/local/lib/python3.6/dist-packages/manticore/platforms/evm.py", line 1210, in execute
    last_pc, last_gas, instruction, arguments, fee, allocated = self._checkpoint()
  File "/usr/local/lib/python3.6/dist-packages/manticore/platforms/evm.py", line 1109, in _checkpoint
    self._consume(fee)
  File "/usr/local/lib/python3.6/dist-packages/manticore/platforms/evm.py", line 981, in _consume
    policy="ALL",
manticore.core.state.Concretize

During handling of the above exception, another exception occurred:

Traceback (most recent call last):
  File "/usr/local/lib/python3.6/dist-packages/manticore/core/worker.py", line 142, in run
    m._fork(current_state, exc.expression, exc.policy, exc.setstate)
  File "/usr/local/lib/python3.6/dist-packages/manticore/core/manticore.py", line 332, in _fork
    solutions = state.concretize(expression, policy)
  File "/usr/local/lib/python3.6/dist-packages/manticore/core/state.py", line 271, in concretize
    self._constraints, symbolic, maxcnt=maxcount, silent=True
  File "/usr/local/lib/python3.6/dist-packages/manticore/core/smtlib/solver.py", line 436, in get_all_values
    while self._is_sat():
  File "/usr/local/lib/python3.6/dist-packages/manticore/core/smtlib/solver.py", line 328, in _is_sat
    raise SolverError(status)
manticore.exceptions.SolverError
 
2019-08-01 01:48:26,821: [3663] m.e.detectors:WARNING: Potentially reading uninitialized memory at instruction (address: 1136481103774914673527447941191111866795185092310, offset 128)
2019-08-01 01:48:28,627: [3663] m.e.detectors:WARNING: Potentially reading uninitialized memory at instruction (address: 1136481103774914673527447941191111866795185092310, offset 129)
2019-08-01 01:48:32,271: [3663] m.e.detectors:WARNING: Potentially reading uninitialized memory at instruction (address: 1136481103774914673527447941191111866795185092310, offset 130)
2019-08-01 01:48:33,994: [3663] m.e.detectors:WARNING: Potentially reading uninitialized memory at instruction (address: 1136481103774914673527447941191111866795185092310, offset 131)
2019-08-01 01:48:39,801: [3663] m.e.detectors:WARNING: Potentially reading uninitialized memory at instruction (address: 1136481103774914673527447941191111866795185092310, offset 132)
2019-08-01 01:48:41,719: [3663] m.e.detectors:WARNING: Potentially reading uninitialized memory at instruction (address: 1136481103774914673527447941191111866795185092310, offset 133)
2019-08-01 01:48:43,623: [3663] m.e.detectors:WARNING: Potentially reading uninitialized memory at instruction (address: 1136481103774914673527447941191111866795185092310, offset 134)
2019-08-01 01:48:45,539: [3663] m.e.detectors:WARNING: Potentially reading uninitialized memory at instruction (address: 1136481103774914673527447941191111866795185092310, offset 135)
2019-08-01 01:48:48,243: [3663] m.e.detectors:WARNING: Potentially reading uninitialized memory at instruction (address: 1136481103774914673527447941191111866795185092310, offset 136)
2019-08-01 01:48:51,624: [3663] m.e.detectors:WARNING: Potentially reading uninitialized memory at instruction (address: 1136481103774914673527447941191111866795185092310, offset 137)
2019-08-01 01:48:58,614: [3663] m.e.detectors:WARNING: Potentially reading uninitialized memory at instruction (address: 1136481103774914673527447941191111866795185092310, offset 138)
2019-08-01 01:49:00,482: [3663] m.e.detectors:WARNING: Potentially reading uninitialized memory at instruction (address: 1136481103774914673527447941191111866795185092310, offset 139)
2019-08-01 01:49:02,174: [3663] m.e.detectors:WARNING: Potentially reading uninitialized memory at instruction (address: 1136481103774914673527447941191111866795185092310, offset 140)
2019-08-01 01:49:04,083: [3663] m.e.detectors:WARNING: Potentially reading uninitialized memory at instruction (address: 1136481103774914673527447941191111866795185092310, offset 141)
2019-08-01 01:49:16,098: [3663] m.e.detectors:WARNING: Potentially reading uninitialized memory at instruction (address: 1136481103774914673527447941191111866795185092310, offset 142)
2019-08-01 01:49:18,239: [3663] m.e.detectors:WARNING: Potentially reading uninitialized memory at instruction (address: 1136481103774914673527447941191111866795185092310, offset 143)
2019-08-01 01:49:19,850: [3663] m.e.detectors:WARNING: Potentially reading uninitialized memory at instruction (address: 1136481103774914673527447941191111866795185092310, offset 144)
2019-08-01 01:49:22,352: [3663] m.e.detectors:WARNING: Potentially reading uninitialized memory at instruction (address: 1136481103774914673527447941191111866795185092310, offset 145)
2019-08-01 01:49:25,295: [3690] m.e.detectors:WARNING: Potentially reading uninitialized memory at instruction (address: 1136481103774914673527447941191111866795185092310, offset 128)
2019-08-01 01:49:28,320: [3663] m.e.detectors:WARNING: Potentially reading uninitialized memory at instruction (address: 1136481103774914673527447941191111866795185092310, offset 146)
2019-08-01 01:49:28,508: [3690] m.e.detectors:WARNING: Potentially reading uninitialized memory at instruction (address: 1136481103774914673527447941191111866795185092310, offset 129)
2019-08-01 01:49:30,335: [3690] m.e.detectors:WARNING: Potentially reading uninitialized memory at instruction (address: 1136481103774914673527447941191111866795185092310, offset 130)
2019-08-01 01:49:30,494: [3663] m.e.detectors:WARNING: Potentially reading uninitialized memory at instruction (address: 1136481103774914673527447941191111866795185092310, offset 147)
2019-08-01 01:49:32,018: [3690] m.e.detectors:WARNING: Potentially reading uninitialized memory at instruction (address: 1136481103774914673527447941191111866795185092310, offset 131)
2019-08-01 01:49:32,886: [3663] m.e.detectors:WARNING: Potentially reading uninitialized memory at instruction (address: 1136481103774914673527447941191111866795185092310, offset 148)
2019-08-01 01:49:33,622: [3690] m.e.detectors:WARNING: Potentially reading uninitialized memory at instruction (address: 1136481103774914673527447941191111866795185092310, offset 132)
2019-08-01 01:49:34,719: [3663] m.e.detectors:WARNING: Potentially reading uninitialized memory at instruction (address: 1136481103774914673527447941191111866795185092310, offset 149)
2019-08-01 01:49:36,602: [3663] m.e.detectors:WARNING: Potentially reading uninitialized memory at instruction (address: 1136481103774914673527447941191111866795185092310, offset 150)
2019-08-01 01:49:38,006: [3690] m.e.detectors:WARNING: Potentially reading uninitialized memory at instruction (address: 1136481103774914673527447941191111866795185092310, offset 133)
2019-08-01 01:49:38,235: [3663] m.e.detectors:WARNING: Potentially reading uninitialized memory at instruction (address: 1136481103774914673527447941191111866795185092310, offset 151)
2019-08-01 01:49:40,030: [3690] m.e.detectors:WARNING: Potentially reading uninitialized memory at instruction (address: 1136481103774914673527447941191111866795185092310, offset 134)
2019-08-01 01:49:40,735: [3663] m.e.detectors:WARNING: Potentially reading uninitialized memory at instruction (address: 1136481103774914673527447941191111866795185092310, offset 152)
2019-08-01 01:49:42,947: [3663] m.e.detectors:WARNING: Potentially reading uninitialized memory at instruction (address: 1136481103774914673527447941191111866795185092310, offset 153)
2019-08-01 01:49:43,223: [3690] m.e.detectors:WARNING: Potentially reading uninitialized memory at instruction (address: 1136481103774914673527447941191111866795185092310, offset 135)
2019-08-01 01:49:49,103: [3690] m.e.detectors:WARNING: Potentially reading uninitialized memory at instruction (address: 1136481103774914673527447941191111866795185092310, offset 136)
2019-08-01 01:49:51,415: [3663] m.e.detectors:WARNING: Potentially reading uninitialized memory at instruction (address: 1136481103774914673527447941191111866795185092310, offset 154)
2019-08-01 01:49:53,335: [3690] m.e.detectors:WARNING: Potentially reading uninitialized memory at instruction (address: 1136481103774914673527447941191111866795185092310, offset 137)
2019-08-01 01:49:54,435: [3663] m.e.detectors:WARNING: Potentially reading uninitialized memory at instruction (address: 1136481103774914673527447941191111866795185092310, offset 155)
2019-08-01 01:49:55,435: [3690] m.e.detectors:WARNING: Potentially reading uninitialized memory at instruction (address: 1136481103774914673527447941191111866795185092310, offset 138)
2019-08-01 01:49:57,414: [3690] m.e.detectors:WARNING: Potentially reading uninitialized memory at instruction (address: 1136481103774914673527447941191111866795185092310, offset 139)
2019-08-01 01:49:59,531: [3690] m.e.detectors:WARNING: Potentially reading uninitialized memory at instruction (address: 1136481103774914673527447941191111866795185092310, offset 140)
2019-08-01 01:49:59,622: [3663] m.e.detectors:WARNING: Potentially reading uninitialized memory at instruction (address: 1136481103774914673527447941191111866795185092310, offset 156)
2019-08-01 01:50:01,336: [3663] m.e.detectors:WARNING: Potentially reading uninitialized memory at instruction (address: 1136481103774914673527447941191111866795185092310, offset 157)
2019-08-01 01:50:01,390: [3690] m.e.detectors:WARNING: Potentially reading uninitialized memory at instruction (address: 1136481103774914673527447941191111866795185092310, offset 141)
2019-08-01 01:50:03,219: [3663] m.e.detectors:WARNING: Potentially reading uninitialized memory at instruction (address: 1136481103774914673527447941191111866795185092310, offset 158)
2019-08-01 01:50:03,291: [3690] m.e.detectors:WARNING: Potentially reading uninitialized memory at instruction (address: 1136481103774914673527447941191111866795185092310, offset 142)
2019-08-01 01:50:05,336: [3663] m.e.detectors:WARNING: Potentially reading uninitialized memory at instruction (address: 1136481103774914673527447941191111866795185092310, offset 159)
2019-08-01 01:50:05,724: [3690] m.e.detectors:WARNING: Potentially reading uninitialized memory at instruction (address: 1136481103774914673527447941191111866795185092310, offset 143)
2019-08-01 01:50:07,532: [3690] m.e.detectors:WARNING: Potentially reading uninitialized memory at instruction (address: 1136481103774914673527447941191111866795185092310, offset 144)
2019-08-01 01:50:09,121: [3690] m.e.detectors:WARNING: Potentially reading uninitialized memory at instruction (address: 1136481103774914673527447941191111866795185092310, offset 145)
2019-08-01 01:50:10,809: [3663] m.e.detectors:WARNING: Potentially reading uninitialized memory at instruction (address: 1136481103774914673527447941191111866795185092310, offset 128)
2019-08-01 01:50:13,031: [3663] m.e.detectors:WARNING: Potentially reading uninitialized memory at instruction (address: 1136481103774914673527447941191111866795185092310, offset 129)
2019-08-01 01:50:14,434: [3690] m.e.detectors:WARNING: Potentially reading uninitialized memory at instruction (address: 1136481103774914673527447941191111866795185092310, offset 146)
2019-08-01 01:50:14,731: [3663] m.e.detectors:WARNING: Potentially reading uninitialized memory at instruction (address: 1136481103774914673527447941191111866795185092310, offset 130)
2019-08-01 01:50:16,310: [3690] m.e.detectors:WARNING: Potentially reading uninitialized memory at instruction (address: 1136481103774914673527447941191111866795185092310, offset 147)
2019-08-01 01:50:17,239: [3663] m.e.detectors:WARNING: Potentially reading uninitialized memory at instruction (address: 1136481103774914673527447941191111866795185092310, offset 131)
2019-08-01 01:50:18,033: [3690] m.e.detectors:WARNING: Potentially reading uninitialized memory at instruction (address: 1136481103774914673527447941191111866795185092310, offset 148)
2019-08-01 01:50:19,022: [3663] m.e.detectors:WARNING: Potentially reading uninitialized memory at instruction (address: 1136481103774914673527447941191111866795185092310, offset 132)
2019-08-01 01:50:19,726: [3690] m.e.detectors:WARNING: Potentially reading uninitialized memory at instruction (address: 1136481103774914673527447941191111866795185092310, offset 149)
2019-08-01 01:50:20,740: [3663] m.e.detectors:WARNING: Potentially reading uninitialized memory at instruction (address: 1136481103774914673527447941191111866795185092310, offset 133)
2019-08-01 01:50:21,482: [3690] m.e.detectors:WARNING: Potentially reading uninitialized memory at instruction (address: 1136481103774914673527447941191111866795185092310, offset 150)
2019-08-01 01:50:22,735: [3663] m.e.detectors:WARNING: Potentially reading uninitialized memory at instruction (address: 1136481103774914673527447941191111866795185092310, offset 134)
2019-08-01 01:50:23,234: [3690] m.e.detectors:WARNING: Potentially reading uninitialized memory at instruction (address: 1136481103774914673527447941191111866795185092310, offset 151)
2019-08-01 01:50:24,623: [3663] m.e.detectors:WARNING: Potentially reading uninitialized memory at instruction (address: 1136481103774914673527447941191111866795185092310, offset 135)
2019-08-01 01:50:26,135: [3690] m.e.detectors:WARNING: Potentially reading uninitialized memory at instruction (address: 1136481103774914673527447941191111866795185092310, offset 152)
2019-08-01 01:50:26,803: [3663] m.e.detectors:WARNING: Potentially reading uninitialized memory at instruction (address: 1136481103774914673527447941191111866795185092310, offset 136)
2019-08-01 01:50:28,027: [3690] m.e.detectors:WARNING: Potentially reading uninitialized memory at instruction (address: 1136481103774914673527447941191111866795185092310, offset 153)
2019-08-01 01:50:29,034: [3663] m.e.detectors:WARNING: Potentially reading uninitialized memory at instruction (address: 1136481103774914673527447941191111866795185092310, offset 137)
2019-08-01 01:50:30,387: [3690] m.e.detectors:WARNING: Potentially reading uninitialized memory at instruction (address: 1136481103774914673527447941191111866795185092310, offset 154)
2019-08-01 01:50:30,987: [3663] m.e.detectors:WARNING: Potentially reading uninitialized memory at instruction (address: 1136481103774914673527447941191111866795185092310, offset 138)
2019-08-01 01:50:31,943: [3690] m.e.detectors:WARNING: Potentially reading uninitialized memory at instruction (address: 1136481103774914673527447941191111866795185092310, offset 155)
2019-08-01 01:50:33,790: [3663] m.e.detectors:WARNING: Potentially reading uninitialized memory at instruction (address: 1136481103774914673527447941191111866795185092310, offset 139)
2019-08-01 01:50:34,138: [3690] m.e.detectors:WARNING: Potentially reading uninitialized memory at instruction (address: 1136481103774914673527447941191111866795185092310, offset 156)
2019-08-01 01:50:35,516: [3663] m.e.detectors:WARNING: Potentially reading uninitialized memory at instruction (address: 1136481103774914673527447941191111866795185092310, offset 140)
2019-08-01 01:50:36,705: [3690] m.e.detectors:WARNING: Potentially reading uninitialized memory at instruction (address: 1136481103774914673527447941191111866795185092310, offset 157)
2019-08-01 01:50:37,639: [3663] m.e.detectors:WARNING: Potentially reading uninitialized memory at instruction (address: 1136481103774914673527447941191111866795185092310, offset 141)
2019-08-01 01:50:38,731: [3690] m.e.detectors:WARNING: Potentially reading uninitialized memory at instruction (address: 1136481103774914673527447941191111866795185092310, offset 158)
2019-08-01 01:50:41,731: [3690] m.e.detectors:WARNING: Potentially reading uninitialized memory at instruction (address: 1136481103774914673527447941191111866795185092310, offset 159)
2019-08-01 01:50:46,030: [3663] m.e.detectors:WARNING: Potentially reading uninitialized memory at instruction (address: 1136481103774914673527447941191111866795185092310, offset 142)
[Errno 12] Cannot allocate memory Probably too many cached expressions? visitors._cache...
2019-08-01 01:50:48,151: [3663] m.c.worker:ERROR: Exception in state 4: Z3NotFoundError()
Traceback (most recent call last):
  File "/usr/local/lib/python3.6/dist-packages/manticore/core/smtlib/solver.py", line 205, in _start_proc
    close_fds=True,
  File "/usr/lib/python3.6/subprocess.py", line 729, in __init__
    restore_signals, start_new_session)
  File "/usr/lib/python3.6/subprocess.py", line 1295, in _execute_child
    restore_signals, start_new_session, preexec_fn)
OSError: [Errno 12] Cannot allocate memory

During handling of the above exception, another exception occurred:

Traceback (most recent call last):
  File "/usr/local/lib/python3.6/dist-packages/manticore/core/worker.py", line 121, in run
    current_state.execute()
  File "/usr/local/lib/python3.6/dist-packages/manticore/ethereum/state.py", line 6, in execute
    return self._platform.execute()
  File "/usr/local/lib/python3.6/dist-packages/manticore/platforms/evm.py", line 2684, in execute
    self.current_vm.execute()
  File "/usr/local/lib/python3.6/dist-packages/manticore/platforms/evm.py", line 1213, in execute
    result = self._handler(*arguments)
  File "/usr/local/lib/python3.6/dist-packages/manticore/platforms/evm.py", line 1086, in _handler
    return implementation(*arguments)
  File "/usr/local/lib/python3.6/dist-packages/manticore/platforms/evm.py", line 1790, in MLOAD
    value = self._load(address, 32)
  File "/usr/local/lib/python3.6/dist-packages/manticore/platforms/evm.py", line 1312, in _load
    "did_evm_read_memory", offset + i, Operators.EXTRACT(value, (size - i - 1) * 8, 8)
  File "/usr/local/lib/python3.6/dist-packages/manticore/utils/event.py", line 128, in _publish
    self._publish_impl(_name, *args, **kwargs)
  File "/usr/local/lib/python3.6/dist-packages/manticore/utils/event.py", line 145, in _publish_impl
    sink._publish_impl(_name, *args, **kwargs)
  File "/usr/local/lib/python3.6/dist-packages/manticore/utils/event.py", line 145, in _publish_impl
    sink._publish_impl(_name, *args, **kwargs)
  File "/usr/local/lib/python3.6/dist-packages/manticore/utils/event.py", line 143, in _publish_impl
    sink._publish_impl(_name, self, *args, **kwargs)
  File "/usr/local/lib/python3.6/dist-packages/manticore/utils/event.py", line 136, in _publish_impl
    callback(robj(), *args, **kwargs)
  File "/usr/local/lib/python3.6/dist-packages/manticore/ethereum/detectors.py", line 665, in did_evm_read_memory_callback
    if state.can_be_true(cbu):
  File "/usr/local/lib/python3.6/dist-packages/manticore/core/state.py", line 297, in can_be_true
    return self._solver.can_be_true(self._constraints, expr)
  File "/usr/local/lib/python3.6/dist-packages/manticore/core/smtlib/solver.py", line 401, in can_be_true
    self._reset(temp_cs.to_string(related_to=expression))
  File "/usr/local/lib/python3.6/dist-packages/manticore/core/smtlib/solver.py", line 275, in _reset
    self._start_proc()
  File "/usr/local/lib/python3.6/dist-packages/manticore/core/smtlib/solver.py", line 210, in _start_proc
    raise Z3NotFoundError  # TODO(mark) don't catch this exception in two places
manticore.exceptions.Z3NotFoundError
 
2019-08-01 01:50:51,390: [3690] m.e.detectors:WARNING: Potentially reading uninitialized memory at instruction (address: 1136481103774914673527447941191111866795185092310, offset 128)
2019-08-01 01:51:00,023: [3690] m.e.detectors:WARNING: Potentially reading uninitialized memory at instruction (address: 1136481103774914673527447941191111866795185092310, offset 129)
2019-08-01 01:51:02,446: [3690] m.e.detectors:WARNING: Potentially reading uninitialized memory at instruction (address: 1136481103774914673527447941191111866795185092310, offset 130)
2019-08-01 01:51:05,010: [3690] m.e.detectors:WARNING: Potentially reading uninitialized memory at instruction (address: 1136481103774914673527447941191111866795185092310, offset 131)
2019-08-01 01:51:10,833: [3690] m.e.detectors:WARNING: Potentially reading uninitialized memory at instruction (address: 1136481103774914673527447941191111866795185092310, offset 132)
2019-08-01 01:51:12,232: [3690] m.e.detectors:WARNING: Potentially reading uninitialized memory at instruction (address: 1136481103774914673527447941191111866795185092310, offset 133)
2019-08-01 01:51:14,119: [3690] m.e.detectors:WARNING: Potentially reading uninitialized memory at instruction (address: 1136481103774914673527447941191111866795185092310, offset 134)
2019-08-01 01:51:15,739: [3690] m.e.detectors:WARNING: Potentially reading uninitialized memory at instruction (address: 1136481103774914673527447941191111866795185092310, offset 135)
2019-08-01 01:51:17,442: [3690] m.e.detectors:WARNING: Potentially reading uninitialized memory at instruction (address: 1136481103774914673527447941191111866795185092310, offset 136)
2019-08-01 01:51:19,420: [3690] m.e.detectors:WARNING: Potentially reading uninitialized memory at instruction (address: 1136481103774914673527447941191111866795185092310, offset 137)
2019-08-01 01:51:21,147: [3690] m.e.detectors:WARNING: Potentially reading uninitialized memory at instruction (address: 1136481103774914673527447941191111866795185092310, offset 138)
2019-08-01 01:51:23,935: [3690] m.e.detectors:WARNING: Potentially reading uninitialized memory at instruction (address: 1136481103774914673527447941191111866795185092310, offset 139)
2019-08-01 01:51:29,718: [3690] m.e.detectors:WARNING: Potentially reading uninitialized memory at instruction (address: 1136481103774914673527447941191111866795185092310, offset 140)
2019-08-01 01:51:30,878: [3690] m.e.detectors:WARNING: Potentially reading uninitialized memory at instruction (address: 1136481103774914673527447941191111866795185092310, offset 141)
2019-08-01 01:51:32,035: [3690] m.e.detectors:WARNING: Potentially reading uninitialized memory at instruction (address: 1136481103774914673527447941191111866795185092310, offset 142)
2019-08-01 01:51:33,535: [3690] m.e.detectors:WARNING: Potentially reading uninitialized memory at instruction (address: 1136481103774914673527447941191111866795185092310, offset 143)
2019-08-01 01:51:35,290: [3690] m.e.detectors:WARNING: Potentially reading uninitialized memory at instruction (address: 1136481103774914673527447941191111866795185092310, offset 144)
2019-08-01 01:51:37,230: [3690] m.e.detectors:WARNING: Potentially reading uninitialized memory at instruction (address: 1136481103774914673527447941191111866795185092310, offset 145)
2019-08-01 01:51:39,137: [3690] m.e.detectors:WARNING: Potentially reading uninitialized memory at instruction (address: 1136481103774914673527447941191111866795185092310, offset 146)
2019-08-01 01:51:40,343: [3690] m.e.detectors:WARNING: Potentially reading uninitialized memory at instruction (address: 1136481103774914673527447941191111866795185092310, offset 147)
2019-08-01 01:51:43,508: [3690] m.e.detectors:WARNING: Potentially reading uninitialized memory at instruction (address: 1136481103774914673527447941191111866795185092310, offset 148)
2019-08-01 01:51:46,922: [3690] m.e.detectors:WARNING: Potentially reading uninitialized memory at instruction (address: 1136481103774914673527447941191111866795185092310, offset 149)
2019-08-01 01:51:57,426: [3690] m.e.detectors:WARNING: Potentially reading uninitialized memory at instruction (address: 1136481103774914673527447941191111866795185092310, offset 150)
2019-08-01 01:51:58,543: [3690] m.e.detectors:WARNING: Potentially reading uninitialized memory at instruction (address: 1136481103774914673527447941191111866795185092310, offset 151)
2019-08-01 01:52:00,137: [3690] m.e.detectors:WARNING: Potentially reading uninitialized memory at instruction (address: 1136481103774914673527447941191111866795185092310, offset 152)
2019-08-01 01:52:02,011: [3690] m.e.detectors:WARNING: Potentially reading uninitialized memory at instruction (address: 1136481103774914673527447941191111866795185092310, offset 153)
2019-08-01 01:52:03,634: [3690] m.e.detectors:WARNING: Potentially reading uninitialized memory at instruction (address: 1136481103774914673527447941191111866795185092310, offset 154)
2019-08-01 01:52:05,214: [3690] m.e.detectors:WARNING: Potentially reading uninitialized memory at instruction (address: 1136481103774914673527447941191111866795185092310, offset 155)
2019-08-01 01:52:07,024: [3690] m.e.detectors:WARNING: Potentially reading uninitialized memory at instruction (address: 1136481103774914673527447941191111866795185092310, offset 156)
2019-08-01 01:52:08,819: [3690] m.e.detectors:WARNING: Potentially reading uninitialized memory at instruction (address: 1136481103774914673527447941191111866795185092310, offset 157)
2019-08-01 01:52:10,519: [3690] m.e.detectors:WARNING: Potentially reading uninitialized memory at instruction (address: 1136481103774914673527447941191111866795185092310, offset 158)
2019-08-01 01:52:12,138: [3690] m.e.detectors:WARNING: Potentially reading uninitialized memory at instruction (address: 1136481103774914673527447941191111866795185092310, offset 159)
2019-08-01 01:53:05,514: [3684] m.e.detectors:WARNING: Potentially reading uninitialized storage
2019-08-01 01:53:34,119: [3684] m.e.detectors:WARNING: Potentially reading uninitialized storage
2019-08-01 01:53:56,695: [3647] m.e.detectors:WARNING: Potentially reading uninitialized storage
2019-08-01 01:54:17,506: [3690] m.c.worker:ERROR: Exception in state 9: SolverError('',)
Traceback (most recent call last):
  File "/usr/local/lib/python3.6/dist-packages/manticore/core/worker.py", line 121, in run
    current_state.execute()
  File "/usr/local/lib/python3.6/dist-packages/manticore/ethereum/state.py", line 6, in execute
    return self._platform.execute()
  File "/usr/local/lib/python3.6/dist-packages/manticore/platforms/evm.py", line 2684, in execute
    self.current_vm.execute()
  File "/usr/local/lib/python3.6/dist-packages/manticore/platforms/evm.py", line 1201, in execute
    "Concretize PC", expression=expression, setstate=setstate, policy="ALL"
manticore.core.state.Concretize

During handling of the above exception, another exception occurred:

Traceback (most recent call last):
  File "/usr/local/lib/python3.6/dist-packages/manticore/core/worker.py", line 142, in run
    m._fork(current_state, exc.expression, exc.policy, exc.setstate)
  File "/usr/local/lib/python3.6/dist-packages/manticore/core/manticore.py", line 332, in _fork
    solutions = state.concretize(expression, policy)
  File "/usr/local/lib/python3.6/dist-packages/manticore/core/state.py", line 271, in concretize
    self._constraints, symbolic, maxcnt=maxcount, silent=True
  File "/usr/local/lib/python3.6/dist-packages/manticore/core/smtlib/solver.py", line 436, in get_all_values
    while self._is_sat():
  File "/usr/local/lib/python3.6/dist-packages/manticore/core/smtlib/solver.py", line 328, in _is_sat
    raise SolverError(status)
manticore.exceptions.SolverError
 
2019-08-01 01:54:46,835: [3678] m.e.detectors:WARNING: Unsigned integer overflow at MUL instruction
2019-08-01 02:00:56,631: [3652] m.e.detectors:WARNING: Unsigned integer overflow at MUL instruction
2019-08-01 02:02:15,026: [3656] m.e.detectors:WARNING: Unsigned integer overflow at MUL instruction
2019-08-01 02:07:38,996: [3656] m.e.detectors:WARNING: Unsigned integer overflow at MUL instruction
2019-08-01 02:07:39,544: [2448] m.e.manticore:INFO: 7 alive states, 23 terminated states
2019-08-01 02:07:55,311: [2448] m.e.manticore:INFO: Starting symbolic transaction: 1