2019-07-24 22:42:04,003: [12] m.main:INFO: Registered plugins: DetectDelegatecall, DetectIntegerOverflow, DetectReentrancySimple, DetectInvalid, DetectUninitializedMemory, DetectExternalCallAndLeak, DetectUninitializedStorage, DetectSuicidal, DetectEnvInstruction, DetectUnusedRetVal, DetectReentrancyAdvanced
2019-07-24 22:42:04,003: [12] m.main:INFO: Beginning analysis
2019-07-24 22:42:04,025: [12] m.e.manticore:INFO: Starting symbolic create contract
2019-07-24 22:42:06,512: [12] m.e.manticore:INFO: Starting symbolic transaction: 0
2019-07-24 22:42:08,726: [12] m.e.manticore:INFO: 0 alive states, 3 terminated states
2019-07-24 22:42:09,538: [12] m.e.manticore:INFO: Starting symbolic transaction: 1
2019-07-24 22:42:09,830: [650] m.c.manticore:INFO: Generated testcase No. 0 - RETURN(1 txs)
2019-07-24 22:42:09,910: [651] m.c.manticore:INFO: Generated testcase No. 1 - REVERT(2 txs)
2019-07-24 22:42:09,921: [659] m.c.manticore:INFO: Generated testcase No. 2 - REVERT(2 txs)
Process Process-27:
Traceback (most recent call last):
  File "/usr/local/lib/python3.6/dist-packages/manticore/ethereum/abi.py", line 212, in deserialize
    result += (ABI._deserialize(abitypes.parse(ty), data[4:]),)
  File "/usr/local/lib/python3.6/dist-packages/ply/yacc.py", line 333, in parse
    return self.parseopt_notrack(input, lexer, debug, tracking, tokenfunc)
  File "/usr/local/lib/python3.6/dist-packages/ply/yacc.py", line 1063, in parseopt_notrack
    lookahead = get_token()     # Get the next token
  File "/usr/local/lib/python3.6/dist-packages/ply/lex.py", line 386, in token
    newtok = self.lexerrorf(tok)
  File "/usr/local/lib/python3.6/dist-packages/manticore/ethereum/abitypes.py", line 144, in t_error
    raise Exception("Illegal character '%s'" % t.value[0])
Exception: Illegal character ' '

During handling of the above exception, another exception occurred:

Traceback (most recent call last):
  File "/usr/lib/python3.6/multiprocessing/process.py", line 258, in _bootstrap
    self.run()
  File "/usr/lib/python3.6/multiprocessing/process.py", line 93, in run
    self._target(*self._args, **self._kwargs)
  File "/usr/local/lib/python3.6/dist-packages/manticore/ethereum/manticore.py", line 1656, in worker_finalize
    finalizer(q.get_nowait())
  File "/usr/local/lib/python3.6/dist-packages/manticore/ethereum/manticore.py", line 1651, in finalizer
    self.generate_testcase(st, message=message)
  File "/usr/local/lib/python3.6/dist-packages/manticore/ethereum/manticore.py", line 1568, in generate_testcase
    is_something_symbolic = sym_tx.dump(tx_summary, state, self, conc_tx=conc_tx)
  File "/usr/local/lib/python3.6/dist-packages/manticore/platforms/evm.py", line 252, in dump
    _, arguments = ABI.deserialize(signature, calldata)
  File "/usr/local/lib/python3.6/dist-packages/manticore/ethereum/abi.py", line 219, in deserialize
    raise EthereumError("Error {} deserializing type {:s}".format(str(e), type_spec))
manticore.exceptions.EthereumError: Error Illegal character ' ' deserializing type insertInPlace(uint8[] storage,uint8)
2019-07-24 22:42:14,325: [12] m.c.manticore:INFO: Results in /mcore_3nqt0x4w
2019-07-24 22:42:16,169: [990] m.main:INFO: Registered plugins: DetectReentrancySimple, DetectReentrancyAdvanced, DetectSuicidal, DetectDelegatecall, DetectEnvInstruction, DetectUninitializedStorage, DetectUnusedRetVal, DetectExternalCallAndLeak, DetectIntegerOverflow, DetectUninitializedMemory, DetectInvalid
2019-07-24 22:42:16,170: [990] m.main:INFO: Beginning analysis
2019-07-24 22:42:16,212: [990] m.e.manticore:INFO: Starting symbolic create contract