2019-08-03 00:53:06,966: [12] m.main:INFO: Registered plugins: DetectReentrancySimple, DetectInvalid, DetectSuicidal, DetectUnusedRetVal, DetectUninitializedStorage, DetectIntegerOverflow, DetectReentrancyAdvanced, DetectDelegatecall, DetectEnvInstruction, DetectUninitializedMemory, DetectExternalCallAndLeak
2019-08-03 00:53:06,966: [12] m.main:INFO: Beginning analysis
2019-08-03 00:53:06,979: [12] m.e.manticore:INFO: Starting symbolic create contract
2019-08-03 00:53:08,914: [12] m.e.manticore:INFO: Starting symbolic transaction: 0
2019-08-03 00:53:13,555: [12] m.e.manticore:INFO: 6 alive states, 8 terminated states
2019-08-03 00:53:14,706: [12] m.e.manticore:INFO: Starting symbolic transaction: 1
2019-08-03 00:53:41,367: [12] m.e.manticore:INFO: 36 alive states, 56 terminated states
2019-08-03 00:53:42,912: [8356] m.c.manticore:INFO: Generated testcase No. 0 - RETURN(3 txs)
2019-08-03 00:53:42,921: [8367] m.c.manticore:INFO: Generated testcase No. 1 - RETURN(3 txs)
2019-08-03 00:53:42,927: [8359] m.c.manticore:INFO: Generated testcase No. 2 - RETURN(3 txs)
2019-08-03 00:53:42,996: [8357] m.c.manticore:INFO: Generated testcase No. 4 - RETURN(3 txs)
2019-08-03 00:53:43,013: [8354] m.c.manticore:INFO: Generated testcase No. 6 - RETURN(3 txs)
2019-08-03 00:53:43,016: [8365] m.c.manticore:INFO: Generated testcase No. 3 - RETURN(3 txs)
2019-08-03 00:53:43,088: [8361] m.c.manticore:INFO: Generated testcase No. 7 - RETURN(3 txs)
2019-08-03 00:53:43,094: [8364] m.c.manticore:INFO: Generated testcase No. 5 - RETURN(3 txs)
2019-08-03 00:53:43,095: [8360] m.c.manticore:INFO: Generated testcase No. 8 - RETURN(3 txs)
2019-08-03 00:53:43,131: [8370] m.c.manticore:INFO: Generated testcase No. 9 - RETURN(3 txs)
2019-08-03 00:53:54,822: [8361] m.c.manticore:INFO: Generated testcase No. 10 - RETURN(3 txs)
2019-08-03 00:53:54,883: [8359] m.c.manticore:INFO: Generated testcase No. 11 - RETURN(3 txs)
2019-08-03 00:53:55,136: [8364] m.c.manticore:INFO: Generated testcase No. 12 - RETURN(3 txs)
2019-08-03 00:53:55,308: [8354] m.c.manticore:INFO: Generated testcase No. 13 - RETURN(3 txs)
2019-08-03 00:53:55,493: [8356] m.c.manticore:INFO: Generated testcase No. 14 - RETURN(3 txs)
2019-08-03 00:53:55,707: [8370] m.c.manticore:INFO: Generated testcase No. 15 - RETURN(3 txs)
2019-08-03 00:53:55,842: [8367] m.c.manticore:INFO: Generated testcase No. 16 - RETURN(3 txs)
2019-08-03 00:53:56,117: [8365] m.c.manticore:INFO: Generated testcase No. 17 - RETURN(3 txs)
2019-08-03 00:53:56,604: [8360] m.c.manticore:INFO: Generated testcase No. 19 - RETURN(3 txs)
2019-08-03 00:53:56,632: [8357] m.c.manticore:INFO: Generated testcase No. 18 - RETURN(3 txs)
2019-08-03 00:54:06,988: [8359] m.c.manticore:INFO: Generated testcase No. 20 - RETURN(3 txs)
2019-08-03 00:54:07,615: [8367] m.c.manticore:INFO: Generated testcase No. 21 - RETURN(3 txs)
2019-08-03 00:54:07,890: [8365] m.c.manticore:INFO: Generated testcase No. 22 - RETURN(3 txs)
2019-08-03 00:54:08,099: [8364] m.c.manticore:INFO: Generated testcase No. 23 - RETURN(3 txs)
2019-08-03 00:54:08,180: [8361] m.c.manticore:INFO: Generated testcase No. 24 - RETURN(3 txs)
2019-08-03 00:54:08,320: [8356] m.c.manticore:INFO: Generated testcase No. 25 - RETURN(3 txs)
2019-08-03 00:54:08,493: [8354] m.c.manticore:INFO: Generated testcase No. 26 - RETURN(3 txs)
2019-08-03 00:54:08,592: [8370] m.c.manticore:INFO: Generated testcase No. 27 - RETURN(3 txs)
2019-08-03 00:54:08,691: [8357] m.c.manticore:INFO: Generated testcase No. 28 - RETURN(3 txs)
2019-08-03 00:54:08,814: [8360] m.c.manticore:INFO: Generated testcase No. 29 - RETURN(3 txs)
2019-08-03 00:54:20,216: [8359] m.c.manticore:INFO: Generated testcase No. 30 - RETURN(3 txs)
2019-08-03 00:54:20,492: [8367] m.c.manticore:INFO: Generated testcase No. 31 - RETURN(3 txs)
2019-08-03 00:54:20,504: [8357] m.c.manticore:INFO: Generated testcase No. 32 - RETURN(3 txs)
2019-08-03 00:54:20,927: [8354] m.c.manticore:INFO: Generated testcase No. 33 - RETURN(3 txs)
2019-08-03 00:54:21,208: [8356] m.c.manticore:INFO: Generated testcase No. 35 - RETURN(3 txs)
2019-08-03 00:54:21,218: [8361] m.c.manticore:INFO: Generated testcase No. 34 - RETURN(3 txs)
2019-08-03 00:54:21,599: [8364] m.c.manticore:INFO: Generated testcase No. 36 - RETURN(1 txs)
2019-08-03 00:54:22,031: [8365] m.c.manticore:INFO: Generated testcase No. 37 - REVERT(2 txs)
2019-08-03 00:54:22,138: [8360] m.c.manticore:INFO: Generated testcase No. 38 - REVERT(2 txs)
2019-08-03 00:54:22,486: [8370] m.c.manticore:INFO: Generated testcase No. 39 - REVERT(2 txs)
2019-08-03 00:54:28,220: [8364] m.c.manticore:INFO: Generated testcase No. 40 - REVERT(2 txs)
2019-08-03 00:54:32,901: [8365] m.c.manticore:INFO: Generated testcase No. 41 - REVERT(2 txs)
2019-08-03 00:54:32,919: [8360] m.c.manticore:INFO: Generated testcase No. 42 - REVERT(2 txs)
2019-08-03 00:54:33,002: [8370] m.c.manticore:INFO: Generated testcase No. 43 - REVERT(2 txs)
2019-08-03 00:54:33,031: [8359] m.c.manticore:INFO: Generated testcase No. 44 - RETURN(2 txs)
2019-08-03 00:54:33,593: [8361] m.c.manticore:INFO: Generated testcase No. 45 - RETURN(2 txs)
2019-08-03 00:54:33,696: [8354] m.c.manticore:INFO: Generated testcase No. 46 - RETURN(2 txs)
2019-08-03 00:54:33,707: [8357] m.c.manticore:INFO: Generated testcase No. 47 - RETURN(2 txs)
2019-08-03 00:54:33,790: [8367] m.c.manticore:INFO: Generated testcase No. 48 - RETURN(2 txs)
2019-08-03 00:54:33,893: [8356] m.c.manticore:INFO: Generated testcase No. 49 - RETURN(2 txs)
2019-08-03 00:54:38,106: [8364] m.c.manticore:INFO: Generated testcase No. 50 - REVERT(3 txs)
2019-08-03 00:54:41,316: [8360] m.c.manticore:INFO: Generated testcase No. 51 - REVERT(3 txs)
2019-08-03 00:54:42,135: [8359] m.c.manticore:INFO: Generated testcase No. 52 - REVERT(3 txs)
2019-08-03 00:54:42,196: [8365] m.c.manticore:INFO: Generated testcase No. 53 - REVERT(3 txs)
2019-08-03 00:54:42,419: [8370] m.c.manticore:INFO: Generated testcase No. 54 - REVERT(3 txs)
2019-08-03 00:54:43,540: [8361] m.c.manticore:INFO: Generated testcase No. 55 - REVERT(3 txs)
2019-08-03 00:54:43,633: [8354] m.c.manticore:INFO: Generated testcase No. 56 - REVERT(3 txs)
2019-08-03 00:54:43,912: [8367] m.c.manticore:INFO: Generated testcase No. 57 - REVERT(3 txs)
2019-08-03 00:54:44,089: [8357] m.c.manticore:INFO: Generated testcase No. 58 - REVERT(3 txs)
2019-08-03 00:54:44,825: [8356] m.c.manticore:INFO: Generated testcase No. 59 - REVERT(3 txs)
2019-08-03 00:54:50,894: [8364] m.c.manticore:INFO: Generated testcase No. 60 - REVERT(3 txs)
2019-08-03 00:54:53,851: [8360] m.c.manticore:INFO: Generated testcase No. 61 - REVERT(3 txs)
2019-08-03 00:54:55,895: [8370] m.c.manticore:INFO: Generated testcase No. 62 - REVERT(3 txs)
2019-08-03 00:54:56,496: [8359] m.c.manticore:INFO: Generated testcase No. 63 - REVERT(3 txs)
2019-08-03 00:54:56,628: [8365] m.c.manticore:INFO: Generated testcase No. 64 - REVERT(3 txs)
2019-08-03 00:54:57,033: [8361] m.c.manticore:INFO: Generated testcase No. 65 - REVERT(3 txs)
2019-08-03 00:54:57,446: [8367] m.c.manticore:INFO: Generated testcase No. 66 - REVERT(3 txs)
2019-08-03 00:54:57,575: [8357] m.c.manticore:INFO: Generated testcase No. 67 - REVERT(3 txs)
2019-08-03 00:54:58,316: [8354] m.c.manticore:INFO: Generated testcase No. 68 - REVERT(3 txs)
2019-08-03 00:54:59,109: [8356] m.c.manticore:INFO: Generated testcase No. 69 - REVERT(3 txs)
2019-08-03 00:55:05,499: [8364] m.c.manticore:INFO: Generated testcase No. 70 - REVERT(3 txs)
2019-08-03 00:55:09,917: [8359] m.c.manticore:INFO: Generated testcase No. 71 - REVERT(3 txs)
2019-08-03 00:55:10,580: [8365] m.c.manticore:INFO: Generated testcase No. 72 - REVERT(3 txs)
2019-08-03 00:55:10,778: [8357] m.c.manticore:INFO: Generated testcase No. 73 - REVERT(3 txs)
2019-08-03 00:55:10,878: [8370] m.c.manticore:INFO: Generated testcase No. 74 - REVERT(3 txs)
2019-08-03 00:55:10,891: [8361] m.c.manticore:INFO: Generated testcase No. 75 - REVERT(3 txs)
2019-08-03 00:55:11,276: [8367] m.c.manticore:INFO: Generated testcase No. 76 - REVERT(3 txs)
2019-08-03 00:55:11,927: [8360] m.c.manticore:INFO: Generated testcase No. 77 - REVERT(3 txs)
2019-08-03 00:55:13,298: [8356] m.c.manticore:INFO: Generated testcase No. 78 - REVERT(3 txs)
2019-08-03 00:55:13,984: [8354] m.c.manticore:INFO: Generated testcase No. 79 - REVERT(3 txs)
2019-08-03 00:55:17,887: [8364] m.c.manticore:INFO: Generated testcase No. 80 - REVERT(3 txs)
2019-08-03 00:55:22,813: [8359] m.c.manticore:INFO: Generated testcase No. 81 - REVERT(3 txs)
2019-08-03 00:55:23,008: [8365] m.c.manticore:INFO: Generated testcase No. 82 - REVERT(3 txs)
2019-08-03 00:55:23,119: [8361] m.c.manticore:INFO: Generated testcase No. 83 - REVERT(3 txs)
2019-08-03 00:55:23,409: [8357] m.c.manticore:INFO: Generated testcase No. 84 - REVERT(3 txs)
2019-08-03 00:55:23,516: [8370] m.c.manticore:INFO: Generated testcase No. 85 - REVERT(3 txs)
2019-08-03 00:55:25,492: [8360] m.c.manticore:INFO: Generated testcase No. 86 - REVERT(3 txs)
2019-08-03 00:55:25,509: [8367] m.c.manticore:INFO: Generated testcase No. 87 - REVERT(3 txs)
2019-08-03 00:55:26,186: [8356] m.c.manticore:INFO: Generated testcase No. 88 - REVERT(3 txs)
2019-08-03 00:55:26,307: [8354] m.c.manticore:INFO: Generated testcase No. 89 - REVERT(3 txs)
2019-08-03 00:55:33,605: [8364] m.c.manticore:INFO: Generated testcase No. 90 - REVERT(3 txs)
2019-08-03 00:55:36,210: [8361] m.c.manticore:INFO: Generated testcase No. 91 - REVERT(3 txs)
2019-08-03 00:55:41,551: [12] m.c.manticore:INFO: Results in /mcore_9xw9__z2
2019-08-03 00:55:43,838: [11307] m.main:INFO: Registered plugins: DetectUninitializedStorage, DetectExternalCallAndLeak, DetectSuicidal, DetectEnvInstruction, DetectUninitializedMemory, DetectReentrancyAdvanced, DetectUnusedRetVal, DetectIntegerOverflow, DetectDelegatecall, DetectReentrancySimple, DetectInvalid
2019-08-03 00:55:43,839: [11307] m.main:INFO: Beginning analysis
2019-08-03 00:55:43,849: [11307] m.e.manticore:INFO: Starting symbolic create contract
2019-08-03 00:55:47,926: [11307] m.e.manticore:INFO: Starting symbolic transaction: 0
2019-08-03 00:56:07,243: [11307] m.e.manticore:INFO: 8 alive states, 8 terminated states
2019-08-03 00:56:09,992: [11307] m.e.manticore:INFO: Starting symbolic transaction: 1
2019-08-03 01:00:21,146: [11307] m.e.manticore:INFO: 64 alive states, 72 terminated states
2019-08-03 01:00:25,118: [31415] m.c.manticore:INFO: Generated testcase No. 0 - RETURN(3 txs)
2019-08-03 01:00:25,323: [31416] m.c.manticore:INFO: Generated testcase No. 1 - RETURN(3 txs)
2019-08-03 01:00:25,398: [31419] m.c.manticore:INFO: Generated testcase No. 2 - RETURN(3 txs)
2019-08-03 01:00:25,509: [31452] m.c.manticore:INFO: Generated testcase No. 5 - RETURN(3 txs)
2019-08-03 01:00:25,512: [31437] m.c.manticore:INFO: Generated testcase No. 3 - RETURN(3 txs)
2019-08-03 01:00:25,539: [31431] m.c.manticore:INFO: Generated testcase No. 6 - RETURN(3 txs)
2019-08-03 01:00:25,603: [31448] m.c.manticore:INFO: Generated testcase No. 8 - RETURN(3 txs)
2019-08-03 01:00:25,622: [31447] m.c.manticore:INFO: Generated testcase No. 4 - RETURN(3 txs)
2019-08-03 01:00:25,641: [31426] m.c.manticore:INFO: Generated testcase No. 7 - RETURN(3 txs)
2019-08-03 01:00:52,393: [31452] m.c.manticore:INFO: Generated testcase No. 9 - RETURN(3 txs)
2019-08-03 01:00:56,337: [31437] m.c.manticore:INFO: Generated testcase No. 10 - RETURN(3 txs)
2019-08-03 01:00:57,925: [31431] m.c.manticore:INFO: Generated testcase No. 11 - RETURN(3 txs)
2019-08-03 01:00:58,805: [31426] m.c.manticore:INFO: Generated testcase No. 12 - RETURN(3 txs)
2019-08-03 01:00:58,919: [31419] m.c.manticore:INFO: Generated testcase No. 13 - RETURN(3 txs)
2019-08-03 01:00:58,922: [31447] m.c.manticore:INFO: Generated testcase No. 14 - RETURN(3 txs)
2019-08-03 01:01:00,116: [31416] m.c.manticore:INFO: Generated testcase No. 15 - RETURN(3 txs)
2019-08-03 01:01:03,281: [31415] m.c.manticore:INFO: Generated testcase No. 16 - RETURN(3 txs)
2019-08-03 01:01:06,613: [31448] m.c.manticore:INFO: Generated testcase No. 17 - RETURN(3 txs)
2019-08-03 01:01:18,191: [31452] m.c.manticore:INFO: Generated testcase No. 18 - RETURN(3 txs)
2019-08-03 01:01:27,080: [31447] m.c.manticore:INFO: Generated testcase No. 19 - RETURN(3 txs)
2019-08-03 01:01:27,913: [31431] m.c.manticore:INFO: Generated testcase No. 20 - RETURN(3 txs)
2019-08-03 01:01:28,073: [31437] m.c.manticore:INFO: Generated testcase No. 21 - RETURN(3 txs)
2019-08-03 01:01:29,232: [31415] m.c.manticore:INFO: Generated testcase No. 22 - RETURN(3 txs)
2019-08-03 01:01:30,117: [31416] m.c.manticore:INFO: Generated testcase No. 23 - RETURN(3 txs)
2019-08-03 01:01:31,788: [31426] m.c.manticore:INFO: Generated testcase No. 24 - RETURN(3 txs)
2019-08-03 01:01:32,393: [31448] m.c.manticore:INFO: Generated testcase No. 25 - RETURN(3 txs)
2019-08-03 01:01:35,715: [31419] m.c.manticore:INFO: Generated testcase No. 26 - RETURN(3 txs)
2019-08-03 01:01:47,781: [31452] m.c.manticore:INFO: Generated testcase No. 27 - RETURN(3 txs)
2019-08-03 01:01:56,684: [31416] m.c.manticore:INFO: Generated testcase No. 28 - RETURN(3 txs)
2019-08-03 01:01:56,982: [31447] m.c.manticore:INFO: Generated testcase No. 29 - RETURN(3 txs)
2019-08-03 01:02:01,498: [31426] m.c.manticore:INFO: Generated testcase No. 30 - RETURN(3 txs)
2019-08-03 01:02:02,393: [31431] m.c.manticore:INFO: Generated testcase No. 31 - RETURN(3 txs)
2019-08-03 01:02:02,593: [31415] m.c.manticore:INFO: Generated testcase No. 32 - RETURN(3 txs)
2019-08-03 01:02:03,399: [31419] m.c.manticore:INFO: Generated testcase No. 33 - RETURN(3 txs)
2019-08-03 01:02:03,509: [31437] m.c.manticore:INFO: Generated testcase No. 34 - RETURN(3 txs)
2019-08-03 01:02:08,210: [31448] m.c.manticore:INFO: Generated testcase No. 35 - RETURN(3 txs)
2019-08-03 01:02:21,376: [31452] m.c.manticore:INFO: Generated testcase No. 36 - RETURN(3 txs)
2019-08-03 01:02:24,678: [31416] m.c.manticore:INFO: Generated testcase No. 37 - RETURN(3 txs)
2019-08-03 01:02:28,120: [31447] m.c.manticore:INFO: Generated testcase No. 38 - RETURN(3 txs)
2019-08-03 01:02:32,484: [31419] m.c.manticore:INFO: Generated testcase No. 39 - RETURN(3 txs)
2019-08-03 01:02:33,482: [31426] m.c.manticore:INFO: Generated testcase No. 40 - RETURN(3 txs)
2019-08-03 01:02:35,713: [31415] m.c.manticore:INFO: Generated testcase No. 41 - RETURN(3 txs)
2019-08-03 01:02:36,924: [31431] m.c.manticore:INFO: Generated testcase No. 42 - RETURN(3 txs)
2019-08-03 01:02:42,359: [31437] m.c.manticore:INFO: Generated testcase No. 43 - RETURN(3 txs)
2019-08-03 01:02:43,021: [31448] m.c.manticore:INFO: Generated testcase No. 44 - RETURN(3 txs)
2019-08-03 01:02:53,085: [31452] m.c.manticore:INFO: Generated testcase No. 45 - RETURN(3 txs)
2019-08-03 01:02:57,006: [31447] m.c.manticore:INFO: Generated testcase No. 46 - RETURN(3 txs)
2019-08-03 01:02:58,629: [31416] m.c.manticore:INFO: Generated testcase No. 47 - RETURN(3 txs)
2019-08-03 01:03:02,108: [31419] m.c.manticore:INFO: Generated testcase No. 48 - RETURN(3 txs)
2019-08-03 01:03:03,437: [31426] m.c.manticore:INFO: Generated testcase No. 49 - RETURN(3 txs)
2019-08-03 01:03:05,128: [31431] m.c.manticore:INFO: Generated testcase No. 50 - RETURN(3 txs)
2019-08-03 01:03:08,404: [31415] m.c.manticore:INFO: Generated testcase No. 51 - RETURN(3 txs)
2019-08-03 01:03:13,200: [31437] m.c.manticore:INFO: Generated testcase No. 52 - RETURN(3 txs)
2019-08-03 01:03:14,393: [31448] m.c.manticore:INFO: Generated testcase No. 53 - RETURN(3 txs)
2019-08-03 01:03:25,086: [31452] m.c.manticore:INFO: Generated testcase No. 54 - RETURN(3 txs)
2019-08-03 01:03:26,686: [31447] m.c.manticore:INFO: Generated testcase No. 55 - RETURN(3 txs)
2019-08-03 01:03:27,235: [31416] m.c.manticore:INFO: Generated testcase No. 56 - RETURN(3 txs)
2019-08-03 01:03:31,195: [31419] m.c.manticore:INFO: Generated testcase No. 57 - RETURN(3 txs)
2019-08-03 01:03:34,294: [31426] m.c.manticore:INFO: Generated testcase No. 58 - RETURN(3 txs)
2019-08-03 01:03:37,195: [31415] m.c.manticore:INFO: Generated testcase No. 59 - RETURN(3 txs)
2019-08-03 01:03:39,728: [31437] m.c.manticore:INFO: Generated testcase No. 60 - RETURN(3 txs)
2019-08-03 01:03:41,205: [31448] m.c.manticore:INFO: Generated testcase No. 61 - RETURN(3 txs)
2019-08-03 01:03:41,385: [31431] m.c.manticore:INFO: Generated testcase No. 62 - RETURN(3 txs)
2019-08-03 01:03:57,552: [31416] m.c.manticore:INFO: Generated testcase No. 63 - RETURN(1 txs)
2019-08-03 01:03:57,717: [31452] m.c.manticore:INFO: Generated testcase No. 64 - RETURN(3 txs)
2019-08-03 01:03:59,215: [31447] m.c.manticore:INFO: Generated testcase No. 65 - REVERT(2 txs)
2019-08-03 01:04:05,005: [31419] m.c.manticore:INFO: Generated testcase No. 66 - REVERT(2 txs)
2019-08-03 01:04:05,394: [31426] m.c.manticore:INFO: Generated testcase No. 67 - REVERT(2 txs)
2019-08-03 01:04:06,031: [31415] m.c.manticore:INFO: Generated testcase No. 68 - REVERT(2 txs)
2019-08-03 01:04:06,520: [31437] m.c.manticore:INFO: Generated testcase No. 69 - REVERT(2 txs)
2019-08-03 01:04:09,679: [31448] m.c.manticore:INFO: Generated testcase No. 70 - REVERT(2 txs)
2019-08-03 01:04:10,783: [31431] m.c.manticore:INFO: Generated testcase No. 71 - REVERT(2 txs)
2019-08-03 01:04:19,619: [31416] m.c.manticore:INFO: Generated testcase No. 72 - RETURN(2 txs)
2019-08-03 01:04:22,594: [31447] m.c.manticore:INFO: Generated testcase No. 74 - RETURN(2 txs)
2019-08-03 01:04:22,611: [31452] m.c.manticore:INFO: Generated testcase No. 73 - RETURN(2 txs)
2019-08-03 01:04:27,424: [31419] m.c.manticore:INFO: Generated testcase No. 75 - RETURN(2 txs)
2019-08-03 01:04:28,891: [31426] m.c.manticore:INFO: Generated testcase No. 77 - RETURN(2 txs)
2019-08-03 01:04:28,904: [31437] m.c.manticore:INFO: Generated testcase No. 76 - RETURN(2 txs)
2019-08-03 01:04:31,385: [31415] m.c.manticore:INFO: Generated testcase No. 78 - RETURN(2 txs)
2019-08-03 01:04:31,837: [31448] m.c.manticore:INFO: Generated testcase No. 79 - RETURN(2 txs)
2019-08-03 01:04:36,319: [31431] m.c.manticore:INFO: Generated testcase No. 80 - REVERT(3 txs)
2019-08-03 01:04:42,318: [31416] m.c.manticore:INFO: Generated testcase No. 81 - REVERT(3 txs)
2019-08-03 01:04:48,210: [31447] m.c.manticore:INFO: Generated testcase No. 82 - REVERT(3 txs)
2019-08-03 01:04:49,214: [31419] m.c.manticore:INFO: Generated testcase No. 83 - REVERT(3 txs)
2019-08-03 01:04:50,310: [31452] m.c.manticore:INFO: Generated testcase No. 84 - REVERT(3 txs)
2019-08-03 01:04:53,383: [31426] m.c.manticore:INFO: Generated testcase No. 85 - REVERT(3 txs)
2019-08-03 01:04:54,803: [31437] m.c.manticore:INFO: Generated testcase No. 86 - REVERT(3 txs)
2019-08-03 01:04:57,108: [31415] m.c.manticore:INFO: Generated testcase No. 87 - REVERT(3 txs)
2019-08-03 01:04:58,508: [31448] m.c.manticore:INFO: Generated testcase No. 88 - REVERT(3 txs)
2019-08-03 01:05:03,908: [31431] m.c.manticore:INFO: Generated testcase No. 89 - REVERT(3 txs)
2019-08-03 01:05:12,091: [31416] m.c.manticore:INFO: Generated testcase No. 90 - REVERT(3 txs)
2019-08-03 01:05:15,809: [31447] m.c.manticore:INFO: Generated testcase No. 91 - REVERT(3 txs)
2019-08-03 01:05:17,502: [31419] m.c.manticore:INFO: Generated testcase No. 93 - REVERT(3 txs)
2019-08-03 01:05:17,509: [31452] m.c.manticore:INFO: Generated testcase No. 92 - REVERT(3 txs)
2019-08-03 01:05:17,913: [31426] m.c.manticore:INFO: Generated testcase No. 94 - REVERT(3 txs)
2019-08-03 01:05:23,193: [31437] m.c.manticore:INFO: Generated testcase No. 95 - REVERT(3 txs)
2019-08-03 01:05:26,588: [31415] m.c.manticore:INFO: Generated testcase No. 96 - REVERT(3 txs)
2019-08-03 01:05:28,089: [31448] m.c.manticore:INFO: Generated testcase No. 97 - REVERT(3 txs)
2019-08-03 01:05:31,284: [31431] m.c.manticore:INFO: Generated testcase No. 98 - REVERT(3 txs)
2019-08-03 01:05:42,212: [31447] m.c.manticore:INFO: Generated testcase No. 99 - REVERT(3 txs)
2019-08-03 01:05:42,686: [31416] m.c.manticore:INFO: Generated testcase No. 100 - REVERT(3 txs)
2019-08-03 01:05:45,536: [31426] m.c.manticore:INFO: Generated testcase No. 101 - REVERT(3 txs)
2019-08-03 01:05:46,026: [31452] m.c.manticore:INFO: Generated testcase No. 102 - REVERT(3 txs)
2019-08-03 01:05:46,123: [31419] m.c.manticore:INFO: Generated testcase No. 103 - REVERT(3 txs)
2019-08-03 01:05:55,087: [31437] m.c.manticore:INFO: Generated testcase No. 104 - REVERT(3 txs)
2019-08-03 01:05:59,327: [31448] m.c.manticore:INFO: Generated testcase No. 105 - REVERT(3 txs)
2019-08-03 01:05:59,726: [31415] m.c.manticore:INFO: Generated testcase No. 106 - REVERT(3 txs)
2019-08-03 01:06:00,509: [31431] m.c.manticore:INFO: Generated testcase No. 107 - REVERT(3 txs)
2019-08-03 01:06:10,723: [31447] m.c.manticore:INFO: Generated testcase No. 108 - REVERT(3 txs)
2019-08-03 01:06:13,294: [31416] m.c.manticore:INFO: Generated testcase No. 109 - REVERT(3 txs)
2019-08-03 01:06:15,818: [31426] m.c.manticore:INFO: Generated testcase No. 110 - REVERT(3 txs)
2019-08-03 01:06:16,396: [31419] m.c.manticore:INFO: Generated testcase No. 111 - REVERT(3 txs)
2019-08-03 01:06:17,027: [31452] m.c.manticore:INFO: Generated testcase No. 112 - REVERT(3 txs)
2019-08-03 01:06:23,686: [31437] m.c.manticore:INFO: Generated testcase No. 113 - REVERT(3 txs)
2019-08-03 01:06:30,007: [31415] m.c.manticore:INFO: Generated testcase No. 114 - REVERT(3 txs)
2019-08-03 01:06:31,599: [31448] m.c.manticore:INFO: Generated testcase No. 115 - REVERT(3 txs)
2019-08-03 01:06:33,578: [31431] m.c.manticore:INFO: Generated testcase No. 116 - REVERT(3 txs)
2019-08-03 01:06:39,976: [31447] m.c.manticore:INFO: Generated testcase No. 117 - REVERT(3 txs)
2019-08-03 01:06:41,210: [31416] m.c.manticore:INFO: Generated testcase No. 118 - REVERT(3 txs)
2019-08-03 01:06:42,532: [31452] m.c.manticore:INFO: Generated testcase No. 119 - REVERT(3 txs)
2019-08-03 01:06:44,380: [31426] m.c.manticore:INFO: Generated testcase No. 120 - REVERT(3 txs)
2019-08-03 01:06:45,994: [31419] m.c.manticore:INFO: Generated testcase No. 121 - REVERT(3 txs)
2019-08-03 01:06:53,603: [31437] m.c.manticore:INFO: Generated testcase No. 122 - REVERT(3 txs)
2019-08-03 01:06:58,530: [31415] m.c.manticore:INFO: Generated testcase No. 123 - REVERT(3 txs)
2019-08-03 01:07:01,650: [31448] m.c.manticore:INFO: Generated testcase No. 124 - REVERT(3 txs)
2019-08-03 01:07:05,687: [31416] m.c.manticore:INFO: Generated testcase No. 125 - REVERT(3 txs)
2019-08-03 01:07:06,231: [31431] m.c.manticore:INFO: Generated testcase No. 126 - REVERT(3 txs)
2019-08-03 01:07:08,429: [31419] m.c.manticore:INFO: Generated testcase No. 127 - REVERT(3 txs)
2019-08-03 01:07:08,550: [31426] m.c.manticore:INFO: Generated testcase No. 128 - REVERT(3 txs)
2019-08-03 01:07:10,002: [31447] m.c.manticore:INFO: Generated testcase No. 129 - REVERT(3 txs)
2019-08-03 01:07:12,596: [31452] m.c.manticore:INFO: Generated testcase No. 130 - REVERT(3 txs)
2019-08-03 01:07:18,485: [31437] m.c.manticore:INFO: Generated testcase No. 131 - REVERT(3 txs)
2019-08-03 01:07:29,293: [31448] m.c.manticore:INFO: Generated testcase No. 133 - REVERT(3 txs)
2019-08-03 01:07:29,409: [31415] m.c.manticore:INFO: Generated testcase No. 132 - REVERT(3 txs)
2019-08-03 01:07:34,986: [31416] m.c.manticore:INFO: Generated testcase No. 134 - REVERT(3 txs)
2019-08-03 01:07:35,291: [31431] m.c.manticore:INFO: Generated testcase No. 135 - REVERT(3 txs)
2019-08-03 01:07:49,158: [11307] m.c.manticore:INFO: Results in /mcore_zie832ee
2019-08-03 01:07:54,312: [3438] m.main:INFO: Registered plugins: DetectReentrancyAdvanced, DetectReentrancySimple, DetectInvalid, DetectUnusedRetVal, DetectUninitializedStorage, DetectSuicidal, DetectExternalCallAndLeak, DetectEnvInstruction, DetectUninitializedMemory, DetectDelegatecall, DetectIntegerOverflow
2019-08-03 01:07:54,312: [3438] m.main:INFO: Beginning analysis
2019-08-03 01:07:54,332: [3438] m.e.manticore:INFO: Starting symbolic create contract
2019-08-03 01:08:08,748: [3438] m.e.manticore:INFO: Starting symbolic transaction: 0
2019-08-03 01:08:26,150: [4719] m.e.detectors:WARNING: Potentially reading uninitialized storage
2019-08-03 01:08:34,337: [4742] m.e.detectors:WARNING: Potentially reading uninitialized storage
2019-08-03 01:12:05,234: [4733] m.c.worker:ERROR: Exception in state 7: SolverError('',)
Traceback (most recent call last):
  File "/usr/local/lib/python3.6/dist-packages/manticore/platforms/evm.py", line 1213, in execute
    result = self._handler(*arguments)
  File "/usr/local/lib/python3.6/dist-packages/manticore/platforms/evm.py", line 1086, in _handler
    return implementation(*arguments)
  File "/usr/local/lib/python3.6/dist-packages/manticore/platforms/evm.py", line 1637, in CALLDATACOPY
    raise ConcretizeArgument(3, policy="SAMPLED")
manticore.platforms.evm.ConcretizeArgument: 3

During handling of the above exception, another exception occurred:

Traceback (most recent call last):
  File "/usr/local/lib/python3.6/dist-packages/manticore/core/worker.py", line 121, in run
    current_state.execute()
  File "/usr/local/lib/python3.6/dist-packages/manticore/ethereum/state.py", line 6, in execute
    return self._platform.execute()
  File "/usr/local/lib/python3.6/dist-packages/manticore/platforms/evm.py", line 2684, in execute
    self.current_vm.execute()
  File "/usr/local/lib/python3.6/dist-packages/manticore/platforms/evm.py", line 1279, in execute
    policy=ex.policy,
manticore.core.state.Concretize

During handling of the above exception, another exception occurred:

Traceback (most recent call last):
  File "/usr/local/lib/python3.6/dist-packages/manticore/core/worker.py", line 142, in run
    m._fork(current_state, exc.expression, exc.policy, exc.setstate)
  File "/usr/local/lib/python3.6/dist-packages/manticore/core/manticore.py", line 332, in _fork
    solutions = state.concretize(expression, policy)
  File "/usr/local/lib/python3.6/dist-packages/manticore/core/state.py", line 251, in concretize
    m, M = self._solver.minmax(self._constraints, symbolic)
  File "/usr/local/lib/python3.6/dist-packages/manticore/core/smtlib/solver.py", line 123, in minmax
    m = self.min(constraints, x, iters)
  File "/usr/local/lib/python3.6/dist-packages/manticore/core/smtlib/solver.py", line 118, in min
    return self.optimize(constraints, X, "minimize", M)
  File "/usr/local/lib/python3.6/dist-packages/manticore/core/smtlib/solver.py", line 508, in optimize
    while self._is_sat():
  File "/usr/local/lib/python3.6/dist-packages/manticore/core/smtlib/solver.py", line 328, in _is_sat
    raise SolverError(status)
manticore.exceptions.SolverError
 
2019-08-03 01:12:26,891: [4726] m.c.worker:ERROR: Exception in state 5: SolverError('',)
Traceback (most recent call last):
  File "/usr/local/lib/python3.6/dist-packages/manticore/platforms/evm.py", line 1213, in execute
    result = self._handler(*arguments)
  File "/usr/local/lib/python3.6/dist-packages/manticore/platforms/evm.py", line 1086, in _handler
    return implementation(*arguments)
  File "/usr/local/lib/python3.6/dist-packages/manticore/platforms/evm.py", line 1642, in CALLDATACOPY
    raise ConcretizeArgument(2, policy="SAMPLED")
manticore.platforms.evm.ConcretizeArgument: 2

During handling of the above exception, another exception occurred:

Traceback (most recent call last):
  File "/usr/local/lib/python3.6/dist-packages/manticore/core/worker.py", line 121, in run
    current_state.execute()
  File "/usr/local/lib/python3.6/dist-packages/manticore/ethereum/state.py", line 6, in execute
    return self._platform.execute()
  File "/usr/local/lib/python3.6/dist-packages/manticore/platforms/evm.py", line 2684, in execute
    self.current_vm.execute()
  File "/usr/local/lib/python3.6/dist-packages/manticore/platforms/evm.py", line 1279, in execute
    policy=ex.policy,
manticore.core.state.Concretize

During handling of the above exception, another exception occurred:

Traceback (most recent call last):
  File "/usr/local/lib/python3.6/dist-packages/manticore/core/worker.py", line 142, in run
    m._fork(current_state, exc.expression, exc.policy, exc.setstate)
  File "/usr/local/lib/python3.6/dist-packages/manticore/core/manticore.py", line 332, in _fork
    solutions = state.concretize(expression, policy)
  File "/usr/local/lib/python3.6/dist-packages/manticore/core/state.py", line 251, in concretize
    m, M = self._solver.minmax(self._constraints, symbolic)
  File "/usr/local/lib/python3.6/dist-packages/manticore/core/smtlib/solver.py", line 124, in minmax
    M = self.max(constraints, x, iters)
  File "/usr/local/lib/python3.6/dist-packages/manticore/core/smtlib/solver.py", line 107, in max
    return self.optimize(constraints, X, "maximize", M)
  File "/usr/local/lib/python3.6/dist-packages/manticore/core/smtlib/solver.py", line 508, in optimize
    while self._is_sat():
  File "/usr/local/lib/python3.6/dist-packages/manticore/core/smtlib/solver.py", line 328, in _is_sat
    raise SolverError(status)
manticore.exceptions.SolverError
 
2019-08-03 01:15:13,312: [4742] m.c.worker:ERROR: Exception in state 9: SolverError('',)
Traceback (most recent call last):
  File "/usr/local/lib/python3.6/dist-packages/manticore/core/worker.py", line 121, in run
    current_state.execute()
  File "/usr/local/lib/python3.6/dist-packages/manticore/ethereum/state.py", line 6, in execute
    return self._platform.execute()
  File "/usr/local/lib/python3.6/dist-packages/manticore/platforms/evm.py", line 2684, in execute
    self.current_vm.execute()
  File "/usr/local/lib/python3.6/dist-packages/manticore/platforms/evm.py", line 1210, in execute
    last_pc, last_gas, instruction, arguments, fee, allocated = self._checkpoint()
  File "/usr/local/lib/python3.6/dist-packages/manticore/platforms/evm.py", line 1109, in _checkpoint
    self._consume(fee)
  File "/usr/local/lib/python3.6/dist-packages/manticore/platforms/evm.py", line 972, in _consume
    self.constraints, constraint
  File "/usr/local/lib/python3.6/dist-packages/manticore/core/smtlib/solver.py", line 436, in get_all_values
    while self._is_sat():
  File "/usr/local/lib/python3.6/dist-packages/manticore/core/smtlib/solver.py", line 328, in _is_sat
    raise SolverError(status)
manticore.exceptions.SolverError
 
2019-08-03 01:16:29,926: [4718] m.c.worker:ERROR: Exception in state 0: SolverError('',)
Traceback (most recent call last):
  File "/usr/local/lib/python3.6/dist-packages/manticore/core/worker.py", line 121, in run
    current_state.execute()
  File "/usr/local/lib/python3.6/dist-packages/manticore/ethereum/state.py", line 6, in execute
    return self._platform.execute()
  File "/usr/local/lib/python3.6/dist-packages/manticore/platforms/evm.py", line 2684, in execute
    self.current_vm.execute()
  File "/usr/local/lib/python3.6/dist-packages/manticore/platforms/evm.py", line 1210, in execute
    last_pc, last_gas, instruction, arguments, fee, allocated = self._checkpoint()
  File "/usr/local/lib/python3.6/dist-packages/manticore/platforms/evm.py", line 1109, in _checkpoint
    self._consume(fee)
  File "/usr/local/lib/python3.6/dist-packages/manticore/platforms/evm.py", line 972, in _consume
    self.constraints, constraint
  File "/usr/local/lib/python3.6/dist-packages/manticore/core/smtlib/solver.py", line 436, in get_all_values
    while self._is_sat():
  File "/usr/local/lib/python3.6/dist-packages/manticore/core/smtlib/solver.py", line 328, in _is_sat
    raise SolverError(status)
manticore.exceptions.SolverError
 
2019-08-03 01:16:36,646: [4724] m.c.worker:ERROR: Exception in state 4: SolverError('',)
Traceback (most recent call last):
  File "/usr/local/lib/python3.6/dist-packages/manticore/core/worker.py", line 121, in run
    current_state.execute()
  File "/usr/local/lib/python3.6/dist-packages/manticore/ethereum/state.py", line 6, in execute
    return self._platform.execute()
  File "/usr/local/lib/python3.6/dist-packages/manticore/platforms/evm.py", line 2684, in execute
    self.current_vm.execute()
  File "/usr/local/lib/python3.6/dist-packages/manticore/platforms/evm.py", line 1210, in execute
    last_pc, last_gas, instruction, arguments, fee, allocated = self._checkpoint()
  File "/usr/local/lib/python3.6/dist-packages/manticore/platforms/evm.py", line 1109, in _checkpoint
    self._consume(fee)
  File "/usr/local/lib/python3.6/dist-packages/manticore/platforms/evm.py", line 972, in _consume
    self.constraints, constraint
  File "/usr/local/lib/python3.6/dist-packages/manticore/core/smtlib/solver.py", line 436, in get_all_values
    while self._is_sat():
  File "/usr/local/lib/python3.6/dist-packages/manticore/core/smtlib/solver.py", line 328, in _is_sat
    raise SolverError(status)
manticore.exceptions.SolverError
 
2019-08-03 01:18:15,535: [4723] m.c.worker:ERROR: Exception in state 3: SolverError('',)
Traceback (most recent call last):
  File "/usr/local/lib/python3.6/dist-packages/manticore/core/worker.py", line 121, in run
    current_state.execute()
  File "/usr/local/lib/python3.6/dist-packages/manticore/ethereum/state.py", line 6, in execute
    return self._platform.execute()
  File "/usr/local/lib/python3.6/dist-packages/manticore/platforms/evm.py", line 2684, in execute
    self.current_vm.execute()
  File "/usr/local/lib/python3.6/dist-packages/manticore/platforms/evm.py", line 1210, in execute
    last_pc, last_gas, instruction, arguments, fee, allocated = self._checkpoint()
  File "/usr/local/lib/python3.6/dist-packages/manticore/platforms/evm.py", line 1109, in _checkpoint
    self._consume(fee)
  File "/usr/local/lib/python3.6/dist-packages/manticore/platforms/evm.py", line 972, in _consume
    self.constraints, constraint
  File "/usr/local/lib/python3.6/dist-packages/manticore/core/smtlib/solver.py", line 436, in get_all_values
    while self._is_sat():
  File "/usr/local/lib/python3.6/dist-packages/manticore/core/smtlib/solver.py", line 328, in _is_sat
    raise SolverError(status)
manticore.exceptions.SolverError