2019-08-06 19:14:41,520: [12] m.main:INFO: Registered plugins: DetectReentrancyAdvanced, DetectSuicidal, DetectEnvInstruction, DetectExternalCallAndLeak, DetectReentrancySimple, DetectInvalid, DetectDelegatecall, DetectUnusedRetVal, DetectUninitializedMemory, DetectIntegerOverflow, DetectUninitializedStorage
2019-08-06 19:14:41,520: [12] m.main:INFO: Beginning analysis
2019-08-06 19:14:41,536: [12] m.e.manticore:INFO: Starting symbolic create contract
2019-08-06 19:14:43,472: [12] m.e.manticore:INFO: Starting symbolic transaction: 0
2019-08-06 19:14:45,769: [12] m.e.manticore:INFO: 1 alive states, 5 terminated states
2019-08-06 19:14:46,375: [12] m.e.manticore:INFO: Starting symbolic transaction: 1
2019-08-06 19:14:49,047: [12] m.e.manticore:INFO: 1 alive states, 10 terminated states
2019-08-06 19:14:49,861: [1522] m.c.manticore:INFO: Generated testcase No. 0 - RETURN(1 txs)
2019-08-06 19:14:49,862: [1519] m.c.manticore:INFO: Generated testcase No. 1 - RETURN(3 txs)
2019-08-06 19:14:49,875: [1520] m.c.manticore:INFO: Generated testcase No. 3 - REVERT(2 txs)
2019-08-06 19:14:49,876: [1530] m.c.manticore:INFO: Generated testcase No. 4 - REVERT(2 txs)
2019-08-06 19:14:49,882: [1529] m.c.manticore:INFO: Generated testcase No. 2 - REVERT(2 txs)
2019-08-06 19:14:49,888: [1528] m.c.manticore:INFO: Generated testcase No. 5 - REVERT(3 txs)
2019-08-06 19:14:49,933: [1524] m.c.manticore:INFO: Generated testcase No. 6 - REVERT(2 txs)
2019-08-06 19:14:49,940: [1518] m.c.manticore:INFO: Generated testcase No. 7 - RETURN(2 txs)
2019-08-06 19:14:53,449: [1522] m.c.manticore:INFO: Generated testcase No. 8 - REVERT(3 txs)
2019-08-06 19:14:55,220: [1524] m.c.manticore:INFO: Generated testcase No. 9 - REVERT(3 txs)
2019-08-06 19:14:55,348: [1520] m.c.manticore:INFO: Generated testcase No. 10 - REVERT(3 txs)
2019-08-06 19:14:58,533: [12] m.c.manticore:INFO: Results in /mcore_2xfscic4
2019-08-06 19:15:00,200: [2141] m.main:INFO: Registered plugins: DetectReentrancySimple, DetectInvalid, DetectUnusedRetVal, DetectSuicidal, DetectUninitializedStorage, DetectDelegatecall, DetectEnvInstruction, DetectReentrancyAdvanced, DetectUninitializedMemory, DetectExternalCallAndLeak, DetectIntegerOverflow
2019-08-06 19:15:00,200: [2141] m.main:INFO: Beginning analysis
2019-08-06 19:15:00,247: [2141] m.e.manticore:INFO: Starting symbolic create contract
2019-08-06 19:15:00,454: [2185] m.c.manticore:INFO: Generated testcase No. 0 - NO STATE RESULT (?)(0 txs)
2019-08-06 19:15:00,768: [2141] m.c.manticore:INFO: Results in /mcore_vc0ectus
2019-08-06 19:15:01,640: [2444] m.main:INFO: Registered plugins: DetectDelegatecall, DetectIntegerOverflow, DetectReentrancySimple, DetectInvalid, DetectUnusedRetVal, DetectReentrancyAdvanced, DetectUninitializedStorage, DetectExternalCallAndLeak, DetectSuicidal, DetectEnvInstruction, DetectUninitializedMemory
2019-08-06 19:15:01,641: [2444] m.main:INFO: Beginning analysis
2019-08-06 19:15:01,652: [2444] m.e.manticore:INFO: Starting symbolic create contract
2019-08-06 19:15:21,459: [2492] m.e.detectors:WARNING: Unsigned integer overflow at MUL instruction
2019-08-06 19:15:22,638: [2492] m.e.detectors:WARNING: Unsigned integer overflow at MUL instruction
2019-08-06 19:15:45,927: [2444] m.e.manticore:INFO: Starting symbolic transaction: 0
2019-08-06 19:16:12,930: [3684] m.e.detectors:WARNING: Unsigned integer overflow at MUL instruction
2019-08-06 19:16:37,152: [3658] m.e.detectors:WARNING: Potentially reading uninitialized storage
2019-08-06 19:16:42,035: [3658] m.e.detectors:WARNING: Unsigned integer overflow at MUL instruction
2019-08-06 19:16:44,090: [3669] m.e.detectors:WARNING: Potentially reading uninitialized storage
2019-08-06 19:16:46,932: [3684] m.e.detectors:WARNING: Unsigned integer overflow at MUL instruction
2019-08-06 19:17:14,127: [3646] m.e.detectors:WARNING: Potentially reading uninitialized storage
2019-08-06 19:17:27,482: [3646] m.e.detectors:WARNING: Potentially reading uninitialized storage
2019-08-06 19:17:31,578: [3665] m.e.detectors:WARNING: Unsigned integer overflow at MUL instruction
2019-08-06 19:19:06,848: [3670] m.e.detectors:WARNING: Potentially reading uninitialized memory at instruction (address: 455780397437190428158478801503608021860646509076, offset 128)
2019-08-06 19:19:08,207: [3670] m.e.detectors:WARNING: Potentially reading uninitialized memory at instruction (address: 455780397437190428158478801503608021860646509076, offset 129)
2019-08-06 19:19:10,039: [3670] m.e.detectors:WARNING: Potentially reading uninitialized memory at instruction (address: 455780397437190428158478801503608021860646509076, offset 130)
2019-08-06 19:19:13,691: [3670] m.e.detectors:WARNING: Potentially reading uninitialized memory at instruction (address: 455780397437190428158478801503608021860646509076, offset 131)
2019-08-06 19:19:15,539: [3670] m.e.detectors:WARNING: Potentially reading uninitialized memory at instruction (address: 455780397437190428158478801503608021860646509076, offset 132)
2019-08-06 19:19:17,235: [3670] m.e.detectors:WARNING: Potentially reading uninitialized memory at instruction (address: 455780397437190428158478801503608021860646509076, offset 133)
2019-08-06 19:19:18,948: [3670] m.e.detectors:WARNING: Potentially reading uninitialized memory at instruction (address: 455780397437190428158478801503608021860646509076, offset 134)
2019-08-06 19:19:21,614: [3670] m.e.detectors:WARNING: Potentially reading uninitialized memory at instruction (address: 455780397437190428158478801503608021860646509076, offset 135)
2019-08-06 19:19:23,349: [3670] m.e.detectors:WARNING: Potentially reading uninitialized memory at instruction (address: 455780397437190428158478801503608021860646509076, offset 136)
2019-08-06 19:19:25,307: [3670] m.e.detectors:WARNING: Potentially reading uninitialized memory at instruction (address: 455780397437190428158478801503608021860646509076, offset 137)
2019-08-06 19:19:27,478: [3670] m.e.detectors:WARNING: Potentially reading uninitialized memory at instruction (address: 455780397437190428158478801503608021860646509076, offset 138)
2019-08-06 19:19:30,031: [3670] m.e.detectors:WARNING: Potentially reading uninitialized memory at instruction (address: 455780397437190428158478801503608021860646509076, offset 139)
2019-08-06 19:19:31,806: [3670] m.e.detectors:WARNING: Potentially reading uninitialized memory at instruction (address: 455780397437190428158478801503608021860646509076, offset 140)
2019-08-06 19:19:33,641: [3670] m.e.detectors:WARNING: Potentially reading uninitialized memory at instruction (address: 455780397437190428158478801503608021860646509076, offset 141)
2019-08-06 19:19:35,280: [3670] m.e.detectors:WARNING: Potentially reading uninitialized memory at instruction (address: 455780397437190428158478801503608021860646509076, offset 142)
2019-08-06 19:19:40,238: [3670] m.e.detectors:WARNING: Potentially reading uninitialized memory at instruction (address: 455780397437190428158478801503608021860646509076, offset 143)
2019-08-06 19:19:41,847: [3670] m.e.detectors:WARNING: Potentially reading uninitialized memory at instruction (address: 455780397437190428158478801503608021860646509076, offset 144)
2019-08-06 19:19:43,614: [3670] m.e.detectors:WARNING: Potentially reading uninitialized memory at instruction (address: 455780397437190428158478801503608021860646509076, offset 145)
2019-08-06 19:19:45,212: [3670] m.e.detectors:WARNING: Potentially reading uninitialized memory at instruction (address: 455780397437190428158478801503608021860646509076, offset 146)
2019-08-06 19:19:46,747: [3670] m.e.detectors:WARNING: Potentially reading uninitialized memory at instruction (address: 455780397437190428158478801503608021860646509076, offset 147)
2019-08-06 19:19:48,439: [3670] m.e.detectors:WARNING: Potentially reading uninitialized memory at instruction (address: 455780397437190428158478801503608021860646509076, offset 148)
2019-08-06 19:19:50,138: [3670] m.e.detectors:WARNING: Potentially reading uninitialized memory at instruction (address: 455780397437190428158478801503608021860646509076, offset 149)
2019-08-06 19:19:51,535: [3644] m.e.detectors:WARNING: Potentially reading uninitialized memory at instruction (address: 455780397437190428158478801503608021860646509076, offset 128)
2019-08-06 19:19:51,640: [3670] m.e.detectors:WARNING: Potentially reading uninitialized memory at instruction (address: 455780397437190428158478801503608021860646509076, offset 150)
2019-08-06 19:19:53,226: [3670] m.e.detectors:WARNING: Potentially reading uninitialized memory at instruction (address: 455780397437190428158478801503608021860646509076, offset 151)
2019-08-06 19:19:53,247: [3644] m.e.detectors:WARNING: Potentially reading uninitialized memory at instruction (address: 455780397437190428158478801503608021860646509076, offset 129)
2019-08-06 19:19:54,572: [3644] m.e.detectors:WARNING: Potentially reading uninitialized memory at instruction (address: 455780397437190428158478801503608021860646509076, offset 130)
2019-08-06 19:19:55,538: [3670] m.e.detectors:WARNING: Potentially reading uninitialized memory at instruction (address: 455780397437190428158478801503608021860646509076, offset 152)
2019-08-06 19:19:55,841: [3644] m.e.detectors:WARNING: Potentially reading uninitialized memory at instruction (address: 455780397437190428158478801503608021860646509076, offset 131)
2019-08-06 19:19:57,048: [3670] m.e.detectors:WARNING: Potentially reading uninitialized memory at instruction (address: 455780397437190428158478801503608021860646509076, offset 153)
2019-08-06 19:19:57,135: [3644] m.e.detectors:WARNING: Potentially reading uninitialized memory at instruction (address: 455780397437190428158478801503608021860646509076, offset 132)
2019-08-06 19:19:58,639: [3670] m.e.detectors:WARNING: Potentially reading uninitialized memory at instruction (address: 455780397437190428158478801503608021860646509076, offset 154)
2019-08-06 19:19:58,843: [3644] m.e.detectors:WARNING: Potentially reading uninitialized memory at instruction (address: 455780397437190428158478801503608021860646509076, offset 133)
2019-08-06 19:20:00,322: [3670] m.e.detectors:WARNING: Potentially reading uninitialized memory at instruction (address: 455780397437190428158478801503608021860646509076, offset 155)
2019-08-06 19:20:00,641: [3644] m.e.detectors:WARNING: Potentially reading uninitialized memory at instruction (address: 455780397437190428158478801503608021860646509076, offset 134)
2019-08-06 19:20:02,030: [3670] m.e.detectors:WARNING: Potentially reading uninitialized memory at instruction (address: 455780397437190428158478801503608021860646509076, offset 156)
2019-08-06 19:20:02,423: [3644] m.e.detectors:WARNING: Potentially reading uninitialized memory at instruction (address: 455780397437190428158478801503608021860646509076, offset 135)
2019-08-06 19:20:03,543: [3644] m.e.detectors:WARNING: Potentially reading uninitialized memory at instruction (address: 455780397437190428158478801503608021860646509076, offset 136)
2019-08-06 19:20:03,638: [3670] m.e.detectors:WARNING: Potentially reading uninitialized memory at instruction (address: 455780397437190428158478801503608021860646509076, offset 157)
2019-08-06 19:20:05,576: [3644] m.e.detectors:WARNING: Potentially reading uninitialized memory at instruction (address: 455780397437190428158478801503608021860646509076, offset 137)
2019-08-06 19:20:10,239: [3670] m.e.detectors:WARNING: Potentially reading uninitialized memory at instruction (address: 455780397437190428158478801503608021860646509076, offset 158)
2019-08-06 19:20:10,618: [3644] m.e.detectors:WARNING: Potentially reading uninitialized memory at instruction (address: 455780397437190428158478801503608021860646509076, offset 138)
2019-08-06 19:20:11,841: [3670] m.e.detectors:WARNING: Potentially reading uninitialized memory at instruction (address: 455780397437190428158478801503608021860646509076, offset 159)
2019-08-06 19:20:12,335: [3644] m.e.detectors:WARNING: Potentially reading uninitialized memory at instruction (address: 455780397437190428158478801503608021860646509076, offset 139)
2019-08-06 19:20:14,031: [3644] m.e.detectors:WARNING: Potentially reading uninitialized memory at instruction (address: 455780397437190428158478801503608021860646509076, offset 140)
2019-08-06 19:20:15,838: [3644] m.e.detectors:WARNING: Potentially reading uninitialized memory at instruction (address: 455780397437190428158478801503608021860646509076, offset 141)
2019-08-06 19:20:17,635: [3670] m.e.detectors:WARNING: Potentially reading uninitialized memory at instruction (address: 455780397437190428158478801503608021860646509076, offset 128)
2019-08-06 19:20:18,227: [3644] m.e.detectors:WARNING: Potentially reading uninitialized memory at instruction (address: 455780397437190428158478801503608021860646509076, offset 142)
2019-08-06 19:20:19,430: [3670] m.e.detectors:WARNING: Potentially reading uninitialized memory at instruction (address: 455780397437190428158478801503608021860646509076, offset 129)
2019-08-06 19:20:19,842: [3644] m.e.detectors:WARNING: Potentially reading uninitialized memory at instruction (address: 455780397437190428158478801503608021860646509076, offset 143)
2019-08-06 19:20:21,148: [3670] m.e.detectors:WARNING: Potentially reading uninitialized memory at instruction (address: 455780397437190428158478801503608021860646509076, offset 130)
2019-08-06 19:20:21,537: [3644] m.e.detectors:WARNING: Potentially reading uninitialized memory at instruction (address: 455780397437190428158478801503608021860646509076, offset 144)
2019-08-06 19:20:22,743: [3670] m.e.detectors:WARNING: Potentially reading uninitialized memory at instruction (address: 455780397437190428158478801503608021860646509076, offset 131)
2019-08-06 19:20:23,123: [3644] m.e.detectors:WARNING: Potentially reading uninitialized memory at instruction (address: 455780397437190428158478801503608021860646509076, offset 145)
2019-08-06 19:20:24,523: [3670] m.e.detectors:WARNING: Potentially reading uninitialized memory at instruction (address: 455780397437190428158478801503608021860646509076, offset 132)
2019-08-06 19:20:24,737: [3644] m.e.detectors:WARNING: Potentially reading uninitialized memory at instruction (address: 455780397437190428158478801503608021860646509076, offset 146)
2019-08-06 19:20:26,422: [3670] m.e.detectors:WARNING: Potentially reading uninitialized memory at instruction (address: 455780397437190428158478801503608021860646509076, offset 133)
2019-08-06 19:20:26,539: [3644] m.e.detectors:WARNING: Potentially reading uninitialized memory at instruction (address: 455780397437190428158478801503608021860646509076, offset 147)
2019-08-06 19:20:28,286: [3644] m.e.detectors:WARNING: Potentially reading uninitialized memory at instruction (address: 455780397437190428158478801503608021860646509076, offset 148)
2019-08-06 19:20:28,438: [3670] m.e.detectors:WARNING: Potentially reading uninitialized memory at instruction (address: 455780397437190428158478801503608021860646509076, offset 134)
2019-08-06 19:20:30,019: [3644] m.e.detectors:WARNING: Potentially reading uninitialized memory at instruction (address: 455780397437190428158478801503608021860646509076, offset 149)
2019-08-06 19:20:30,036: [3670] m.e.detectors:WARNING: Potentially reading uninitialized memory at instruction (address: 455780397437190428158478801503608021860646509076, offset 135)
2019-08-06 19:20:31,686: [3644] m.e.detectors:WARNING: Potentially reading uninitialized memory at instruction (address: 455780397437190428158478801503608021860646509076, offset 150)
2019-08-06 19:20:32,521: [3670] m.e.detectors:WARNING: Potentially reading uninitialized memory at instruction (address: 455780397437190428158478801503608021860646509076, offset 136)
2019-08-06 19:20:34,002: [3644] m.e.detectors:WARNING: Potentially reading uninitialized memory at instruction (address: 455780397437190428158478801503608021860646509076, offset 151)
2019-08-06 19:20:34,330: [3670] m.e.detectors:WARNING: Potentially reading uninitialized memory at instruction (address: 455780397437190428158478801503608021860646509076, offset 137)
2019-08-06 19:20:36,139: [3670] m.e.detectors:WARNING: Potentially reading uninitialized memory at instruction (address: 455780397437190428158478801503608021860646509076, offset 138)
2019-08-06 19:20:38,074: [3670] m.e.detectors:WARNING: Potentially reading uninitialized memory at instruction (address: 455780397437190428158478801503608021860646509076, offset 139)
2019-08-06 19:20:38,343: [3644] m.e.detectors:WARNING: Potentially reading uninitialized memory at instruction (address: 455780397437190428158478801503608021860646509076, offset 152)
2019-08-06 19:20:39,923: [3644] m.e.detectors:WARNING: Potentially reading uninitialized memory at instruction (address: 455780397437190428158478801503608021860646509076, offset 153)
2019-08-06 19:20:39,991: [3670] m.e.detectors:WARNING: Potentially reading uninitialized memory at instruction (address: 455780397437190428158478801503608021860646509076, offset 140)
2019-08-06 19:20:41,338: [3644] m.e.detectors:WARNING: Potentially reading uninitialized memory at instruction (address: 455780397437190428158478801503608021860646509076, offset 154)
2019-08-06 19:20:41,939: [3670] m.e.detectors:WARNING: Potentially reading uninitialized memory at instruction (address: 455780397437190428158478801503608021860646509076, offset 141)
2019-08-06 19:20:43,190: [3644] m.e.detectors:WARNING: Potentially reading uninitialized memory at instruction (address: 455780397437190428158478801503608021860646509076, offset 155)
2019-08-06 19:20:43,888: [3670] m.e.detectors:WARNING: Potentially reading uninitialized memory at instruction (address: 455780397437190428158478801503608021860646509076, offset 142)
2019-08-06 19:20:44,633: [3644] m.e.detectors:WARNING: Potentially reading uninitialized memory at instruction (address: 455780397437190428158478801503608021860646509076, offset 156)
2019-08-06 19:20:46,491: [3644] m.e.detectors:WARNING: Potentially reading uninitialized memory at instruction (address: 455780397437190428158478801503608021860646509076, offset 157)
2019-08-06 19:20:48,287: [3644] m.e.detectors:WARNING: Potentially reading uninitialized memory at instruction (address: 455780397437190428158478801503608021860646509076, offset 158)
2019-08-06 19:20:48,828: [3670] m.e.detectors:WARNING: Potentially reading uninitialized memory at instruction (address: 455780397437190428158478801503608021860646509076, offset 143)
2019-08-06 19:20:50,330: [3644] m.e.detectors:WARNING: Potentially reading uninitialized memory at instruction (address: 455780397437190428158478801503608021860646509076, offset 159)
2019-08-06 19:20:50,427: [3670] m.e.detectors:WARNING: Potentially reading uninitialized memory at instruction (address: 455780397437190428158478801503608021860646509076, offset 144)
2019-08-06 19:20:52,517: [3670] m.e.detectors:WARNING: Potentially reading uninitialized memory at instruction (address: 455780397437190428158478801503608021860646509076, offset 145)
2019-08-06 19:20:54,434: [3670] m.e.detectors:WARNING: Potentially reading uninitialized memory at instruction (address: 455780397437190428158478801503608021860646509076, offset 146)
2019-08-06 19:20:56,635: [3644] m.e.detectors:WARNING: Potentially reading uninitialized memory at instruction (address: 455780397437190428158478801503608021860646509076, offset 128)
2019-08-06 19:20:56,698: [3670] m.e.detectors:WARNING: Potentially reading uninitialized memory at instruction (address: 455780397437190428158478801503608021860646509076, offset 147)
2019-08-06 19:20:58,632: [3644] m.e.detectors:WARNING: Potentially reading uninitialized memory at instruction (address: 455780397437190428158478801503608021860646509076, offset 129)
2019-08-06 19:20:58,731: [3670] m.e.detectors:WARNING: Potentially reading uninitialized memory at instruction (address: 455780397437190428158478801503608021860646509076, offset 148)
2019-08-06 19:21:00,606: [3670] m.e.detectors:WARNING: Potentially reading uninitialized memory at instruction (address: 455780397437190428158478801503608021860646509076, offset 149)
2019-08-06 19:21:00,715: [3644] m.e.detectors:WARNING: Potentially reading uninitialized memory at instruction (address: 455780397437190428158478801503608021860646509076, offset 130)
2019-08-06 19:21:02,439: [3670] m.e.detectors:WARNING: Potentially reading uninitialized memory at instruction (address: 455780397437190428158478801503608021860646509076, offset 150)
2019-08-06 19:21:02,678: [3644] m.e.detectors:WARNING: Potentially reading uninitialized memory at instruction (address: 455780397437190428158478801503608021860646509076, offset 131)
2019-08-06 19:21:04,004: [3644] m.e.detectors:WARNING: Potentially reading uninitialized memory at instruction (address: 455780397437190428158478801503608021860646509076, offset 132)
2019-08-06 19:21:04,042: [3670] m.e.detectors:WARNING: Potentially reading uninitialized memory at instruction (address: 455780397437190428158478801503608021860646509076, offset 151)
2019-08-06 19:21:05,398: [3644] m.e.detectors:WARNING: Potentially reading uninitialized memory at instruction (address: 455780397437190428158478801503608021860646509076, offset 133)
2019-08-06 19:21:05,915: [3670] m.e.detectors:WARNING: Potentially reading uninitialized memory at instruction (address: 455780397437190428158478801503608021860646509076, offset 152)
2019-08-06 19:21:07,040: [3644] m.e.detectors:WARNING: Potentially reading uninitialized memory at instruction (address: 455780397437190428158478801503608021860646509076, offset 134)
2019-08-06 19:21:08,027: [3670] m.e.detectors:WARNING: Potentially reading uninitialized memory at instruction (address: 455780397437190428158478801503608021860646509076, offset 153)
2019-08-06 19:21:09,134: [3644] m.e.detectors:WARNING: Potentially reading uninitialized memory at instruction (address: 455780397437190428158478801503608021860646509076, offset 135)
2019-08-06 19:21:10,279: [3670] m.e.detectors:WARNING: Potentially reading uninitialized memory at instruction (address: 455780397437190428158478801503608021860646509076, offset 154)
2019-08-06 19:21:13,410: [3670] m.e.detectors:WARNING: Potentially reading uninitialized memory at instruction (address: 455780397437190428158478801503608021860646509076, offset 155)
2019-08-06 19:21:16,222: [3670] m.e.detectors:WARNING: Potentially reading uninitialized memory at instruction (address: 455780397437190428158478801503608021860646509076, offset 156)
2019-08-06 19:21:17,390: [3644] m.e.detectors:WARNING: Potentially reading uninitialized memory at instruction (address: 455780397437190428158478801503608021860646509076, offset 136)
2019-08-06 19:21:19,802: [3670] m.e.detectors:WARNING: Potentially reading uninitialized memory at instruction (address: 455780397437190428158478801503608021860646509076, offset 157)
2019-08-06 19:21:21,182: [3644] m.e.detectors:WARNING: Potentially reading uninitialized memory at instruction (address: 455780397437190428158478801503608021860646509076, offset 137)
2019-08-06 19:21:23,910: [3670] m.e.detectors:WARNING: Potentially reading uninitialized memory at instruction (address: 455780397437190428158478801503608021860646509076, offset 158)
2019-08-06 19:21:24,783: [3644] m.e.detectors:WARNING: Potentially reading uninitialized memory at instruction (address: 455780397437190428158478801503608021860646509076, offset 138)
2019-08-06 19:21:27,906: [3670] m.e.detectors:WARNING: Potentially reading uninitialized memory at instruction (address: 455780397437190428158478801503608021860646509076, offset 159)
2019-08-06 19:21:28,679: [3644] m.e.detectors:WARNING: Potentially reading uninitialized memory at instruction (address: 455780397437190428158478801503608021860646509076, offset 139)
2019-08-06 19:21:32,787: [3644] m.e.detectors:WARNING: Potentially reading uninitialized memory at instruction (address: 455780397437190428158478801503608021860646509076, offset 140)
2019-08-06 19:21:37,002: [3644] m.e.detectors:WARNING: Potentially reading uninitialized memory at instruction (address: 455780397437190428158478801503608021860646509076, offset 141)
2019-08-06 19:21:41,100: [3644] m.e.detectors:WARNING: Potentially reading uninitialized memory at instruction (address: 455780397437190428158478801503608021860646509076, offset 142)
2019-08-06 19:21:45,906: [3644] m.e.detectors:WARNING: Potentially reading uninitialized memory at instruction (address: 455780397437190428158478801503608021860646509076, offset 143)
2019-08-06 19:21:51,874: [3644] m.e.detectors:WARNING: Potentially reading uninitialized memory at instruction (address: 455780397437190428158478801503608021860646509076, offset 144)
[Errno 12] Cannot allocate memory Probably too many cached expressions? visitors._cache...
2019-08-06 19:21:56,882: [3644] m.c.worker:ERROR: Exception in state 0: Z3NotFoundError()
Traceback (most recent call last):
  File "/usr/local/lib/python3.6/dist-packages/manticore/core/smtlib/solver.py", line 205, in _start_proc
    close_fds=True,
  File "/usr/lib/python3.6/subprocess.py", line 729, in __init__
    restore_signals, start_new_session)
  File "/usr/lib/python3.6/subprocess.py", line 1295, in _execute_child
    restore_signals, start_new_session, preexec_fn)
OSError: [Errno 12] Cannot allocate memory

During handling of the above exception, another exception occurred:

Traceback (most recent call last):
  File "/usr/local/lib/python3.6/dist-packages/manticore/core/worker.py", line 121, in run
    current_state.execute()
  File "/usr/local/lib/python3.6/dist-packages/manticore/ethereum/state.py", line 6, in execute
    return self._platform.execute()
  File "/usr/local/lib/python3.6/dist-packages/manticore/platforms/evm.py", line 2684, in execute
    self.current_vm.execute()
  File "/usr/local/lib/python3.6/dist-packages/manticore/platforms/evm.py", line 1213, in execute
    result = self._handler(*arguments)
  File "/usr/local/lib/python3.6/dist-packages/manticore/platforms/evm.py", line 1086, in _handler
    return implementation(*arguments)
  File "/usr/local/lib/python3.6/dist-packages/manticore/platforms/evm.py", line 1790, in MLOAD
    value = self._load(address, 32)
  File "/usr/local/lib/python3.6/dist-packages/manticore/platforms/evm.py", line 1312, in _load
    "did_evm_read_memory", offset + i, Operators.EXTRACT(value, (size - i - 1) * 8, 8)
  File "/usr/local/lib/python3.6/dist-packages/manticore/utils/event.py", line 128, in _publish
    self._publish_impl(_name, *args, **kwargs)
  File "/usr/local/lib/python3.6/dist-packages/manticore/utils/event.py", line 145, in _publish_impl
    sink._publish_impl(_name, *args, **kwargs)
  File "/usr/local/lib/python3.6/dist-packages/manticore/utils/event.py", line 145, in _publish_impl
    sink._publish_impl(_name, *args, **kwargs)
  File "/usr/local/lib/python3.6/dist-packages/manticore/utils/event.py", line 143, in _publish_impl
    sink._publish_impl(_name, self, *args, **kwargs)
  File "/usr/local/lib/python3.6/dist-packages/manticore/utils/event.py", line 136, in _publish_impl
    callback(robj(), *args, **kwargs)
  File "/usr/local/lib/python3.6/dist-packages/manticore/ethereum/detectors.py", line 665, in did_evm_read_memory_callback
    if state.can_be_true(cbu):
  File "/usr/local/lib/python3.6/dist-packages/manticore/core/state.py", line 297, in can_be_true
    return self._solver.can_be_true(self._constraints, expr)
  File "/usr/local/lib/python3.6/dist-packages/manticore/core/smtlib/solver.py", line 401, in can_be_true
    self._reset(temp_cs.to_string(related_to=expression))
  File "/usr/local/lib/python3.6/dist-packages/manticore/core/smtlib/solver.py", line 275, in _reset
    self._start_proc()
  File "/usr/local/lib/python3.6/dist-packages/manticore/core/smtlib/solver.py", line 210, in _start_proc
    raise Z3NotFoundError  # TODO(mark) don't catch this exception in two places
manticore.exceptions.Z3NotFoundError
 
2019-08-06 19:24:32,599: [3675] m.e.detectors:WARNING: Potentially reading uninitialized storage
2019-08-06 19:25:17,632: [3675] m.e.detectors:WARNING: Potentially reading uninitialized storage
2019-08-06 19:26:26,494: [3675] m.e.detectors:WARNING: Potentially reading uninitialized memory at instruction (address: 455780397437190428158478801503608021860646509076, offset 160)
2019-08-06 19:26:29,791: [3675] m.e.detectors:WARNING: Potentially reading uninitialized memory at instruction (address: 455780397437190428158478801503608021860646509076, offset 161)
2019-08-06 19:26:35,100: [3675] m.e.detectors:WARNING: Potentially reading uninitialized memory at instruction (address: 455780397437190428158478801503608021860646509076, offset 162)
2019-08-06 19:26:39,894: [3675] m.e.detectors:WARNING: Potentially reading uninitialized memory at instruction (address: 455780397437190428158478801503608021860646509076, offset 163)
2019-08-06 19:26:43,983: [3675] m.e.detectors:WARNING: Potentially reading uninitialized memory at instruction (address: 455780397437190428158478801503608021860646509076, offset 164)
2019-08-06 19:26:47,210: [3675] m.e.detectors:WARNING: Potentially reading uninitialized memory at instruction (address: 455780397437190428158478801503608021860646509076, offset 165)
2019-08-06 19:26:50,402: [3675] m.e.detectors:WARNING: Potentially reading uninitialized memory at instruction (address: 455780397437190428158478801503608021860646509076, offset 166)
2019-08-06 19:26:53,407: [3675] m.e.detectors:WARNING: Potentially reading uninitialized memory at instruction (address: 455780397437190428158478801503608021860646509076, offset 167)
2019-08-06 19:26:56,178: [3675] m.e.detectors:WARNING: Potentially reading uninitialized memory at instruction (address: 455780397437190428158478801503608021860646509076, offset 168)
2019-08-06 19:27:00,018: [3675] m.e.detectors:WARNING: Potentially reading uninitialized memory at instruction (address: 455780397437190428158478801503608021860646509076, offset 169)
2019-08-06 19:27:07,075: [3675] m.e.detectors:WARNING: Potentially reading uninitialized memory at instruction (address: 455780397437190428158478801503608021860646509076, offset 170)
2019-08-06 19:27:10,518: [3675] m.e.detectors:WARNING: Potentially reading uninitialized memory at instruction (address: 455780397437190428158478801503608021860646509076, offset 171)
2019-08-06 19:27:15,295: [3675] m.e.detectors:WARNING: Potentially reading uninitialized memory at instruction (address: 455780397437190428158478801503608021860646509076, offset 172)
2019-08-06 19:27:18,379: [3675] m.e.detectors:WARNING: Potentially reading uninitialized memory at instruction (address: 455780397437190428158478801503608021860646509076, offset 173)
2019-08-06 19:27:21,894: [3675] m.e.detectors:WARNING: Potentially reading uninitialized memory at instruction (address: 455780397437190428158478801503608021860646509076, offset 174)
2019-08-06 19:27:25,502: [3675] m.e.detectors:WARNING: Potentially reading uninitialized memory at instruction (address: 455780397437190428158478801503608021860646509076, offset 175)
2019-08-06 19:27:29,514: [3675] m.e.detectors:WARNING: Potentially reading uninitialized memory at instruction (address: 455780397437190428158478801503608021860646509076, offset 176)
2019-08-06 19:27:33,510: [3675] m.e.detectors:WARNING: Potentially reading uninitialized memory at instruction (address: 455780397437190428158478801503608021860646509076, offset 177)
2019-08-06 19:27:37,030: [3675] m.e.detectors:WARNING: Potentially reading uninitialized memory at instruction (address: 455780397437190428158478801503608021860646509076, offset 178)
2019-08-06 19:27:40,391: [3675] m.e.detectors:WARNING: Potentially reading uninitialized memory at instruction (address: 455780397437190428158478801503608021860646509076, offset 179)
2019-08-06 19:27:46,394: [3675] m.e.detectors:WARNING: Potentially reading uninitialized memory at instruction (address: 455780397437190428158478801503608021860646509076, offset 180)
2019-08-06 19:27:50,106: [3675] m.e.detectors:WARNING: Potentially reading uninitialized memory at instruction (address: 455780397437190428158478801503608021860646509076, offset 181)
2019-08-06 19:27:55,107: [3651] m.c.worker:ERROR: Exception in state 2: SolverError('',)
Traceback (most recent call last):
  File "/usr/local/lib/python3.6/dist-packages/manticore/platforms/evm.py", line 1213, in execute
    result = self._handler(*arguments)
  File "/usr/local/lib/python3.6/dist-packages/manticore/platforms/evm.py", line 1086, in _handler
    return implementation(*arguments)
  File "/usr/local/lib/python3.6/dist-packages/manticore/platforms/evm.py", line 1637, in CALLDATACOPY
    raise ConcretizeArgument(3, policy="SAMPLED")
manticore.platforms.evm.ConcretizeArgument: 3

During handling of the above exception, another exception occurred:

Traceback (most recent call last):
  File "/usr/local/lib/python3.6/dist-packages/manticore/core/worker.py", line 121, in run
    current_state.execute()
  File "/usr/local/lib/python3.6/dist-packages/manticore/ethereum/state.py", line 6, in execute
    return self._platform.execute()
  File "/usr/local/lib/python3.6/dist-packages/manticore/platforms/evm.py", line 2684, in execute
    self.current_vm.execute()
  File "/usr/local/lib/python3.6/dist-packages/manticore/platforms/evm.py", line 1279, in execute
    policy=ex.policy,
manticore.core.state.Concretize

During handling of the above exception, another exception occurred:

Traceback (most recent call last):
  File "/usr/local/lib/python3.6/dist-packages/manticore/core/worker.py", line 142, in run
    m._fork(current_state, exc.expression, exc.policy, exc.setstate)
  File "/usr/local/lib/python3.6/dist-packages/manticore/core/manticore.py", line 332, in _fork
    solutions = state.concretize(expression, policy)
  File "/usr/local/lib/python3.6/dist-packages/manticore/core/state.py", line 251, in concretize
    m, M = self._solver.minmax(self._constraints, symbolic)
  File "/usr/local/lib/python3.6/dist-packages/manticore/core/smtlib/solver.py", line 124, in minmax
    M = self.max(constraints, x, iters)
  File "/usr/local/lib/python3.6/dist-packages/manticore/core/smtlib/solver.py", line 107, in max
    return self.optimize(constraints, X, "maximize", M)
  File "/usr/local/lib/python3.6/dist-packages/manticore/core/smtlib/solver.py", line 508, in optimize
    while self._is_sat():
  File "/usr/local/lib/python3.6/dist-packages/manticore/core/smtlib/solver.py", line 328, in _is_sat
    raise SolverError(status)
manticore.exceptions.SolverError
 
2019-08-06 19:27:56,715: [3675] m.e.detectors:WARNING: Potentially reading uninitialized memory at instruction (address: 455780397437190428158478801503608021860646509076, offset 182)
2019-08-06 19:28:03,007: [3675] m.e.detectors:WARNING: Potentially reading uninitialized memory at instruction (address: 455780397437190428158478801503608021860646509076, offset 183)
2019-08-06 19:28:08,008: [3675] m.e.detectors:WARNING: Potentially reading uninitialized memory at instruction (address: 455780397437190428158478801503608021860646509076, offset 184)
2019-08-06 19:28:11,318: [3675] m.e.detectors:WARNING: Potentially reading uninitialized memory at instruction (address: 455780397437190428158478801503608021860646509076, offset 185)
2019-08-06 19:28:14,710: [3675] m.e.detectors:WARNING: Potentially reading uninitialized memory at instruction (address: 455780397437190428158478801503608021860646509076, offset 186)
2019-08-06 19:28:15,135: [3670] m.e.detectors:WARNING: Unsigned integer overflow at MUL instruction
2019-08-06 19:28:17,902: [3675] m.e.detectors:WARNING: Potentially reading uninitialized memory at instruction (address: 455780397437190428158478801503608021860646509076, offset 187)
2019-08-06 19:28:23,218: [3675] m.e.detectors:WARNING: Potentially reading uninitialized memory at instruction (address: 455780397437190428158478801503608021860646509076, offset 188)
2019-08-06 19:28:26,801: [3675] m.e.detectors:WARNING: Potentially reading uninitialized memory at instruction (address: 455780397437190428158478801503608021860646509076, offset 189)
2019-08-06 19:28:31,015: [3675] m.e.detectors:WARNING: Potentially reading uninitialized memory at instruction (address: 455780397437190428158478801503608021860646509076, offset 190)
2019-08-06 19:28:34,702: [3675] m.e.detectors:WARNING: Potentially reading uninitialized memory at instruction (address: 455780397437190428158478801503608021860646509076, offset 191)
2019-08-06 19:30:55,333: [3658] m.c.worker:ERROR: Exception in state 3: SolverError('',)
Traceback (most recent call last):
  File "/usr/local/lib/python3.6/dist-packages/manticore/core/worker.py", line 121, in run
    current_state.execute()
  File "/usr/local/lib/python3.6/dist-packages/manticore/ethereum/state.py", line 6, in execute
    return self._platform.execute()
  File "/usr/local/lib/python3.6/dist-packages/manticore/platforms/evm.py", line 2684, in execute
    self.current_vm.execute()
  File "/usr/local/lib/python3.6/dist-packages/manticore/platforms/evm.py", line 1210, in execute
    last_pc, last_gas, instruction, arguments, fee, allocated = self._checkpoint()
  File "/usr/local/lib/python3.6/dist-packages/manticore/platforms/evm.py", line 1109, in _checkpoint
    self._consume(fee)
  File "/usr/local/lib/python3.6/dist-packages/manticore/platforms/evm.py", line 972, in _consume
    self.constraints, constraint
  File "/usr/local/lib/python3.6/dist-packages/manticore/core/smtlib/solver.py", line 436, in get_all_values
    while self._is_sat():
  File "/usr/local/lib/python3.6/dist-packages/manticore/core/smtlib/solver.py", line 328, in _is_sat
    raise SolverError(status)
manticore.exceptions.SolverError
 
2019-08-06 19:31:28,874: [3669] m.c.worker:ERROR: Exception in state 5: SolverError('',)
Traceback (most recent call last):
  File "/usr/local/lib/python3.6/dist-packages/manticore/core/worker.py", line 121, in run
    current_state.execute()
  File "/usr/local/lib/python3.6/dist-packages/manticore/ethereum/state.py", line 6, in execute
    return self._platform.execute()
  File "/usr/local/lib/python3.6/dist-packages/manticore/platforms/evm.py", line 2684, in execute
    self.current_vm.execute()
  File "/usr/local/lib/python3.6/dist-packages/manticore/platforms/evm.py", line 1210, in execute
    last_pc, last_gas, instruction, arguments, fee, allocated = self._checkpoint()
  File "/usr/local/lib/python3.6/dist-packages/manticore/platforms/evm.py", line 1109, in _checkpoint
    self._consume(fee)
  File "/usr/local/lib/python3.6/dist-packages/manticore/platforms/evm.py", line 972, in _consume
    self.constraints, constraint
  File "/usr/local/lib/python3.6/dist-packages/manticore/core/smtlib/solver.py", line 436, in get_all_values
    while self._is_sat():
  File "/usr/local/lib/python3.6/dist-packages/manticore/core/smtlib/solver.py", line 328, in _is_sat
    raise SolverError(status)
manticore.exceptions.SolverError
 
2019-08-06 19:33:32,830: [3684] m.c.worker:ERROR: Exception in state 9: SolverError('',)
Traceback (most recent call last):
  File "/usr/local/lib/python3.6/dist-packages/manticore/core/worker.py", line 121, in run
    current_state.execute()
  File "/usr/local/lib/python3.6/dist-packages/manticore/ethereum/state.py", line 6, in execute
    return self._platform.execute()
  File "/usr/local/lib/python3.6/dist-packages/manticore/platforms/evm.py", line 2684, in execute
    self.current_vm.execute()
  File "/usr/local/lib/python3.6/dist-packages/manticore/platforms/evm.py", line 1210, in execute
    last_pc, last_gas, instruction, arguments, fee, allocated = self._checkpoint()
  File "/usr/local/lib/python3.6/dist-packages/manticore/platforms/evm.py", line 1109, in _checkpoint
    self._consume(fee)
  File "/usr/local/lib/python3.6/dist-packages/manticore/platforms/evm.py", line 972, in _consume
    self.constraints, constraint
  File "/usr/local/lib/python3.6/dist-packages/manticore/core/smtlib/solver.py", line 436, in get_all_values
    while self._is_sat():
  File "/usr/local/lib/python3.6/dist-packages/manticore/core/smtlib/solver.py", line 328, in _is_sat
    raise SolverError(status)
manticore.exceptions.SolverError
 
2019-08-06 19:37:49,978: [3679] m.c.worker:ERROR: Exception in state 8: SolverError('',)
Traceback (most recent call last):
  File "/usr/local/lib/python3.6/dist-packages/manticore/core/worker.py", line 121, in run
    current_state.execute()
  File "/usr/local/lib/python3.6/dist-packages/manticore/ethereum/state.py", line 6, in execute
    return self._platform.execute()
  File "/usr/local/lib/python3.6/dist-packages/manticore/platforms/evm.py", line 2684, in execute
    self.current_vm.execute()
  File "/usr/local/lib/python3.6/dist-packages/manticore/platforms/evm.py", line 1210, in execute
    last_pc, last_gas, instruction, arguments, fee, allocated = self._checkpoint()
  File "/usr/local/lib/python3.6/dist-packages/manticore/platforms/evm.py", line 1109, in _checkpoint
    self._consume(fee)
  File "/usr/local/lib/python3.6/dist-packages/manticore/platforms/evm.py", line 972, in _consume
    self.constraints, constraint
  File "/usr/local/lib/python3.6/dist-packages/manticore/core/smtlib/solver.py", line 436, in get_all_values
    while self._is_sat():
  File "/usr/local/lib/python3.6/dist-packages/manticore/core/smtlib/solver.py", line 328, in _is_sat
    raise SolverError(status)
manticore.exceptions.SolverError
 
2019-08-06 19:38:51,099: [3670] m.e.detectors:WARNING: Unsigned integer overflow at MUL instruction
2019-08-06 19:40:19,537: [3665] m.c.worker:ERROR: Exception in state 4: SolverError('',)
Traceback (most recent call last):
  File "/usr/local/lib/python3.6/dist-packages/manticore/core/worker.py", line 121, in run
    current_state.execute()
  File "/usr/local/lib/python3.6/dist-packages/manticore/ethereum/state.py", line 6, in execute
    return self._platform.execute()
  File "/usr/local/lib/python3.6/dist-packages/manticore/platforms/evm.py", line 2684, in execute
    self.current_vm.execute()
  File "/usr/local/lib/python3.6/dist-packages/manticore/platforms/evm.py", line 1210, in execute
    last_pc, last_gas, instruction, arguments, fee, allocated = self._checkpoint()
  File "/usr/local/lib/python3.6/dist-packages/manticore/platforms/evm.py", line 1109, in _checkpoint
    self._consume(fee)
  File "/usr/local/lib/python3.6/dist-packages/manticore/platforms/evm.py", line 972, in _consume
    self.constraints, constraint
  File "/usr/local/lib/python3.6/dist-packages/manticore/core/smtlib/solver.py", line 436, in get_all_values
    while self._is_sat():
  File "/usr/local/lib/python3.6/dist-packages/manticore/core/smtlib/solver.py", line 328, in _is_sat
    raise SolverError(status)
manticore.exceptions.SolverError
 
2019-08-06 19:40:27,536: [3675] m.e.detectors:WARNING: Potentially reading uninitialized memory at instruction (address: 455780397437190428158478801503608021860646509076, offset 64)
2019-08-06 19:40:28,544: [3675] m.e.detectors:WARNING: Potentially reading uninitialized memory at instruction (address: 455780397437190428158478801503608021860646509076, offset 65)
2019-08-06 19:40:29,633: [3675] m.e.detectors:WARNING: Potentially reading uninitialized memory at instruction (address: 455780397437190428158478801503608021860646509076, offset 66)
2019-08-06 19:40:30,831: [3675] m.e.detectors:WARNING: Potentially reading uninitialized memory at instruction (address: 455780397437190428158478801503608021860646509076, offset 67)
2019-08-06 19:40:31,652: [3675] m.e.detectors:WARNING: Potentially reading uninitialized memory at instruction (address: 455780397437190428158478801503608021860646509076, offset 68)
2019-08-06 19:40:32,429: [3675] m.e.detectors:WARNING: Potentially reading uninitialized memory at instruction (address: 455780397437190428158478801503608021860646509076, offset 69)
2019-08-06 19:40:33,310: [3675] m.e.detectors:WARNING: Potentially reading uninitialized memory at instruction (address: 455780397437190428158478801503608021860646509076, offset 70)
2019-08-06 19:40:34,627: [3675] m.e.detectors:WARNING: Potentially reading uninitialized memory at instruction (address: 455780397437190428158478801503608021860646509076, offset 71)
2019-08-06 19:40:37,122: [3675] m.e.detectors:WARNING: Potentially reading uninitialized memory at instruction (address: 455780397437190428158478801503608021860646509076, offset 72)
2019-08-06 19:40:38,032: [3675] m.e.detectors:WARNING: Potentially reading uninitialized memory at instruction (address: 455780397437190428158478801503608021860646509076, offset 73)
2019-08-06 19:40:39,129: [3675] m.e.detectors:WARNING: Potentially reading uninitialized memory at instruction (address: 455780397437190428158478801503608021860646509076, offset 74)
2019-08-06 19:40:40,183: [3675] m.e.detectors:WARNING: Potentially reading uninitialized memory at instruction (address: 455780397437190428158478801503608021860646509076, offset 75)
2019-08-06 19:40:41,335: [3675] m.e.detectors:WARNING: Potentially reading uninitialized memory at instruction (address: 455780397437190428158478801503608021860646509076, offset 76)
2019-08-06 19:40:42,410: [3646] m.c.worker:ERROR: Exception in state 1: SolverError('',)
Traceback (most recent call last):
  File "/usr/local/lib/python3.6/dist-packages/manticore/core/worker.py", line 121, in run
    current_state.execute()
  File "/usr/local/lib/python3.6/dist-packages/manticore/ethereum/state.py", line 6, in execute
    return self._platform.execute()
  File "/usr/local/lib/python3.6/dist-packages/manticore/platforms/evm.py", line 2684, in execute
    self.current_vm.execute()
  File "/usr/local/lib/python3.6/dist-packages/manticore/platforms/evm.py", line 1210, in execute
    last_pc, last_gas, instruction, arguments, fee, allocated = self._checkpoint()
  File "/usr/local/lib/python3.6/dist-packages/manticore/platforms/evm.py", line 1109, in _checkpoint
    self._consume(fee)
  File "/usr/local/lib/python3.6/dist-packages/manticore/platforms/evm.py", line 972, in _consume
    self.constraints, constraint
  File "/usr/local/lib/python3.6/dist-packages/manticore/core/smtlib/solver.py", line 436, in get_all_values
    while self._is_sat():
  File "/usr/local/lib/python3.6/dist-packages/manticore/core/smtlib/solver.py", line 328, in _is_sat
    raise SolverError(status)
manticore.exceptions.SolverError
 
2019-08-06 19:40:42,526: [3675] m.e.detectors:WARNING: Potentially reading uninitialized memory at instruction (address: 455780397437190428158478801503608021860646509076, offset 77)
2019-08-06 19:40:43,248: [3675] m.e.detectors:WARNING: Potentially reading uninitialized memory at instruction (address: 455780397437190428158478801503608021860646509076, offset 78)
2019-08-06 19:40:43,907: [3675] m.e.detectors:WARNING: Potentially reading uninitialized memory at instruction (address: 455780397437190428158478801503608021860646509076, offset 79)
2019-08-06 19:40:44,567: [3675] m.e.detectors:WARNING: Potentially reading uninitialized memory at instruction (address: 455780397437190428158478801503608021860646509076, offset 80)
2019-08-06 19:40:45,219: [3675] m.e.detectors:WARNING: Potentially reading uninitialized memory at instruction (address: 455780397437190428158478801503608021860646509076, offset 81)
2019-08-06 19:40:46,043: [3675] m.e.detectors:WARNING: Potentially reading uninitialized memory at instruction (address: 455780397437190428158478801503608021860646509076, offset 82)
2019-08-06 19:40:46,729: [3675] m.e.detectors:WARNING: Potentially reading uninitialized memory at instruction (address: 455780397437190428158478801503608021860646509076, offset 83)
2019-08-06 19:40:47,369: [3675] m.e.detectors:WARNING: Potentially reading uninitialized memory at instruction (address: 455780397437190428158478801503608021860646509076, offset 84)
2019-08-06 19:40:49,120: [3675] m.e.detectors:WARNING: Potentially reading uninitialized memory at instruction (address: 455780397437190428158478801503608021860646509076, offset 85)
2019-08-06 19:40:50,039: [3675] m.e.detectors:WARNING: Potentially reading uninitialized memory at instruction (address: 455780397437190428158478801503608021860646509076, offset 86)
2019-08-06 19:40:50,733: [3675] m.e.detectors:WARNING: Potentially reading uninitialized memory at instruction (address: 455780397437190428158478801503608021860646509076, offset 87)
2019-08-06 19:40:51,425: [3675] m.e.detectors:WARNING: Potentially reading uninitialized memory at instruction (address: 455780397437190428158478801503608021860646509076, offset 88)
2019-08-06 19:40:52,070: [3675] m.e.detectors:WARNING: Potentially reading uninitialized memory at instruction (address: 455780397437190428158478801503608021860646509076, offset 89)
2019-08-06 19:40:52,912: [3675] m.e.detectors:WARNING: Potentially reading uninitialized memory at instruction (address: 455780397437190428158478801503608021860646509076, offset 90)
2019-08-06 19:40:52,957: [3670] m.e.detectors:WARNING: Unsigned integer overflow at MUL instruction
2019-08-06 19:40:53,572: [3675] m.e.detectors:WARNING: Potentially reading uninitialized memory at instruction (address: 455780397437190428158478801503608021860646509076, offset 91)
2019-08-06 19:40:54,225: [3675] m.e.detectors:WARNING: Potentially reading uninitialized memory at instruction (address: 455780397437190428158478801503608021860646509076, offset 92)
2019-08-06 19:40:54,919: [3675] m.e.detectors:WARNING: Potentially reading uninitialized memory at instruction (address: 455780397437190428158478801503608021860646509076, offset 93)
2019-08-06 19:40:55,559: [3675] m.e.detectors:WARNING: Potentially reading uninitialized memory at instruction (address: 455780397437190428158478801503608021860646509076, offset 94)
2019-08-06 19:40:56,244: [3675] m.e.detectors:WARNING: Potentially reading uninitialized memory at instruction (address: 455780397437190428158478801503608021860646509076, offset 95)
2019-08-06 19:44:04,464: [3670] m.e.detectors:WARNING: Unsigned integer overflow at MUL instruction