2019-07-23 06:27:42,243: [13] m.main:INFO: Registered plugins: DetectReentrancySimple, DetectReentrancyAdvanced, DetectDelegatecall, DetectUninitializedStorage, DetectInvalid, DetectUnusedRetVal, DetectExternalCallAndLeak, DetectEnvInstruction, DetectUninitializedMemory, DetectIntegerOverflow, DetectSuicidal
2019-07-23 06:27:42,243: [13] m.main:INFO: Beginning analysis
2019-07-23 06:27:42,262: [13] m.e.manticore:INFO: Starting symbolic create contract
2019-07-23 06:27:43,368: [13] m.e.manticore:INFO: Starting symbolic transaction: 0
2019-07-23 06:27:44,246: [13] m.e.manticore:INFO: 0 alive states, 2 terminated states
2019-07-23 06:27:44,377: [13] m.e.manticore:INFO: Starting symbolic transaction: 1
2019-07-23 06:27:44,556: [583] m.c.manticore:INFO: Generated testcase No. 0 - RETURN(1 txs)
2019-07-23 06:27:44,575: [584] m.c.manticore:INFO: Generated testcase No. 1 - REVERT(2 txs)
2019-07-23 06:27:45,561: [13] m.c.manticore:INFO: Results in /mcore_t9ssyp0h
2019-07-23 06:27:46,571: [898] m.main:INFO: Registered plugins: DetectUninitializedMemory, DetectUnusedRetVal, DetectSuicidal, DetectInvalid, DetectReentrancyAdvanced, DetectReentrancySimple, DetectExternalCallAndLeak, DetectEnvInstruction, DetectUninitializedStorage, DetectDelegatecall, DetectIntegerOverflow
2019-07-23 06:27:46,571: [898] m.main:INFO: Beginning analysis
2019-07-23 06:27:46,583: [898] m.e.manticore:INFO: Starting symbolic create contract
2019-07-23 06:27:49,051: [898] m.e.manticore:INFO: Starting symbolic transaction: 0
2019-07-23 06:27:52,460: [898] m.e.manticore:INFO: 1 alive states, 5 terminated states
2019-07-23 06:27:53,299: [898] m.e.manticore:INFO: Starting symbolic transaction: 1
2019-07-23 06:27:57,185: [898] m.e.manticore:INFO: 1 alive states, 10 terminated states
2019-07-23 06:27:58,227: [2411] m.c.manticore:INFO: Generated testcase No. 0 - RETURN(3 txs)
2019-07-23 06:27:58,235: [2407] m.c.manticore:INFO: Generated testcase No. 1 - RETURN(1 txs)
2019-07-23 06:27:58,262: [2408] m.c.manticore:INFO: Generated testcase No. 2 - REVERT(2 txs)
2019-07-23 06:27:58,325: [2420] m.c.manticore:INFO: Generated testcase No. 5 - RETURN(2 txs)
2019-07-23 06:27:58,339: [2416] m.c.manticore:INFO: Generated testcase No. 4 - REVERT(2 txs)
2019-07-23 06:27:58,417: [2409] m.c.manticore:INFO: Generated testcase No. 3 - REVERT(2 txs)
2019-07-23 06:27:58,441: [2426] m.c.manticore:INFO: Generated testcase No. 8 - REVERT(3 txs)
2019-07-23 06:27:58,433: [2413] m.c.manticore:INFO: Generated testcase No. 6 - REVERT(2 txs)
2019-07-23 06:27:58,562: [2428] m.c.manticore:INFO: Generated testcase No. 7 - REVERT(3 txs)
2019-07-23 06:27:58,648: [2427] m.c.manticore:INFO: Generated testcase No. 9 - REVERT(3 txs)
2019-07-23 06:28:13,920: [2409] m.c.manticore:INFO: Generated testcase No. 10 - REVERT(3 txs)
2019-07-23 06:28:19,173: [898] m.c.manticore:INFO: Results in /mcore_h3ynnjjv
2019-07-23 06:28:20,963: [3034] m.main:INFO: Registered plugins: DetectIntegerOverflow, DetectUnusedRetVal, DetectSuicidal, DetectReentrancySimple, DetectInvalid, DetectDelegatecall, DetectEnvInstruction, DetectUninitializedStorage, DetectExternalCallAndLeak, DetectReentrancyAdvanced, DetectUninitializedMemory
2019-07-23 06:28:20,964: [3034] m.main:INFO: Beginning analysis
2019-07-23 06:28:20,977: [3034] m.e.manticore:INFO: Starting symbolic create contract
2019-07-23 06:28:21,277: [3078] m.c.manticore:INFO: Generated testcase No. 0 - NO STATE RESULT (?)(0 txs)
2019-07-23 06:28:21,677: [3034] m.c.manticore:INFO: Results in /mcore_hoi5b5xl
2019-07-23 06:28:22,403: [3337] m.main:INFO: Registered plugins: DetectReentrancyAdvanced, DetectInvalid, DetectSuicidal, DetectUnusedRetVal, DetectUninitializedStorage, DetectIntegerOverflow, DetectDelegatecall, DetectEnvInstruction, DetectReentrancySimple, DetectUninitializedMemory, DetectExternalCallAndLeak
2019-07-23 06:28:22,403: [3337] m.main:INFO: Beginning analysis
2019-07-23 06:28:22,458: [3337] m.e.manticore:INFO: Starting symbolic create contract
2019-07-23 06:28:22,696: [3381] m.c.manticore:INFO: Generated testcase No. 0 - NO STATE RESULT (?)(0 txs)
2019-07-23 06:28:23,097: [3337] m.c.manticore:INFO: Results in /mcore_b3wl1wyi
2019-07-23 06:28:23,891: [3640] m.main:INFO: Registered plugins: DetectUninitializedStorage, DetectInvalid, DetectUnusedRetVal, DetectSuicidal, DetectUninitializedMemory, DetectIntegerOverflow, DetectReentrancyAdvanced, DetectExternalCallAndLeak, DetectReentrancySimple, DetectDelegatecall, DetectEnvInstruction
2019-07-23 06:28:23,891: [3640] m.main:INFO: Beginning analysis
2019-07-23 06:28:23,901: [3640] m.e.manticore:INFO: Starting symbolic create contract
2019-07-23 06:28:25,042: [3640] m.e.manticore:INFO: Starting symbolic transaction: 0
2019-07-23 06:28:25,884: [3640] m.e.manticore:INFO: 0 alive states, 2 terminated states
2019-07-23 06:28:26,061: [3640] m.e.manticore:INFO: Starting symbolic transaction: 1
2019-07-23 06:28:26,238: [4210] m.c.manticore:INFO: Generated testcase No. 0 - RETURN(1 txs)
2019-07-23 06:28:26,271: [4214] m.c.manticore:INFO: Generated testcase No. 1 - REVERT(2 txs)
2019-07-23 06:28:27,372: [3640] m.c.manticore:INFO: Results in /mcore_x5n5x0ln
2019-07-23 06:28:28,297: [4525] m.main:INFO: Registered plugins: DetectUninitializedStorage, DetectExternalCallAndLeak, DetectInvalid, DetectIntegerOverflow, DetectEnvInstruction, DetectUnusedRetVal, DetectDelegatecall, DetectReentrancySimple, DetectReentrancyAdvanced, DetectUninitializedMemory, DetectSuicidal
2019-07-23 06:28:28,297: [4525] m.main:INFO: Beginning analysis
2019-07-23 06:28:28,362: [4525] m.e.manticore:INFO: Starting symbolic create contract
2019-07-23 06:28:46,267: [4590] m.e.detectors:WARNING: INVALID instruction
2019-07-23 06:29:05,478: [4525] m.e.manticore:INFO: Starting symbolic transaction: 0
2019-07-23 06:29:51,124: [5571] m.c.worker:ERROR: Exception in state 8: ManticoreError('Forking on unfeasible constraint set',)
Traceback (most recent call last):
  File "/usr/local/lib/python3.6/dist-packages/manticore/platforms/evm.py", line 1213, in execute
    result = self._handler(*arguments)
  File "/usr/local/lib/python3.6/dist-packages/manticore/platforms/evm.py", line 1086, in _handler
    return implementation(*arguments)
  File "/usr/local/lib/python3.6/dist-packages/manticore/platforms/evm.py", line 547, in wrapper
    raise ConcretizeArgument(index, policy=policy)
manticore.platforms.evm.ConcretizeArgument: 1

During handling of the above exception, another exception occurred:

Traceback (most recent call last):
  File "/usr/local/lib/python3.6/dist-packages/manticore/core/worker.py", line 121, in run
    current_state.execute()
  File "/usr/local/lib/python3.6/dist-packages/manticore/ethereum/state.py", line 6, in execute
    return self._platform.execute()
  File "/usr/local/lib/python3.6/dist-packages/manticore/platforms/evm.py", line 2684, in execute
    self.current_vm.execute()
  File "/usr/local/lib/python3.6/dist-packages/manticore/platforms/evm.py", line 1279, in execute
    policy=ex.policy,
manticore.core.state.Concretize

During handling of the above exception, another exception occurred:

Traceback (most recent call last):
  File "/usr/local/lib/python3.6/dist-packages/manticore/core/worker.py", line 142, in run
    m._fork(current_state, exc.expression, exc.policy, exc.setstate)
  File "/usr/local/lib/python3.6/dist-packages/manticore/core/manticore.py", line 335, in _fork
    raise ManticoreError("Forking on unfeasible constraint set")
manticore.exceptions.ManticoreError: Forking on unfeasible constraint set
 
2019-07-23 06:30:36,203: [4525] m.e.manticore:INFO: 8 alive states, 25 terminated states
2019-07-23 06:30:43,850: [4525] m.e.manticore:INFO: Starting symbolic transaction: 1
2019-07-23 06:48:32,678: [4525] m.e.manticore:INFO: 64 alive states, 209 terminated states
2019-07-23 06:48:45,819: [30756] m.c.manticore:INFO: Generated testcase No. 1 - RETURN(3 txs)
2019-07-23 06:48:45,948: [30761] m.c.manticore:INFO: Generated testcase No. 3 - RETURN(3 txs)
2019-07-23 06:48:46,033: [30751] m.c.manticore:INFO: Generated testcase No. 0 - RETURN(3 txs)
2019-07-23 06:48:46,128: [30752] m.c.manticore:INFO: Generated testcase No. 2 - RETURN(3 txs)
2019-07-23 06:48:46,426: [30762] m.c.manticore:INFO: Generated testcase No. 6 - RETURN(3 txs)
2019-07-23 06:48:46,557: [30764] m.c.manticore:INFO: Generated testcase No. 4 - RETURN(3 txs)
2019-07-23 06:48:46,623: [30765] m.c.manticore:INFO: Generated testcase No. 8 - RETURN(3 txs)
2019-07-23 06:48:46,629: [30754] m.c.manticore:INFO: Generated testcase No. 5 - RETURN(3 txs)
2019-07-23 06:48:47,152: [30768] m.c.manticore:INFO: Generated testcase No. 7 - RETURN(3 txs)
2019-07-23 06:52:48,448: [30765] m.c.manticore:INFO: Generated testcase No. 9 - RETURN(3 txs)
2019-07-23 06:52:57,803: [30764] m.c.manticore:INFO: Generated testcase No. 10 - RETURN(3 txs)
2019-07-23 06:52:58,065: [30751] m.c.manticore:INFO: Generated testcase No. 11 - RETURN(3 txs)
2019-07-23 06:53:04,749: [30754] m.c.manticore:INFO: Generated testcase No. 12 - RETURN(3 txs)
2019-07-23 06:53:06,048: [30756] m.c.manticore:INFO: Generated testcase No. 13 - RETURN(3 txs)
2019-07-23 06:53:06,867: [30762] m.c.manticore:INFO: Generated testcase No. 14 - RETURN(3 txs)
2019-07-23 06:53:27,937: [30768] m.c.manticore:INFO: Generated testcase No. 15 - RETURN(3 txs)
2019-07-23 06:53:34,442: [30752] m.c.manticore:INFO: Generated testcase No. 16 - RETURN(3 txs)
2019-07-23 06:53:43,503: [30761] m.c.manticore:INFO: Generated testcase No. 17 - RETURN(3 txs)
2019-07-23 06:56:55,753: [30765] m.c.manticore:INFO: Generated testcase No. 18 - RETURN(3 txs)
2019-07-23 06:56:58,246: [30762] m.c.manticore:INFO: Generated testcase No. 19 - RETURN(3 txs)
2019-07-23 06:56:59,240: [30764] m.c.manticore:INFO: Generated testcase No. 20 - RETURN(3 txs)
2019-07-23 06:57:03,861: [30751] m.c.manticore:INFO: Generated testcase No. 21 - RETURN(3 txs)
2019-07-23 06:57:15,726: [30756] m.c.manticore:INFO: Generated testcase No. 22 - RETURN(3 txs)
2019-07-23 06:57:16,406: [30754] m.c.manticore:INFO: Generated testcase No. 23 - RETURN(3 txs)
2019-07-23 06:57:28,465: [30768] m.c.manticore:INFO: Generated testcase No. 24 - RETURN(3 txs)