2019-08-01 05:02:09,297: [12] m.main:INFO: Registered plugins: DetectReentrancySimple, DetectInvalid, DetectSuicidal, DetectUninitializedStorage, DetectDelegatecall, DetectEnvInstruction, DetectUnusedRetVal, DetectReentrancyAdvanced, DetectUninitializedMemory, DetectExternalCallAndLeak, DetectIntegerOverflow
2019-08-01 05:02:09,298: [12] m.main:INFO: Beginning analysis
2019-08-01 05:02:09,337: [12] m.e.manticore:INFO: Starting symbolic create contract
2019-08-01 05:02:20,690: [12] m.e.manticore:INFO: Starting symbolic transaction: 0
2019-08-01 05:03:33,332: [467] m.e.detectors:WARNING: INVALID instruction
2019-08-01 05:03:47,174: [469] m.e.detectors:WARNING: Warning TIMESTAMP instruction used
2019-08-01 05:03:50,086: [462] m.e.detectors:WARNING: INVALID instruction
2019-08-01 05:05:58,231: [467] m.e.detectors:WARNING: Warning TIMESTAMP instruction used
2019-08-01 05:07:19,636: [462] m.c.worker:ERROR: Exception in state 0: SolverError('',)
Traceback (most recent call last):
  File "/usr/local/lib/python3.6/dist-packages/manticore/core/worker.py", line 121, in run
    current_state.execute()
  File "/usr/local/lib/python3.6/dist-packages/manticore/ethereum/state.py", line 6, in execute
    return self._platform.execute()
  File "/usr/local/lib/python3.6/dist-packages/manticore/platforms/evm.py", line 2684, in execute
    self.current_vm.execute()
  File "/usr/local/lib/python3.6/dist-packages/manticore/platforms/evm.py", line 1201, in execute
    "Concretize PC", expression=expression, setstate=setstate, policy="ALL"
manticore.core.state.Concretize

During handling of the above exception, another exception occurred:

Traceback (most recent call last):
  File "/usr/local/lib/python3.6/dist-packages/manticore/core/worker.py", line 142, in run
    m._fork(current_state, exc.expression, exc.policy, exc.setstate)
  File "/usr/local/lib/python3.6/dist-packages/manticore/core/manticore.py", line 332, in _fork
    solutions = state.concretize(expression, policy)
  File "/usr/local/lib/python3.6/dist-packages/manticore/core/state.py", line 271, in concretize
    self._constraints, symbolic, maxcnt=maxcount, silent=True
  File "/usr/local/lib/python3.6/dist-packages/manticore/core/smtlib/solver.py", line 436, in get_all_values
    while self._is_sat():
  File "/usr/local/lib/python3.6/dist-packages/manticore/core/smtlib/solver.py", line 328, in _is_sat
    raise SolverError(status)
manticore.exceptions.SolverError
 
2019-08-01 05:10:13,687: [480] m.e.detectors:WARNING: INVALID instruction
2019-08-01 05:10:27,990: [467] m.e.detectors:WARNING: INVALID instruction
2019-08-01 05:11:24,114: [466] m.c.worker:ERROR: Exception in state 3: SolverError('',)
Traceback (most recent call last):
  File "/usr/local/lib/python3.6/dist-packages/manticore/core/worker.py", line 121, in run
    current_state.execute()
  File "/usr/local/lib/python3.6/dist-packages/manticore/ethereum/state.py", line 6, in execute
    return self._platform.execute()
  File "/usr/local/lib/python3.6/dist-packages/manticore/platforms/evm.py", line 2684, in execute
    self.current_vm.execute()
  File "/usr/local/lib/python3.6/dist-packages/manticore/platforms/evm.py", line 1208, in execute
    self._check_jmpdest()
  File "/usr/local/lib/python3.6/dist-packages/manticore/platforms/evm.py", line 1142, in _check_jmpdest
    self.constraints, should_check_jumpdest
  File "/usr/local/lib/python3.6/dist-packages/manticore/core/smtlib/solver.py", line 436, in get_all_values
    while self._is_sat():
  File "/usr/local/lib/python3.6/dist-packages/manticore/core/smtlib/solver.py", line 328, in _is_sat
    raise SolverError(status)
manticore.exceptions.SolverError
 
2019-08-01 05:11:24,614: [464] m.e.detectors:WARNING: INVALID instruction
2019-08-01 05:13:15,615: [465] m.e.detectors:WARNING: INVALID instruction
2019-08-01 05:14:41,527: [467] m.e.detectors:WARNING: INVALID instruction
2019-08-01 05:15:27,278: [480] m.e.detectors:WARNING: INVALID instruction
2019-08-01 05:18:35,919: [464] m.e.detectors:WARNING: INVALID instruction
2019-08-01 05:22:17,836: [464] m.e.detectors:WARNING: INVALID instruction
2019-08-01 05:25:28,821: [12] m.e.manticore:INFO: 17 alive states, 37 terminated states
2019-08-01 05:25:50,134: [12] m.e.manticore:INFO: Starting symbolic transaction: 1
2019-08-01 05:30:56,147: [7803] m.c.worker:ERROR: Exception in state 2: SolverError('',)
Traceback (most recent call last):
  File "/usr/local/lib/python3.6/dist-packages/manticore/core/worker.py", line 121, in run
    current_state.execute()
  File "/usr/local/lib/python3.6/dist-packages/manticore/ethereum/state.py", line 6, in execute
    return self._platform.execute()
  File "/usr/local/lib/python3.6/dist-packages/manticore/platforms/evm.py", line 2680, in execute
    self._process_pending_transaction()
  File "/usr/local/lib/python3.6/dist-packages/manticore/platforms/evm.py", line 2916, in _process_pending_transaction
    policy="ALL",
manticore.core.state.Concretize

During handling of the above exception, another exception occurred:

Traceback (most recent call last):
  File "/usr/local/lib/python3.6/dist-packages/manticore/core/worker.py", line 142, in run
    m._fork(current_state, exc.expression, exc.policy, exc.setstate)
  File "/usr/local/lib/python3.6/dist-packages/manticore/core/manticore.py", line 332, in _fork
    solutions = state.concretize(expression, policy)
  File "/usr/local/lib/python3.6/dist-packages/manticore/core/state.py", line 271, in concretize
    self._constraints, symbolic, maxcnt=maxcount, silent=True
  File "/usr/local/lib/python3.6/dist-packages/manticore/core/smtlib/solver.py", line 436, in get_all_values
    while self._is_sat():
  File "/usr/local/lib/python3.6/dist-packages/manticore/core/smtlib/solver.py", line 328, in _is_sat
    raise SolverError(status)
manticore.exceptions.SolverError