2019-07-26 12:34:02,678: [13] m.main:INFO: Registered plugins: DetectIntegerOverflow, DetectUninitializedMemory, DetectReentrancyAdvanced, DetectDelegatecall, DetectReentrancySimple, DetectInvalid, DetectUnusedRetVal, DetectUninitializedStorage, DetectExternalCallAndLeak, DetectSuicidal, DetectEnvInstruction
2019-07-26 12:34:02,678: [13] m.main:INFO: Beginning analysis
2019-07-26 12:34:02,690: [13] m.e.manticore:INFO: Starting symbolic create contract
2019-07-26 12:34:03,199: [57] m.c.manticore:INFO: Generated testcase No. 0 - NO STATE RESULT (?)(0 txs)
2019-07-26 12:34:03,669: [13] m.c.manticore:INFO: Results in /mcore_jg665aut
2019-07-26 12:34:04,528: [316] m.main:INFO: Registered plugins: DetectDelegatecall, DetectUninitializedMemory, DetectIntegerOverflow, DetectUnusedRetVal, DetectReentrancySimple, DetectInvalid, DetectExternalCallAndLeak, DetectSuicidal, DetectUninitializedStorage, DetectEnvInstruction, DetectReentrancyAdvanced
2019-07-26 12:34:04,529: [316] m.main:INFO: Beginning analysis
2019-07-26 12:34:04,575: [316] m.e.manticore:INFO: Starting symbolic create contract
2019-07-26 12:34:09,832: [316] m.e.manticore:INFO: Starting symbolic transaction: 0
2019-07-26 12:34:22,473: [316] m.e.manticore:INFO: 2 alive states, 12 terminated states
2019-07-26 12:34:25,288: [316] m.e.manticore:INFO: Starting symbolic transaction: 1
2019-07-26 12:34:57,474: [316] m.e.manticore:INFO: 4 alive states, 36 terminated states
2019-07-26 12:35:02,364: [3906] m.c.manticore:INFO: Generated testcase No. 0 - RETURN(3 txs)
2019-07-26 12:35:02,448: [3908] m.c.manticore:INFO: Generated testcase No. 2 - RETURN(3 txs)
2019-07-26 12:35:02,668: [3910] m.c.manticore:INFO: Generated testcase No. 1 - RETURN(3 txs)
2019-07-26 12:35:02,916: [3934] m.c.manticore:INFO: Generated testcase No. 7 - REVERT(2 txs)
2019-07-26 12:35:02,926: [3915] m.c.manticore:INFO: Generated testcase No. 3 - RETURN(1 txs)
2019-07-26 12:35:02,966: [3925] m.c.manticore:INFO: Generated testcase No. 6 - REVERT(2 txs)
2019-07-26 12:35:03,056: [3939] m.c.manticore:INFO: Generated testcase No. 8 - REVERT(2 txs)
2019-07-26 12:35:03,063: [3931] m.c.manticore:INFO: Generated testcase No. 5 - REVERT(2 txs)
2019-07-26 12:35:03,067: [3904] m.c.manticore:INFO: Generated testcase No. 4 - RETURN(3 txs)
2019-07-26 12:35:03,223: [3921] m.c.manticore:INFO: Generated testcase No. 9 - REVERT(2 txs)
2019-07-26 12:35:52,661: [3915] m.c.manticore:INFO: Generated testcase No. 10 - REVERT(2 txs)
2019-07-26 12:35:59,728: [3934] m.c.manticore:INFO: Generated testcase No. 12 - REVERT(2 txs)
2019-07-26 12:36:00,017: [3925] m.c.manticore:INFO: Generated testcase No. 11 - REVERT(2 txs)
2019-07-26 12:36:07,059: [3921] m.c.manticore:INFO: Generated testcase No. 13 - REVERT(2 txs)
2019-07-26 12:36:09,358: [3931] m.c.manticore:INFO: Generated testcase No. 14 - REVERT(2 txs)
2019-07-26 12:36:09,376: [3906] m.c.manticore:INFO: Generated testcase No. 16 - REVERT(2 txs)
2019-07-26 12:36:10,650: [3939] m.c.manticore:INFO: Generated testcase No. 15 - RETURN(2 txs)
2019-07-26 12:36:11,556: [3908] m.c.manticore:INFO: Generated testcase No. 17 - RETURN(2 txs)
2019-07-26 12:36:12,614: [3904] m.c.manticore:INFO: Generated testcase No. 18 - REVERT(3 txs)
2019-07-26 12:36:14,530: [3910] m.c.manticore:INFO: Generated testcase No. 19 - REVERT(3 txs)
2019-07-26 12:36:53,739: [3915] m.c.manticore:INFO: Generated testcase No. 20 - REVERT(3 txs)
2019-07-26 12:37:01,152: [3934] m.c.manticore:INFO: Generated testcase No. 21 - REVERT(3 txs)
2019-07-26 12:37:01,215: [3925] m.c.manticore:INFO: Generated testcase No. 22 - REVERT(3 txs)
2019-07-26 12:37:02,747: [3906] m.c.manticore:INFO: Generated testcase No. 23 - REVERT(3 txs)
2019-07-26 12:37:06,447: [3931] m.c.manticore:INFO: Generated testcase No. 24 - REVERT(3 txs)
2019-07-26 12:37:07,344: [3921] m.c.manticore:INFO: Generated testcase No. 25 - REVERT(3 txs)
2019-07-26 12:37:10,049: [3904] m.c.manticore:INFO: Generated testcase No. 26 - REVERT(3 txs)
2019-07-26 12:37:11,754: [3908] m.c.manticore:INFO: Generated testcase No. 27 - REVERT(3 txs)
2019-07-26 12:37:18,735: [3939] m.c.manticore:INFO: Generated testcase No. 28 - REVERT(3 txs)
2019-07-26 12:37:27,645: [3910] m.c.manticore:INFO: Generated testcase No. 29 - REVERT(3 txs)
2019-07-26 12:37:55,329: [3915] m.c.manticore:INFO: Generated testcase No. 30 - REVERT(3 txs)
2019-07-26 12:38:09,764: [3906] m.c.manticore:INFO: Generated testcase No. 31 - REVERT(3 txs)
2019-07-26 12:38:10,867: [3934] m.c.manticore:INFO: Generated testcase No. 32 - REVERT(3 txs)
2019-07-26 12:38:14,955: [3925] m.c.manticore:INFO: Generated testcase No. 33 - REVERT(3 txs)
2019-07-26 12:38:15,813: [3931] m.c.manticore:INFO: Generated testcase No. 34 - REVERT(3 txs)
2019-07-26 12:38:18,225: [3908] m.c.manticore:INFO: Generated testcase No. 35 - REVERT(3 txs)
2019-07-26 12:38:21,548: [3921] m.c.manticore:INFO: Generated testcase No. 36 - REVERT(3 txs)
2019-07-26 12:38:22,626: [3904] m.c.manticore:INFO: Generated testcase No. 37 - REVERT(3 txs)
2019-07-26 12:38:29,854: [3939] m.c.manticore:INFO: Generated testcase No. 38 - REVERT(3 txs)
2019-07-26 12:38:38,737: [3910] m.c.manticore:INFO: Generated testcase No. 39 - REVERT(3 txs)
2019-07-26 12:39:23,899: [316] m.c.manticore:INFO: Results in /mcore_9wng6he4
2019-07-26 12:39:28,868: [5477] m.main:INFO: Registered plugins: DetectExternalCallAndLeak, DetectReentrancySimple, DetectInvalid, DetectSuicidal, DetectUnusedRetVal, DetectUninitializedStorage, DetectEnvInstruction, DetectDelegatecall, DetectReentrancyAdvanced, DetectIntegerOverflow, DetectUninitializedMemory
2019-07-26 12:39:28,868: [5477] m.main:INFO: Beginning analysis
2019-07-26 12:39:28,886: [5477] m.e.manticore:INFO: Starting symbolic create contract
2019-07-26 12:39:47,237: [5477] m.e.manticore:INFO: Starting symbolic transaction: 0
2019-07-26 12:41:20,674: [6043] m.c.worker:ERROR: Exception in state 2: ManticoreError('Forking on unfeasible constraint set',)
Traceback (most recent call last):
  File "/usr/local/lib/python3.6/dist-packages/manticore/platforms/evm.py", line 1213, in execute
    result = self._handler(*arguments)
  File "/usr/local/lib/python3.6/dist-packages/manticore/platforms/evm.py", line 1086, in _handler
    return implementation(*arguments)
  File "/usr/local/lib/python3.6/dist-packages/manticore/platforms/evm.py", line 547, in wrapper
    raise ConcretizeArgument(index, policy=policy)
manticore.platforms.evm.ConcretizeArgument: 1

During handling of the above exception, another exception occurred:

Traceback (most recent call last):
  File "/usr/local/lib/python3.6/dist-packages/manticore/core/worker.py", line 121, in run
    current_state.execute()
  File "/usr/local/lib/python3.6/dist-packages/manticore/ethereum/state.py", line 6, in execute
    return self._platform.execute()
  File "/usr/local/lib/python3.6/dist-packages/manticore/platforms/evm.py", line 2684, in execute
    self.current_vm.execute()
  File "/usr/local/lib/python3.6/dist-packages/manticore/platforms/evm.py", line 1279, in execute
    policy=ex.policy,
manticore.core.state.Concretize

During handling of the above exception, another exception occurred:

Traceback (most recent call last):
  File "/usr/local/lib/python3.6/dist-packages/manticore/core/worker.py", line 142, in run
    m._fork(current_state, exc.expression, exc.policy, exc.setstate)
  File "/usr/local/lib/python3.6/dist-packages/manticore/core/manticore.py", line 335, in _fork
    raise ManticoreError("Forking on unfeasible constraint set")
manticore.exceptions.ManticoreError: Forking on unfeasible constraint set
 
2019-07-26 12:41:21,191: [6064] m.e.detectors:WARNING: Reachable external call to sender via argument
2019-07-26 12:42:48,271: [6067] m.c.worker:ERROR: Exception in state 9: TypeError("__copy__() missing 1 required positional argument: 'memo'",)
Traceback (most recent call last):
  File "/usr/local/lib/python3.6/dist-packages/manticore/core/worker.py", line 121, in run
    current_state.execute()
  File "/usr/local/lib/python3.6/dist-packages/manticore/ethereum/state.py", line 6, in execute
    return self._platform.execute()
  File "/usr/local/lib/python3.6/dist-packages/manticore/platforms/evm.py", line 2684, in execute
    self.current_vm.execute()
  File "/usr/local/lib/python3.6/dist-packages/manticore/platforms/evm.py", line 1213, in execute
    result = self._handler(*arguments)
  File "/usr/local/lib/python3.6/dist-packages/manticore/platforms/evm.py", line 1086, in _handler
    return implementation(*arguments)
  File "/usr/local/lib/python3.6/dist-packages/manticore/platforms/evm.py", line 1800, in MSTORE
    value = taint_with(value, taint)
  File "/usr/local/lib/python3.6/dist-packages/manticore/core/smtlib/expression.py", line 96, in taint_with
    arg = copy.copy(arg)
  File "/usr/lib/python3.6/copy.py", line 88, in copy
    return copier(x)
TypeError: __copy__() missing 1 required positional argument: 'memo'
 
2019-07-26 12:42:48,353: [6053] m.c.worker:ERROR: Exception in state 5: TypeError("__copy__() missing 1 required positional argument: 'memo'",)
Traceback (most recent call last):
  File "/usr/local/lib/python3.6/dist-packages/manticore/core/worker.py", line 121, in run
    current_state.execute()
  File "/usr/local/lib/python3.6/dist-packages/manticore/ethereum/state.py", line 6, in execute
    return self._platform.execute()
  File "/usr/local/lib/python3.6/dist-packages/manticore/platforms/evm.py", line 2684, in execute
    self.current_vm.execute()
  File "/usr/local/lib/python3.6/dist-packages/manticore/platforms/evm.py", line 1213, in execute
    result = self._handler(*arguments)
  File "/usr/local/lib/python3.6/dist-packages/manticore/platforms/evm.py", line 1086, in _handler
    return implementation(*arguments)
  File "/usr/local/lib/python3.6/dist-packages/manticore/platforms/evm.py", line 1800, in MSTORE
    value = taint_with(value, taint)
  File "/usr/local/lib/python3.6/dist-packages/manticore/core/smtlib/expression.py", line 96, in taint_with
    arg = copy.copy(arg)
  File "/usr/lib/python3.6/copy.py", line 88, in copy
    return copier(x)
TypeError: __copy__() missing 1 required positional argument: 'memo'
 
2019-07-26 12:42:49,264: [6033] m.c.worker:ERROR: Exception in state 0: TypeError("__copy__() missing 1 required positional argument: 'memo'",)
Traceback (most recent call last):
  File "/usr/local/lib/python3.6/dist-packages/manticore/core/worker.py", line 121, in run
    current_state.execute()
  File "/usr/local/lib/python3.6/dist-packages/manticore/ethereum/state.py", line 6, in execute
    return self._platform.execute()
  File "/usr/local/lib/python3.6/dist-packages/manticore/platforms/evm.py", line 2684, in execute
    self.current_vm.execute()
  File "/usr/local/lib/python3.6/dist-packages/manticore/platforms/evm.py", line 1213, in execute
    result = self._handler(*arguments)
  File "/usr/local/lib/python3.6/dist-packages/manticore/platforms/evm.py", line 1086, in _handler
    return implementation(*arguments)
  File "/usr/local/lib/python3.6/dist-packages/manticore/platforms/evm.py", line 1800, in MSTORE
    value = taint_with(value, taint)
  File "/usr/local/lib/python3.6/dist-packages/manticore/core/smtlib/expression.py", line 96, in taint_with
    arg = copy.copy(arg)
  File "/usr/lib/python3.6/copy.py", line 88, in copy
    return copier(x)
TypeError: __copy__() missing 1 required positional argument: 'memo'
 
2019-07-26 12:42:49,679: [5477] m.e.manticore:INFO: 6 alive states, 20 terminated states
2019-07-26 12:43:01,967: [5477] m.e.manticore:INFO: Starting symbolic transaction: 1
2019-07-26 12:51:44,826: [9110] m.e.detectors:WARNING: Reachable external call to sender via argument
2019-07-26 12:52:07,826: [9083] m.c.worker:ERROR: Exception in state 1: ManticoreError('Forking on unfeasible constraint set',)
Traceback (most recent call last):
  File "/usr/local/lib/python3.6/dist-packages/manticore/platforms/evm.py", line 1213, in execute
    result = self._handler(*arguments)
  File "/usr/local/lib/python3.6/dist-packages/manticore/platforms/evm.py", line 1086, in _handler
    return implementation(*arguments)
  File "/usr/local/lib/python3.6/dist-packages/manticore/platforms/evm.py", line 547, in wrapper
    raise ConcretizeArgument(index, policy=policy)
manticore.platforms.evm.ConcretizeArgument: 1

During handling of the above exception, another exception occurred:

Traceback (most recent call last):
  File "/usr/local/lib/python3.6/dist-packages/manticore/core/worker.py", line 121, in run
    current_state.execute()
  File "/usr/local/lib/python3.6/dist-packages/manticore/ethereum/state.py", line 6, in execute
    return self._platform.execute()
  File "/usr/local/lib/python3.6/dist-packages/manticore/platforms/evm.py", line 2684, in execute
    self.current_vm.execute()
  File "/usr/local/lib/python3.6/dist-packages/manticore/platforms/evm.py", line 1279, in execute
    policy=ex.policy,
manticore.core.state.Concretize

During handling of the above exception, another exception occurred:

Traceback (most recent call last):
  File "/usr/local/lib/python3.6/dist-packages/manticore/core/worker.py", line 142, in run
    m._fork(current_state, exc.expression, exc.policy, exc.setstate)
  File "/usr/local/lib/python3.6/dist-packages/manticore/core/manticore.py", line 335, in _fork
    raise ManticoreError("Forking on unfeasible constraint set")
manticore.exceptions.ManticoreError: Forking on unfeasible constraint set
 
2019-07-26 12:55:36,249: [9096] m.c.worker:ERROR: Exception in state 3: ManticoreError('Forking on unfeasible constraint set',)
Traceback (most recent call last):
  File "/usr/local/lib/python3.6/dist-packages/manticore/platforms/evm.py", line 1213, in execute
    result = self._handler(*arguments)
  File "/usr/local/lib/python3.6/dist-packages/manticore/platforms/evm.py", line 1086, in _handler
    return implementation(*arguments)
  File "/usr/local/lib/python3.6/dist-packages/manticore/platforms/evm.py", line 547, in wrapper
    raise ConcretizeArgument(index, policy=policy)
manticore.platforms.evm.ConcretizeArgument: 1

During handling of the above exception, another exception occurred:

Traceback (most recent call last):
  File "/usr/local/lib/python3.6/dist-packages/manticore/core/worker.py", line 121, in run
    current_state.execute()
  File "/usr/local/lib/python3.6/dist-packages/manticore/ethereum/state.py", line 6, in execute
    return self._platform.execute()
  File "/usr/local/lib/python3.6/dist-packages/manticore/platforms/evm.py", line 2684, in execute
    self.current_vm.execute()
  File "/usr/local/lib/python3.6/dist-packages/manticore/platforms/evm.py", line 1279, in execute
    policy=ex.policy,
manticore.core.state.Concretize

During handling of the above exception, another exception occurred:

Traceback (most recent call last):
  File "/usr/local/lib/python3.6/dist-packages/manticore/core/worker.py", line 142, in run
    m._fork(current_state, exc.expression, exc.policy, exc.setstate)
  File "/usr/local/lib/python3.6/dist-packages/manticore/core/manticore.py", line 335, in _fork
    raise ManticoreError("Forking on unfeasible constraint set")
manticore.exceptions.ManticoreError: Forking on unfeasible constraint set
 
2019-07-26 12:55:52,633: [9113] m.e.detectors:WARNING: Reachable external call to sender via argument
2019-07-26 12:55:58,632: [9110] m.c.worker:ERROR: Exception in state 6: ManticoreError('Forking on unfeasible constraint set',)
Traceback (most recent call last):
  File "/usr/local/lib/python3.6/dist-packages/manticore/platforms/evm.py", line 1213, in execute
    result = self._handler(*arguments)
  File "/usr/local/lib/python3.6/dist-packages/manticore/platforms/evm.py", line 1086, in _handler
    return implementation(*arguments)
  File "/usr/local/lib/python3.6/dist-packages/manticore/platforms/evm.py", line 547, in wrapper
    raise ConcretizeArgument(index, policy=policy)
manticore.platforms.evm.ConcretizeArgument: 1

During handling of the above exception, another exception occurred:

Traceback (most recent call last):
  File "/usr/local/lib/python3.6/dist-packages/manticore/core/worker.py", line 121, in run
    current_state.execute()
  File "/usr/local/lib/python3.6/dist-packages/manticore/ethereum/state.py", line 6, in execute
    return self._platform.execute()
  File "/usr/local/lib/python3.6/dist-packages/manticore/platforms/evm.py", line 2684, in execute
    self.current_vm.execute()
  File "/usr/local/lib/python3.6/dist-packages/manticore/platforms/evm.py", line 1279, in execute
    policy=ex.policy,
manticore.core.state.Concretize

During handling of the above exception, another exception occurred:

Traceback (most recent call last):
  File "/usr/local/lib/python3.6/dist-packages/manticore/core/worker.py", line 142, in run
    m._fork(current_state, exc.expression, exc.policy, exc.setstate)
  File "/usr/local/lib/python3.6/dist-packages/manticore/core/manticore.py", line 335, in _fork
    raise ManticoreError("Forking on unfeasible constraint set")
manticore.exceptions.ManticoreError: Forking on unfeasible constraint set
 
2019-07-26 12:56:08,169: [9102] m.e.detectors:WARNING: Reachable external call to sender via argument
2019-07-26 12:56:08,355: [9089] m.c.worker:ERROR: Exception in state 2: ManticoreError('Forking on unfeasible constraint set',)
Traceback (most recent call last):
  File "/usr/local/lib/python3.6/dist-packages/manticore/platforms/evm.py", line 1213, in execute
    result = self._handler(*arguments)
  File "/usr/local/lib/python3.6/dist-packages/manticore/platforms/evm.py", line 1086, in _handler
    return implementation(*arguments)
  File "/usr/local/lib/python3.6/dist-packages/manticore/platforms/evm.py", line 547, in wrapper
    raise ConcretizeArgument(index, policy=policy)
manticore.platforms.evm.ConcretizeArgument: 1

During handling of the above exception, another exception occurred:

Traceback (most recent call last):
  File "/usr/local/lib/python3.6/dist-packages/manticore/core/worker.py", line 121, in run
    current_state.execute()
  File "/usr/local/lib/python3.6/dist-packages/manticore/ethereum/state.py", line 6, in execute
    return self._platform.execute()
  File "/usr/local/lib/python3.6/dist-packages/manticore/platforms/evm.py", line 2684, in execute
    self.current_vm.execute()
  File "/usr/local/lib/python3.6/dist-packages/manticore/platforms/evm.py", line 1279, in execute
    policy=ex.policy,
manticore.core.state.Concretize

During handling of the above exception, another exception occurred:

Traceback (most recent call last):
  File "/usr/local/lib/python3.6/dist-packages/manticore/core/worker.py", line 142, in run
    m._fork(current_state, exc.expression, exc.policy, exc.setstate)
  File "/usr/local/lib/python3.6/dist-packages/manticore/core/manticore.py", line 335, in _fork
    raise ManticoreError("Forking on unfeasible constraint set")
manticore.exceptions.ManticoreError: Forking on unfeasible constraint set
 
2019-07-26 12:56:16,717: [9125] m.e.detectors:WARNING: Reachable external call to sender via argument
2019-07-26 12:56:33,150: [9079] m.c.worker:ERROR: Exception in state 0: ManticoreError('Forking on unfeasible constraint set',)
Traceback (most recent call last):
  File "/usr/local/lib/python3.6/dist-packages/manticore/platforms/evm.py", line 1213, in execute
    result = self._handler(*arguments)
  File "/usr/local/lib/python3.6/dist-packages/manticore/platforms/evm.py", line 1086, in _handler
    return implementation(*arguments)
  File "/usr/local/lib/python3.6/dist-packages/manticore/platforms/evm.py", line 547, in wrapper
    raise ConcretizeArgument(index, policy=policy)
manticore.platforms.evm.ConcretizeArgument: 1

During handling of the above exception, another exception occurred:

Traceback (most recent call last):
  File "/usr/local/lib/python3.6/dist-packages/manticore/core/worker.py", line 121, in run
    current_state.execute()
  File "/usr/local/lib/python3.6/dist-packages/manticore/ethereum/state.py", line 6, in execute
    return self._platform.execute()
  File "/usr/local/lib/python3.6/dist-packages/manticore/platforms/evm.py", line 2684, in execute
    self.current_vm.execute()
  File "/usr/local/lib/python3.6/dist-packages/manticore/platforms/evm.py", line 1279, in execute
    policy=ex.policy,
manticore.core.state.Concretize

During handling of the above exception, another exception occurred:

Traceback (most recent call last):
  File "/usr/local/lib/python3.6/dist-packages/manticore/core/worker.py", line 142, in run
    m._fork(current_state, exc.expression, exc.policy, exc.setstate)
  File "/usr/local/lib/python3.6/dist-packages/manticore/core/manticore.py", line 335, in _fork
    raise ManticoreError("Forking on unfeasible constraint set")
manticore.exceptions.ManticoreError: Forking on unfeasible constraint set
 
2019-07-26 12:56:38,126: [9113] m.e.detectors:WARNING: Reachable external call to sender via argument
2019-07-26 12:58:41,846: [9117] m.e.detectors:WARNING: Reachable external call to sender via argument
2019-07-26 12:58:51,556: [9102] m.c.worker:ERROR: Exception in state 4: ManticoreError('Forking on unfeasible constraint set',)
Traceback (most recent call last):
  File "/usr/local/lib/python3.6/dist-packages/manticore/platforms/evm.py", line 1213, in execute
    result = self._handler(*arguments)
  File "/usr/local/lib/python3.6/dist-packages/manticore/platforms/evm.py", line 1086, in _handler
    return implementation(*arguments)
  File "/usr/local/lib/python3.6/dist-packages/manticore/platforms/evm.py", line 547, in wrapper
    raise ConcretizeArgument(index, policy=policy)
manticore.platforms.evm.ConcretizeArgument: 1

During handling of the above exception, another exception occurred:

Traceback (most recent call last):
  File "/usr/local/lib/python3.6/dist-packages/manticore/core/worker.py", line 121, in run
    current_state.execute()
  File "/usr/local/lib/python3.6/dist-packages/manticore/ethereum/state.py", line 6, in execute
    return self._platform.execute()
  File "/usr/local/lib/python3.6/dist-packages/manticore/platforms/evm.py", line 2684, in execute
    self.current_vm.execute()
  File "/usr/local/lib/python3.6/dist-packages/manticore/platforms/evm.py", line 1279, in execute
    policy=ex.policy,
manticore.core.state.Concretize

During handling of the above exception, another exception occurred:

Traceback (most recent call last):
  File "/usr/local/lib/python3.6/dist-packages/manticore/core/worker.py", line 142, in run
    m._fork(current_state, exc.expression, exc.policy, exc.setstate)
  File "/usr/local/lib/python3.6/dist-packages/manticore/core/manticore.py", line 335, in _fork
    raise ManticoreError("Forking on unfeasible constraint set")
manticore.exceptions.ManticoreError: Forking on unfeasible constraint set