2019-07-31 20:42:20,104: [12] m.main:INFO: Registered plugins: DetectUnusedRetVal, DetectReentrancySimple, DetectInvalid, DetectSuicidal, DetectExternalCallAndLeak, DetectUninitializedStorage, DetectIntegerOverflow, DetectEnvInstruction, DetectReentrancyAdvanced, DetectDelegatecall, DetectUninitializedMemory
2019-07-31 20:42:20,105: [12] m.main:INFO: Beginning analysis
2019-07-31 20:42:20,119: [12] m.e.manticore:INFO: Starting symbolic create contract
2019-07-31 20:42:20,385: [57] m.c.manticore:INFO: Generated testcase No. 0 - NO STATE RESULT (?)(0 txs)
2019-07-31 20:42:20,665: [12] m.c.manticore:INFO: Results in /mcore_8g5s3crt
2019-07-31 20:42:21,379: [315] m.main:INFO: Registered plugins: DetectUnusedRetVal, DetectSuicidal, DetectReentrancySimple, DetectInvalid, DetectDelegatecall, DetectEnvInstruction, DetectUninitializedStorage, DetectIntegerOverflow, DetectExternalCallAndLeak, DetectReentrancyAdvanced, DetectUninitializedMemory
2019-07-31 20:42:21,379: [315] m.main:INFO: Beginning analysis
2019-07-31 20:42:21,400: [315] m.e.manticore:INFO: Starting symbolic create contract
2019-07-31 20:42:21,581: [359] m.c.manticore:INFO: Generated testcase No. 0 - NO STATE RESULT (?)(0 txs)
2019-07-31 20:42:21,868: [315] m.c.manticore:INFO: Results in /mcore_h68dii7z
2019-07-31 20:42:22,581: [618] m.main:INFO: Registered plugins: DetectInvalid, DetectIntegerOverflow, DetectUnusedRetVal, DetectReentrancySimple, DetectExternalCallAndLeak, DetectEnvInstruction, DetectUninitializedStorage, DetectReentrancyAdvanced, DetectSuicidal, DetectDelegatecall, DetectUninitializedMemory
2019-07-31 20:42:22,581: [618] m.main:INFO: Beginning analysis
2019-07-31 20:42:22,595: [618] m.e.manticore:INFO: Starting symbolic create contract
2019-07-31 20:42:23,601: [618] m.e.manticore:INFO: Starting symbolic transaction: 0
2019-07-31 20:42:26,852: [618] m.e.manticore:INFO: 1 alive states, 3 terminated states
2019-07-31 20:42:27,243: [618] m.e.manticore:INFO: Starting symbolic transaction: 1
2019-07-31 20:42:31,960: [618] m.e.manticore:INFO: 1 alive states, 6 terminated states
2019-07-31 20:42:32,526: [1895] m.c.manticore:INFO: Generated testcase No. 1 - RETURN(1 txs)
2019-07-31 20:42:32,533: [1897] m.c.manticore:INFO: Generated testcase No. 0 - RETURN(3 txs)
2019-07-31 20:42:32,599: [1902] m.c.manticore:INFO: Generated testcase No. 3 - REVERT(2 txs)
2019-07-31 20:42:32,601: [1899] m.c.manticore:INFO: Generated testcase No. 4 - REVERT(2 txs)
2019-07-31 20:42:32,616: [1898] m.c.manticore:INFO: Generated testcase No. 5 - REVERT(3 txs)
2019-07-31 20:42:32,623: [1900] m.c.manticore:INFO: Generated testcase No. 2 - RETURN(2 txs)
2019-07-31 20:42:32,702: [1907] m.c.manticore:INFO: Generated testcase No. 6 - REVERT(3 txs)
2019-07-31 20:42:43,057: [618] m.c.manticore:INFO: Results in /mcore_8hr7qzil
2019-07-31 20:42:44,573: [2357] m.main:INFO: Registered plugins: DetectExternalCallAndLeak, DetectIntegerOverflow, DetectInvalid, DetectUnusedRetVal, DetectEnvInstruction, DetectUninitializedStorage, DetectDelegatecall, DetectReentrancyAdvanced, DetectSuicidal, DetectReentrancySimple, DetectUninitializedMemory
2019-07-31 20:42:44,574: [2357] m.main:INFO: Beginning analysis
2019-07-31 20:42:44,632: [2357] m.e.manticore:INFO: Starting symbolic create contract
2019-07-31 20:42:56,639: [2405] m.e.detectors:WARNING: Warning TIMESTAMP instruction used
2019-07-31 20:43:05,955: [2357] m.e.manticore:INFO: Starting symbolic transaction: 0
2019-07-31 20:44:47,098: [3204] m.e.detectors:WARNING: Warning TIMESTAMP instruction used
2019-07-31 20:45:23,723: [3198] m.e.detectors:WARNING: INVALID instruction
2019-07-31 20:46:18,482: [3192] m.e.detectors:WARNING: Warning TIMESTAMP instruction used
2019-07-31 20:46:18,783: [3219] m.e.detectors:WARNING: INVALID instruction
2019-07-31 20:46:55,618: [3219] m.e.detectors:WARNING: Warning TIMESTAMP instruction used
2019-07-31 20:51:22,895: [3186] m.c.worker:ERROR: Exception in state 0: EthereumError('Conditional not concretized at JMPDEST check',)
Traceback (most recent call last):
  File "/usr/local/lib/python3.6/dist-packages/manticore/core/worker.py", line 121, in run
    current_state.execute()
  File "/usr/local/lib/python3.6/dist-packages/manticore/ethereum/state.py", line 6, in execute
    return self._platform.execute()
  File "/usr/local/lib/python3.6/dist-packages/manticore/platforms/evm.py", line 2684, in execute
    self.current_vm.execute()
  File "/usr/local/lib/python3.6/dist-packages/manticore/platforms/evm.py", line 1208, in execute
    self._check_jmpdest()
  File "/usr/local/lib/python3.6/dist-packages/manticore/platforms/evm.py", line 1145, in _check_jmpdest
    raise EthereumError("Conditional not concretized at JMPDEST check")
manticore.exceptions.EthereumError: Conditional not concretized at JMPDEST check
 
2019-07-31 20:51:52,902: [3204] m.e.detectors:WARNING: INVALID instruction
2019-07-31 20:54:01,086: [3192] m.e.detectors:WARNING: INVALID instruction
2019-07-31 20:55:32,007: [3198] m.e.detectors:WARNING: INVALID instruction
2019-07-31 20:56:11,906: [3219] m.e.detectors:WARNING: Warning TIMESTAMP instruction used
2019-07-31 20:56:54,798: [3204] m.e.detectors:WARNING: Warning TIMESTAMP instruction used
2019-07-31 20:57:21,295: [3223] m.c.worker:ERROR: Exception in state 9: EthereumError('Conditional not concretized at JMPDEST check',)
Traceback (most recent call last):
  File "/usr/local/lib/python3.6/dist-packages/manticore/core/worker.py", line 121, in run
    current_state.execute()
  File "/usr/local/lib/python3.6/dist-packages/manticore/ethereum/state.py", line 6, in execute
    return self._platform.execute()
  File "/usr/local/lib/python3.6/dist-packages/manticore/platforms/evm.py", line 2684, in execute
    self.current_vm.execute()
  File "/usr/local/lib/python3.6/dist-packages/manticore/platforms/evm.py", line 1208, in execute
    self._check_jmpdest()
  File "/usr/local/lib/python3.6/dist-packages/manticore/platforms/evm.py", line 1145, in _check_jmpdest
    raise EthereumError("Conditional not concretized at JMPDEST check")
manticore.exceptions.EthereumError: Conditional not concretized at JMPDEST check
 
2019-07-31 20:58:57,115: [3206] m.c.worker:ERROR: Exception in state 5: SolverError('',)
Traceback (most recent call last):
  File "/usr/local/lib/python3.6/dist-packages/manticore/core/worker.py", line 121, in run
    current_state.execute()
  File "/usr/local/lib/python3.6/dist-packages/manticore/ethereum/state.py", line 6, in execute
    return self._platform.execute()
  File "/usr/local/lib/python3.6/dist-packages/manticore/platforms/evm.py", line 2684, in execute
    self.current_vm.execute()
  File "/usr/local/lib/python3.6/dist-packages/manticore/platforms/evm.py", line 1210, in execute
    last_pc, last_gas, instruction, arguments, fee, allocated = self._checkpoint()
  File "/usr/local/lib/python3.6/dist-packages/manticore/platforms/evm.py", line 1109, in _checkpoint
    self._consume(fee)
  File "/usr/local/lib/python3.6/dist-packages/manticore/platforms/evm.py", line 981, in _consume
    policy="ALL",
manticore.core.state.Concretize

During handling of the above exception, another exception occurred:

Traceback (most recent call last):
  File "/usr/local/lib/python3.6/dist-packages/manticore/core/worker.py", line 142, in run
    m._fork(current_state, exc.expression, exc.policy, exc.setstate)
  File "/usr/local/lib/python3.6/dist-packages/manticore/core/manticore.py", line 332, in _fork
    solutions = state.concretize(expression, policy)
  File "/usr/local/lib/python3.6/dist-packages/manticore/core/state.py", line 271, in concretize
    self._constraints, symbolic, maxcnt=maxcount, silent=True
  File "/usr/local/lib/python3.6/dist-packages/manticore/core/smtlib/solver.py", line 436, in get_all_values
    while self._is_sat():
  File "/usr/local/lib/python3.6/dist-packages/manticore/core/smtlib/solver.py", line 328, in _is_sat
    raise SolverError(status)
manticore.exceptions.SolverError
 
2019-07-31 20:59:46,786: [3198] m.e.detectors:WARNING: INVALID instruction
2019-07-31 21:04:31,999: [3209] m.e.detectors:WARNING: INVALID instruction
2019-07-31 21:04:47,403: [3213] m.c.worker:ERROR: Exception in state 7: SolverError('',)
Traceback (most recent call last):
  File "/usr/local/lib/python3.6/dist-packages/manticore/core/worker.py", line 121, in run
    current_state.execute()
  File "/usr/local/lib/python3.6/dist-packages/manticore/ethereum/state.py", line 6, in execute
    return self._platform.execute()
  File "/usr/local/lib/python3.6/dist-packages/manticore/platforms/evm.py", line 2684, in execute
    self.current_vm.execute()
  File "/usr/local/lib/python3.6/dist-packages/manticore/platforms/evm.py", line 1201, in execute
    "Concretize PC", expression=expression, setstate=setstate, policy="ALL"
manticore.core.state.Concretize

During handling of the above exception, another exception occurred:

Traceback (most recent call last):
  File "/usr/local/lib/python3.6/dist-packages/manticore/core/worker.py", line 142, in run
    m._fork(current_state, exc.expression, exc.policy, exc.setstate)
  File "/usr/local/lib/python3.6/dist-packages/manticore/core/manticore.py", line 332, in _fork
    solutions = state.concretize(expression, policy)
  File "/usr/local/lib/python3.6/dist-packages/manticore/core/state.py", line 271, in concretize
    self._constraints, symbolic, maxcnt=maxcount, silent=True
  File "/usr/local/lib/python3.6/dist-packages/manticore/core/smtlib/solver.py", line 436, in get_all_values
    while self._is_sat():
  File "/usr/local/lib/python3.6/dist-packages/manticore/core/smtlib/solver.py", line 328, in _is_sat
    raise SolverError(status)
manticore.exceptions.SolverError
 
2019-07-31 21:05:12,434: [3209] m.e.detectors:WARNING: INVALID instruction
2019-07-31 21:05:37,309: [3204] m.c.worker:ERROR: Exception in state 4: SolverError('',)
Traceback (most recent call last):
  File "/usr/local/lib/python3.6/dist-packages/manticore/core/worker.py", line 121, in run
    current_state.execute()
  File "/usr/local/lib/python3.6/dist-packages/manticore/ethereum/state.py", line 6, in execute
    return self._platform.execute()
  File "/usr/local/lib/python3.6/dist-packages/manticore/platforms/evm.py", line 2684, in execute
    self.current_vm.execute()
  File "/usr/local/lib/python3.6/dist-packages/manticore/platforms/evm.py", line 1215, in execute
    self._advance(result)
  File "/usr/local/lib/python3.6/dist-packages/manticore/platforms/evm.py", line 1166, in _advance
    self._publish("did_evm_execute_instruction", last_instruction, last_arguments, result)
  File "/usr/local/lib/python3.6/dist-packages/manticore/utils/event.py", line 128, in _publish
    self._publish_impl(_name, *args, **kwargs)
  File "/usr/local/lib/python3.6/dist-packages/manticore/utils/event.py", line 145, in _publish_impl
    sink._publish_impl(_name, *args, **kwargs)
  File "/usr/local/lib/python3.6/dist-packages/manticore/utils/event.py", line 145, in _publish_impl
    sink._publish_impl(_name, *args, **kwargs)
  File "/usr/local/lib/python3.6/dist-packages/manticore/utils/event.py", line 143, in _publish_impl
    sink._publish_impl(_name, self, *args, **kwargs)
  File "/usr/local/lib/python3.6/dist-packages/manticore/utils/event.py", line 136, in _publish_impl
    callback(robj(), *args, **kwargs)
  File "/usr/local/lib/python3.6/dist-packages/manticore/ethereum/detectors.py", line 541, in did_evm_execute_instruction_callback
    if state.can_be_true(iou):
  File "/usr/local/lib/python3.6/dist-packages/manticore/core/state.py", line 297, in can_be_true
    return self._solver.can_be_true(self._constraints, expr)
  File "/usr/local/lib/python3.6/dist-packages/manticore/core/smtlib/solver.py", line 402, in can_be_true
    return self._is_sat()
  File "/usr/local/lib/python3.6/dist-packages/manticore/core/smtlib/solver.py", line 328, in _is_sat
    raise SolverError(status)
manticore.exceptions.SolverError
 
2019-07-31 21:05:47,613: [3188] m.c.worker:ERROR: Exception in state 1: SolverError('',)
Traceback (most recent call last):
  File "/usr/local/lib/python3.6/dist-packages/manticore/core/worker.py", line 121, in run
    current_state.execute()
  File "/usr/local/lib/python3.6/dist-packages/manticore/ethereum/state.py", line 6, in execute
    return self._platform.execute()
  File "/usr/local/lib/python3.6/dist-packages/manticore/platforms/evm.py", line 2684, in execute
    self.current_vm.execute()
  File "/usr/local/lib/python3.6/dist-packages/manticore/platforms/evm.py", line 1215, in execute
    self._advance(result)
  File "/usr/local/lib/python3.6/dist-packages/manticore/platforms/evm.py", line 1166, in _advance
    self._publish("did_evm_execute_instruction", last_instruction, last_arguments, result)
  File "/usr/local/lib/python3.6/dist-packages/manticore/utils/event.py", line 128, in _publish
    self._publish_impl(_name, *args, **kwargs)
  File "/usr/local/lib/python3.6/dist-packages/manticore/utils/event.py", line 145, in _publish_impl
    sink._publish_impl(_name, *args, **kwargs)
  File "/usr/local/lib/python3.6/dist-packages/manticore/utils/event.py", line 145, in _publish_impl
    sink._publish_impl(_name, *args, **kwargs)
  File "/usr/local/lib/python3.6/dist-packages/manticore/utils/event.py", line 143, in _publish_impl
    sink._publish_impl(_name, self, *args, **kwargs)
  File "/usr/local/lib/python3.6/dist-packages/manticore/utils/event.py", line 136, in _publish_impl
    callback(robj(), *args, **kwargs)
  File "/usr/local/lib/python3.6/dist-packages/manticore/ethereum/detectors.py", line 535, in did_evm_execute_instruction_callback
    if state.can_be_true(ios):
  File "/usr/local/lib/python3.6/dist-packages/manticore/core/state.py", line 297, in can_be_true
    return self._solver.can_be_true(self._constraints, expr)
  File "/usr/local/lib/python3.6/dist-packages/manticore/core/smtlib/solver.py", line 402, in can_be_true
    return self._is_sat()
  File "/usr/local/lib/python3.6/dist-packages/manticore/core/smtlib/solver.py", line 328, in _is_sat
    raise SolverError(status)
manticore.exceptions.SolverError
 
2019-07-31 21:09:25,544: [2357] m.e.manticore:INFO: 38 alive states, 57 terminated states
2019-07-31 21:09:47,018: [2357] m.e.manticore:INFO: Starting symbolic transaction: 1