2019-07-26 03:38:23,725: [12] m.main:INFO: Registered plugins: DetectReentrancyAdvanced, DetectReentrancySimple, DetectInvalid, DetectUninitializedStorage, DetectDelegatecall, DetectEnvInstruction, DetectExternalCallAndLeak, DetectUnusedRetVal, DetectUninitializedMemory, DetectSuicidal, DetectIntegerOverflow
2019-07-26 03:38:23,726: [12] m.main:INFO: Beginning analysis
2019-07-26 03:38:23,738: [12] m.e.manticore:INFO: Starting symbolic create contract
2019-07-26 03:38:27,137: [12] m.e.manticore:INFO: Starting symbolic transaction: 0
2019-07-26 03:38:44,482: [12] m.e.manticore:INFO: 6 alive states, 4 terminated states
2019-07-26 03:38:45,997: [12] m.e.manticore:INFO: Starting symbolic transaction: 1
2019-07-26 03:42:02,644: [12] m.e.manticore:INFO: 36 alive states, 28 terminated states
2019-07-26 03:42:05,405: [12561] m.c.manticore:INFO: Generated testcase No. 0 - RETURN(3 txs)
2019-07-26 03:42:05,697: [12552] m.c.manticore:INFO: Generated testcase No. 1 - RETURN(3 txs)
2019-07-26 03:42:05,799: [12564] m.c.manticore:INFO: Generated testcase No. 2 - RETURN(3 txs)
2019-07-26 03:42:05,972: [12556] m.c.manticore:INFO: Generated testcase No. 3 - RETURN(3 txs)
2019-07-26 03:42:05,990: [12554] m.c.manticore:INFO: Generated testcase No. 4 - RETURN(3 txs)
2019-07-26 03:42:06,275: [12577] m.c.manticore:INFO: Generated testcase No. 5 - RETURN(3 txs)
2019-07-26 03:42:06,321: [12573] m.c.manticore:INFO: Generated testcase No. 7 - RETURN(3 txs)
2019-07-26 03:42:06,382: [12570] m.c.manticore:INFO: Generated testcase No. 8 - RETURN(3 txs)
2019-07-26 03:42:06,495: [12576] m.c.manticore:INFO: Generated testcase No. 6 - RETURN(3 txs)
2019-07-26 03:42:06,497: [12581] m.c.manticore:INFO: Generated testcase No. 9 - RETURN(3 txs)
Process Process-40:
Traceback (most recent call last):
  File "/usr/local/lib/python3.6/dist-packages/manticore/ethereum/abi.py", line 212, in deserialize
    result += (ABI._deserialize(abitypes.parse(ty), data[4:]),)
  File "/usr/local/lib/python3.6/dist-packages/ply/yacc.py", line 333, in parse
    return self.parseopt_notrack(input, lexer, debug, tracking, tokenfunc)
  File "/usr/local/lib/python3.6/dist-packages/ply/yacc.py", line 1063, in parseopt_notrack
    lookahead = get_token()     # Get the next token
  File "/usr/local/lib/python3.6/dist-packages/ply/lex.py", line 386, in token
    newtok = self.lexerrorf(tok)
  File "/usr/local/lib/python3.6/dist-packages/manticore/ethereum/abitypes.py", line 144, in t_error
    raise Exception("Illegal character '%s'" % t.value[0])
Exception: Illegal character 'D'

During handling of the above exception, another exception occurred:

Traceback (most recent call last):
  File "/usr/lib/python3.6/multiprocessing/process.py", line 258, in _bootstrap
    self.run()
  File "/usr/lib/python3.6/multiprocessing/process.py", line 93, in run
    self._target(*self._args, **self._kwargs)
  File "/usr/local/lib/python3.6/dist-packages/manticore/ethereum/manticore.py", line 1656, in worker_finalize
    finalizer(q.get_nowait())
  File "/usr/local/lib/python3.6/dist-packages/manticore/ethereum/manticore.py", line 1651, in finalizer
    self.generate_testcase(st, message=message)
  File "/usr/local/lib/python3.6/dist-packages/manticore/ethereum/manticore.py", line 1568, in generate_testcase
    is_something_symbolic = sym_tx.dump(tx_summary, state, self, conc_tx=conc_tx)
  File "/usr/local/lib/python3.6/dist-packages/manticore/platforms/evm.py", line 252, in dump
    _, arguments = ABI.deserialize(signature, calldata)
  File "/usr/local/lib/python3.6/dist-packages/manticore/ethereum/abi.py", line 219, in deserialize
    raise EthereumError("Error {} deserializing type {:s}".format(str(e), type_spec))
manticore.exceptions.EthereumError: Error Illegal character 'D' deserializing type isEmpty(DLL.Data storage)
Process Process-37:
Traceback (most recent call last):
  File "/usr/local/lib/python3.6/dist-packages/manticore/ethereum/abi.py", line 212, in deserialize
    result += (ABI._deserialize(abitypes.parse(ty), data[4:]),)
  File "/usr/local/lib/python3.6/dist-packages/ply/yacc.py", line 333, in parse
    return self.parseopt_notrack(input, lexer, debug, tracking, tokenfunc)
  File "/usr/local/lib/python3.6/dist-packages/ply/yacc.py", line 1063, in parseopt_notrack
    lookahead = get_token()     # Get the next token
  File "/usr/local/lib/python3.6/dist-packages/ply/lex.py", line 386, in token
    newtok = self.lexerrorf(tok)
  File "/usr/local/lib/python3.6/dist-packages/manticore/ethereum/abitypes.py", line 144, in t_error
    raise Exception("Illegal character '%s'" % t.value[0])
Exception: Illegal character 'D'

During handling of the above exception, another exception occurred:

Traceback (most recent call last):
  File "/usr/lib/python3.6/multiprocessing/process.py", line 258, in _bootstrap
    self.run()
  File "/usr/lib/python3.6/multiprocessing/process.py", line 93, in run
    self._target(*self._args, **self._kwargs)
  File "/usr/local/lib/python3.6/dist-packages/manticore/ethereum/manticore.py", line 1656, in worker_finalize
    finalizer(q.get_nowait())
  File "/usr/local/lib/python3.6/dist-packages/manticore/ethereum/manticore.py", line 1651, in finalizer
    self.generate_testcase(st, message=message)
  File "/usr/local/lib/python3.6/dist-packages/manticore/ethereum/manticore.py", line 1568, in generate_testcase
    is_something_symbolic = sym_tx.dump(tx_summary, state, self, conc_tx=conc_tx)
  File "/usr/local/lib/python3.6/dist-packages/manticore/platforms/evm.py", line 252, in dump
    _, arguments = ABI.deserialize(signature, calldata)
  File "/usr/local/lib/python3.6/dist-packages/manticore/ethereum/abi.py", line 219, in deserialize
    raise EthereumError("Error {} deserializing type {:s}".format(str(e), type_spec))
manticore.exceptions.EthereumError: Error Illegal character 'D' deserializing type getEnd(DLL.Data storage)
Process Process-38:
Traceback (most recent call last):
  File "/usr/local/lib/python3.6/dist-packages/manticore/ethereum/abi.py", line 212, in deserialize
    result += (ABI._deserialize(abitypes.parse(ty), data[4:]),)
  File "/usr/local/lib/python3.6/dist-packages/ply/yacc.py", line 333, in parse
    return self.parseopt_notrack(input, lexer, debug, tracking, tokenfunc)
  File "/usr/local/lib/python3.6/dist-packages/ply/yacc.py", line 1063, in parseopt_notrack
    lookahead = get_token()     # Get the next token
  File "/usr/local/lib/python3.6/dist-packages/ply/lex.py", line 386, in token
    newtok = self.lexerrorf(tok)
  File "/usr/local/lib/python3.6/dist-packages/manticore/ethereum/abitypes.py", line 144, in t_error
    raise Exception("Illegal character '%s'" % t.value[0])
Exception: Illegal character 'D'

During handling of the above exception, another exception occurred:

Traceback (most recent call last):
  File "/usr/lib/python3.6/multiprocessing/process.py", line 258, in _bootstrap
    self.run()
  File "/usr/lib/python3.6/multiprocessing/process.py", line 93, in run
    self._target(*self._args, **self._kwargs)
  File "/usr/local/lib/python3.6/dist-packages/manticore/ethereum/manticore.py", line 1656, in worker_finalize
    finalizer(q.get_nowait())
  File "/usr/local/lib/python3.6/dist-packages/manticore/ethereum/manticore.py", line 1651, in finalizer
    self.generate_testcase(st, message=message)
  File "/usr/local/lib/python3.6/dist-packages/manticore/ethereum/manticore.py", line 1568, in generate_testcase
    is_something_symbolic = sym_tx.dump(tx_summary, state, self, conc_tx=conc_tx)
  File "/usr/local/lib/python3.6/dist-packages/manticore/platforms/evm.py", line 252, in dump
    _, arguments = ABI.deserialize(signature, calldata)
  File "/usr/local/lib/python3.6/dist-packages/manticore/ethereum/abi.py", line 219, in deserialize
    raise EthereumError("Error {} deserializing type {:s}".format(str(e), type_spec))
manticore.exceptions.EthereumError: Error Illegal character 'D' deserializing type getStart(DLL.Data storage)
Process Process-32:
Traceback (most recent call last):
  File "/usr/local/lib/python3.6/dist-packages/manticore/ethereum/abi.py", line 212, in deserialize
    result += (ABI._deserialize(abitypes.parse(ty), data[4:]),)
  File "/usr/local/lib/python3.6/dist-packages/ply/yacc.py", line 333, in parse
    return self.parseopt_notrack(input, lexer, debug, tracking, tokenfunc)
  File "/usr/local/lib/python3.6/dist-packages/ply/yacc.py", line 1063, in parseopt_notrack
    lookahead = get_token()     # Get the next token
  File "/usr/local/lib/python3.6/dist-packages/ply/lex.py", line 386, in token
    newtok = self.lexerrorf(tok)
  File "/usr/local/lib/python3.6/dist-packages/manticore/ethereum/abitypes.py", line 144, in t_error
    raise Exception("Illegal character '%s'" % t.value[0])
Exception: Illegal character 'D'

During handling of the above exception, another exception occurred:

Traceback (most recent call last):
  File "/usr/lib/python3.6/multiprocessing/process.py", line 258, in _bootstrap
    self.run()
  File "/usr/lib/python3.6/multiprocessing/process.py", line 93, in run
    self._target(*self._args, **self._kwargs)
  File "/usr/local/lib/python3.6/dist-packages/manticore/ethereum/manticore.py", line 1656, in worker_finalize
    finalizer(q.get_nowait())
  File "/usr/local/lib/python3.6/dist-packages/manticore/ethereum/manticore.py", line 1651, in finalizer
    self.generate_testcase(st, message=message)
  File "/usr/local/lib/python3.6/dist-packages/manticore/ethereum/manticore.py", line 1568, in generate_testcase
    is_something_symbolic = sym_tx.dump(tx_summary, state, self, conc_tx=conc_tx)
  File "/usr/local/lib/python3.6/dist-packages/manticore/platforms/evm.py", line 252, in dump
    _, arguments = ABI.deserialize(signature, calldata)
  File "/usr/local/lib/python3.6/dist-packages/manticore/ethereum/abi.py", line 219, in deserialize
    raise EthereumError("Error {} deserializing type {:s}".format(str(e), type_spec))
manticore.exceptions.EthereumError: Error Illegal character 'D' deserializing type isEmpty(DLL.Data storage)
Process Process-41:
Traceback (most recent call last):
  File "/usr/local/lib/python3.6/dist-packages/manticore/ethereum/abi.py", line 212, in deserialize
    result += (ABI._deserialize(abitypes.parse(ty), data[4:]),)
  File "/usr/local/lib/python3.6/dist-packages/ply/yacc.py", line 333, in parse
    return self.parseopt_notrack(input, lexer, debug, tracking, tokenfunc)
  File "/usr/local/lib/python3.6/dist-packages/ply/yacc.py", line 1063, in parseopt_notrack
    lookahead = get_token()     # Get the next token
  File "/usr/local/lib/python3.6/dist-packages/ply/lex.py", line 386, in token
    newtok = self.lexerrorf(tok)
  File "/usr/local/lib/python3.6/dist-packages/manticore/ethereum/abitypes.py", line 144, in t_error
    raise Exception("Illegal character '%s'" % t.value[0])
Exception: Illegal character 'D'

During handling of the above exception, another exception occurred:

Traceback (most recent call last):
  File "/usr/lib/python3.6/multiprocessing/process.py", line 258, in _bootstrap
    self.run()
  File "/usr/lib/python3.6/multiprocessing/process.py", line 93, in run
    self._target(*self._args, **self._kwargs)
  File "/usr/local/lib/python3.6/dist-packages/manticore/ethereum/manticore.py", line 1656, in worker_finalize
    finalizer(q.get_nowait())
  File "/usr/local/lib/python3.6/dist-packages/manticore/ethereum/manticore.py", line 1651, in finalizer
    self.generate_testcase(st, message=message)
  File "/usr/local/lib/python3.6/dist-packages/manticore/ethereum/manticore.py", line 1568, in generate_testcase
    is_something_symbolic = sym_tx.dump(tx_summary, state, self, conc_tx=conc_tx)
  File "/usr/local/lib/python3.6/dist-packages/manticore/platforms/evm.py", line 252, in dump
    _, arguments = ABI.deserialize(signature, calldata)
  File "/usr/local/lib/python3.6/dist-packages/manticore/ethereum/abi.py", line 219, in deserialize
    raise EthereumError("Error {} deserializing type {:s}".format(str(e), type_spec))
manticore.exceptions.EthereumError: Error Illegal character 'D' deserializing type contains(DLL.Data storage,uint256)
Process Process-34:
Traceback (most recent call last):
  File "/usr/local/lib/python3.6/dist-packages/manticore/ethereum/abi.py", line 212, in deserialize
    result += (ABI._deserialize(abitypes.parse(ty), data[4:]),)
  File "/usr/local/lib/python3.6/dist-packages/ply/yacc.py", line 333, in parse
    return self.parseopt_notrack(input, lexer, debug, tracking, tokenfunc)
  File "/usr/local/lib/python3.6/dist-packages/ply/yacc.py", line 1063, in parseopt_notrack
    lookahead = get_token()     # Get the next token
  File "/usr/local/lib/python3.6/dist-packages/ply/lex.py", line 386, in token
    newtok = self.lexerrorf(tok)
  File "/usr/local/lib/python3.6/dist-packages/manticore/ethereum/abitypes.py", line 144, in t_error
    raise Exception("Illegal character '%s'" % t.value[0])
Exception: Illegal character 'D'

During handling of the above exception, another exception occurred:

Traceback (most recent call last):
  File "/usr/lib/python3.6/multiprocessing/process.py", line 258, in _bootstrap
    self.run()
  File "/usr/lib/python3.6/multiprocessing/process.py", line 93, in run
    self._target(*self._args, **self._kwargs)
  File "/usr/local/lib/python3.6/dist-packages/manticore/ethereum/manticore.py", line 1656, in worker_finalize
    finalizer(q.get_nowait())
  File "/usr/local/lib/python3.6/dist-packages/manticore/ethereum/manticore.py", line 1651, in finalizer
    self.generate_testcase(st, message=message)
  File "/usr/local/lib/python3.6/dist-packages/manticore/ethereum/manticore.py", line 1568, in generate_testcase
    is_something_symbolic = sym_tx.dump(tx_summary, state, self, conc_tx=conc_tx)
  File "/usr/local/lib/python3.6/dist-packages/manticore/platforms/evm.py", line 252, in dump
    _, arguments = ABI.deserialize(signature, calldata)
  File "/usr/local/lib/python3.6/dist-packages/manticore/ethereum/abi.py", line 219, in deserialize
    raise EthereumError("Error {} deserializing type {:s}".format(str(e), type_spec))
manticore.exceptions.EthereumError: Error Illegal character 'D' deserializing type getStart(DLL.Data storage)
Process Process-36:
Traceback (most recent call last):
  File "/usr/local/lib/python3.6/dist-packages/manticore/ethereum/abi.py", line 212, in deserialize
    result += (ABI._deserialize(abitypes.parse(ty), data[4:]),)
  File "/usr/local/lib/python3.6/dist-packages/ply/yacc.py", line 333, in parse
    return self.parseopt_notrack(input, lexer, debug, tracking, tokenfunc)
  File "/usr/local/lib/python3.6/dist-packages/ply/yacc.py", line 1063, in parseopt_notrack
    lookahead = get_token()     # Get the next token
  File "/usr/local/lib/python3.6/dist-packages/ply/lex.py", line 386, in token
    newtok = self.lexerrorf(tok)
  File "/usr/local/lib/python3.6/dist-packages/manticore/ethereum/abitypes.py", line 144, in t_error
    raise Exception("Illegal character '%s'" % t.value[0])
Exception: Illegal character 'D'

During handling of the above exception, another exception occurred:

Traceback (most recent call last):
  File "/usr/lib/python3.6/multiprocessing/process.py", line 258, in _bootstrap
    self.run()
  File "/usr/lib/python3.6/multiprocessing/process.py", line 93, in run
    self._target(*self._args, **self._kwargs)
  File "/usr/local/lib/python3.6/dist-packages/manticore/ethereum/manticore.py", line 1656, in worker_finalize
    finalizer(q.get_nowait())
  File "/usr/local/lib/python3.6/dist-packages/manticore/ethereum/manticore.py", line 1651, in finalizer
    self.generate_testcase(st, message=message)
  File "/usr/local/lib/python3.6/dist-packages/manticore/ethereum/manticore.py", line 1568, in generate_testcase
    is_something_symbolic = sym_tx.dump(tx_summary, state, self, conc_tx=conc_tx)
  File "/usr/local/lib/python3.6/dist-packages/manticore/platforms/evm.py", line 252, in dump
    _, arguments = ABI.deserialize(signature, calldata)
  File "/usr/local/lib/python3.6/dist-packages/manticore/ethereum/abi.py", line 219, in deserialize
    raise EthereumError("Error {} deserializing type {:s}".format(str(e), type_spec))
manticore.exceptions.EthereumError: Error Illegal character 'D' deserializing type getNext(DLL.Data storage,uint256)
Process Process-35:
Traceback (most recent call last):
  File "/usr/local/lib/python3.6/dist-packages/manticore/ethereum/abi.py", line 212, in deserialize
    result += (ABI._deserialize(abitypes.parse(ty), data[4:]),)
  File "/usr/local/lib/python3.6/dist-packages/ply/yacc.py", line 333, in parse
    return self.parseopt_notrack(input, lexer, debug, tracking, tokenfunc)
  File "/usr/local/lib/python3.6/dist-packages/ply/yacc.py", line 1063, in parseopt_notrack
    lookahead = get_token()     # Get the next token
  File "/usr/local/lib/python3.6/dist-packages/ply/lex.py", line 386, in token
    newtok = self.lexerrorf(tok)
  File "/usr/local/lib/python3.6/dist-packages/manticore/ethereum/abitypes.py", line 144, in t_error
    raise Exception("Illegal character '%s'" % t.value[0])
Exception: Illegal character 'D'

During handling of the above exception, another exception occurred:

Traceback (most recent call last):
  File "/usr/lib/python3.6/multiprocessing/process.py", line 258, in _bootstrap
    self.run()
  File "/usr/lib/python3.6/multiprocessing/process.py", line 93, in run
    self._target(*self._args, **self._kwargs)
  File "/usr/local/lib/python3.6/dist-packages/manticore/ethereum/manticore.py", line 1656, in worker_finalize
    finalizer(q.get_nowait())
  File "/usr/local/lib/python3.6/dist-packages/manticore/ethereum/manticore.py", line 1651, in finalizer
    self.generate_testcase(st, message=message)
  File "/usr/local/lib/python3.6/dist-packages/manticore/ethereum/manticore.py", line 1568, in generate_testcase
    is_something_symbolic = sym_tx.dump(tx_summary, state, self, conc_tx=conc_tx)
  File "/usr/local/lib/python3.6/dist-packages/manticore/platforms/evm.py", line 252, in dump
    _, arguments = ABI.deserialize(signature, calldata)
  File "/usr/local/lib/python3.6/dist-packages/manticore/ethereum/abi.py", line 219, in deserialize
    raise EthereumError("Error {} deserializing type {:s}".format(str(e), type_spec))
manticore.exceptions.EthereumError: Error Illegal character 'D' deserializing type isEmpty(DLL.Data storage)
Process Process-39:
Traceback (most recent call last):
  File "/usr/local/lib/python3.6/dist-packages/manticore/ethereum/abi.py", line 212, in deserialize
    result += (ABI._deserialize(abitypes.parse(ty), data[4:]),)
  File "/usr/local/lib/python3.6/dist-packages/ply/yacc.py", line 333, in parse
    return self.parseopt_notrack(input, lexer, debug, tracking, tokenfunc)
  File "/usr/local/lib/python3.6/dist-packages/ply/yacc.py", line 1063, in parseopt_notrack
    lookahead = get_token()     # Get the next token
  File "/usr/local/lib/python3.6/dist-packages/ply/lex.py", line 386, in token
    newtok = self.lexerrorf(tok)
  File "/usr/local/lib/python3.6/dist-packages/manticore/ethereum/abitypes.py", line 144, in t_error
    raise Exception("Illegal character '%s'" % t.value[0])
Exception: Illegal character 'D'

During handling of the above exception, another exception occurred:

Traceback (most recent call last):
  File "/usr/lib/python3.6/multiprocessing/process.py", line 258, in _bootstrap
    self.run()
  File "/usr/lib/python3.6/multiprocessing/process.py", line 93, in run
    self._target(*self._args, **self._kwargs)
  File "/usr/local/lib/python3.6/dist-packages/manticore/ethereum/manticore.py", line 1656, in worker_finalize
    finalizer(q.get_nowait())
  File "/usr/local/lib/python3.6/dist-packages/manticore/ethereum/manticore.py", line 1651, in finalizer
    self.generate_testcase(st, message=message)
  File "/usr/local/lib/python3.6/dist-packages/manticore/ethereum/manticore.py", line 1568, in generate_testcase
    is_something_symbolic = sym_tx.dump(tx_summary, state, self, conc_tx=conc_tx)
  File "/usr/local/lib/python3.6/dist-packages/manticore/platforms/evm.py", line 252, in dump
    _, arguments = ABI.deserialize(signature, calldata)
  File "/usr/local/lib/python3.6/dist-packages/manticore/ethereum/abi.py", line 219, in deserialize
    raise EthereumError("Error {} deserializing type {:s}".format(str(e), type_spec))
manticore.exceptions.EthereumError: Error Illegal character 'D' deserializing type getEnd(DLL.Data storage)
Process Process-33:
Traceback (most recent call last):
  File "/usr/local/lib/python3.6/dist-packages/manticore/ethereum/abi.py", line 212, in deserialize
    result += (ABI._deserialize(abitypes.parse(ty), data[4:]),)
  File "/usr/local/lib/python3.6/dist-packages/ply/yacc.py", line 333, in parse
    return self.parseopt_notrack(input, lexer, debug, tracking, tokenfunc)
  File "/usr/local/lib/python3.6/dist-packages/ply/yacc.py", line 1063, in parseopt_notrack
    lookahead = get_token()     # Get the next token
  File "/usr/local/lib/python3.6/dist-packages/ply/lex.py", line 386, in token
    newtok = self.lexerrorf(tok)
  File "/usr/local/lib/python3.6/dist-packages/manticore/ethereum/abitypes.py", line 144, in t_error
    raise Exception("Illegal character '%s'" % t.value[0])
Exception: Illegal character 'D'

During handling of the above exception, another exception occurred:

Traceback (most recent call last):
  File "/usr/lib/python3.6/multiprocessing/process.py", line 258, in _bootstrap
    self.run()
  File "/usr/lib/python3.6/multiprocessing/process.py", line 93, in run
    self._target(*self._args, **self._kwargs)
  File "/usr/local/lib/python3.6/dist-packages/manticore/ethereum/manticore.py", line 1656, in worker_finalize
    finalizer(q.get_nowait())
  File "/usr/local/lib/python3.6/dist-packages/manticore/ethereum/manticore.py", line 1651, in finalizer
    self.generate_testcase(st, message=message)
  File "/usr/local/lib/python3.6/dist-packages/manticore/ethereum/manticore.py", line 1568, in generate_testcase
    is_something_symbolic = sym_tx.dump(tx_summary, state, self, conc_tx=conc_tx)
  File "/usr/local/lib/python3.6/dist-packages/manticore/platforms/evm.py", line 252, in dump
    _, arguments = ABI.deserialize(signature, calldata)
  File "/usr/local/lib/python3.6/dist-packages/manticore/ethereum/abi.py", line 219, in deserialize
    raise EthereumError("Error {} deserializing type {:s}".format(str(e), type_spec))
manticore.exceptions.EthereumError: Error Illegal character 'D' deserializing type getNext(DLL.Data storage,uint256)
2019-07-26 03:42:47,441: [12] m.c.manticore:INFO: Results in /mcore_rw_ap8hi
2019-07-26 03:42:51,235: [13091] m.main:INFO: Registered plugins: DetectInvalid, DetectUnusedRetVal, DetectUninitializedMemory, DetectReentrancySimple, DetectSuicidal, DetectUninitializedStorage, DetectExternalCallAndLeak, DetectReentrancyAdvanced, DetectEnvInstruction, DetectIntegerOverflow, DetectDelegatecall
2019-07-26 03:42:51,235: [13091] m.main:INFO: Beginning analysis
2019-07-26 03:42:51,245: [13091] m.e.manticore:INFO: Starting symbolic create contract
2019-07-26 03:42:54,122: [13091] m.e.manticore:INFO: Starting symbolic transaction: 0