2019-08-02 12:07:59,408: [12] m.main:INFO: Registered plugins: DetectUninitializedMemory, DetectSuicidal, DetectEnvInstruction, DetectReentrancySimple, DetectInvalid, DetectReentrancyAdvanced, DetectDelegatecall, DetectUnusedRetVal, DetectUninitializedStorage, DetectIntegerOverflow, DetectExternalCallAndLeak
2019-08-02 12:07:59,408: [12] m.main:INFO: Beginning analysis
2019-08-02 12:07:59,437: [12] m.e.manticore:INFO: Starting symbolic create contract
2019-08-02 12:08:01,605: [12] m.e.manticore:INFO: Starting symbolic transaction: 0
2019-08-02 12:08:03,968: [12] m.e.manticore:INFO: 1 alive states, 5 terminated states
2019-08-02 12:08:04,623: [12] m.e.manticore:INFO: Starting symbolic transaction: 1
2019-08-02 12:08:07,670: [12] m.e.manticore:INFO: 1 alive states, 10 terminated states
2019-08-02 12:08:08,555: [1524] m.c.manticore:INFO: Generated testcase No. 0 - RETURN(3 txs)
2019-08-02 12:08:08,556: [1522] m.c.manticore:INFO: Generated testcase No. 1 - RETURN(1 txs)
2019-08-02 12:08:08,560: [1528] m.c.manticore:INFO: Generated testcase No. 2 - REVERT(2 txs)
2019-08-02 12:08:08,564: [1533] m.c.manticore:INFO: Generated testcase No. 3 - REVERT(2 txs)
2019-08-02 12:08:08,615: [1530] m.c.manticore:INFO: Generated testcase No. 4 - REVERT(2 txs)
2019-08-02 12:08:08,631: [1544] m.c.manticore:INFO: Generated testcase No. 6 - REVERT(3 txs)
2019-08-02 12:08:08,631: [1532] m.c.manticore:INFO: Generated testcase No. 5 - RETURN(2 txs)
2019-08-02 12:08:08,648: [1529] m.c.manticore:INFO: Generated testcase No. 8 - REVERT(2 txs)
2019-08-02 12:08:08,648: [1538] m.c.manticore:INFO: Generated testcase No. 7 - REVERT(3 txs)
2019-08-02 12:08:08,713: [1525] m.c.manticore:INFO: Generated testcase No. 9 - REVERT(3 txs)
2019-08-02 12:08:13,195: [1522] m.c.manticore:INFO: Generated testcase No. 10 - REVERT(3 txs)
2019-08-02 12:08:17,962: [12] m.c.manticore:INFO: Results in /mcore_0n9ztwuz
2019-08-02 12:08:19,828: [2149] m.main:INFO: Registered plugins: DetectReentrancySimple, DetectInvalid, DetectUnusedRetVal, DetectUninitializedStorage, DetectSuicidal, DetectExternalCallAndLeak, DetectReentrancyAdvanced, DetectEnvInstruction, DetectIntegerOverflow, DetectUninitializedMemory, DetectDelegatecall
2019-08-02 12:08:19,829: [2149] m.main:INFO: Beginning analysis
2019-08-02 12:08:19,843: [2149] m.e.manticore:INFO: Starting symbolic create contract
2019-08-02 12:08:20,003: [2193] m.c.manticore:INFO: Generated testcase No. 0 - NO STATE RESULT (?)(0 txs)
2019-08-02 12:08:20,368: [2149] m.c.manticore:INFO: Results in /mcore_x587ipux
2019-08-02 12:08:21,263: [2452] m.main:INFO: Registered plugins: DetectReentrancyAdvanced, DetectReentrancySimple, DetectInvalid, DetectUnusedRetVal, DetectUninitializedStorage, DetectIntegerOverflow, DetectSuicidal, DetectExternalCallAndLeak, DetectEnvInstruction, DetectUninitializedMemory, DetectDelegatecall
2019-08-02 12:08:21,264: [2452] m.main:INFO: Beginning analysis
2019-08-02 12:08:21,283: [2452] m.e.manticore:INFO: Starting symbolic create contract
2019-08-02 12:08:43,961: [2500] m.e.detectors:WARNING: Unsigned integer overflow at MUL instruction
2019-08-02 12:08:45,309: [2500] m.e.detectors:WARNING: Unsigned integer overflow at MUL instruction
2019-08-02 12:09:15,273: [2452] m.e.manticore:INFO: Starting symbolic transaction: 0
2019-08-02 12:09:50,732: [3687] m.e.detectors:WARNING: Unsigned integer overflow at MUL instruction
2019-08-02 12:10:24,155: [3660] m.e.detectors:WARNING: Potentially reading uninitialized storage
2019-08-02 12:10:30,414: [3660] m.e.detectors:WARNING: Unsigned integer overflow at MUL instruction
2019-08-02 12:10:31,791: [3675] m.e.detectors:WARNING: Unsigned integer overflow at MUL instruction
2019-08-02 12:10:32,908: [3658] m.e.detectors:WARNING: Potentially reading uninitialized storage
2019-08-02 12:11:03,295: [3666] m.e.detectors:WARNING: Potentially reading uninitialized storage
2019-08-02 12:11:17,079: [3666] m.e.detectors:WARNING: Potentially reading uninitialized storage
2019-08-02 12:11:18,415: [3653] m.e.detectors:WARNING: Unsigned integer overflow at MUL instruction
2019-08-02 12:12:12,937: [3655] m.c.worker:ERROR: Exception in state 1: SolverError('',)
Traceback (most recent call last):
  File "/usr/local/lib/python3.6/dist-packages/manticore/core/worker.py", line 121, in run
    current_state.execute()
  File "/usr/local/lib/python3.6/dist-packages/manticore/ethereum/state.py", line 6, in execute
    return self._platform.execute()
  File "/usr/local/lib/python3.6/dist-packages/manticore/platforms/evm.py", line 2684, in execute
    self.current_vm.execute()
  File "/usr/local/lib/python3.6/dist-packages/manticore/platforms/evm.py", line 1210, in execute
    last_pc, last_gas, instruction, arguments, fee, allocated = self._checkpoint()
  File "/usr/local/lib/python3.6/dist-packages/manticore/platforms/evm.py", line 1109, in _checkpoint
    self._consume(fee)
  File "/usr/local/lib/python3.6/dist-packages/manticore/platforms/evm.py", line 981, in _consume
    policy="ALL",
manticore.core.state.Concretize

During handling of the above exception, another exception occurred:

Traceback (most recent call last):
  File "/usr/local/lib/python3.6/dist-packages/manticore/core/worker.py", line 142, in run
    m._fork(current_state, exc.expression, exc.policy, exc.setstate)
  File "/usr/local/lib/python3.6/dist-packages/manticore/core/manticore.py", line 332, in _fork
    solutions = state.concretize(expression, policy)
  File "/usr/local/lib/python3.6/dist-packages/manticore/core/state.py", line 271, in concretize
    self._constraints, symbolic, maxcnt=maxcount, silent=True
  File "/usr/local/lib/python3.6/dist-packages/manticore/core/smtlib/solver.py", line 436, in get_all_values
    while self._is_sat():
  File "/usr/local/lib/python3.6/dist-packages/manticore/core/smtlib/solver.py", line 328, in _is_sat
    raise SolverError(status)
manticore.exceptions.SolverError
 
2019-08-02 12:12:35,246: [3666] m.e.detectors:WARNING: Potentially reading uninitialized memory at instruction (address: 761232584922116974720361685910350732134728705811, offset 128)
2019-08-02 12:12:36,030: [3666] m.e.detectors:WARNING: Potentially reading uninitialized memory at instruction (address: 761232584922116974720361685910350732134728705811, offset 129)
2019-08-02 12:12:36,824: [3666] m.e.detectors:WARNING: Potentially reading uninitialized memory at instruction (address: 761232584922116974720361685910350732134728705811, offset 130)
2019-08-02 12:12:37,533: [3666] m.e.detectors:WARNING: Potentially reading uninitialized memory at instruction (address: 761232584922116974720361685910350732134728705811, offset 131)
2019-08-02 12:12:38,258: [3666] m.e.detectors:WARNING: Potentially reading uninitialized memory at instruction (address: 761232584922116974720361685910350732134728705811, offset 132)
2019-08-02 12:12:38,974: [3666] m.e.detectors:WARNING: Potentially reading uninitialized memory at instruction (address: 761232584922116974720361685910350732134728705811, offset 133)
2019-08-02 12:12:39,735: [3666] m.e.detectors:WARNING: Potentially reading uninitialized memory at instruction (address: 761232584922116974720361685910350732134728705811, offset 134)
2019-08-02 12:12:40,464: [3666] m.e.detectors:WARNING: Potentially reading uninitialized memory at instruction (address: 761232584922116974720361685910350732134728705811, offset 135)
2019-08-02 12:12:41,233: [3666] m.e.detectors:WARNING: Potentially reading uninitialized memory at instruction (address: 761232584922116974720361685910350732134728705811, offset 136)
2019-08-02 12:12:43,433: [3666] m.e.detectors:WARNING: Potentially reading uninitialized memory at instruction (address: 761232584922116974720361685910350732134728705811, offset 137)
2019-08-02 12:12:44,337: [3666] m.e.detectors:WARNING: Potentially reading uninitialized memory at instruction (address: 761232584922116974720361685910350732134728705811, offset 138)
2019-08-02 12:12:45,339: [3666] m.e.detectors:WARNING: Potentially reading uninitialized memory at instruction (address: 761232584922116974720361685910350732134728705811, offset 139)
2019-08-02 12:12:46,133: [3666] m.e.detectors:WARNING: Potentially reading uninitialized memory at instruction (address: 761232584922116974720361685910350732134728705811, offset 140)
2019-08-02 12:12:46,862: [3666] m.e.detectors:WARNING: Potentially reading uninitialized memory at instruction (address: 761232584922116974720361685910350732134728705811, offset 141)
2019-08-02 12:12:47,546: [3666] m.e.detectors:WARNING: Potentially reading uninitialized memory at instruction (address: 761232584922116974720361685910350732134728705811, offset 142)
2019-08-02 12:12:48,347: [3666] m.e.detectors:WARNING: Potentially reading uninitialized memory at instruction (address: 761232584922116974720361685910350732134728705811, offset 143)
2019-08-02 12:12:49,043: [3666] m.e.detectors:WARNING: Potentially reading uninitialized memory at instruction (address: 761232584922116974720361685910350732134728705811, offset 144)
2019-08-02 12:12:50,234: [3666] m.e.detectors:WARNING: Potentially reading uninitialized memory at instruction (address: 761232584922116974720361685910350732134728705811, offset 145)
2019-08-02 12:12:51,135: [3666] m.e.detectors:WARNING: Potentially reading uninitialized memory at instruction (address: 761232584922116974720361685910350732134728705811, offset 146)
2019-08-02 12:12:51,923: [3666] m.e.detectors:WARNING: Potentially reading uninitialized memory at instruction (address: 761232584922116974720361685910350732134728705811, offset 147)
2019-08-02 12:12:52,848: [3666] m.e.detectors:WARNING: Potentially reading uninitialized memory at instruction (address: 761232584922116974720361685910350732134728705811, offset 148)
2019-08-02 12:12:53,636: [3675] m.e.detectors:WARNING: Potentially reading uninitialized memory at instruction (address: 761232584922116974720361685910350732134728705811, offset 128)
2019-08-02 12:12:54,435: [3675] m.e.detectors:WARNING: Potentially reading uninitialized memory at instruction (address: 761232584922116974720361685910350732134728705811, offset 129)
2019-08-02 12:12:54,839: [3666] m.e.detectors:WARNING: Potentially reading uninitialized memory at instruction (address: 761232584922116974720361685910350732134728705811, offset 149)
2019-08-02 12:12:55,227: [3675] m.e.detectors:WARNING: Potentially reading uninitialized memory at instruction (address: 761232584922116974720361685910350732134728705811, offset 130)
2019-08-02 12:12:55,639: [3666] m.e.detectors:WARNING: Potentially reading uninitialized memory at instruction (address: 761232584922116974720361685910350732134728705811, offset 150)
2019-08-02 12:12:55,948: [3675] m.e.detectors:WARNING: Potentially reading uninitialized memory at instruction (address: 761232584922116974720361685910350732134728705811, offset 131)
2019-08-02 12:12:56,431: [3666] m.e.detectors:WARNING: Potentially reading uninitialized memory at instruction (address: 761232584922116974720361685910350732134728705811, offset 151)
2019-08-02 12:12:56,690: [3675] m.e.detectors:WARNING: Potentially reading uninitialized memory at instruction (address: 761232584922116974720361685910350732134728705811, offset 132)
2019-08-02 12:12:57,155: [3666] m.e.detectors:WARNING: Potentially reading uninitialized memory at instruction (address: 761232584922116974720361685910350732134728705811, offset 152)
2019-08-02 12:12:57,438: [3675] m.e.detectors:WARNING: Potentially reading uninitialized memory at instruction (address: 761232584922116974720361685910350732134728705811, offset 133)
[Errno 12] Cannot allocate memory Probably too many cached expressions? visitors._cache...
2019-08-02 12:13:00,282: [3666] m.c.worker:ERROR: Exception in state 4: Z3NotFoundError()
Traceback (most recent call last):
  File "/usr/local/lib/python3.6/dist-packages/manticore/core/smtlib/solver.py", line 205, in _start_proc
    close_fds=True,
  File "/usr/lib/python3.6/subprocess.py", line 729, in __init__
    restore_signals, start_new_session)
  File "/usr/lib/python3.6/subprocess.py", line 1295, in _execute_child
    restore_signals, start_new_session, preexec_fn)
OSError: [Errno 12] Cannot allocate memory

During handling of the above exception, another exception occurred:

Traceback (most recent call last):
  File "/usr/local/lib/python3.6/dist-packages/manticore/core/worker.py", line 121, in run
    current_state.execute()
  File "/usr/local/lib/python3.6/dist-packages/manticore/ethereum/state.py", line 6, in execute
    return self._platform.execute()
  File "/usr/local/lib/python3.6/dist-packages/manticore/platforms/evm.py", line 2684, in execute
    self.current_vm.execute()
  File "/usr/local/lib/python3.6/dist-packages/manticore/platforms/evm.py", line 1213, in execute
    result = self._handler(*arguments)
  File "/usr/local/lib/python3.6/dist-packages/manticore/platforms/evm.py", line 1086, in _handler
    return implementation(*arguments)
  File "/usr/local/lib/python3.6/dist-packages/manticore/platforms/evm.py", line 1790, in MLOAD
    value = self._load(address, 32)
  File "/usr/local/lib/python3.6/dist-packages/manticore/platforms/evm.py", line 1312, in _load
    "did_evm_read_memory", offset + i, Operators.EXTRACT(value, (size - i - 1) * 8, 8)
  File "/usr/local/lib/python3.6/dist-packages/manticore/utils/event.py", line 128, in _publish
    self._publish_impl(_name, *args, **kwargs)
  File "/usr/local/lib/python3.6/dist-packages/manticore/utils/event.py", line 145, in _publish_impl
    sink._publish_impl(_name, *args, **kwargs)
  File "/usr/local/lib/python3.6/dist-packages/manticore/utils/event.py", line 145, in _publish_impl
    sink._publish_impl(_name, *args, **kwargs)
  File "/usr/local/lib/python3.6/dist-packages/manticore/utils/event.py", line 143, in _publish_impl
    sink._publish_impl(_name, self, *args, **kwargs)
  File "/usr/local/lib/python3.6/dist-packages/manticore/utils/event.py", line 136, in _publish_impl
    callback(robj(), *args, **kwargs)
  File "/usr/local/lib/python3.6/dist-packages/manticore/ethereum/detectors.py", line 665, in did_evm_read_memory_callback
    if state.can_be_true(cbu):
  File "/usr/local/lib/python3.6/dist-packages/manticore/core/state.py", line 297, in can_be_true
    return self._solver.can_be_true(self._constraints, expr)
  File "/usr/local/lib/python3.6/dist-packages/manticore/core/smtlib/solver.py", line 401, in can_be_true
    self._reset(temp_cs.to_string(related_to=expression))
  File "/usr/local/lib/python3.6/dist-packages/manticore/core/smtlib/solver.py", line 275, in _reset
    self._start_proc()
  File "/usr/local/lib/python3.6/dist-packages/manticore/core/smtlib/solver.py", line 210, in _start_proc
    raise Z3NotFoundError  # TODO(mark) don't catch this exception in two places
manticore.exceptions.Z3NotFoundError
 
2019-08-02 12:13:00,544: [3675] m.e.detectors:WARNING: Potentially reading uninitialized memory at instruction (address: 761232584922116974720361685910350732134728705811, offset 134)
2019-08-02 12:13:01,141: [3675] m.e.detectors:WARNING: Potentially reading uninitialized memory at instruction (address: 761232584922116974720361685910350732134728705811, offset 135)
2019-08-02 12:13:01,731: [3675] m.e.detectors:WARNING: Potentially reading uninitialized memory at instruction (address: 761232584922116974720361685910350732134728705811, offset 136)
2019-08-02 12:13:02,519: [3675] m.e.detectors:WARNING: Potentially reading uninitialized memory at instruction (address: 761232584922116974720361685910350732134728705811, offset 137)
2019-08-02 12:13:03,127: [3675] m.e.detectors:WARNING: Potentially reading uninitialized memory at instruction (address: 761232584922116974720361685910350732134728705811, offset 138)
2019-08-02 12:13:03,733: [3675] m.e.detectors:WARNING: Potentially reading uninitialized memory at instruction (address: 761232584922116974720361685910350732134728705811, offset 139)
2019-08-02 12:13:05,065: [3675] m.e.detectors:WARNING: Potentially reading uninitialized memory at instruction (address: 761232584922116974720361685910350732134728705811, offset 140)
2019-08-02 12:13:06,565: [3675] m.e.detectors:WARNING: Potentially reading uninitialized memory at instruction (address: 761232584922116974720361685910350732134728705811, offset 141)
2019-08-02 12:13:07,141: [3675] m.e.detectors:WARNING: Potentially reading uninitialized memory at instruction (address: 761232584922116974720361685910350732134728705811, offset 142)
2019-08-02 12:13:09,643: [3675] m.e.detectors:WARNING: Potentially reading uninitialized memory at instruction (address: 761232584922116974720361685910350732134728705811, offset 143)
2019-08-02 12:13:10,245: [3675] m.e.detectors:WARNING: Potentially reading uninitialized memory at instruction (address: 761232584922116974720361685910350732134728705811, offset 144)
2019-08-02 12:13:10,835: [3675] m.e.detectors:WARNING: Potentially reading uninitialized memory at instruction (address: 761232584922116974720361685910350732134728705811, offset 145)
2019-08-02 12:13:11,743: [3675] m.e.detectors:WARNING: Potentially reading uninitialized memory at instruction (address: 761232584922116974720361685910350732134728705811, offset 146)
2019-08-02 12:13:14,023: [3675] m.e.detectors:WARNING: Potentially reading uninitialized memory at instruction (address: 761232584922116974720361685910350732134728705811, offset 147)
2019-08-02 12:13:14,743: [3675] m.e.detectors:WARNING: Potentially reading uninitialized memory at instruction (address: 761232584922116974720361685910350732134728705811, offset 148)
2019-08-02 12:13:15,373: [3675] m.e.detectors:WARNING: Potentially reading uninitialized memory at instruction (address: 761232584922116974720361685910350732134728705811, offset 149)
2019-08-02 12:13:15,953: [3675] m.e.detectors:WARNING: Potentially reading uninitialized memory at instruction (address: 761232584922116974720361685910350732134728705811, offset 150)
2019-08-02 12:13:16,603: [3675] m.e.detectors:WARNING: Potentially reading uninitialized memory at instruction (address: 761232584922116974720361685910350732134728705811, offset 151)
2019-08-02 12:13:19,316: [3675] m.e.detectors:WARNING: Potentially reading uninitialized memory at instruction (address: 761232584922116974720361685910350732134728705811, offset 152)
2019-08-02 12:13:19,883: [3675] m.e.detectors:WARNING: Potentially reading uninitialized memory at instruction (address: 761232584922116974720361685910350732134728705811, offset 153)
2019-08-02 12:13:20,448: [3675] m.e.detectors:WARNING: Potentially reading uninitialized memory at instruction (address: 761232584922116974720361685910350732134728705811, offset 154)
2019-08-02 12:13:21,259: [3675] m.e.detectors:WARNING: Potentially reading uninitialized memory at instruction (address: 761232584922116974720361685910350732134728705811, offset 155)
2019-08-02 12:13:22,931: [3675] m.e.detectors:WARNING: Potentially reading uninitialized memory at instruction (address: 761232584922116974720361685910350732134728705811, offset 156)
2019-08-02 12:13:23,550: [3675] m.e.detectors:WARNING: Potentially reading uninitialized memory at instruction (address: 761232584922116974720361685910350732134728705811, offset 157)
2019-08-02 12:13:24,153: [3675] m.e.detectors:WARNING: Potentially reading uninitialized memory at instruction (address: 761232584922116974720361685910350732134728705811, offset 158)
2019-08-02 12:13:24,743: [3675] m.e.detectors:WARNING: Potentially reading uninitialized memory at instruction (address: 761232584922116974720361685910350732134728705811, offset 159)
2019-08-02 12:13:27,042: [3675] m.e.detectors:WARNING: Potentially reading uninitialized memory at instruction (address: 761232584922116974720361685910350732134728705811, offset 128)
2019-08-02 12:13:27,732: [3675] m.e.detectors:WARNING: Potentially reading uninitialized memory at instruction (address: 761232584922116974720361685910350732134728705811, offset 129)
2019-08-02 12:13:28,540: [3675] m.e.detectors:WARNING: Potentially reading uninitialized memory at instruction (address: 761232584922116974720361685910350732134728705811, offset 130)
2019-08-02 12:13:29,158: [3675] m.e.detectors:WARNING: Potentially reading uninitialized memory at instruction (address: 761232584922116974720361685910350732134728705811, offset 131)
2019-08-02 12:13:29,821: [3675] m.e.detectors:WARNING: Potentially reading uninitialized memory at instruction (address: 761232584922116974720361685910350732134728705811, offset 132)
2019-08-02 12:13:30,523: [3675] m.e.detectors:WARNING: Potentially reading uninitialized memory at instruction (address: 761232584922116974720361685910350732134728705811, offset 133)
2019-08-02 12:13:31,230: [3675] m.e.detectors:WARNING: Potentially reading uninitialized memory at instruction (address: 761232584922116974720361685910350732134728705811, offset 134)
2019-08-02 12:13:31,945: [3675] m.e.detectors:WARNING: Potentially reading uninitialized memory at instruction (address: 761232584922116974720361685910350732134728705811, offset 135)
2019-08-02 12:13:32,647: [3675] m.e.detectors:WARNING: Potentially reading uninitialized memory at instruction (address: 761232584922116974720361685910350732134728705811, offset 136)
2019-08-02 12:13:33,354: [3675] m.e.detectors:WARNING: Potentially reading uninitialized memory at instruction (address: 761232584922116974720361685910350732134728705811, offset 137)
2019-08-02 12:13:34,242: [3675] m.e.detectors:WARNING: Potentially reading uninitialized memory at instruction (address: 761232584922116974720361685910350732134728705811, offset 138)
2019-08-02 12:13:34,956: [3675] m.e.detectors:WARNING: Potentially reading uninitialized memory at instruction (address: 761232584922116974720361685910350732134728705811, offset 139)
2019-08-02 12:13:35,670: [3675] m.e.detectors:WARNING: Potentially reading uninitialized memory at instruction (address: 761232584922116974720361685910350732134728705811, offset 140)
2019-08-02 12:13:36,438: [3675] m.e.detectors:WARNING: Potentially reading uninitialized memory at instruction (address: 761232584922116974720361685910350732134728705811, offset 141)
2019-08-02 12:13:38,916: [3675] m.e.detectors:WARNING: Potentially reading uninitialized memory at instruction (address: 761232584922116974720361685910350732134728705811, offset 142)
2019-08-02 12:13:39,823: [3675] m.e.detectors:WARNING: Potentially reading uninitialized memory at instruction (address: 761232584922116974720361685910350732134728705811, offset 143)
2019-08-02 12:13:40,744: [3675] m.e.detectors:WARNING: Potentially reading uninitialized memory at instruction (address: 761232584922116974720361685910350732134728705811, offset 144)
2019-08-02 12:13:42,440: [3675] m.e.detectors:WARNING: Potentially reading uninitialized memory at instruction (address: 761232584922116974720361685910350732134728705811, offset 145)
2019-08-02 12:13:43,343: [3675] m.e.detectors:WARNING: Potentially reading uninitialized memory at instruction (address: 761232584922116974720361685910350732134728705811, offset 146)
2019-08-02 12:13:44,052: [3675] m.e.detectors:WARNING: Potentially reading uninitialized memory at instruction (address: 761232584922116974720361685910350732134728705811, offset 147)
2019-08-02 12:13:44,838: [3675] m.e.detectors:WARNING: Potentially reading uninitialized memory at instruction (address: 761232584922116974720361685910350732134728705811, offset 148)
2019-08-02 12:13:45,572: [3675] m.e.detectors:WARNING: Potentially reading uninitialized memory at instruction (address: 761232584922116974720361685910350732134728705811, offset 149)
2019-08-02 12:13:46,337: [3675] m.e.detectors:WARNING: Potentially reading uninitialized memory at instruction (address: 761232584922116974720361685910350732134728705811, offset 150)
2019-08-02 12:13:47,048: [3675] m.e.detectors:WARNING: Potentially reading uninitialized memory at instruction (address: 761232584922116974720361685910350732134728705811, offset 151)
2019-08-02 12:13:49,827: [3675] m.e.detectors:WARNING: Potentially reading uninitialized memory at instruction (address: 761232584922116974720361685910350732134728705811, offset 152)
2019-08-02 12:13:50,556: [3675] m.e.detectors:WARNING: Potentially reading uninitialized memory at instruction (address: 761232584922116974720361685910350732134728705811, offset 153)
2019-08-02 12:13:51,233: [3675] m.e.detectors:WARNING: Potentially reading uninitialized memory at instruction (address: 761232584922116974720361685910350732134728705811, offset 154)
2019-08-02 12:13:52,138: [3675] m.e.detectors:WARNING: Potentially reading uninitialized memory at instruction (address: 761232584922116974720361685910350732134728705811, offset 155)
2019-08-02 12:13:52,852: [3675] m.e.detectors:WARNING: Potentially reading uninitialized memory at instruction (address: 761232584922116974720361685910350732134728705811, offset 156)
2019-08-02 12:13:53,550: [3675] m.e.detectors:WARNING: Potentially reading uninitialized memory at instruction (address: 761232584922116974720361685910350732134728705811, offset 157)
2019-08-02 12:13:55,002: [3675] m.e.detectors:WARNING: Potentially reading uninitialized memory at instruction (address: 761232584922116974720361685910350732134728705811, offset 158)
2019-08-02 12:13:55,672: [3675] m.e.detectors:WARNING: Potentially reading uninitialized memory at instruction (address: 761232584922116974720361685910350732134728705811, offset 159)
2019-08-02 12:14:25,114: [3681] m.e.detectors:WARNING: Potentially reading uninitialized storage
2019-08-02 12:14:35,643: [3681] m.e.detectors:WARNING: Potentially reading uninitialized storage
2019-08-02 12:14:43,386: [3658] m.e.detectors:WARNING: Unsigned integer overflow at MUL instruction
2019-08-02 12:18:06,259: [3658] m.e.detectors:WARNING: Potentially reading uninitialized memory at instruction (address: 761232584922116974720361685910350732134728705811, offset 160)
2019-08-02 12:18:06,931: [3658] m.e.detectors:WARNING: Potentially reading uninitialized memory at instruction (address: 761232584922116974720361685910350732134728705811, offset 161)
2019-08-02 12:18:07,564: [3658] m.e.detectors:WARNING: Potentially reading uninitialized memory at instruction (address: 761232584922116974720361685910350732134728705811, offset 162)
2019-08-02 12:18:08,196: [3658] m.e.detectors:WARNING: Potentially reading uninitialized memory at instruction (address: 761232584922116974720361685910350732134728705811, offset 163)
2019-08-02 12:18:08,568: [3675] m.e.detectors:WARNING: Unsigned integer overflow at MUL instruction
2019-08-02 12:18:08,842: [3658] m.e.detectors:WARNING: Potentially reading uninitialized memory at instruction (address: 761232584922116974720361685910350732134728705811, offset 164)
2019-08-02 12:18:09,711: [3658] m.e.detectors:WARNING: Potentially reading uninitialized memory at instruction (address: 761232584922116974720361685910350732134728705811, offset 165)
2019-08-02 12:18:10,369: [3658] m.e.detectors:WARNING: Potentially reading uninitialized memory at instruction (address: 761232584922116974720361685910350732134728705811, offset 166)
2019-08-02 12:18:11,025: [3658] m.e.detectors:WARNING: Potentially reading uninitialized memory at instruction (address: 761232584922116974720361685910350732134728705811, offset 167)
2019-08-02 12:18:12,674: [3658] m.e.detectors:WARNING: Potentially reading uninitialized memory at instruction (address: 761232584922116974720361685910350732134728705811, offset 168)
2019-08-02 12:18:13,333: [3658] m.e.detectors:WARNING: Potentially reading uninitialized memory at instruction (address: 761232584922116974720361685910350732134728705811, offset 169)
2019-08-02 12:18:14,018: [3658] m.e.detectors:WARNING: Potentially reading uninitialized memory at instruction (address: 761232584922116974720361685910350732134728705811, offset 170)
2019-08-02 12:18:14,666: [3658] m.e.detectors:WARNING: Potentially reading uninitialized memory at instruction (address: 761232584922116974720361685910350732134728705811, offset 171)
2019-08-02 12:18:15,335: [3658] m.e.detectors:WARNING: Potentially reading uninitialized memory at instruction (address: 761232584922116974720361685910350732134728705811, offset 172)
2019-08-02 12:18:16,230: [3658] m.e.detectors:WARNING: Potentially reading uninitialized memory at instruction (address: 761232584922116974720361685910350732134728705811, offset 173)
2019-08-02 12:18:16,924: [3658] m.e.detectors:WARNING: Potentially reading uninitialized memory at instruction (address: 761232584922116974720361685910350732134728705811, offset 174)
2019-08-02 12:18:17,573: [3658] m.e.detectors:WARNING: Potentially reading uninitialized memory at instruction (address: 761232584922116974720361685910350732134728705811, offset 175)
2019-08-02 12:18:18,331: [3658] m.e.detectors:WARNING: Potentially reading uninitialized memory at instruction (address: 761232584922116974720361685910350732134728705811, offset 176)
2019-08-02 12:18:18,961: [3658] m.e.detectors:WARNING: Potentially reading uninitialized memory at instruction (address: 761232584922116974720361685910350732134728705811, offset 177)
2019-08-02 12:18:19,652: [3658] m.e.detectors:WARNING: Potentially reading uninitialized memory at instruction (address: 761232584922116974720361685910350732134728705811, offset 178)
2019-08-02 12:18:20,320: [3658] m.e.detectors:WARNING: Potentially reading uninitialized memory at instruction (address: 761232584922116974720361685910350732134728705811, offset 179)
2019-08-02 12:18:20,973: [3658] m.e.detectors:WARNING: Potentially reading uninitialized memory at instruction (address: 761232584922116974720361685910350732134728705811, offset 180)
2019-08-02 12:18:22,833: [3658] m.e.detectors:WARNING: Potentially reading uninitialized memory at instruction (address: 761232584922116974720361685910350732134728705811, offset 181)
2019-08-02 12:18:23,726: [3658] m.e.detectors:WARNING: Potentially reading uninitialized memory at instruction (address: 761232584922116974720361685910350732134728705811, offset 182)
2019-08-02 12:18:24,368: [3658] m.e.detectors:WARNING: Potentially reading uninitialized memory at instruction (address: 761232584922116974720361685910350732134728705811, offset 183)
2019-08-02 12:18:25,035: [3658] m.e.detectors:WARNING: Potentially reading uninitialized memory at instruction (address: 761232584922116974720361685910350732134728705811, offset 184)
2019-08-02 12:18:25,702: [3658] m.e.detectors:WARNING: Potentially reading uninitialized memory at instruction (address: 761232584922116974720361685910350732134728705811, offset 185)
2019-08-02 12:18:26,362: [3658] m.e.detectors:WARNING: Potentially reading uninitialized memory at instruction (address: 761232584922116974720361685910350732134728705811, offset 186)
2019-08-02 12:18:27,030: [3658] m.e.detectors:WARNING: Potentially reading uninitialized memory at instruction (address: 761232584922116974720361685910350732134728705811, offset 187)
2019-08-02 12:18:27,669: [3658] m.e.detectors:WARNING: Potentially reading uninitialized memory at instruction (address: 761232584922116974720361685910350732134728705811, offset 188)
2019-08-02 12:18:28,340: [3658] m.e.detectors:WARNING: Potentially reading uninitialized memory at instruction (address: 761232584922116974720361685910350732134728705811, offset 189)
2019-08-02 12:18:29,165: [3658] m.e.detectors:WARNING: Potentially reading uninitialized memory at instruction (address: 761232584922116974720361685910350732134728705811, offset 190)
2019-08-02 12:18:29,830: [3658] m.e.detectors:WARNING: Potentially reading uninitialized memory at instruction (address: 761232584922116974720361685910350732134728705811, offset 191)
2019-08-02 12:18:56,531: [3675] m.e.detectors:WARNING: Unsigned integer overflow at MUL instruction
2019-08-02 12:22:12,027: [3687] m.e.detectors:WARNING: Unsigned integer overflow at MUL instruction
2019-08-02 12:27:41,619: [3660] m.e.detectors:WARNING: Potentially reading uninitialized memory at instruction (address: 761232584922116974720361685910350732134728705811, offset 64)
2019-08-02 12:27:42,249: [3660] m.e.detectors:WARNING: Potentially reading uninitialized memory at instruction (address: 761232584922116974720361685910350732134728705811, offset 65)
2019-08-02 12:27:42,914: [3660] m.e.detectors:WARNING: Potentially reading uninitialized memory at instruction (address: 761232584922116974720361685910350732134728705811, offset 66)
2019-08-02 12:27:43,562: [3660] m.e.detectors:WARNING: Potentially reading uninitialized memory at instruction (address: 761232584922116974720361685910350732134728705811, offset 67)
2019-08-02 12:27:44,229: [3660] m.e.detectors:WARNING: Potentially reading uninitialized memory at instruction (address: 761232584922116974720361685910350732134728705811, offset 68)
2019-08-02 12:27:45,154: [3660] m.e.detectors:WARNING: Potentially reading uninitialized memory at instruction (address: 761232584922116974720361685910350732134728705811, offset 69)
2019-08-02 12:27:45,887: [3660] m.e.detectors:WARNING: Potentially reading uninitialized memory at instruction (address: 761232584922116974720361685910350732134728705811, offset 70)
2019-08-02 12:27:46,620: [3660] m.e.detectors:WARNING: Potentially reading uninitialized memory at instruction (address: 761232584922116974720361685910350732134728705811, offset 71)
2019-08-02 12:27:47,333: [3660] m.e.detectors:WARNING: Potentially reading uninitialized memory at instruction (address: 761232584922116974720361685910350732134728705811, offset 72)
2019-08-02 12:27:48,023: [3660] m.e.detectors:WARNING: Potentially reading uninitialized memory at instruction (address: 761232584922116974720361685910350732134728705811, offset 73)
2019-08-02 12:27:48,736: [3660] m.e.detectors:WARNING: Potentially reading uninitialized memory at instruction (address: 761232584922116974720361685910350732134728705811, offset 74)
2019-08-02 12:27:50,323: [3660] m.e.detectors:WARNING: Potentially reading uninitialized memory at instruction (address: 761232584922116974720361685910350732134728705811, offset 75)
2019-08-02 12:27:51,045: [3660] m.e.detectors:WARNING: Potentially reading uninitialized memory at instruction (address: 761232584922116974720361685910350732134728705811, offset 76)
2019-08-02 12:27:51,962: [3660] m.e.detectors:WARNING: Potentially reading uninitialized memory at instruction (address: 761232584922116974720361685910350732134728705811, offset 77)
2019-08-02 12:27:52,687: [3660] m.e.detectors:WARNING: Potentially reading uninitialized memory at instruction (address: 761232584922116974720361685910350732134728705811, offset 78)
2019-08-02 12:27:53,423: [3660] m.e.detectors:WARNING: Potentially reading uninitialized memory at instruction (address: 761232584922116974720361685910350732134728705811, offset 79)
2019-08-02 12:27:54,129: [3660] m.e.detectors:WARNING: Potentially reading uninitialized memory at instruction (address: 761232584922116974720361685910350732134728705811, offset 80)
2019-08-02 12:27:54,848: [3660] m.e.detectors:WARNING: Potentially reading uninitialized memory at instruction (address: 761232584922116974720361685910350732134728705811, offset 81)
2019-08-02 12:27:55,543: [3660] m.e.detectors:WARNING: Potentially reading uninitialized memory at instruction (address: 761232584922116974720361685910350732134728705811, offset 82)
2019-08-02 12:27:56,227: [3660] m.e.detectors:WARNING: Potentially reading uninitialized memory at instruction (address: 761232584922116974720361685910350732134728705811, offset 83)
2019-08-02 12:27:56,959: [3660] m.e.detectors:WARNING: Potentially reading uninitialized memory at instruction (address: 761232584922116974720361685910350732134728705811, offset 84)
2019-08-02 12:27:57,907: [3660] m.e.detectors:WARNING: Potentially reading uninitialized memory at instruction (address: 761232584922116974720361685910350732134728705811, offset 85)
2019-08-02 12:27:58,621: [3660] m.e.detectors:WARNING: Potentially reading uninitialized memory at instruction (address: 761232584922116974720361685910350732134728705811, offset 86)
2019-08-02 12:28:00,385: [3660] m.e.detectors:WARNING: Potentially reading uninitialized memory at instruction (address: 761232584922116974720361685910350732134728705811, offset 87)
2019-08-02 12:28:01,143: [3660] m.e.detectors:WARNING: Potentially reading uninitialized memory at instruction (address: 761232584922116974720361685910350732134728705811, offset 88)
2019-08-02 12:28:01,850: [3660] m.e.detectors:WARNING: Potentially reading uninitialized memory at instruction (address: 761232584922116974720361685910350732134728705811, offset 89)
2019-08-02 12:28:02,549: [3660] m.e.detectors:WARNING: Potentially reading uninitialized memory at instruction (address: 761232584922116974720361685910350732134728705811, offset 90)
2019-08-02 12:28:03,249: [3660] m.e.detectors:WARNING: Potentially reading uninitialized memory at instruction (address: 761232584922116974720361685910350732134728705811, offset 91)
2019-08-02 12:28:03,950: [3660] m.e.detectors:WARNING: Potentially reading uninitialized memory at instruction (address: 761232584922116974720361685910350732134728705811, offset 92)
2019-08-02 12:28:04,831: [3660] m.e.detectors:WARNING: Potentially reading uninitialized memory at instruction (address: 761232584922116974720361685910350732134728705811, offset 93)
2019-08-02 12:28:05,550: [3660] m.e.detectors:WARNING: Potentially reading uninitialized memory at instruction (address: 761232584922116974720361685910350732134728705811, offset 94)
2019-08-02 12:28:06,256: [3660] m.e.detectors:WARNING: Potentially reading uninitialized memory at instruction (address: 761232584922116974720361685910350732134728705811, offset 95)
2019-08-02 12:32:19,024: [3660] m.p.evm:WARNING: Concretizing RETURN's 2 argument and dropping its taints: the value might not be tracked properly (in case of using detectors)