2019-08-05 13:26:26,686: [12] m.main:INFO: Registered plugins: DetectReentrancySimple, DetectInvalid, DetectSuicidal, DetectUnusedRetVal, DetectIntegerOverflow, DetectDelegatecall, DetectEnvInstruction, DetectUninitializedStorage, DetectReentrancyAdvanced, DetectExternalCallAndLeak, DetectUninitializedMemory
2019-08-05 13:26:26,686: [12] m.main:INFO: Beginning analysis
2019-08-05 13:26:26,695: [12] m.e.manticore:INFO: Starting symbolic create contract
2019-08-05 13:26:27,684: [12] m.e.manticore:INFO: Starting symbolic transaction: 0
2019-08-05 13:26:28,385: [12] m.e.manticore:INFO: 0 alive states, 2 terminated states
2019-08-05 13:26:28,524: [12] m.e.manticore:INFO: Starting symbolic transaction: 1
2019-08-05 13:26:28,607: [582] m.c.manticore:INFO: Generated testcase No. 0 - RETURN(1 txs)
2019-08-05 13:26:28,609: [583] m.c.manticore:INFO: Generated testcase No. 1 - REVERT(2 txs)
2019-08-05 13:26:29,582: [12] m.c.manticore:INFO: Results in /mcore_bav52j_k
2019-08-05 13:26:30,597: [897] m.main:INFO: Registered plugins: DetectUnusedRetVal, DetectReentrancySimple, DetectExternalCallAndLeak, DetectSuicidal, DetectUninitializedStorage, DetectIntegerOverflow, DetectEnvInstruction, DetectReentrancyAdvanced, DetectInvalid, DetectDelegatecall, DetectUninitializedMemory
2019-08-05 13:26:30,598: [897] m.main:INFO: Beginning analysis
2019-08-05 13:26:30,607: [897] m.e.manticore:INFO: Starting symbolic create contract
2019-08-05 13:26:30,824: [941] m.c.manticore:INFO: Generated testcase No. 0 - NO STATE RESULT (?)(0 txs)
2019-08-05 13:26:31,144: [897] m.c.manticore:INFO: Results in /mcore_zsagpiwr
2019-08-05 13:26:31,958: [1200] m.main:INFO: Registered plugins: DetectReentrancySimple, DetectInvalid, DetectUnusedRetVal, DetectUninitializedStorage, DetectIntegerOverflow, DetectSuicidal, DetectExternalCallAndLeak, DetectReentrancyAdvanced, DetectEnvInstruction, DetectUninitializedMemory, DetectDelegatecall
2019-08-05 13:26:31,959: [1200] m.main:INFO: Beginning analysis
2019-08-05 13:26:31,973: [1200] m.e.manticore:INFO: Starting symbolic create contract
2019-08-05 13:26:32,148: [1244] m.c.manticore:INFO: Generated testcase No. 0 - NO STATE RESULT (?)(0 txs)
2019-08-05 13:26:32,479: [1200] m.c.manticore:INFO: Results in /mcore_56wzmq1w
2019-08-05 13:26:33,231: [1503] m.main:INFO: Registered plugins: DetectUnusedRetVal, DetectReentrancySimple, DetectInvalid, DetectSuicidal, DetectReentrancyAdvanced, DetectUninitializedStorage, DetectDelegatecall, DetectEnvInstruction, DetectIntegerOverflow, DetectUninitializedMemory, DetectExternalCallAndLeak
2019-08-05 13:26:33,231: [1503] m.main:INFO: Beginning analysis
2019-08-05 13:26:33,274: [1503] m.e.manticore:INFO: Starting symbolic create contract
2019-08-05 13:26:36,480: [1503] m.e.manticore:INFO: Starting symbolic transaction: 0
2019-08-05 13:26:40,800: [1503] m.e.manticore:INFO: 2 alive states, 8 terminated states
2019-08-05 13:26:42,227: [1503] m.e.manticore:INFO: Starting symbolic transaction: 1
2019-08-05 13:26:49,198: [1503] m.e.manticore:INFO: 4 alive states, 24 terminated states
2019-08-05 13:26:50,819: [4129] m.c.manticore:INFO: Generated testcase No. 0 - RETURN(3 txs)
2019-08-05 13:26:51,010: [4148] m.c.manticore:INFO: Generated testcase No. 1 - REVERT(2 txs)
2019-08-05 13:26:51,050: [4154] m.c.manticore:INFO: Generated testcase No. 2 - REVERT(2 txs)
2019-08-05 13:26:51,062: [4161] m.c.manticore:INFO: Generated testcase No. 4 - REVERT(2 txs)
2019-08-05 13:26:51,178: [4134] m.c.manticore:INFO: Generated testcase No. 7 - RETURN(3 txs)
2019-08-05 13:26:51,192: [4131] m.c.manticore:INFO: Generated testcase No. 3 - RETURN(3 txs)
2019-08-05 13:26:51,194: [4138] m.c.manticore:INFO: Generated testcase No. 5 - RETURN(3 txs)
2019-08-05 13:26:51,200: [4165] m.c.manticore:INFO: Generated testcase No. 6 - REVERT(2 txs)
2019-08-05 13:26:51,240: [4144] m.c.manticore:INFO: Generated testcase No. 8 - RETURN(1 txs)
2019-08-05 13:26:59,520: [4144] m.c.manticore:INFO: Generated testcase No. 9 - REVERT(2 txs)
2019-08-05 13:27:02,143: [4148] m.c.manticore:INFO: Generated testcase No. 10 - REVERT(2 txs)
2019-08-05 13:27:02,163: [4165] m.c.manticore:INFO: Generated testcase No. 11 - REVERT(2 txs)
2019-08-05 13:27:02,247: [4154] m.c.manticore:INFO: Generated testcase No. 12 - RETURN(2 txs)
2019-08-05 13:27:02,469: [4161] m.c.manticore:INFO: Generated testcase No. 13 - RETURN(2 txs)
2019-08-05 13:27:02,771: [4138] m.c.manticore:INFO: Generated testcase No. 14 - REVERT(3 txs)
2019-08-05 13:27:04,091: [4129] m.c.manticore:INFO: Generated testcase No. 15 - REVERT(3 txs)
2019-08-05 13:27:04,514: [4131] m.c.manticore:INFO: Generated testcase No. 16 - REVERT(3 txs)
2019-08-05 13:27:05,069: [4134] m.c.manticore:INFO: Generated testcase No. 17 - REVERT(3 txs)
2019-08-05 13:27:11,429: [4144] m.c.manticore:INFO: Generated testcase No. 18 - REVERT(3 txs)
2019-08-05 13:27:13,233: [4148] m.c.manticore:INFO: Generated testcase No. 19 - REVERT(3 txs)
2019-08-05 13:27:14,220: [4154] m.c.manticore:INFO: Generated testcase No. 20 - REVERT(3 txs)
2019-08-05 13:27:14,253: [4165] m.c.manticore:INFO: Generated testcase No. 21 - REVERT(3 txs)
2019-08-05 13:27:14,360: [4161] m.c.manticore:INFO: Generated testcase No. 22 - REVERT(3 txs)
2019-08-05 13:27:15,982: [4138] m.c.manticore:INFO: Generated testcase No. 23 - REVERT(3 txs)
2019-08-05 13:27:17,225: [4131] m.c.manticore:INFO: Generated testcase No. 24 - REVERT(3 txs)
2019-08-05 13:27:17,378: [4129] m.c.manticore:INFO: Generated testcase No. 25 - REVERT(3 txs)
2019-08-05 13:27:19,179: [4134] m.c.manticore:INFO: Generated testcase No. 26 - REVERT(3 txs)
2019-08-05 13:27:24,572: [4144] m.c.manticore:INFO: Generated testcase No. 27 - REVERT(3 txs)
2019-08-05 13:27:31,307: [1503] m.c.manticore:INFO: Results in /mcore_yx3d_v43
2019-08-05 13:27:34,037: [5316] m.main:INFO: Registered plugins: DetectExternalCallAndLeak, DetectSuicidal, DetectUninitializedStorage, DetectIntegerOverflow, DetectDelegatecall, DetectReentrancyAdvanced, DetectUninitializedMemory, DetectEnvInstruction, DetectReentrancySimple, DetectInvalid, DetectUnusedRetVal
2019-08-05 13:27:34,038: [5316] m.main:INFO: Beginning analysis
2019-08-05 13:27:34,072: [5316] m.e.manticore:INFO: Starting symbolic create contract
2019-08-05 13:27:51,104: [5316] m.e.manticore:INFO: Starting symbolic transaction: 0
2019-08-05 13:28:14,389: [6490] m.e.detectors:WARNING: Potentially reading uninitialized storage
2019-08-05 13:28:21,377: [6507] m.e.detectors:WARNING: Potentially reading uninitialized storage
2019-08-05 13:28:48,066: [6497] m.e.detectors:WARNING: Potentially reading uninitialized storage
2019-08-05 13:29:27,990: [6512] m.e.detectors:WARNING: Potentially reading uninitialized storage
2019-08-05 13:34:09,413: [6504] m.c.worker:ERROR: Exception in state 4: SolverError('',)
Traceback (most recent call last):
  File "/usr/local/lib/python3.6/dist-packages/manticore/platforms/evm.py", line 1213, in execute
    result = self._handler(*arguments)
  File "/usr/local/lib/python3.6/dist-packages/manticore/platforms/evm.py", line 1086, in _handler
    return implementation(*arguments)
  File "/usr/local/lib/python3.6/dist-packages/manticore/platforms/evm.py", line 1637, in CALLDATACOPY
    raise ConcretizeArgument(3, policy="SAMPLED")
manticore.platforms.evm.ConcretizeArgument: 3

During handling of the above exception, another exception occurred:

Traceback (most recent call last):
  File "/usr/local/lib/python3.6/dist-packages/manticore/core/worker.py", line 121, in run
    current_state.execute()
  File "/usr/local/lib/python3.6/dist-packages/manticore/ethereum/state.py", line 6, in execute
    return self._platform.execute()
  File "/usr/local/lib/python3.6/dist-packages/manticore/platforms/evm.py", line 2684, in execute
    self.current_vm.execute()
  File "/usr/local/lib/python3.6/dist-packages/manticore/platforms/evm.py", line 1279, in execute
    policy=ex.policy,
manticore.core.state.Concretize

During handling of the above exception, another exception occurred:

Traceback (most recent call last):
  File "/usr/local/lib/python3.6/dist-packages/manticore/core/worker.py", line 142, in run
    m._fork(current_state, exc.expression, exc.policy, exc.setstate)
  File "/usr/local/lib/python3.6/dist-packages/manticore/core/manticore.py", line 332, in _fork
    solutions = state.concretize(expression, policy)
  File "/usr/local/lib/python3.6/dist-packages/manticore/core/state.py", line 251, in concretize
    m, M = self._solver.minmax(self._constraints, symbolic)
  File "/usr/local/lib/python3.6/dist-packages/manticore/core/smtlib/solver.py", line 124, in minmax
    M = self.max(constraints, x, iters)
  File "/usr/local/lib/python3.6/dist-packages/manticore/core/smtlib/solver.py", line 107, in max
    return self.optimize(constraints, X, "maximize", M)
  File "/usr/local/lib/python3.6/dist-packages/manticore/core/smtlib/solver.py", line 508, in optimize
    while self._is_sat():
  File "/usr/local/lib/python3.6/dist-packages/manticore/core/smtlib/solver.py", line 328, in _is_sat
    raise SolverError(status)
manticore.exceptions.SolverError
 
2019-08-05 13:36:16,116: [6512] m.c.worker:ERROR: Exception in state 6: SolverError('',)
Traceback (most recent call last):
  File "/usr/local/lib/python3.6/dist-packages/manticore/core/worker.py", line 121, in run
    current_state.execute()
  File "/usr/local/lib/python3.6/dist-packages/manticore/ethereum/state.py", line 6, in execute
    return self._platform.execute()
  File "/usr/local/lib/python3.6/dist-packages/manticore/platforms/evm.py", line 2684, in execute
    self.current_vm.execute()
  File "/usr/local/lib/python3.6/dist-packages/manticore/platforms/evm.py", line 1210, in execute
    last_pc, last_gas, instruction, arguments, fee, allocated = self._checkpoint()
  File "/usr/local/lib/python3.6/dist-packages/manticore/platforms/evm.py", line 1109, in _checkpoint
    self._consume(fee)
  File "/usr/local/lib/python3.6/dist-packages/manticore/platforms/evm.py", line 972, in _consume
    self.constraints, constraint
  File "/usr/local/lib/python3.6/dist-packages/manticore/core/smtlib/solver.py", line 436, in get_all_values
    while self._is_sat():
  File "/usr/local/lib/python3.6/dist-packages/manticore/core/smtlib/solver.py", line 328, in _is_sat
    raise SolverError(status)
manticore.exceptions.SolverError
 
2019-08-05 13:47:53,624: [6490] m.c.worker:ERROR: Exception in state 2: SolverError('',)
Traceback (most recent call last):
  File "/usr/local/lib/python3.6/dist-packages/manticore/core/worker.py", line 121, in run
    current_state.execute()
  File "/usr/local/lib/python3.6/dist-packages/manticore/ethereum/state.py", line 6, in execute
    return self._platform.execute()
  File "/usr/local/lib/python3.6/dist-packages/manticore/platforms/evm.py", line 2684, in execute
    self.current_vm.execute()
  File "/usr/local/lib/python3.6/dist-packages/manticore/platforms/evm.py", line 1210, in execute
    last_pc, last_gas, instruction, arguments, fee, allocated = self._checkpoint()
  File "/usr/local/lib/python3.6/dist-packages/manticore/platforms/evm.py", line 1109, in _checkpoint
    self._consume(fee)
  File "/usr/local/lib/python3.6/dist-packages/manticore/platforms/evm.py", line 972, in _consume
    self.constraints, constraint
  File "/usr/local/lib/python3.6/dist-packages/manticore/core/smtlib/solver.py", line 436, in get_all_values
    while self._is_sat():
  File "/usr/local/lib/python3.6/dist-packages/manticore/core/smtlib/solver.py", line 328, in _is_sat
    raise SolverError(status)
manticore.exceptions.SolverError
 
2019-08-05 13:48:12,728: [6518] m.c.worker:ERROR: Exception in state 9: SolverError('',)
Traceback (most recent call last):
  File "/usr/local/lib/python3.6/dist-packages/manticore/core/worker.py", line 121, in run
    current_state.execute()
  File "/usr/local/lib/python3.6/dist-packages/manticore/ethereum/state.py", line 6, in execute
    return self._platform.execute()
  File "/usr/local/lib/python3.6/dist-packages/manticore/platforms/evm.py", line 2684, in execute
    self.current_vm.execute()
  File "/usr/local/lib/python3.6/dist-packages/manticore/platforms/evm.py", line 1210, in execute
    last_pc, last_gas, instruction, arguments, fee, allocated = self._checkpoint()
  File "/usr/local/lib/python3.6/dist-packages/manticore/platforms/evm.py", line 1109, in _checkpoint
    self._consume(fee)
  File "/usr/local/lib/python3.6/dist-packages/manticore/platforms/evm.py", line 972, in _consume
    self.constraints, constraint
  File "/usr/local/lib/python3.6/dist-packages/manticore/core/smtlib/solver.py", line 436, in get_all_values
    while self._is_sat():
  File "/usr/local/lib/python3.6/dist-packages/manticore/core/smtlib/solver.py", line 328, in _is_sat
    raise SolverError(status)
manticore.exceptions.SolverError
 
2019-08-05 13:50:55,560: [6497] m.p.evm:WARNING: Concretizing LOG's 2 argument and dropping its taints: the value might not be tracked properly (in case of using detectors)
2019-08-05 13:50:56,172: [6485] m.p.evm:WARNING: Concretizing LOG's 2 argument and dropping its taints: the value might not be tracked properly (in case of using detectors)
2019-08-05 13:50:59,841: [6483] m.p.evm:WARNING: Concretizing LOG's 2 argument and dropping its taints: the value might not be tracked properly (in case of using detectors)