2019-08-04 08:05:44,795: [13] m.main:INFO: Registered plugins: DetectUnusedRetVal, DetectUninitializedStorage, DetectDelegatecall, DetectEnvInstruction, DetectExternalCallAndLeak, DetectUninitializedMemory, DetectSuicidal, DetectIntegerOverflow, DetectReentrancyAdvanced, DetectReentrancySimple, DetectInvalid
2019-08-04 08:05:44,795: [13] m.main:INFO: Beginning analysis
2019-08-04 08:05:44,820: [13] m.e.manticore:INFO: Starting symbolic create contract
2019-08-04 08:05:44,937: [57] m.c.manticore:INFO: Generated testcase No. 0 - NO STATE RESULT (?)(0 txs)
2019-08-04 08:05:45,134: [13] m.c.manticore:INFO: Results in /mcore_5xa2h5gn
2019-08-04 08:05:45,838: [316] m.main:INFO: Registered plugins: DetectReentrancySimple, DetectInvalid, DetectUnusedRetVal, DetectReentrancyAdvanced, DetectDelegatecall, DetectUninitializedStorage, DetectIntegerOverflow, DetectSuicidal, DetectEnvInstruction, DetectUninitializedMemory, DetectExternalCallAndLeak
2019-08-04 08:05:45,838: [316] m.main:INFO: Beginning analysis
2019-08-04 08:05:45,848: [316] m.e.manticore:INFO: Starting symbolic create contract
2019-08-04 08:05:49,826: [316] m.e.manticore:INFO: Starting symbolic transaction: 0
2019-08-04 08:06:18,365: [316] m.e.manticore:INFO: 6 alive states, 10 terminated states
2019-08-04 08:06:21,114: [316] m.e.manticore:INFO: Starting symbolic transaction: 1
2019-08-04 08:10:21,206: [3462] m.e.detectors:WARNING: Potentially reading uninitialized storage
2019-08-04 08:13:44,450: [316] m.e.manticore:INFO: 36 alive states, 70 terminated states
2019-08-04 08:13:48,689: [20537] m.c.manticore:INFO: Generated testcase No. 0 - RETURN(3 txs)
2019-08-04 08:13:48,917: [20569] m.c.manticore:INFO: Generated testcase No. 1 - RETURN(3 txs)
2019-08-04 08:13:49,020: [20565] m.c.manticore:INFO: Generated testcase No. 4 - RETURN(3 txs)
2019-08-04 08:13:49,021: [20551] m.c.manticore:INFO: Generated testcase No. 2 - RETURN(3 txs)
2019-08-04 08:13:49,097: [20539] m.c.manticore:INFO: Generated testcase No. 5 - RETURN(3 txs)
2019-08-04 08:13:49,119: [20556] m.c.manticore:INFO: Generated testcase No. 3 - RETURN(3 txs)
2019-08-04 08:13:49,232: [20559] m.c.manticore:INFO: Generated testcase No. 8 - RETURN(3 txs)
2019-08-04 08:13:49,257: [20549] m.c.manticore:INFO: Generated testcase No. 7 - RETURN(3 txs)
2019-08-04 08:13:49,261: [20543] m.c.manticore:INFO: Generated testcase No. 6 - RETURN(3 txs)
2019-08-04 08:14:20,915: [20569] m.c.manticore:INFO: Generated testcase No. 9 - RETURN(3 txs)
2019-08-04 08:14:24,300: [20559] m.c.manticore:INFO: Generated testcase No. 10 - RETURN(3 txs)
2019-08-04 08:14:25,542: [20556] m.c.manticore:INFO: Generated testcase No. 11 - RETURN(3 txs)
2019-08-04 08:14:31,336: [20551] m.c.manticore:INFO: Generated testcase No. 12 - RETURN(3 txs)
2019-08-04 08:14:33,290: [20549] m.c.manticore:INFO: Generated testcase No. 13 - RETURN(3 txs)
2019-08-04 08:14:38,049: [20543] m.c.manticore:INFO: Generated testcase No. 14 - RETURN(3 txs)
2019-08-04 08:14:42,533: [20565] m.c.manticore:INFO: Generated testcase No. 15 - RETURN(3 txs)
2019-08-04 08:14:43,253: [20539] m.c.manticore:INFO: Generated testcase No. 16 - RETURN(3 txs)
2019-08-04 08:14:50,851: [20537] m.c.manticore:INFO: Generated testcase No. 17 - RETURN(3 txs)
2019-08-04 08:14:55,123: [20559] m.c.manticore:INFO: Generated testcase No. 18 - RETURN(3 txs)
2019-08-04 08:15:00,217: [20569] m.c.manticore:INFO: Generated testcase No. 19 - RETURN(3 txs)
2019-08-04 08:15:02,489: [20551] m.c.manticore:INFO: Generated testcase No. 20 - RETURN(3 txs)
2019-08-04 08:15:07,836: [20556] m.c.manticore:INFO: Generated testcase No. 21 - RETURN(3 txs)
2019-08-04 08:15:08,897: [20549] m.c.manticore:INFO: Generated testcase No. 22 - RETURN(3 txs)
2019-08-04 08:15:13,034: [20543] m.c.manticore:INFO: Generated testcase No. 23 - RETURN(3 txs)
2019-08-04 08:15:13,907: [20539] m.c.manticore:INFO: Generated testcase No. 24 - RETURN(3 txs)
2019-08-04 08:15:17,438: [20565] m.c.manticore:INFO: Generated testcase No. 25 - RETURN(3 txs)
2019-08-04 08:15:30,385: [20559] m.c.manticore:INFO: Generated testcase No. 26 - RETURN(3 txs)
2019-08-04 08:15:34,739: [20537] m.c.manticore:INFO: Generated testcase No. 27 - RETURN(3 txs)
2019-08-04 08:15:35,440: [20569] m.c.manticore:INFO: Generated testcase No. 28 - RETURN(3 txs)
2019-08-04 08:15:41,220: [20551] m.c.manticore:INFO: Generated testcase No. 29 - RETURN(3 txs)
2019-08-04 08:15:43,641: [20556] m.c.manticore:INFO: Generated testcase No. 30 - RETURN(3 txs)
2019-08-04 08:15:45,652: [20549] m.c.manticore:INFO: Generated testcase No. 31 - RETURN(3 txs)
2019-08-04 08:15:48,179: [20543] m.c.manticore:INFO: Generated testcase No. 32 - RETURN(3 txs)
2019-08-04 08:15:49,235: [20565] m.c.manticore:INFO: Generated testcase No. 33 - RETURN(3 txs)
2019-08-04 08:15:49,425: [20539] m.c.manticore:INFO: Generated testcase No. 34 - RETURN(3 txs)
2019-08-04 08:15:57,337: [20559] m.c.manticore:INFO: Generated testcase No. 35 - RETURN(3 txs)
2019-08-04 08:16:04,308: [20537] m.c.manticore:INFO: Generated testcase No. 36 - RETURN(1 txs)
2019-08-04 08:16:08,136: [20569] m.c.manticore:INFO: Generated testcase No. 37 - REVERT(2 txs)
2019-08-04 08:16:08,980: [20551] m.c.manticore:INFO: Generated testcase No. 38 - REVERT(2 txs)
2019-08-04 08:16:12,227: [20556] m.c.manticore:INFO: Generated testcase No. 39 - REVERT(2 txs)
2019-08-04 08:16:14,076: [20543] m.c.manticore:INFO: Generated testcase No. 40 - REVERT(2 txs)
2019-08-04 08:16:14,586: [20539] m.c.manticore:INFO: Generated testcase No. 41 - REVERT(2 txs)
2019-08-04 08:16:15,916: [20549] m.c.manticore:INFO: Generated testcase No. 42 - REVERT(2 txs)
2019-08-04 08:16:16,741: [20565] m.c.manticore:INFO: Generated testcase No. 43 - REVERT(2 txs)
2019-08-04 08:16:24,712: [20537] m.c.manticore:INFO: Generated testcase No. 44 - REVERT(2 txs)
2019-08-04 08:16:24,785: [20559] m.c.manticore:INFO: Generated testcase No. 45 - REVERT(2 txs)
2019-08-04 08:16:31,007: [20569] m.c.manticore:INFO: Generated testcase No. 46 - RETURN(2 txs)
2019-08-04 08:16:32,711: [20551] m.c.manticore:INFO: Generated testcase No. 47 - RETURN(2 txs)
2019-08-04 08:16:33,717: [20556] m.c.manticore:INFO: Generated testcase No. 48 - RETURN(2 txs)
2019-08-04 08:16:36,879: [20543] m.c.manticore:INFO: Generated testcase No. 49 - RETURN(2 txs)
2019-08-04 08:16:37,227: [20539] m.c.manticore:INFO: Generated testcase No. 50 - RETURN(2 txs)
2019-08-04 08:16:38,189: [20549] m.c.manticore:INFO: Generated testcase No. 51 - RETURN(2 txs)
2019-08-04 08:16:40,143: [20565] m.c.manticore:INFO: Generated testcase No. 52 - REVERT(3 txs)
2019-08-04 08:16:47,820: [20537] m.c.manticore:INFO: Generated testcase No. 53 - REVERT(3 txs)
2019-08-04 08:16:48,600: [20559] m.c.manticore:INFO: Generated testcase No. 54 - REVERT(3 txs)
2019-08-04 08:16:54,926: [20569] m.c.manticore:INFO: Generated testcase No. 55 - REVERT(3 txs)
2019-08-04 08:16:57,696: [20556] m.c.manticore:INFO: Generated testcase No. 56 - REVERT(3 txs)
2019-08-04 08:16:59,091: [20551] m.c.manticore:INFO: Generated testcase No. 57 - REVERT(3 txs)
2019-08-04 08:17:03,188: [20539] m.c.manticore:INFO: Generated testcase No. 58 - REVERT(3 txs)
2019-08-04 08:17:04,110: [20543] m.c.manticore:INFO: Generated testcase No. 59 - REVERT(3 txs)
2019-08-04 08:17:04,442: [20549] m.c.manticore:INFO: Generated testcase No. 60 - REVERT(3 txs)
2019-08-04 08:17:06,444: [20565] m.c.manticore:INFO: Generated testcase No. 61 - REVERT(3 txs)
2019-08-04 08:17:14,339: [20537] m.c.manticore:INFO: Generated testcase No. 62 - REVERT(3 txs)
2019-08-04 08:17:15,994: [20559] m.c.manticore:INFO: Generated testcase No. 63 - REVERT(3 txs)
2019-08-04 08:17:24,827: [20569] m.c.manticore:INFO: Generated testcase No. 64 - REVERT(3 txs)
2019-08-04 08:17:29,437: [20551] m.c.manticore:INFO: Generated testcase No. 65 - REVERT(3 txs)
2019-08-04 08:17:30,011: [20556] m.c.manticore:INFO: Generated testcase No. 66 - REVERT(3 txs)
2019-08-04 08:17:31,631: [20543] m.c.manticore:INFO: Generated testcase No. 67 - REVERT(3 txs)
2019-08-04 08:17:31,952: [20549] m.c.manticore:INFO: Generated testcase No. 68 - REVERT(3 txs)
2019-08-04 08:17:32,588: [20539] m.c.manticore:INFO: Generated testcase No. 69 - REVERT(3 txs)
2019-08-04 08:17:37,414: [20565] m.c.manticore:INFO: Generated testcase No. 70 - REVERT(3 txs)
2019-08-04 08:17:48,286: [20537] m.c.manticore:INFO: Generated testcase No. 71 - REVERT(3 txs)
2019-08-04 08:17:49,782: [20559] m.c.manticore:INFO: Generated testcase No. 72 - REVERT(3 txs)
2019-08-04 08:17:55,280: [20569] m.c.manticore:INFO: Generated testcase No. 73 - REVERT(3 txs)
2019-08-04 08:17:55,342: [20556] m.c.manticore:INFO: Generated testcase No. 74 - REVERT(3 txs)
2019-08-04 08:17:55,364: [20551] m.c.manticore:INFO: Generated testcase No. 75 - REVERT(3 txs)
2019-08-04 08:17:55,594: [20549] m.c.manticore:INFO: Generated testcase No. 76 - REVERT(3 txs)
2019-08-04 08:17:57,620: [20543] m.c.manticore:INFO: Generated testcase No. 77 - REVERT(3 txs)
2019-08-04 08:18:12,124: [20565] m.c.manticore:INFO: Generated testcase No. 78 - REVERT(3 txs)
2019-08-04 08:18:13,383: [20539] m.c.manticore:INFO: Generated testcase No. 79 - REVERT(3 txs)
2019-08-04 08:18:17,503: [20537] m.c.manticore:INFO: Generated testcase No. 80 - REVERT(3 txs)
2019-08-04 08:18:18,110: [20559] m.c.manticore:INFO: Generated testcase No. 81 - REVERT(3 txs)
2019-08-04 08:18:23,236: [20543] m.c.manticore:INFO: Generated testcase No. 82 - REVERT(3 txs)
2019-08-04 08:18:25,140: [20549] m.c.manticore:INFO: Generated testcase No. 83 - REVERT(3 txs)
2019-08-04 08:18:25,206: [20551] m.c.manticore:INFO: Generated testcase No. 84 - REVERT(3 txs)
2019-08-04 08:18:26,181: [20569] m.c.manticore:INFO: Generated testcase No. 85 - REVERT(3 txs)
2019-08-04 08:18:26,506: [20556] m.c.manticore:INFO: Generated testcase No. 86 - REVERT(3 txs)
2019-08-04 08:18:36,021: [20565] m.c.manticore:INFO: Generated testcase No. 87 - REVERT(3 txs)
2019-08-04 08:18:41,118: [20539] m.c.manticore:INFO: Generated testcase No. 88 - REVERT(3 txs)
2019-08-04 08:18:42,814: [20537] m.c.manticore:INFO: Generated testcase No. 89 - REVERT(3 txs)
2019-08-04 08:18:50,008: [20559] m.c.manticore:INFO: Generated testcase No. 90 - REVERT(3 txs)
2019-08-04 08:18:52,906: [20543] m.c.manticore:INFO: Generated testcase No. 91 - REVERT(3 txs)
2019-08-04 08:18:54,792: [20556] m.c.manticore:INFO: Generated testcase No. 92 - REVERT(3 txs)
2019-08-04 08:18:55,907: [20551] m.c.manticore:INFO: Generated testcase No. 93 - REVERT(3 txs)
2019-08-04 08:18:58,314: [20569] m.c.manticore:INFO: Generated testcase No. 94 - REVERT(3 txs)
2019-08-04 08:18:59,584: [20549] m.c.manticore:INFO: Generated testcase No. 95 - REVERT(3 txs)
2019-08-04 08:19:07,402: [20565] m.c.manticore:INFO: Generated testcase No. 96 - REVERT(3 txs)
2019-08-04 08:19:11,421: [20539] m.c.manticore:INFO: Generated testcase No. 97 - REVERT(3 txs)
2019-08-04 08:19:13,305: [20537] m.c.manticore:INFO: Generated testcase No. 98 - REVERT(3 txs)
2019-08-04 08:19:19,420: [20559] m.c.manticore:INFO: Generated testcase No. 99 - REVERT(3 txs)
2019-08-04 08:19:23,497: [20543] m.c.manticore:INFO: Generated testcase No. 100 - REVERT(3 txs)
2019-08-04 08:19:25,743: [20551] m.c.manticore:INFO: Generated testcase No. 101 - REVERT(3 txs)
2019-08-04 08:19:26,035: [20556] m.c.manticore:INFO: Generated testcase No. 102 - REVERT(3 txs)
2019-08-04 08:19:27,095: [20569] m.c.manticore:INFO: Generated testcase No. 103 - REVERT(3 txs)
2019-08-04 08:19:30,913: [20549] m.c.manticore:INFO: Generated testcase No. 104 - REVERT(3 txs)
2019-08-04 08:19:37,405: [20565] m.c.manticore:INFO: Generated testcase No. 105 - REVERT(3 txs)
2019-08-04 08:19:56,085: [316] m.c.manticore:INFO: Results in /mcore_zp_zgb8y
2019-08-04 08:20:02,539: [24296] m.main:INFO: Registered plugins: DetectReentrancySimple, DetectInvalid, DetectSuicidal, DetectReentrancyAdvanced, DetectUninitializedStorage, DetectDelegatecall, DetectEnvInstruction, DetectUninitializedMemory, DetectUnusedRetVal, DetectExternalCallAndLeak, DetectIntegerOverflow
2019-08-04 08:20:02,539: [24296] m.main:INFO: Beginning analysis
2019-08-04 08:20:02,550: [24296] m.e.manticore:INFO: Starting symbolic create contract
2019-08-04 08:20:47,923: [24296] m.e.manticore:INFO: Starting symbolic transaction: 0
2019-08-04 08:21:24,453: [25781] m.e.detectors:WARNING: Potentially reading uninitialized storage
2019-08-04 08:21:37,522: [25792] m.e.detectors:WARNING: Potentially reading uninitialized storage
2019-08-04 08:22:10,215: [25797] m.e.detectors:WARNING: Potentially reading uninitialized storage
2019-08-04 08:22:28,643: [25787] m.e.detectors:WARNING: Potentially reading uninitialized storage
2019-08-04 08:23:43,390: [25805] m.e.detectors:WARNING: Potentially reading uninitialized memory at instruction (address: 776740653322033491046121129126821374832909863158, offset 128)
2019-08-04 08:23:45,547: [25805] m.e.detectors:WARNING: Potentially reading uninitialized memory at instruction (address: 776740653322033491046121129126821374832909863158, offset 129)
2019-08-04 08:23:46,731: [25805] m.e.detectors:WARNING: Potentially reading uninitialized memory at instruction (address: 776740653322033491046121129126821374832909863158, offset 130)
2019-08-04 08:23:47,744: [25805] m.e.detectors:WARNING: Potentially reading uninitialized memory at instruction (address: 776740653322033491046121129126821374832909863158, offset 131)
2019-08-04 08:23:48,654: [25805] m.e.detectors:WARNING: Potentially reading uninitialized memory at instruction (address: 776740653322033491046121129126821374832909863158, offset 132)
2019-08-04 08:23:49,819: [25805] m.e.detectors:WARNING: Potentially reading uninitialized memory at instruction (address: 776740653322033491046121129126821374832909863158, offset 133)
2019-08-04 08:23:51,943: [25805] m.e.detectors:WARNING: Potentially reading uninitialized memory at instruction (address: 776740653322033491046121129126821374832909863158, offset 134)
2019-08-04 08:23:53,147: [25805] m.e.detectors:WARNING: Potentially reading uninitialized memory at instruction (address: 776740653322033491046121129126821374832909863158, offset 135)
2019-08-04 08:23:54,399: [25805] m.e.detectors:WARNING: Potentially reading uninitialized memory at instruction (address: 776740653322033491046121129126821374832909863158, offset 136)
2019-08-04 08:23:57,055: [25805] m.e.detectors:WARNING: Potentially reading uninitialized memory at instruction (address: 776740653322033491046121129126821374832909863158, offset 137)
2019-08-04 08:23:59,823: [25770] m.c.worker:ERROR: Exception in state 2: SolverError('',)
Traceback (most recent call last):
  File "/usr/local/lib/python3.6/dist-packages/manticore/platforms/evm.py", line 1213, in execute
    result = self._handler(*arguments)
  File "/usr/local/lib/python3.6/dist-packages/manticore/platforms/evm.py", line 1086, in _handler
    return implementation(*arguments)
  File "/usr/local/lib/python3.6/dist-packages/manticore/platforms/evm.py", line 1637, in CALLDATACOPY
    raise ConcretizeArgument(3, policy="SAMPLED")
manticore.platforms.evm.ConcretizeArgument: 3

During handling of the above exception, another exception occurred:

Traceback (most recent call last):
  File "/usr/local/lib/python3.6/dist-packages/manticore/core/worker.py", line 121, in run
    current_state.execute()
  File "/usr/local/lib/python3.6/dist-packages/manticore/ethereum/state.py", line 6, in execute
    return self._platform.execute()
  File "/usr/local/lib/python3.6/dist-packages/manticore/platforms/evm.py", line 2684, in execute
    self.current_vm.execute()
  File "/usr/local/lib/python3.6/dist-packages/manticore/platforms/evm.py", line 1279, in execute
    policy=ex.policy,
manticore.core.state.Concretize

During handling of the above exception, another exception occurred:

Traceback (most recent call last):
  File "/usr/local/lib/python3.6/dist-packages/manticore/core/worker.py", line 142, in run
    m._fork(current_state, exc.expression, exc.policy, exc.setstate)
  File "/usr/local/lib/python3.6/dist-packages/manticore/core/manticore.py", line 332, in _fork
    solutions = state.concretize(expression, policy)
  File "/usr/local/lib/python3.6/dist-packages/manticore/core/state.py", line 251, in concretize
    m, M = self._solver.minmax(self._constraints, symbolic)
  File "/usr/local/lib/python3.6/dist-packages/manticore/core/smtlib/solver.py", line 123, in minmax
    m = self.min(constraints, x, iters)
  File "/usr/local/lib/python3.6/dist-packages/manticore/core/smtlib/solver.py", line 118, in min
    return self.optimize(constraints, X, "minimize", M)
  File "/usr/local/lib/python3.6/dist-packages/manticore/core/smtlib/solver.py", line 508, in optimize
    while self._is_sat():
  File "/usr/local/lib/python3.6/dist-packages/manticore/core/smtlib/solver.py", line 328, in _is_sat
    raise SolverError(status)
manticore.exceptions.SolverError
 
2019-08-04 08:24:00,338: [25805] m.e.detectors:WARNING: Potentially reading uninitialized memory at instruction (address: 776740653322033491046121129126821374832909863158, offset 138)
2019-08-04 08:24:01,152: [25805] m.e.detectors:WARNING: Potentially reading uninitialized memory at instruction (address: 776740653322033491046121129126821374832909863158, offset 139)
2019-08-04 08:24:01,835: [25805] m.e.detectors:WARNING: Potentially reading uninitialized memory at instruction (address: 776740653322033491046121129126821374832909863158, offset 140)
2019-08-04 08:24:02,523: [25805] m.e.detectors:WARNING: Potentially reading uninitialized memory at instruction (address: 776740653322033491046121129126821374832909863158, offset 141)
2019-08-04 08:24:03,342: [25805] m.e.detectors:WARNING: Potentially reading uninitialized memory at instruction (address: 776740653322033491046121129126821374832909863158, offset 142)
2019-08-04 08:24:04,047: [25805] m.e.detectors:WARNING: Potentially reading uninitialized memory at instruction (address: 776740653322033491046121129126821374832909863158, offset 143)
2019-08-04 08:24:04,935: [25805] m.e.detectors:WARNING: Potentially reading uninitialized memory at instruction (address: 776740653322033491046121129126821374832909863158, offset 144)
2019-08-04 08:24:07,853: [25805] m.e.detectors:WARNING: Potentially reading uninitialized memory at instruction (address: 776740653322033491046121129126821374832909863158, offset 145)
2019-08-04 08:24:07,887: [25776] m.e.detectors:WARNING: Potentially reading uninitialized memory at instruction (address: 776740653322033491046121129126821374832909863158, offset 128)
2019-08-04 08:24:08,461: [25805] m.e.detectors:WARNING: Potentially reading uninitialized memory at instruction (address: 776740653322033491046121129126821374832909863158, offset 146)
2019-08-04 08:24:08,702: [25776] m.e.detectors:WARNING: Potentially reading uninitialized memory at instruction (address: 776740653322033491046121129126821374832909863158, offset 129)
2019-08-04 08:24:09,443: [25776] m.e.detectors:WARNING: Potentially reading uninitialized memory at instruction (address: 776740653322033491046121129126821374832909863158, offset 130)
2019-08-04 08:24:09,851: [25805] m.e.detectors:WARNING: Potentially reading uninitialized memory at instruction (address: 776740653322033491046121129126821374832909863158, offset 147)
2019-08-04 08:24:10,153: [25776] m.e.detectors:WARNING: Potentially reading uninitialized memory at instruction (address: 776740653322033491046121129126821374832909863158, offset 131)
2019-08-04 08:24:10,642: [25805] m.e.detectors:WARNING: Potentially reading uninitialized memory at instruction (address: 776740653322033491046121129126821374832909863158, offset 148)
2019-08-04 08:24:10,942: [25776] m.e.detectors:WARNING: Potentially reading uninitialized memory at instruction (address: 776740653322033491046121129126821374832909863158, offset 132)
2019-08-04 08:24:11,339: [25805] m.e.detectors:WARNING: Potentially reading uninitialized memory at instruction (address: 776740653322033491046121129126821374832909863158, offset 149)
2019-08-04 08:24:11,859: [25776] m.e.detectors:WARNING: Potentially reading uninitialized memory at instruction (address: 776740653322033491046121129126821374832909863158, offset 133)
2019-08-04 08:24:12,191: [25805] m.e.detectors:WARNING: Potentially reading uninitialized memory at instruction (address: 776740653322033491046121129126821374832909863158, offset 150)
2019-08-04 08:24:12,602: [25776] m.e.detectors:WARNING: Potentially reading uninitialized memory at instruction (address: 776740653322033491046121129126821374832909863158, offset 134)
2019-08-04 08:24:12,852: [25805] m.e.detectors:WARNING: Potentially reading uninitialized memory at instruction (address: 776740653322033491046121129126821374832909863158, offset 151)
2019-08-04 08:24:13,315: [25776] m.e.detectors:WARNING: Potentially reading uninitialized memory at instruction (address: 776740653322033491046121129126821374832909863158, offset 135)
2019-08-04 08:24:13,536: [25805] m.e.detectors:WARNING: Potentially reading uninitialized memory at instruction (address: 776740653322033491046121129126821374832909863158, offset 152)
2019-08-04 08:24:13,959: [25776] m.e.detectors:WARNING: Potentially reading uninitialized memory at instruction (address: 776740653322033491046121129126821374832909863158, offset 136)
2019-08-04 08:24:14,435: [25805] m.e.detectors:WARNING: Potentially reading uninitialized memory at instruction (address: 776740653322033491046121129126821374832909863158, offset 153)
2019-08-04 08:24:14,710: [25776] m.e.detectors:WARNING: Potentially reading uninitialized memory at instruction (address: 776740653322033491046121129126821374832909863158, offset 137)
2019-08-04 08:24:15,128: [25805] m.e.detectors:WARNING: Potentially reading uninitialized memory at instruction (address: 776740653322033491046121129126821374832909863158, offset 154)
2019-08-04 08:24:15,423: [25776] m.e.detectors:WARNING: Potentially reading uninitialized memory at instruction (address: 776740653322033491046121129126821374832909863158, offset 138)
2019-08-04 08:24:15,849: [25805] m.e.detectors:WARNING: Potentially reading uninitialized memory at instruction (address: 776740653322033491046121129126821374832909863158, offset 155)
2019-08-04 08:24:16,535: [25805] m.e.detectors:WARNING: Potentially reading uninitialized memory at instruction (address: 776740653322033491046121129126821374832909863158, offset 156)
2019-08-04 08:24:17,234: [25805] m.e.detectors:WARNING: Potentially reading uninitialized memory at instruction (address: 776740653322033491046121129126821374832909863158, offset 157)
2019-08-04 08:24:17,245: [25776] m.e.detectors:WARNING: Potentially reading uninitialized memory at instruction (address: 776740653322033491046121129126821374832909863158, offset 139)
2019-08-04 08:24:18,228: [25776] m.e.detectors:WARNING: Potentially reading uninitialized memory at instruction (address: 776740653322033491046121129126821374832909863158, offset 140)
2019-08-04 08:24:18,231: [25805] m.e.detectors:WARNING: Potentially reading uninitialized memory at instruction (address: 776740653322033491046121129126821374832909863158, offset 158)
2019-08-04 08:24:18,931: [25776] m.e.detectors:WARNING: Potentially reading uninitialized memory at instruction (address: 776740653322033491046121129126821374832909863158, offset 141)
2019-08-04 08:24:19,735: [25805] m.e.detectors:WARNING: Potentially reading uninitialized memory at instruction (address: 776740653322033491046121129126821374832909863158, offset 159)
2019-08-04 08:24:19,927: [25776] m.e.detectors:WARNING: Potentially reading uninitialized memory at instruction (address: 776740653322033491046121129126821374832909863158, offset 142)
2019-08-04 08:24:20,635: [25776] m.e.detectors:WARNING: Potentially reading uninitialized memory at instruction (address: 776740653322033491046121129126821374832909863158, offset 143)
2019-08-04 08:24:21,339: [25776] m.e.detectors:WARNING: Potentially reading uninitialized memory at instruction (address: 776740653322033491046121129126821374832909863158, offset 144)
2019-08-04 08:24:22,030: [25805] m.e.detectors:WARNING: Potentially reading uninitialized memory at instruction (address: 776740653322033491046121129126821374832909863158, offset 128)
2019-08-04 08:24:23,323: [25776] m.e.detectors:WARNING: Potentially reading uninitialized memory at instruction (address: 776740653322033491046121129126821374832909863158, offset 145)
2019-08-04 08:24:23,432: [25805] m.e.detectors:WARNING: Potentially reading uninitialized memory at instruction (address: 776740653322033491046121129126821374832909863158, offset 129)
2019-08-04 08:24:23,948: [25776] m.e.detectors:WARNING: Potentially reading uninitialized memory at instruction (address: 776740653322033491046121129126821374832909863158, offset 146)
2019-08-04 08:24:24,426: [25805] m.e.detectors:WARNING: Potentially reading uninitialized memory at instruction (address: 776740653322033491046121129126821374832909863158, offset 130)
2019-08-04 08:24:24,625: [25776] m.e.detectors:WARNING: Potentially reading uninitialized memory at instruction (address: 776740653322033491046121129126821374832909863158, offset 147)
2019-08-04 08:24:25,137: [25805] m.e.detectors:WARNING: Potentially reading uninitialized memory at instruction (address: 776740653322033491046121129126821374832909863158, offset 131)
2019-08-04 08:24:25,318: [25776] m.e.detectors:WARNING: Potentially reading uninitialized memory at instruction (address: 776740653322033491046121129126821374832909863158, offset 148)
2019-08-04 08:24:25,930: [25805] m.e.detectors:WARNING: Potentially reading uninitialized memory at instruction (address: 776740653322033491046121129126821374832909863158, offset 132)
2019-08-04 08:24:25,947: [25776] m.e.detectors:WARNING: Potentially reading uninitialized memory at instruction (address: 776740653322033491046121129126821374832909863158, offset 149)
2019-08-04 08:24:26,722: [25776] m.e.detectors:WARNING: Potentially reading uninitialized memory at instruction (address: 776740653322033491046121129126821374832909863158, offset 150)
2019-08-04 08:24:26,732: [25805] m.e.detectors:WARNING: Potentially reading uninitialized memory at instruction (address: 776740653322033491046121129126821374832909863158, offset 133)
2019-08-04 08:24:27,458: [25776] m.e.detectors:WARNING: Potentially reading uninitialized memory at instruction (address: 776740653322033491046121129126821374832909863158, offset 151)
2019-08-04 08:24:27,529: [25805] m.e.detectors:WARNING: Potentially reading uninitialized memory at instruction (address: 776740653322033491046121129126821374832909863158, offset 134)
2019-08-04 08:24:28,227: [25805] m.e.detectors:WARNING: Potentially reading uninitialized memory at instruction (address: 776740653322033491046121129126821374832909863158, offset 135)
2019-08-04 08:24:28,402: [25776] m.e.detectors:WARNING: Potentially reading uninitialized memory at instruction (address: 776740653322033491046121129126821374832909863158, offset 152)
2019-08-04 08:24:28,948: [25805] m.e.detectors:WARNING: Potentially reading uninitialized memory at instruction (address: 776740653322033491046121129126821374832909863158, offset 136)
2019-08-04 08:24:29,041: [25776] m.e.detectors:WARNING: Potentially reading uninitialized memory at instruction (address: 776740653322033491046121129126821374832909863158, offset 153)
2019-08-04 08:24:29,655: [25805] m.e.detectors:WARNING: Potentially reading uninitialized memory at instruction (address: 776740653322033491046121129126821374832909863158, offset 137)
2019-08-04 08:24:30,342: [25805] m.e.detectors:WARNING: Potentially reading uninitialized memory at instruction (address: 776740653322033491046121129126821374832909863158, offset 138)
2019-08-04 08:24:31,123: [25776] m.e.detectors:WARNING: Potentially reading uninitialized memory at instruction (address: 776740653322033491046121129126821374832909863158, offset 154)
2019-08-04 08:24:31,352: [25805] m.e.detectors:WARNING: Potentially reading uninitialized memory at instruction (address: 776740653322033491046121129126821374832909863158, offset 139)
2019-08-04 08:24:31,821: [25776] m.e.detectors:WARNING: Potentially reading uninitialized memory at instruction (address: 776740653322033491046121129126821374832909863158, offset 155)
2019-08-04 08:24:32,147: [25805] m.e.detectors:WARNING: Potentially reading uninitialized memory at instruction (address: 776740653322033491046121129126821374832909863158, offset 140)
2019-08-04 08:24:32,530: [25776] m.e.detectors:WARNING: Potentially reading uninitialized memory at instruction (address: 776740653322033491046121129126821374832909863158, offset 156)
2019-08-04 08:24:33,323: [25776] m.e.detectors:WARNING: Potentially reading uninitialized memory at instruction (address: 776740653322033491046121129126821374832909863158, offset 157)
2019-08-04 08:24:34,035: [25805] m.e.detectors:WARNING: Potentially reading uninitialized memory at instruction (address: 776740653322033491046121129126821374832909863158, offset 141)
2019-08-04 08:24:34,057: [25776] m.e.detectors:WARNING: Potentially reading uninitialized memory at instruction (address: 776740653322033491046121129126821374832909863158, offset 158)
2019-08-04 08:24:34,807: [25776] m.e.detectors:WARNING: Potentially reading uninitialized memory at instruction (address: 776740653322033491046121129126821374832909863158, offset 159)
2019-08-04 08:24:34,827: [25805] m.e.detectors:WARNING: Potentially reading uninitialized memory at instruction (address: 776740653322033491046121129126821374832909863158, offset 142)
2019-08-04 08:24:35,531: [25805] m.e.detectors:WARNING: Potentially reading uninitialized memory at instruction (address: 776740653322033491046121129126821374832909863158, offset 143)
2019-08-04 08:24:36,203: [25805] m.e.detectors:WARNING: Potentially reading uninitialized memory at instruction (address: 776740653322033491046121129126821374832909863158, offset 144)
2019-08-04 08:24:37,015: [25805] m.e.detectors:WARNING: Potentially reading uninitialized memory at instruction (address: 776740653322033491046121129126821374832909863158, offset 145)
2019-08-04 08:24:37,027: [25776] m.e.detectors:WARNING: Potentially reading uninitialized memory at instruction (address: 776740653322033491046121129126821374832909863158, offset 128)
2019-08-04 08:24:37,799: [25805] m.e.detectors:WARNING: Potentially reading uninitialized memory at instruction (address: 776740653322033491046121129126821374832909863158, offset 146)
2019-08-04 08:24:37,939: [25776] m.e.detectors:WARNING: Potentially reading uninitialized memory at instruction (address: 776740653322033491046121129126821374832909863158, offset 129)
2019-08-04 08:24:38,627: [25805] m.e.detectors:WARNING: Potentially reading uninitialized memory at instruction (address: 776740653322033491046121129126821374832909863158, offset 147)
2019-08-04 08:24:38,732: [25776] m.e.detectors:WARNING: Potentially reading uninitialized memory at instruction (address: 776740653322033491046121129126821374832909863158, offset 130)
2019-08-04 08:24:39,411: [25776] m.e.detectors:WARNING: Potentially reading uninitialized memory at instruction (address: 776740653322033491046121129126821374832909863158, offset 131)
2019-08-04 08:24:39,637: [25805] m.e.detectors:WARNING: Potentially reading uninitialized memory at instruction (address: 776740653322033491046121129126821374832909863158, offset 148)
2019-08-04 08:24:40,148: [25776] m.e.detectors:WARNING: Potentially reading uninitialized memory at instruction (address: 776740653322033491046121129126821374832909863158, offset 132)
2019-08-04 08:24:40,422: [25805] m.e.detectors:WARNING: Potentially reading uninitialized memory at instruction (address: 776740653322033491046121129126821374832909863158, offset 149)
2019-08-04 08:24:40,937: [25776] m.e.detectors:WARNING: Potentially reading uninitialized memory at instruction (address: 776740653322033491046121129126821374832909863158, offset 133)
2019-08-04 08:24:41,227: [25805] m.e.detectors:WARNING: Potentially reading uninitialized memory at instruction (address: 776740653322033491046121129126821374832909863158, offset 150)
2019-08-04 08:24:41,645: [25776] m.e.detectors:WARNING: Potentially reading uninitialized memory at instruction (address: 776740653322033491046121129126821374832909863158, offset 134)
2019-08-04 08:24:41,982: [25805] m.e.detectors:WARNING: Potentially reading uninitialized memory at instruction (address: 776740653322033491046121129126821374832909863158, offset 151)
2019-08-04 08:24:42,393: [25776] m.e.detectors:WARNING: Potentially reading uninitialized memory at instruction (address: 776740653322033491046121129126821374832909863158, offset 135)
2019-08-04 08:24:42,750: [25805] m.e.detectors:WARNING: Potentially reading uninitialized memory at instruction (address: 776740653322033491046121129126821374832909863158, offset 152)
2019-08-04 08:24:43,147: [25776] m.e.detectors:WARNING: Potentially reading uninitialized memory at instruction (address: 776740653322033491046121129126821374832909863158, offset 136)
2019-08-04 08:24:43,528: [25805] m.e.detectors:WARNING: Potentially reading uninitialized memory at instruction (address: 776740653322033491046121129126821374832909863158, offset 153)
2019-08-04 08:24:44,137: [25776] m.e.detectors:WARNING: Potentially reading uninitialized memory at instruction (address: 776740653322033491046121129126821374832909863158, offset 137)
2019-08-04 08:24:44,317: [25805] m.e.detectors:WARNING: Potentially reading uninitialized memory at instruction (address: 776740653322033491046121129126821374832909863158, offset 154)
2019-08-04 08:24:44,844: [25776] m.e.detectors:WARNING: Potentially reading uninitialized memory at instruction (address: 776740653322033491046121129126821374832909863158, offset 138)
2019-08-04 08:24:45,043: [25805] m.e.detectors:WARNING: Potentially reading uninitialized memory at instruction (address: 776740653322033491046121129126821374832909863158, offset 155)
2019-08-04 08:24:45,635: [25776] m.e.detectors:WARNING: Potentially reading uninitialized memory at instruction (address: 776740653322033491046121129126821374832909863158, offset 139)
2019-08-04 08:24:46,049: [25805] m.e.detectors:WARNING: Potentially reading uninitialized memory at instruction (address: 776740653322033491046121129126821374832909863158, offset 156)
2019-08-04 08:24:46,358: [25776] m.e.detectors:WARNING: Potentially reading uninitialized memory at instruction (address: 776740653322033491046121129126821374832909863158, offset 140)
2019-08-04 08:24:46,894: [25805] m.e.detectors:WARNING: Potentially reading uninitialized memory at instruction (address: 776740653322033491046121129126821374832909863158, offset 157)
2019-08-04 08:24:47,731: [25805] m.e.detectors:WARNING: Potentially reading uninitialized memory at instruction (address: 776740653322033491046121129126821374832909863158, offset 158)
2019-08-04 08:24:48,830: [25776] m.e.detectors:WARNING: Potentially reading uninitialized memory at instruction (address: 776740653322033491046121129126821374832909863158, offset 141)
2019-08-04 08:24:49,756: [25805] m.e.detectors:WARNING: Potentially reading uninitialized memory at instruction (address: 776740653322033491046121129126821374832909863158, offset 159)
2019-08-04 08:24:49,903: [25776] m.e.detectors:WARNING: Potentially reading uninitialized memory at instruction (address: 776740653322033491046121129126821374832909863158, offset 142)
2019-08-04 08:24:50,619: [25776] m.e.detectors:WARNING: Potentially reading uninitialized memory at instruction (address: 776740653322033491046121129126821374832909863158, offset 143)
2019-08-04 08:24:51,395: [25776] m.e.detectors:WARNING: Potentially reading uninitialized memory at instruction (address: 776740653322033491046121129126821374832909863158, offset 144)
2019-08-04 08:24:52,326: [25776] m.e.detectors:WARNING: Potentially reading uninitialized memory at instruction (address: 776740653322033491046121129126821374832909863158, offset 145)
2019-08-04 08:24:53,637: [25776] m.e.detectors:WARNING: Potentially reading uninitialized memory at instruction (address: 776740653322033491046121129126821374832909863158, offset 146)
2019-08-04 08:24:54,779: [25776] m.e.detectors:WARNING: Potentially reading uninitialized memory at instruction (address: 776740653322033491046121129126821374832909863158, offset 147)
2019-08-04 08:24:55,727: [25776] m.e.detectors:WARNING: Potentially reading uninitialized memory at instruction (address: 776740653322033491046121129126821374832909863158, offset 148)
2019-08-04 08:24:56,727: [25776] m.e.detectors:WARNING: Potentially reading uninitialized memory at instruction (address: 776740653322033491046121129126821374832909863158, offset 149)
2019-08-04 08:24:57,817: [25776] m.e.detectors:WARNING: Potentially reading uninitialized memory at instruction (address: 776740653322033491046121129126821374832909863158, offset 150)
2019-08-04 08:24:58,987: [25776] m.e.detectors:WARNING: Potentially reading uninitialized memory at instruction (address: 776740653322033491046121129126821374832909863158, offset 151)
2019-08-04 08:25:00,115: [25776] m.e.detectors:WARNING: Potentially reading uninitialized memory at instruction (address: 776740653322033491046121129126821374832909863158, offset 152)
2019-08-04 08:25:01,235: [25776] m.e.detectors:WARNING: Potentially reading uninitialized memory at instruction (address: 776740653322033491046121129126821374832909863158, offset 153)
2019-08-04 08:25:02,243: [25776] m.e.detectors:WARNING: Potentially reading uninitialized memory at instruction (address: 776740653322033491046121129126821374832909863158, offset 154)
2019-08-04 08:25:03,514: [25776] m.e.detectors:WARNING: Potentially reading uninitialized memory at instruction (address: 776740653322033491046121129126821374832909863158, offset 155)
2019-08-04 08:25:04,649: [25776] m.e.detectors:WARNING: Potentially reading uninitialized memory at instruction (address: 776740653322033491046121129126821374832909863158, offset 156)
2019-08-04 08:25:05,551: [25776] m.e.detectors:WARNING: Potentially reading uninitialized memory at instruction (address: 776740653322033491046121129126821374832909863158, offset 157)
2019-08-04 08:25:06,635: [25776] m.e.detectors:WARNING: Potentially reading uninitialized memory at instruction (address: 776740653322033491046121129126821374832909863158, offset 158)
2019-08-04 08:25:07,651: [25776] m.e.detectors:WARNING: Potentially reading uninitialized memory at instruction (address: 776740653322033491046121129126821374832909863158, offset 159)
2019-08-04 08:29:06,186: [25797] m.e.detectors:WARNING: Potentially reading uninitialized memory at instruction (address: 776740653322033491046121129126821374832909863158, offset 160)
2019-08-04 08:29:08,902: [25797] m.e.detectors:WARNING: Potentially reading uninitialized memory at instruction (address: 776740653322033491046121129126821374832909863158, offset 161)
2019-08-04 08:29:11,519: [25797] m.e.detectors:WARNING: Potentially reading uninitialized memory at instruction (address: 776740653322033491046121129126821374832909863158, offset 162)
2019-08-04 08:29:15,787: [25797] m.e.detectors:WARNING: Potentially reading uninitialized memory at instruction (address: 776740653322033491046121129126821374832909863158, offset 163)
2019-08-04 08:29:18,918: [25797] m.e.detectors:WARNING: Potentially reading uninitialized memory at instruction (address: 776740653322033491046121129126821374832909863158, offset 164)
2019-08-04 08:29:26,482: [25797] m.e.detectors:WARNING: Potentially reading uninitialized memory at instruction (address: 776740653322033491046121129126821374832909863158, offset 165)
2019-08-04 08:29:29,802: [25797] m.e.detectors:WARNING: Potentially reading uninitialized memory at instruction (address: 776740653322033491046121129126821374832909863158, offset 166)
2019-08-04 08:29:32,803: [25797] m.e.detectors:WARNING: Potentially reading uninitialized memory at instruction (address: 776740653322033491046121129126821374832909863158, offset 167)
2019-08-04 08:29:35,695: [25797] m.e.detectors:WARNING: Potentially reading uninitialized memory at instruction (address: 776740653322033491046121129126821374832909863158, offset 168)
2019-08-04 08:29:38,917: [25797] m.e.detectors:WARNING: Potentially reading uninitialized memory at instruction (address: 776740653322033491046121129126821374832909863158, offset 169)
2019-08-04 08:29:41,890: [25797] m.e.detectors:WARNING: Potentially reading uninitialized memory at instruction (address: 776740653322033491046121129126821374832909863158, offset 170)
2019-08-04 08:29:45,138: [25797] m.e.detectors:WARNING: Potentially reading uninitialized memory at instruction (address: 776740653322033491046121129126821374832909863158, offset 171)
2019-08-04 08:29:52,204: [25797] m.e.detectors:WARNING: Potentially reading uninitialized memory at instruction (address: 776740653322033491046121129126821374832909863158, offset 172)
2019-08-04 08:29:52,828: [25781] m.e.detectors:WARNING: Potentially reading uninitialized memory at instruction (address: 776740653322033491046121129126821374832909863158, offset 160)
2019-08-04 08:29:55,578: [25797] m.e.detectors:WARNING: Potentially reading uninitialized memory at instruction (address: 776740653322033491046121129126821374832909863158, offset 173)
2019-08-04 08:29:56,398: [25781] m.e.detectors:WARNING: Potentially reading uninitialized memory at instruction (address: 776740653322033491046121129126821374832909863158, offset 161)
2019-08-04 08:30:00,522: [25797] m.e.detectors:WARNING: Potentially reading uninitialized memory at instruction (address: 776740653322033491046121129126821374832909863158, offset 174)
2019-08-04 08:30:01,015: [25781] m.e.detectors:WARNING: Potentially reading uninitialized memory at instruction (address: 776740653322033491046121129126821374832909863158, offset 162)
2019-08-04 08:30:03,641: [25797] m.e.detectors:WARNING: Potentially reading uninitialized memory at instruction (address: 776740653322033491046121129126821374832909863158, offset 175)
2019-08-04 08:30:04,614: [25781] m.e.detectors:WARNING: Potentially reading uninitialized memory at instruction (address: 776740653322033491046121129126821374832909863158, offset 163)
2019-08-04 08:30:07,431: [25797] m.e.detectors:WARNING: Potentially reading uninitialized memory at instruction (address: 776740653322033491046121129126821374832909863158, offset 176)
2019-08-04 08:30:10,295: [25781] m.e.detectors:WARNING: Potentially reading uninitialized memory at instruction (address: 776740653322033491046121129126821374832909863158, offset 164)
2019-08-04 08:30:12,778: [25781] m.e.detectors:WARNING: Potentially reading uninitialized memory at instruction (address: 776740653322033491046121129126821374832909863158, offset 165)
2019-08-04 08:30:15,407: [25797] m.e.detectors:WARNING: Potentially reading uninitialized memory at instruction (address: 776740653322033491046121129126821374832909863158, offset 177)
2019-08-04 08:30:15,823: [25781] m.e.detectors:WARNING: Potentially reading uninitialized memory at instruction (address: 776740653322033491046121129126821374832909863158, offset 166)
2019-08-04 08:30:18,430: [25797] m.e.detectors:WARNING: Potentially reading uninitialized memory at instruction (address: 776740653322033491046121129126821374832909863158, offset 178)
2019-08-04 08:30:18,479: [25781] m.e.detectors:WARNING: Potentially reading uninitialized memory at instruction (address: 776740653322033491046121129126821374832909863158, offset 167)
2019-08-04 08:30:21,331: [25797] m.e.detectors:WARNING: Potentially reading uninitialized memory at instruction (address: 776740653322033491046121129126821374832909863158, offset 179)
2019-08-04 08:30:21,531: [25781] m.e.detectors:WARNING: Potentially reading uninitialized memory at instruction (address: 776740653322033491046121129126821374832909863158, offset 168)
2019-08-04 08:30:24,911: [25781] m.e.detectors:WARNING: Potentially reading uninitialized memory at instruction (address: 776740653322033491046121129126821374832909863158, offset 169)
2019-08-04 08:30:25,186: [25797] m.e.detectors:WARNING: Potentially reading uninitialized memory at instruction (address: 776740653322033491046121129126821374832909863158, offset 180)
2019-08-04 08:30:28,290: [25797] m.e.detectors:WARNING: Potentially reading uninitialized memory at instruction (address: 776740653322033491046121129126821374832909863158, offset 181)
2019-08-04 08:30:29,318: [25781] m.e.detectors:WARNING: Potentially reading uninitialized memory at instruction (address: 776740653322033491046121129126821374832909863158, offset 170)
2019-08-04 08:30:31,491: [25797] m.e.detectors:WARNING: Potentially reading uninitialized memory at instruction (address: 776740653322033491046121129126821374832909863158, offset 182)
2019-08-04 08:30:32,494: [25781] m.e.detectors:WARNING: Potentially reading uninitialized memory at instruction (address: 776740653322033491046121129126821374832909863158, offset 171)
2019-08-04 08:30:34,399: [25797] m.e.detectors:WARNING: Potentially reading uninitialized memory at instruction (address: 776740653322033491046121129126821374832909863158, offset 183)
2019-08-04 08:30:35,522: [25781] m.e.detectors:WARNING: Potentially reading uninitialized memory at instruction (address: 776740653322033491046121129126821374832909863158, offset 172)
2019-08-04 08:30:37,483: [25797] m.e.detectors:WARNING: Potentially reading uninitialized memory at instruction (address: 776740653322033491046121129126821374832909863158, offset 184)
2019-08-04 08:30:37,834: [25781] m.e.detectors:WARNING: Potentially reading uninitialized memory at instruction (address: 776740653322033491046121129126821374832909863158, offset 173)
2019-08-04 08:30:40,343: [25797] m.e.detectors:WARNING: Potentially reading uninitialized memory at instruction (address: 776740653322033491046121129126821374832909863158, offset 185)
2019-08-04 08:30:43,703: [25797] m.e.detectors:WARNING: Potentially reading uninitialized memory at instruction (address: 776740653322033491046121129126821374832909863158, offset 186)
2019-08-04 08:30:44,131: [25781] m.e.detectors:WARNING: Potentially reading uninitialized memory at instruction (address: 776740653322033491046121129126821374832909863158, offset 174)
2019-08-04 08:30:46,828: [25797] m.e.detectors:WARNING: Potentially reading uninitialized memory at instruction (address: 776740653322033491046121129126821374832909863158, offset 187)
2019-08-04 08:30:47,234: [25781] m.e.detectors:WARNING: Potentially reading uninitialized memory at instruction (address: 776740653322033491046121129126821374832909863158, offset 175)
2019-08-04 08:30:50,011: [25797] m.e.detectors:WARNING: Potentially reading uninitialized memory at instruction (address: 776740653322033491046121129126821374832909863158, offset 188)
2019-08-04 08:30:50,777: [25781] m.e.detectors:WARNING: Potentially reading uninitialized memory at instruction (address: 776740653322033491046121129126821374832909863158, offset 176)
2019-08-04 08:30:54,291: [25797] m.e.detectors:WARNING: Potentially reading uninitialized memory at instruction (address: 776740653322033491046121129126821374832909863158, offset 189)
2019-08-04 08:30:54,528: [25781] m.e.detectors:WARNING: Potentially reading uninitialized memory at instruction (address: 776740653322033491046121129126821374832909863158, offset 177)
2019-08-04 08:30:57,123: [25797] m.e.detectors:WARNING: Potentially reading uninitialized memory at instruction (address: 776740653322033491046121129126821374832909863158, offset 190)
2019-08-04 08:30:57,598: [25781] m.e.detectors:WARNING: Potentially reading uninitialized memory at instruction (address: 776740653322033491046121129126821374832909863158, offset 178)
[Errno 12] Cannot allocate memory Probably too many cached expressions? visitors._cache...
2019-08-04 08:31:00,886: [25797] m.c.worker:ERROR: Exception in state 7: Z3NotFoundError()
Traceback (most recent call last):
  File "/usr/local/lib/python3.6/dist-packages/manticore/core/smtlib/solver.py", line 205, in _start_proc
    close_fds=True,
  File "/usr/lib/python3.6/subprocess.py", line 729, in __init__
    restore_signals, start_new_session)
  File "/usr/lib/python3.6/subprocess.py", line 1295, in _execute_child
    restore_signals, start_new_session, preexec_fn)
OSError: [Errno 12] Cannot allocate memory

During handling of the above exception, another exception occurred:

Traceback (most recent call last):
  File "/usr/local/lib/python3.6/dist-packages/manticore/core/worker.py", line 121, in run
    current_state.execute()
  File "/usr/local/lib/python3.6/dist-packages/manticore/ethereum/state.py", line 6, in execute
    return self._platform.execute()
  File "/usr/local/lib/python3.6/dist-packages/manticore/platforms/evm.py", line 2684, in execute
    self.current_vm.execute()
  File "/usr/local/lib/python3.6/dist-packages/manticore/platforms/evm.py", line 1213, in execute
    result = self._handler(*arguments)
  File "/usr/local/lib/python3.6/dist-packages/manticore/platforms/evm.py", line 1086, in _handler
    return implementation(*arguments)
  File "/usr/local/lib/python3.6/dist-packages/manticore/platforms/evm.py", line 1790, in MLOAD
    value = self._load(address, 32)
  File "/usr/local/lib/python3.6/dist-packages/manticore/platforms/evm.py", line 1312, in _load
    "did_evm_read_memory", offset + i, Operators.EXTRACT(value, (size - i - 1) * 8, 8)
  File "/usr/local/lib/python3.6/dist-packages/manticore/utils/event.py", line 128, in _publish
    self._publish_impl(_name, *args, **kwargs)
  File "/usr/local/lib/python3.6/dist-packages/manticore/utils/event.py", line 145, in _publish_impl
    sink._publish_impl(_name, *args, **kwargs)
  File "/usr/local/lib/python3.6/dist-packages/manticore/utils/event.py", line 145, in _publish_impl
    sink._publish_impl(_name, *args, **kwargs)
  File "/usr/local/lib/python3.6/dist-packages/manticore/utils/event.py", line 143, in _publish_impl
    sink._publish_impl(_name, self, *args, **kwargs)
  File "/usr/local/lib/python3.6/dist-packages/manticore/utils/event.py", line 136, in _publish_impl
    callback(robj(), *args, **kwargs)
  File "/usr/local/lib/python3.6/dist-packages/manticore/ethereum/detectors.py", line 665, in did_evm_read_memory_callback
    if state.can_be_true(cbu):
  File "/usr/local/lib/python3.6/dist-packages/manticore/core/state.py", line 297, in can_be_true
    return self._solver.can_be_true(self._constraints, expr)
  File "/usr/local/lib/python3.6/dist-packages/manticore/core/smtlib/solver.py", line 401, in can_be_true
    self._reset(temp_cs.to_string(related_to=expression))
  File "/usr/local/lib/python3.6/dist-packages/manticore/core/smtlib/solver.py", line 275, in _reset
    self._start_proc()
  File "/usr/local/lib/python3.6/dist-packages/manticore/core/smtlib/solver.py", line 210, in _start_proc
    raise Z3NotFoundError  # TODO(mark) don't catch this exception in two places
manticore.exceptions.Z3NotFoundError
 
2019-08-04 08:31:02,418: [25781] m.e.detectors:WARNING: Potentially reading uninitialized memory at instruction (address: 776740653322033491046121129126821374832909863158, offset 179)
2019-08-04 08:31:05,735: [25781] m.e.detectors:WARNING: Potentially reading uninitialized memory at instruction (address: 776740653322033491046121129126821374832909863158, offset 180)
2019-08-04 08:31:08,424: [25781] m.e.detectors:WARNING: Potentially reading uninitialized memory at instruction (address: 776740653322033491046121129126821374832909863158, offset 181)
2019-08-04 08:31:11,082: [25781] m.e.detectors:WARNING: Potentially reading uninitialized memory at instruction (address: 776740653322033491046121129126821374832909863158, offset 182)
2019-08-04 08:31:12,939: [25781] m.e.detectors:WARNING: Potentially reading uninitialized memory at instruction (address: 776740653322033491046121129126821374832909863158, offset 183)
2019-08-04 08:31:14,428: [25781] m.e.detectors:WARNING: Potentially reading uninitialized memory at instruction (address: 776740653322033491046121129126821374832909863158, offset 184)
2019-08-04 08:31:16,002: [25781] m.e.detectors:WARNING: Potentially reading uninitialized memory at instruction (address: 776740653322033491046121129126821374832909863158, offset 185)
2019-08-04 08:31:17,603: [25781] m.e.detectors:WARNING: Potentially reading uninitialized memory at instruction (address: 776740653322033491046121129126821374832909863158, offset 186)
2019-08-04 08:31:20,935: [25781] m.e.detectors:WARNING: Potentially reading uninitialized memory at instruction (address: 776740653322033491046121129126821374832909863158, offset 187)
2019-08-04 08:31:22,979: [25781] m.e.detectors:WARNING: Potentially reading uninitialized memory at instruction (address: 776740653322033491046121129126821374832909863158, offset 188)
2019-08-04 08:31:24,702: [25781] m.e.detectors:WARNING: Potentially reading uninitialized memory at instruction (address: 776740653322033491046121129126821374832909863158, offset 189)
2019-08-04 08:31:26,318: [25781] m.e.detectors:WARNING: Potentially reading uninitialized memory at instruction (address: 776740653322033491046121129126821374832909863158, offset 190)
2019-08-04 08:31:28,177: [25781] m.e.detectors:WARNING: Potentially reading uninitialized memory at instruction (address: 776740653322033491046121129126821374832909863158, offset 191)