2019-07-31 23:44:07,732: [12] m.main:INFO: Registered plugins: DetectReentrancySimple, DetectInvalid, DetectSuicidal, DetectUninitializedMemory, DetectEnvInstruction, DetectDelegatecall, DetectUninitializedStorage, DetectIntegerOverflow, DetectReentrancyAdvanced, DetectUnusedRetVal, DetectExternalCallAndLeak
2019-07-31 23:44:07,733: [12] m.main:INFO: Beginning analysis
2019-07-31 23:44:07,748: [12] m.e.manticore:INFO: Starting symbolic create contract
2019-07-31 23:44:09,610: [12] m.e.manticore:INFO: Starting symbolic transaction: 0
2019-07-31 23:44:19,262: [12] m.e.manticore:INFO: 2 alive states, 6 terminated states
2019-07-31 23:44:20,144: [12] m.e.manticore:INFO: Starting symbolic transaction: 1
2019-07-31 23:45:07,394: [12] m.e.manticore:INFO: 4 alive states, 18 terminated states
2019-07-31 23:45:09,118: [3058] m.c.manticore:INFO: Generated testcase No. 0 - RETURN(3 txs)
2019-07-31 23:45:09,147: [3102] m.c.manticore:INFO: Generated testcase No. 1 - RETURN(3 txs)
2019-07-31 23:45:09,152: [3060] m.c.manticore:INFO: Generated testcase No. 2 - RETURN(3 txs)
2019-07-31 23:45:09,211: [3061] m.c.manticore:INFO: Generated testcase No. 3 - RETURN(3 txs)
2019-07-31 23:45:09,471: [3131] m.c.manticore:INFO: Generated testcase No. 4 - RETURN(1 txs)
2019-07-31 23:45:09,707: [3132] m.c.manticore:INFO: Generated testcase No. 5 - REVERT(2 txs)
2019-07-31 23:45:09,722: [3129] m.c.manticore:INFO: Generated testcase No. 6 - REVERT(2 txs)
2019-07-31 23:45:09,744: [3130] m.c.manticore:INFO: Generated testcase No. 7 - REVERT(2 txs)
2019-07-31 23:45:26,037: [3131] m.c.manticore:INFO: Generated testcase No. 8 - REVERT(2 txs)
2019-07-31 23:45:34,380: [3129] m.c.manticore:INFO: Generated testcase No. 9 - REVERT(2 txs)
2019-07-31 23:45:38,825: [3130] m.c.manticore:INFO: Generated testcase No. 10 - RETURN(2 txs)
2019-07-31 23:45:40,978: [3132] m.c.manticore:INFO: Generated testcase No. 11 - RETURN(2 txs)
2019-07-31 23:45:41,815: [3102] m.c.manticore:INFO: Generated testcase No. 12 - REVERT(3 txs)
2019-07-31 23:45:42,702: [3061] m.c.manticore:INFO: Generated testcase No. 13 - REVERT(3 txs)
2019-07-31 23:46:01,092: [3060] m.c.manticore:INFO: Generated testcase No. 14 - REVERT(3 txs)
2019-07-31 23:46:02,401: [3131] m.c.manticore:INFO: Generated testcase No. 15 - REVERT(3 txs)
2019-07-31 23:46:13,102: [3058] m.c.manticore:INFO: Generated testcase No. 16 - REVERT(3 txs)
2019-07-31 23:46:15,525: [3129] m.c.manticore:INFO: Generated testcase No. 17 - REVERT(3 txs)
2019-07-31 23:46:15,843: [3130] m.c.manticore:INFO: Generated testcase No. 18 - REVERT(3 txs)
2019-07-31 23:46:19,234: [3132] m.c.manticore:INFO: Generated testcase No. 19 - REVERT(3 txs)
2019-07-31 23:46:23,307: [3102] m.c.manticore:INFO: Generated testcase No. 20 - REVERT(3 txs)
2019-07-31 23:46:25,845: [3061] m.c.manticore:INFO: Generated testcase No. 21 - REVERT(3 txs)
2019-07-31 23:47:06,176: [12] m.c.manticore:INFO: Results in /mcore_xy0zl7xv
2019-07-31 23:47:18,706: [3953] m.main:INFO: Registered plugins: DetectDelegatecall, DetectReentrancySimple, DetectInvalid, DetectUnusedRetVal, DetectReentrancyAdvanced, DetectEnvInstruction, DetectUninitializedStorage, DetectIntegerOverflow, DetectSuicidal, DetectExternalCallAndLeak, DetectUninitializedMemory
2019-07-31 23:47:18,709: [3953] m.main:INFO: Beginning analysis
2019-07-31 23:47:18,742: [3953] m.e.manticore:INFO: Starting symbolic create contract
2019-07-31 23:47:18,973: [3997] m.c.manticore:INFO: Generated testcase No. 0 - NO STATE RESULT (?)(0 txs)
2019-07-31 23:47:19,373: [3953] m.c.manticore:INFO: Results in /mcore_7nkotpel
2019-07-31 23:47:20,413: [4256] m.main:INFO: Registered plugins: DetectReentrancySimple, DetectInvalid, DetectUnusedRetVal, DetectDelegatecall, DetectUninitializedStorage, DetectEnvInstruction, DetectReentrancyAdvanced, DetectIntegerOverflow, DetectSuicidal, DetectUninitializedMemory, DetectExternalCallAndLeak
2019-07-31 23:47:20,414: [4256] m.main:INFO: Beginning analysis
2019-07-31 23:47:20,447: [4256] m.e.manticore:INFO: Starting symbolic create contract
2019-07-31 23:47:24,996: [4300] m.c.manticore:INFO: Generated testcase No. 0 - NO STATE RESULT (?)(0 txs)
2019-07-31 23:47:27,050: [4256] m.c.manticore:INFO: Results in /mcore_etjr96ud
2019-07-31 23:47:28,630: [4560] m.main:INFO: Registered plugins: DetectReentrancyAdvanced, DetectReentrancySimple, DetectUninitializedMemory, DetectSuicidal, DetectExternalCallAndLeak, DetectUnusedRetVal, DetectInvalid, DetectUninitializedStorage, DetectEnvInstruction, DetectDelegatecall, DetectIntegerOverflow
2019-07-31 23:47:28,630: [4560] m.main:INFO: Beginning analysis
2019-07-31 23:47:28,644: [4560] m.e.manticore:INFO: Starting symbolic create contract
2019-07-31 23:47:32,460: [4560] m.e.manticore:INFO: Starting symbolic transaction: 0
2019-07-31 23:47:40,295: [4560] m.e.manticore:INFO: 2 alive states, 8 terminated states
2019-07-31 23:47:41,998: [4560] m.e.manticore:INFO: Starting symbolic transaction: 1
2019-07-31 23:47:59,718: [4560] m.e.manticore:INFO: 4 alive states, 24 terminated states
2019-07-31 23:48:01,977: [7607] m.c.manticore:INFO: Generated testcase No. 0 - RETURN(3 txs)
2019-07-31 23:48:02,144: [7610] m.c.manticore:INFO: Generated testcase No. 1 - RETURN(3 txs)
2019-07-31 23:48:02,185: [7635] m.c.manticore:INFO: Generated testcase No. 4 - REVERT(2 txs)
2019-07-31 23:48:02,185: [7614] m.c.manticore:INFO: Generated testcase No. 2 - RETURN(3 txs)
2019-07-31 23:48:02,229: [7624] m.c.manticore:INFO: Generated testcase No. 3 - REVERT(2 txs)
2019-07-31 23:48:02,298: [7617] m.c.manticore:INFO: Generated testcase No. 5 - RETURN(1 txs)
2019-07-31 23:48:02,321: [7620] m.c.manticore:INFO: Generated testcase No. 6 - REVERT(2 txs)
2019-07-31 23:48:02,413: [7630] m.c.manticore:INFO: Generated testcase No. 8 - REVERT(2 txs)
2019-07-31 23:48:02,446: [7609] m.c.manticore:INFO: Generated testcase No. 7 - RETURN(3 txs)
2019-07-31 23:48:24,896: [7620] m.c.manticore:INFO: Generated testcase No. 9 - REVERT(2 txs)
2019-07-31 23:48:25,094: [7635] m.c.manticore:INFO: Generated testcase No. 10 - REVERT(2 txs)
2019-07-31 23:48:29,534: [7617] m.c.manticore:INFO: Generated testcase No. 11 - REVERT(2 txs)
2019-07-31 23:48:30,224: [7624] m.c.manticore:INFO: Generated testcase No. 12 - RETURN(2 txs)
2019-07-31 23:48:34,214: [7630] m.c.manticore:INFO: Generated testcase No. 13 - RETURN(2 txs)
2019-07-31 23:48:35,841: [7614] m.c.manticore:INFO: Generated testcase No. 14 - REVERT(3 txs)
2019-07-31 23:48:38,675: [7610] m.c.manticore:INFO: Generated testcase No. 15 - REVERT(3 txs)
2019-07-31 23:48:50,216: [7609] m.c.manticore:INFO: Generated testcase No. 16 - REVERT(3 txs)
2019-07-31 23:48:51,416: [7607] m.c.manticore:INFO: Generated testcase No. 17 - REVERT(3 txs)
2019-07-31 23:48:54,131: [7620] m.c.manticore:INFO: Generated testcase No. 18 - REVERT(3 txs)
2019-07-31 23:49:04,088: [7617] m.c.manticore:INFO: Generated testcase No. 19 - REVERT(3 txs)
2019-07-31 23:49:09,211: [7614] m.c.manticore:INFO: Generated testcase No. 20 - REVERT(3 txs)
2019-07-31 23:49:09,596: [7624] m.c.manticore:INFO: Generated testcase No. 21 - REVERT(3 txs)
2019-07-31 23:49:09,887: [7635] m.c.manticore:INFO: Generated testcase No. 22 - REVERT(3 txs)
2019-07-31 23:49:11,125: [7630] m.c.manticore:INFO: Generated testcase No. 23 - REVERT(3 txs)
2019-07-31 23:49:26,394: [7610] m.c.manticore:INFO: Generated testcase No. 24 - REVERT(3 txs)
2019-07-31 23:49:36,688: [7607] m.c.manticore:INFO: Generated testcase No. 25 - REVERT(3 txs)
2019-07-31 23:49:38,539: [7609] m.c.manticore:INFO: Generated testcase No. 26 - REVERT(3 txs)
2019-07-31 23:49:39,232: [7620] m.c.manticore:INFO: Generated testcase No. 27 - REVERT(3 txs)
2019-07-31 23:49:56,963: [4560] m.c.manticore:INFO: Results in /mcore_a3fxzmie
2019-07-31 23:50:11,133: [8806] m.main:INFO: Registered plugins: DetectUninitializedStorage, DetectIntegerOverflow, DetectSuicidal, DetectExternalCallAndLeak, DetectEnvInstruction, DetectUnusedRetVal, DetectUninitializedMemory, DetectReentrancyAdvanced, DetectDelegatecall, DetectReentrancySimple, DetectInvalid
2019-07-31 23:50:11,133: [8806] m.main:INFO: Beginning analysis
2019-07-31 23:50:11,142: [8806] m.e.manticore:INFO: Starting symbolic create contract
2019-07-31 23:50:43,212: [8806] m.e.manticore:INFO: Starting symbolic transaction: 0
2019-07-31 23:53:07,847: [9910] m.c.worker:ERROR: Exception in state 3: SolverError('',)
Traceback (most recent call last):
  File "/usr/local/lib/python3.6/dist-packages/manticore/core/worker.py", line 121, in run
    current_state.execute()
  File "/usr/local/lib/python3.6/dist-packages/manticore/ethereum/state.py", line 6, in execute
    return self._platform.execute()
  File "/usr/local/lib/python3.6/dist-packages/manticore/platforms/evm.py", line 2684, in execute
    self.current_vm.execute()
  File "/usr/local/lib/python3.6/dist-packages/manticore/platforms/evm.py", line 1210, in execute
    last_pc, last_gas, instruction, arguments, fee, allocated = self._checkpoint()
  File "/usr/local/lib/python3.6/dist-packages/manticore/platforms/evm.py", line 1109, in _checkpoint
    self._consume(fee)
  File "/usr/local/lib/python3.6/dist-packages/manticore/platforms/evm.py", line 972, in _consume
    self.constraints, constraint
  File "/usr/local/lib/python3.6/dist-packages/manticore/core/smtlib/solver.py", line 436, in get_all_values
    while self._is_sat():
  File "/usr/local/lib/python3.6/dist-packages/manticore/core/smtlib/solver.py", line 328, in _is_sat
    raise SolverError(status)
manticore.exceptions.SolverError
 
2019-07-31 23:56:42,531: [9936] m.c.worker:ERROR: Exception in state 8: SolverError('',)
Traceback (most recent call last):
  File "/usr/local/lib/python3.6/dist-packages/manticore/core/worker.py", line 121, in run
    current_state.execute()
  File "/usr/local/lib/python3.6/dist-packages/manticore/ethereum/state.py", line 6, in execute
    return self._platform.execute()
  File "/usr/local/lib/python3.6/dist-packages/manticore/platforms/evm.py", line 2684, in execute
    self.current_vm.execute()
  File "/usr/local/lib/python3.6/dist-packages/manticore/platforms/evm.py", line 1210, in execute
    last_pc, last_gas, instruction, arguments, fee, allocated = self._checkpoint()
  File "/usr/local/lib/python3.6/dist-packages/manticore/platforms/evm.py", line 1109, in _checkpoint
    self._consume(fee)
  File "/usr/local/lib/python3.6/dist-packages/manticore/platforms/evm.py", line 972, in _consume
    self.constraints, constraint
  File "/usr/local/lib/python3.6/dist-packages/manticore/core/smtlib/solver.py", line 436, in get_all_values
    while self._is_sat():
  File "/usr/local/lib/python3.6/dist-packages/manticore/core/smtlib/solver.py", line 328, in _is_sat
    raise SolverError(status)
manticore.exceptions.SolverError
 
2019-07-31 23:59:45,687: [8806] m.e.manticore:INFO: 15 alive states, 30 terminated states
2019-07-31 23:59:57,153: [8806] m.e.manticore:INFO: Starting symbolic transaction: 1
2019-08-01 00:05:34,602: [17433] m.c.worker:ERROR: Exception in state 9: SolverError('',)
Traceback (most recent call last):
  File "/usr/local/lib/python3.6/dist-packages/manticore/core/worker.py", line 121, in run
    current_state.execute()
  File "/usr/local/lib/python3.6/dist-packages/manticore/ethereum/state.py", line 6, in execute
    return self._platform.execute()
  File "/usr/local/lib/python3.6/dist-packages/manticore/platforms/evm.py", line 2684, in execute
    self.current_vm.execute()
  File "/usr/local/lib/python3.6/dist-packages/manticore/platforms/evm.py", line 1210, in execute
    last_pc, last_gas, instruction, arguments, fee, allocated = self._checkpoint()
  File "/usr/local/lib/python3.6/dist-packages/manticore/platforms/evm.py", line 1109, in _checkpoint
    self._consume(fee)
  File "/usr/local/lib/python3.6/dist-packages/manticore/platforms/evm.py", line 972, in _consume
    self.constraints, constraint
  File "/usr/local/lib/python3.6/dist-packages/manticore/core/smtlib/solver.py", line 436, in get_all_values
    while self._is_sat():
  File "/usr/local/lib/python3.6/dist-packages/manticore/core/smtlib/solver.py", line 328, in _is_sat
    raise SolverError(status)
manticore.exceptions.SolverError
 
2019-08-01 00:05:53,206: [17429] m.c.worker:ERROR: Exception in state 8: SolverError('',)
Traceback (most recent call last):
  File "/usr/local/lib/python3.6/dist-packages/manticore/core/worker.py", line 121, in run
    current_state.execute()
  File "/usr/local/lib/python3.6/dist-packages/manticore/ethereum/state.py", line 6, in execute
    return self._platform.execute()
  File "/usr/local/lib/python3.6/dist-packages/manticore/platforms/evm.py", line 2684, in execute
    self.current_vm.execute()
  File "/usr/local/lib/python3.6/dist-packages/manticore/platforms/evm.py", line 1210, in execute
    last_pc, last_gas, instruction, arguments, fee, allocated = self._checkpoint()
  File "/usr/local/lib/python3.6/dist-packages/manticore/platforms/evm.py", line 1109, in _checkpoint
    self._consume(fee)
  File "/usr/local/lib/python3.6/dist-packages/manticore/platforms/evm.py", line 972, in _consume
    self.constraints, constraint
  File "/usr/local/lib/python3.6/dist-packages/manticore/core/smtlib/solver.py", line 436, in get_all_values
    while self._is_sat():
  File "/usr/local/lib/python3.6/dist-packages/manticore/core/smtlib/solver.py", line 328, in _is_sat
    raise SolverError(status)
manticore.exceptions.SolverError
 
2019-08-01 00:06:11,824: [17409] m.c.worker:ERROR: Exception in state 5: SolverError('',)
Traceback (most recent call last):
  File "/usr/local/lib/python3.6/dist-packages/manticore/core/worker.py", line 121, in run
    current_state.execute()
  File "/usr/local/lib/python3.6/dist-packages/manticore/ethereum/state.py", line 6, in execute
    return self._platform.execute()
  File "/usr/local/lib/python3.6/dist-packages/manticore/platforms/evm.py", line 2680, in execute
    self._process_pending_transaction()
  File "/usr/local/lib/python3.6/dist-packages/manticore/platforms/evm.py", line 2909, in _process_pending_transaction
    enough_balance_solutions = Z3Solver().get_all_values(self._constraints, enough_balance)
  File "/usr/local/lib/python3.6/dist-packages/manticore/core/smtlib/solver.py", line 436, in get_all_values
    while self._is_sat():
  File "/usr/local/lib/python3.6/dist-packages/manticore/core/smtlib/solver.py", line 328, in _is_sat
    raise SolverError(status)
manticore.exceptions.SolverError
 
2019-08-01 00:06:48,147: [17416] m.c.worker:ERROR: Exception in state 7: SolverError('[Errno 32] Broken pipe',)
Traceback (most recent call last):
  File "/usr/local/lib/python3.6/dist-packages/manticore/core/smtlib/solver.py", line 289, in _send
    self._proc.stdin.write(f"{cmd}\n")
BrokenPipeError: [Errno 32] Broken pipe

During handling of the above exception, another exception occurred:

Traceback (most recent call last):
  File "/usr/local/lib/python3.6/dist-packages/manticore/core/worker.py", line 121, in run
    current_state.execute()
  File "/usr/local/lib/python3.6/dist-packages/manticore/ethereum/state.py", line 6, in execute
    return self._platform.execute()
  File "/usr/local/lib/python3.6/dist-packages/manticore/platforms/evm.py", line 2684, in execute
    self.current_vm.execute()
  File "/usr/local/lib/python3.6/dist-packages/manticore/platforms/evm.py", line 1208, in execute
    self._check_jmpdest()
  File "/usr/local/lib/python3.6/dist-packages/manticore/platforms/evm.py", line 1142, in _check_jmpdest
    self.constraints, should_check_jumpdest
  File "/usr/local/lib/python3.6/dist-packages/manticore/core/smtlib/solver.py", line 432, in get_all_values
    self._reset(temp_cs.to_string(related_to=var))
  File "/usr/local/lib/python3.6/dist-packages/manticore/core/smtlib/solver.py", line 275, in _reset
    self._start_proc()
  File "/usr/local/lib/python3.6/dist-packages/manticore/core/smtlib/solver.py", line 214, in _start_proc
    self._send(cfg)
  File "/usr/local/lib/python3.6/dist-packages/manticore/core/smtlib/solver.py", line 291, in _send
    raise SolverError(str(e))
manticore.exceptions.SolverError: [Errno 32] Broken pipe
 
2019-08-01 00:08:13,793: [17394] m.c.worker:ERROR: Exception in state 2: SolverError('',)
Traceback (most recent call last):
  File "/usr/local/lib/python3.6/dist-packages/manticore/core/worker.py", line 121, in run
    current_state.execute()
  File "/usr/local/lib/python3.6/dist-packages/manticore/ethereum/state.py", line 6, in execute
    return self._platform.execute()
  File "/usr/local/lib/python3.6/dist-packages/manticore/platforms/evm.py", line 2684, in execute
    self.current_vm.execute()
  File "/usr/local/lib/python3.6/dist-packages/manticore/platforms/evm.py", line 1210, in execute
    last_pc, last_gas, instruction, arguments, fee, allocated = self._checkpoint()
  File "/usr/local/lib/python3.6/dist-packages/manticore/platforms/evm.py", line 1109, in _checkpoint
    self._consume(fee)
  File "/usr/local/lib/python3.6/dist-packages/manticore/platforms/evm.py", line 972, in _consume
    self.constraints, constraint
  File "/usr/local/lib/python3.6/dist-packages/manticore/core/smtlib/solver.py", line 436, in get_all_values
    while self._is_sat():
  File "/usr/local/lib/python3.6/dist-packages/manticore/core/smtlib/solver.py", line 328, in _is_sat
    raise SolverError(status)
manticore.exceptions.SolverError
 
2019-08-01 00:08:40,861: [17385] m.c.worker:ERROR: Exception in state 1: SolverError('',)
Traceback (most recent call last):
  File "/usr/local/lib/python3.6/dist-packages/manticore/core/worker.py", line 121, in run
    current_state.execute()
  File "/usr/local/lib/python3.6/dist-packages/manticore/ethereum/state.py", line 6, in execute
    return self._platform.execute()
  File "/usr/local/lib/python3.6/dist-packages/manticore/platforms/evm.py", line 2684, in execute
    self.current_vm.execute()
  File "/usr/local/lib/python3.6/dist-packages/manticore/platforms/evm.py", line 1210, in execute
    last_pc, last_gas, instruction, arguments, fee, allocated = self._checkpoint()
  File "/usr/local/lib/python3.6/dist-packages/manticore/platforms/evm.py", line 1109, in _checkpoint
    self._consume(fee)
  File "/usr/local/lib/python3.6/dist-packages/manticore/platforms/evm.py", line 972, in _consume
    self.constraints, constraint
  File "/usr/local/lib/python3.6/dist-packages/manticore/core/smtlib/solver.py", line 436, in get_all_values
    while self._is_sat():
  File "/usr/local/lib/python3.6/dist-packages/manticore/core/smtlib/solver.py", line 328, in _is_sat
    raise SolverError(status)
manticore.exceptions.SolverError