2019-07-31 20:12:12,051: [12] m.main:INFO: Registered plugins: DetectExternalCallAndLeak, DetectUninitializedMemory, DetectReentrancyAdvanced, DetectDelegatecall, DetectIntegerOverflow, DetectReentrancySimple, DetectInvalid, DetectUnusedRetVal, DetectUninitializedStorage, DetectSuicidal, DetectEnvInstruction
2019-07-31 20:12:12,052: [12] m.main:INFO: Beginning analysis
2019-07-31 20:12:12,062: [12] m.e.manticore:INFO: Starting symbolic create contract
2019-07-31 20:12:13,872: [12] m.e.manticore:INFO: Starting symbolic transaction: 0
2019-07-31 20:12:16,615: [12] m.e.manticore:INFO: 1 alive states, 5 terminated states
2019-07-31 20:12:17,273: [12] m.e.manticore:INFO: Starting symbolic transaction: 1
2019-07-31 20:12:20,630: [12] m.e.manticore:INFO: 1 alive states, 10 terminated states
2019-07-31 20:12:21,416: [1519] m.c.manticore:INFO: Generated testcase No. 0 - RETURN(3 txs)
2019-07-31 20:12:21,486: [1521] m.c.manticore:INFO: Generated testcase No. 1 - RETURN(1 txs)
2019-07-31 20:12:21,513: [1524] m.c.manticore:INFO: Generated testcase No. 2 - REVERT(2 txs)
2019-07-31 20:12:21,612: [1529] m.c.manticore:INFO: Generated testcase No. 3 - REVERT(2 txs)
2019-07-31 20:12:21,780: [1534] m.c.manticore:INFO: Generated testcase No. 4 - REVERT(2 txs)
2019-07-31 20:12:21,780: [1539] m.c.manticore:INFO: Generated testcase No. 5 - REVERT(2 txs)
2019-07-31 20:12:21,790: [1548] m.c.manticore:INFO: Generated testcase No. 6 - RETURN(2 txs)
2019-07-31 20:12:21,800: [1545] m.c.manticore:INFO: Generated testcase No. 7 - REVERT(3 txs)
2019-07-31 20:12:21,885: [1547] m.c.manticore:INFO: Generated testcase No. 8 - REVERT(3 txs)
2019-07-31 20:12:21,999: [1543] m.c.manticore:INFO: Generated testcase No. 9 - REVERT(3 txs)
2019-07-31 20:12:31,941: [1521] m.c.manticore:INFO: Generated testcase No. 10 - REVERT(3 txs)
2019-07-31 20:12:40,070: [12] m.c.manticore:INFO: Results in /mcore_4b5n25_m
2019-07-31 20:12:41,717: [2146] m.main:INFO: Registered plugins: DetectReentrancySimple, DetectInvalid, DetectSuicidal, DetectReentrancyAdvanced, DetectUninitializedStorage, DetectDelegatecall, DetectEnvInstruction, DetectUnusedRetVal, DetectUninitializedMemory, DetectExternalCallAndLeak, DetectIntegerOverflow
2019-07-31 20:12:41,717: [2146] m.main:INFO: Beginning analysis
2019-07-31 20:12:41,733: [2146] m.e.manticore:INFO: Starting symbolic create contract
2019-07-31 20:12:41,910: [2190] m.c.manticore:INFO: Generated testcase No. 0 - NO STATE RESULT (?)(0 txs)
2019-07-31 20:12:42,247: [2146] m.c.manticore:INFO: Results in /mcore_kdszo1z8
2019-07-31 20:12:43,046: [2449] m.main:INFO: Registered plugins: DetectReentrancySimple, DetectInvalid, DetectUnusedRetVal, DetectUninitializedStorage, DetectIntegerOverflow, DetectSuicidal, DetectEnvInstruction, DetectDelegatecall, DetectUninitializedMemory, DetectReentrancyAdvanced, DetectExternalCallAndLeak
2019-07-31 20:12:43,047: [2449] m.main:INFO: Beginning analysis
2019-07-31 20:12:43,056: [2449] m.e.manticore:INFO: Starting symbolic create contract
2019-07-31 20:13:03,505: [2497] m.e.detectors:WARNING: Unsigned integer overflow at MUL instruction
2019-07-31 20:13:04,699: [2497] m.e.detectors:WARNING: Unsigned integer overflow at MUL instruction
2019-07-31 20:13:30,788: [2449] m.e.manticore:INFO: Starting symbolic transaction: 0
2019-07-31 20:14:17,798: [3650] m.e.detectors:WARNING: Unsigned integer overflow at MUL instruction
2019-07-31 20:15:07,995: [3679] m.e.detectors:WARNING: Potentially reading uninitialized storage
2019-07-31 20:15:21,599: [3679] m.e.detectors:WARNING: Unsigned integer overflow at MUL instruction
2019-07-31 20:15:34,396: [3650] m.e.detectors:WARNING: Unsigned integer overflow at MUL instruction
2019-07-31 20:15:34,502: [3648] m.e.detectors:WARNING: Potentially reading uninitialized storage
2019-07-31 20:16:36,520: [3683] m.e.detectors:WARNING: Potentially reading uninitialized storage
2019-07-31 20:17:05,827: [3683] m.e.detectors:WARNING: Potentially reading uninitialized storage
2019-07-31 20:17:10,315: [3681] m.e.detectors:WARNING: Unsigned integer overflow at MUL instruction
2019-07-31 20:19:56,182: [3665] m.c.worker:ERROR: Exception in state 3: SolverError('',)
Traceback (most recent call last):
  File "/usr/local/lib/python3.6/dist-packages/manticore/core/worker.py", line 121, in run
    current_state.execute()
  File "/usr/local/lib/python3.6/dist-packages/manticore/ethereum/state.py", line 6, in execute
    return self._platform.execute()
  File "/usr/local/lib/python3.6/dist-packages/manticore/platforms/evm.py", line 2684, in execute
    self.current_vm.execute()
  File "/usr/local/lib/python3.6/dist-packages/manticore/platforms/evm.py", line 1210, in execute
    last_pc, last_gas, instruction, arguments, fee, allocated = self._checkpoint()
  File "/usr/local/lib/python3.6/dist-packages/manticore/platforms/evm.py", line 1109, in _checkpoint
    self._consume(fee)
  File "/usr/local/lib/python3.6/dist-packages/manticore/platforms/evm.py", line 981, in _consume
    policy="ALL",
manticore.core.state.Concretize

During handling of the above exception, another exception occurred:

Traceback (most recent call last):
  File "/usr/local/lib/python3.6/dist-packages/manticore/core/worker.py", line 142, in run
    m._fork(current_state, exc.expression, exc.policy, exc.setstate)
  File "/usr/local/lib/python3.6/dist-packages/manticore/core/manticore.py", line 332, in _fork
    solutions = state.concretize(expression, policy)
  File "/usr/local/lib/python3.6/dist-packages/manticore/core/state.py", line 271, in concretize
    self._constraints, symbolic, maxcnt=maxcount, silent=True
  File "/usr/local/lib/python3.6/dist-packages/manticore/core/smtlib/solver.py", line 436, in get_all_values
    while self._is_sat():
  File "/usr/local/lib/python3.6/dist-packages/manticore/core/smtlib/solver.py", line 328, in _is_sat
    raise SolverError(status)
manticore.exceptions.SolverError
 
2019-07-31 20:20:19,322: [3681] m.e.detectors:WARNING: Potentially reading uninitialized memory at instruction (address: 383927198806089717048247514377204170425467639546, offset 128)
2019-07-31 20:20:20,830: [3681] m.e.detectors:WARNING: Potentially reading uninitialized memory at instruction (address: 383927198806089717048247514377204170425467639546, offset 129)
2019-07-31 20:20:22,918: [3681] m.e.detectors:WARNING: Potentially reading uninitialized memory at instruction (address: 383927198806089717048247514377204170425467639546, offset 130)
2019-07-31 20:20:24,524: [3681] m.e.detectors:WARNING: Potentially reading uninitialized memory at instruction (address: 383927198806089717048247514377204170425467639546, offset 131)
2019-07-31 20:20:29,003: [3681] m.e.detectors:WARNING: Potentially reading uninitialized memory at instruction (address: 383927198806089717048247514377204170425467639546, offset 132)
2019-07-31 20:20:30,827: [3681] m.e.detectors:WARNING: Potentially reading uninitialized memory at instruction (address: 383927198806089717048247514377204170425467639546, offset 133)
2019-07-31 20:20:32,726: [3681] m.e.detectors:WARNING: Potentially reading uninitialized memory at instruction (address: 383927198806089717048247514377204170425467639546, offset 134)
2019-07-31 20:20:34,418: [3681] m.e.detectors:WARNING: Potentially reading uninitialized memory at instruction (address: 383927198806089717048247514377204170425467639546, offset 135)
2019-07-31 20:20:36,711: [3681] m.e.detectors:WARNING: Potentially reading uninitialized memory at instruction (address: 383927198806089717048247514377204170425467639546, offset 136)
2019-07-31 20:20:38,326: [3681] m.e.detectors:WARNING: Potentially reading uninitialized memory at instruction (address: 383927198806089717048247514377204170425467639546, offset 137)
2019-07-31 20:20:47,018: [3681] m.e.detectors:WARNING: Potentially reading uninitialized memory at instruction (address: 383927198806089717048247514377204170425467639546, offset 138)
2019-07-31 20:20:48,910: [3681] m.e.detectors:WARNING: Potentially reading uninitialized memory at instruction (address: 383927198806089717048247514377204170425467639546, offset 139)
2019-07-31 20:20:50,731: [3681] m.e.detectors:WARNING: Potentially reading uninitialized memory at instruction (address: 383927198806089717048247514377204170425467639546, offset 140)
2019-07-31 20:20:52,815: [3681] m.e.detectors:WARNING: Potentially reading uninitialized memory at instruction (address: 383927198806089717048247514377204170425467639546, offset 141)
2019-07-31 20:20:55,086: [3681] m.e.detectors:WARNING: Potentially reading uninitialized memory at instruction (address: 383927198806089717048247514377204170425467639546, offset 142)
2019-07-31 20:20:56,718: [3681] m.e.detectors:WARNING: Potentially reading uninitialized memory at instruction (address: 383927198806089717048247514377204170425467639546, offset 143)
2019-07-31 20:20:58,111: [3681] m.e.detectors:WARNING: Potentially reading uninitialized memory at instruction (address: 383927198806089717048247514377204170425467639546, offset 144)
2019-07-31 20:21:00,282: [3673] m.e.detectors:WARNING: Potentially reading uninitialized memory at instruction (address: 383927198806089717048247514377204170425467639546, offset 128)
2019-07-31 20:21:02,087: [3673] m.e.detectors:WARNING: Potentially reading uninitialized memory at instruction (address: 383927198806089717048247514377204170425467639546, offset 129)
2019-07-31 20:21:03,288: [3681] m.e.detectors:WARNING: Potentially reading uninitialized memory at instruction (address: 383927198806089717048247514377204170425467639546, offset 145)
2019-07-31 20:21:03,720: [3673] m.e.detectors:WARNING: Potentially reading uninitialized memory at instruction (address: 383927198806089717048247514377204170425467639546, offset 130)
2019-07-31 20:21:04,983: [3681] m.e.detectors:WARNING: Potentially reading uninitialized memory at instruction (address: 383927198806089717048247514377204170425467639546, offset 146)
2019-07-31 20:21:05,327: [3673] m.e.detectors:WARNING: Potentially reading uninitialized memory at instruction (address: 383927198806089717048247514377204170425467639546, offset 131)
2019-07-31 20:21:06,633: [3681] m.e.detectors:WARNING: Potentially reading uninitialized memory at instruction (address: 383927198806089717048247514377204170425467639546, offset 147)
2019-07-31 20:21:07,899: [3673] m.e.detectors:WARNING: Potentially reading uninitialized memory at instruction (address: 383927198806089717048247514377204170425467639546, offset 132)
2019-07-31 20:21:08,610: [3681] m.e.detectors:WARNING: Potentially reading uninitialized memory at instruction (address: 383927198806089717048247514377204170425467639546, offset 148)
2019-07-31 20:21:09,526: [3673] m.e.detectors:WARNING: Potentially reading uninitialized memory at instruction (address: 383927198806089717048247514377204170425467639546, offset 133)
2019-07-31 20:21:10,226: [3681] m.e.detectors:WARNING: Potentially reading uninitialized memory at instruction (address: 383927198806089717048247514377204170425467639546, offset 149)
2019-07-31 20:21:11,221: [3673] m.e.detectors:WARNING: Potentially reading uninitialized memory at instruction (address: 383927198806089717048247514377204170425467639546, offset 134)
2019-07-31 20:21:12,127: [3681] m.e.detectors:WARNING: Potentially reading uninitialized memory at instruction (address: 383927198806089717048247514377204170425467639546, offset 150)
2019-07-31 20:21:13,111: [3673] m.e.detectors:WARNING: Potentially reading uninitialized memory at instruction (address: 383927198806089717048247514377204170425467639546, offset 135)
2019-07-31 20:21:14,319: [3681] m.e.detectors:WARNING: Potentially reading uninitialized memory at instruction (address: 383927198806089717048247514377204170425467639546, offset 151)
2019-07-31 20:21:16,689: [3673] m.e.detectors:WARNING: Potentially reading uninitialized memory at instruction (address: 383927198806089717048247514377204170425467639546, offset 136)
2019-07-31 20:21:20,214: [3681] m.e.detectors:WARNING: Potentially reading uninitialized memory at instruction (address: 383927198806089717048247514377204170425467639546, offset 152)
2019-07-31 20:21:22,083: [3673] m.e.detectors:WARNING: Potentially reading uninitialized memory at instruction (address: 383927198806089717048247514377204170425467639546, offset 137)
2019-07-31 20:21:22,326: [3681] m.e.detectors:WARNING: Potentially reading uninitialized memory at instruction (address: 383927198806089717048247514377204170425467639546, offset 153)
2019-07-31 20:21:23,491: [3673] m.e.detectors:WARNING: Potentially reading uninitialized memory at instruction (address: 383927198806089717048247514377204170425467639546, offset 138)
2019-07-31 20:21:24,216: [3681] m.e.detectors:WARNING: Potentially reading uninitialized memory at instruction (address: 383927198806089717048247514377204170425467639546, offset 154)
2019-07-31 20:21:25,186: [3673] m.e.detectors:WARNING: Potentially reading uninitialized memory at instruction (address: 383927198806089717048247514377204170425467639546, offset 139)
2019-07-31 20:21:25,927: [3681] m.e.detectors:WARNING: Potentially reading uninitialized memory at instruction (address: 383927198806089717048247514377204170425467639546, offset 155)
2019-07-31 20:21:26,915: [3673] m.e.detectors:WARNING: Potentially reading uninitialized memory at instruction (address: 383927198806089717048247514377204170425467639546, offset 140)
2019-07-31 20:21:27,629: [3681] m.e.detectors:WARNING: Potentially reading uninitialized memory at instruction (address: 383927198806089717048247514377204170425467639546, offset 156)
2019-07-31 20:21:34,777: [3673] m.e.detectors:WARNING: Potentially reading uninitialized memory at instruction (address: 383927198806089717048247514377204170425467639546, offset 141)
2019-07-31 20:21:34,794: [3681] m.e.detectors:WARNING: Potentially reading uninitialized memory at instruction (address: 383927198806089717048247514377204170425467639546, offset 157)
2019-07-31 20:21:37,014: [3681] m.e.detectors:WARNING: Potentially reading uninitialized memory at instruction (address: 383927198806089717048247514377204170425467639546, offset 158)
2019-07-31 20:21:37,115: [3673] m.e.detectors:WARNING: Potentially reading uninitialized memory at instruction (address: 383927198806089717048247514377204170425467639546, offset 142)
2019-07-31 20:21:38,711: [3681] m.e.detectors:WARNING: Potentially reading uninitialized memory at instruction (address: 383927198806089717048247514377204170425467639546, offset 159)
2019-07-31 20:21:39,219: [3673] m.e.detectors:WARNING: Potentially reading uninitialized memory at instruction (address: 383927198806089717048247514377204170425467639546, offset 143)
2019-07-31 20:21:41,419: [3673] m.e.detectors:WARNING: Potentially reading uninitialized memory at instruction (address: 383927198806089717048247514377204170425467639546, offset 144)
2019-07-31 20:21:43,306: [3673] m.e.detectors:WARNING: Potentially reading uninitialized memory at instruction (address: 383927198806089717048247514377204170425467639546, offset 145)
2019-07-31 20:21:45,015: [3673] m.e.detectors:WARNING: Potentially reading uninitialized memory at instruction (address: 383927198806089717048247514377204170425467639546, offset 146)
2019-07-31 20:21:45,207: [3681] m.e.detectors:WARNING: Potentially reading uninitialized memory at instruction (address: 383927198806089717048247514377204170425467639546, offset 128)
2019-07-31 20:21:46,513: [3673] m.e.detectors:WARNING: Potentially reading uninitialized memory at instruction (address: 383927198806089717048247514377204170425467639546, offset 147)
2019-07-31 20:21:48,415: [3673] m.e.detectors:WARNING: Potentially reading uninitialized memory at instruction (address: 383927198806089717048247514377204170425467639546, offset 148)
2019-07-31 20:21:50,113: [3673] m.e.detectors:WARNING: Potentially reading uninitialized memory at instruction (address: 383927198806089717048247514377204170425467639546, offset 149)
2019-07-31 20:21:50,589: [3681] m.e.detectors:WARNING: Potentially reading uninitialized memory at instruction (address: 383927198806089717048247514377204170425467639546, offset 129)
2019-07-31 20:21:52,207: [3681] m.e.detectors:WARNING: Potentially reading uninitialized memory at instruction (address: 383927198806089717048247514377204170425467639546, offset 130)
2019-07-31 20:21:54,411: [3681] m.e.detectors:WARNING: Potentially reading uninitialized memory at instruction (address: 383927198806089717048247514377204170425467639546, offset 131)
2019-07-31 20:21:55,691: [3673] m.e.detectors:WARNING: Potentially reading uninitialized memory at instruction (address: 383927198806089717048247514377204170425467639546, offset 150)
2019-07-31 20:21:56,319: [3681] m.e.detectors:WARNING: Potentially reading uninitialized memory at instruction (address: 383927198806089717048247514377204170425467639546, offset 132)
2019-07-31 20:21:57,604: [3673] m.e.detectors:WARNING: Potentially reading uninitialized memory at instruction (address: 383927198806089717048247514377204170425467639546, offset 151)
2019-07-31 20:21:58,413: [3681] m.e.detectors:WARNING: Potentially reading uninitialized memory at instruction (address: 383927198806089717048247514377204170425467639546, offset 133)
2019-07-31 20:21:59,716: [3673] m.e.detectors:WARNING: Potentially reading uninitialized memory at instruction (address: 383927198806089717048247514377204170425467639546, offset 152)
2019-07-31 20:22:01,111: [3681] m.e.detectors:WARNING: Potentially reading uninitialized memory at instruction (address: 383927198806089717048247514377204170425467639546, offset 134)
2019-07-31 20:22:01,915: [3673] m.e.detectors:WARNING: Potentially reading uninitialized memory at instruction (address: 383927198806089717048247514377204170425467639546, offset 153)
2019-07-31 20:22:03,300: [3681] m.e.detectors:WARNING: Potentially reading uninitialized memory at instruction (address: 383927198806089717048247514377204170425467639546, offset 135)
2019-07-31 20:22:03,622: [3673] m.e.detectors:WARNING: Potentially reading uninitialized memory at instruction (address: 383927198806089717048247514377204170425467639546, offset 154)
2019-07-31 20:22:05,615: [3681] m.e.detectors:WARNING: Potentially reading uninitialized memory at instruction (address: 383927198806089717048247514377204170425467639546, offset 136)
2019-07-31 20:22:05,811: [3673] m.e.detectors:WARNING: Potentially reading uninitialized memory at instruction (address: 383927198806089717048247514377204170425467639546, offset 155)
2019-07-31 20:22:08,475: [3673] m.e.detectors:WARNING: Potentially reading uninitialized memory at instruction (address: 383927198806089717048247514377204170425467639546, offset 156)
2019-07-31 20:22:08,694: [3681] m.e.detectors:WARNING: Potentially reading uninitialized memory at instruction (address: 383927198806089717048247514377204170425467639546, offset 137)
2019-07-31 20:22:10,722: [3673] m.e.detectors:WARNING: Potentially reading uninitialized memory at instruction (address: 383927198806089717048247514377204170425467639546, offset 157)
2019-07-31 20:22:11,607: [3681] m.e.detectors:WARNING: Potentially reading uninitialized memory at instruction (address: 383927198806089717048247514377204170425467639546, offset 138)
2019-07-31 20:22:13,315: [3673] m.e.detectors:WARNING: Potentially reading uninitialized memory at instruction (address: 383927198806089717048247514377204170425467639546, offset 158)
2019-07-31 20:22:14,119: [3681] m.e.detectors:WARNING: Potentially reading uninitialized memory at instruction (address: 383927198806089717048247514377204170425467639546, offset 139)
2019-07-31 20:22:16,323: [3681] m.e.detectors:WARNING: Potentially reading uninitialized memory at instruction (address: 383927198806089717048247514377204170425467639546, offset 140)
2019-07-31 20:22:16,323: [3673] m.e.detectors:WARNING: Potentially reading uninitialized memory at instruction (address: 383927198806089717048247514377204170425467639546, offset 159)
2019-07-31 20:22:19,523: [3681] m.e.detectors:WARNING: Potentially reading uninitialized memory at instruction (address: 383927198806089717048247514377204170425467639546, offset 141)
2019-07-31 20:22:21,674: [3681] m.e.detectors:WARNING: Potentially reading uninitialized memory at instruction (address: 383927198806089717048247514377204170425467639546, offset 142)
2019-07-31 20:22:23,522: [3673] m.e.detectors:WARNING: Potentially reading uninitialized memory at instruction (address: 383927198806089717048247514377204170425467639546, offset 128)
2019-07-31 20:22:24,023: [3681] m.e.detectors:WARNING: Potentially reading uninitialized memory at instruction (address: 383927198806089717048247514377204170425467639546, offset 143)
2019-07-31 20:22:25,823: [3673] m.e.detectors:WARNING: Potentially reading uninitialized memory at instruction (address: 383927198806089717048247514377204170425467639546, offset 129)
2019-07-31 20:22:26,294: [3681] m.e.detectors:WARNING: Potentially reading uninitialized memory at instruction (address: 383927198806089717048247514377204170425467639546, offset 144)
2019-07-31 20:22:27,919: [3673] m.e.detectors:WARNING: Potentially reading uninitialized memory at instruction (address: 383927198806089717048247514377204170425467639546, offset 130)
2019-07-31 20:22:28,823: [3681] m.e.detectors:WARNING: Potentially reading uninitialized memory at instruction (address: 383927198806089717048247514377204170425467639546, offset 145)
2019-07-31 20:22:30,019: [3673] m.e.detectors:WARNING: Potentially reading uninitialized memory at instruction (address: 383927198806089717048247514377204170425467639546, offset 131)
2019-07-31 20:22:31,195: [3681] m.e.detectors:WARNING: Potentially reading uninitialized memory at instruction (address: 383927198806089717048247514377204170425467639546, offset 146)
2019-07-31 20:22:32,119: [3673] m.e.detectors:WARNING: Potentially reading uninitialized memory at instruction (address: 383927198806089717048247514377204170425467639546, offset 132)
2019-07-31 20:22:33,011: [3681] m.e.detectors:WARNING: Potentially reading uninitialized memory at instruction (address: 383927198806089717048247514377204170425467639546, offset 147)
2019-07-31 20:22:34,219: [3673] m.e.detectors:WARNING: Potentially reading uninitialized memory at instruction (address: 383927198806089717048247514377204170425467639546, offset 133)
2019-07-31 20:22:39,495: [3681] m.e.detectors:WARNING: Potentially reading uninitialized memory at instruction (address: 383927198806089717048247514377204170425467639546, offset 148)
2019-07-31 20:22:41,506: [3673] m.e.detectors:WARNING: Potentially reading uninitialized memory at instruction (address: 383927198806089717048247514377204170425467639546, offset 134)
2019-07-31 20:22:41,615: [3681] m.e.detectors:WARNING: Potentially reading uninitialized memory at instruction (address: 383927198806089717048247514377204170425467639546, offset 149)
2019-07-31 20:22:43,427: [3673] m.e.detectors:WARNING: Potentially reading uninitialized memory at instruction (address: 383927198806089717048247514377204170425467639546, offset 135)
2019-07-31 20:22:43,715: [3681] m.e.detectors:WARNING: Potentially reading uninitialized memory at instruction (address: 383927198806089717048247514377204170425467639546, offset 150)
2019-07-31 20:22:45,526: [3673] m.e.detectors:WARNING: Potentially reading uninitialized memory at instruction (address: 383927198806089717048247514377204170425467639546, offset 136)
2019-07-31 20:22:45,903: [3681] m.e.detectors:WARNING: Potentially reading uninitialized memory at instruction (address: 383927198806089717048247514377204170425467639546, offset 151)
2019-07-31 20:22:47,818: [3673] m.e.detectors:WARNING: Potentially reading uninitialized memory at instruction (address: 383927198806089717048247514377204170425467639546, offset 137)
2019-07-31 20:22:48,214: [3681] m.e.detectors:WARNING: Potentially reading uninitialized memory at instruction (address: 383927198806089717048247514377204170425467639546, offset 152)
2019-07-31 20:22:49,915: [3673] m.e.detectors:WARNING: Potentially reading uninitialized memory at instruction (address: 383927198806089717048247514377204170425467639546, offset 138)
2019-07-31 20:22:51,223: [3681] m.e.detectors:WARNING: Potentially reading uninitialized memory at instruction (address: 383927198806089717048247514377204170425467639546, offset 153)
2019-07-31 20:22:52,587: [3673] m.e.detectors:WARNING: Potentially reading uninitialized memory at instruction (address: 383927198806089717048247514377204170425467639546, offset 139)
2019-07-31 20:22:53,510: [3681] m.e.detectors:WARNING: Potentially reading uninitialized memory at instruction (address: 383927198806089717048247514377204170425467639546, offset 154)
2019-07-31 20:22:55,483: [3673] m.e.detectors:WARNING: Potentially reading uninitialized memory at instruction (address: 383927198806089717048247514377204170425467639546, offset 140)
2019-07-31 20:22:56,511: [3681] m.e.detectors:WARNING: Potentially reading uninitialized memory at instruction (address: 383927198806089717048247514377204170425467639546, offset 155)
2019-07-31 20:22:58,091: [3673] m.e.detectors:WARNING: Potentially reading uninitialized memory at instruction (address: 383927198806089717048247514377204170425467639546, offset 141)
2019-07-31 20:22:59,423: [3681] m.e.detectors:WARNING: Potentially reading uninitialized memory at instruction (address: 383927198806089717048247514377204170425467639546, offset 156)
2019-07-31 20:23:01,488: [3673] m.e.detectors:WARNING: Potentially reading uninitialized memory at instruction (address: 383927198806089717048247514377204170425467639546, offset 142)
2019-07-31 20:23:02,017: [3681] m.e.detectors:WARNING: Potentially reading uninitialized memory at instruction (address: 383927198806089717048247514377204170425467639546, offset 157)
2019-07-31 20:23:04,294: [3673] m.e.detectors:WARNING: Potentially reading uninitialized memory at instruction (address: 383927198806089717048247514377204170425467639546, offset 143)
2019-07-31 20:23:04,599: [3681] m.e.detectors:WARNING: Potentially reading uninitialized memory at instruction (address: 383927198806089717048247514377204170425467639546, offset 158)
2019-07-31 20:23:06,722: [3681] m.e.detectors:WARNING: Potentially reading uninitialized memory at instruction (address: 383927198806089717048247514377204170425467639546, offset 159)
2019-07-31 20:23:06,727: [3673] m.e.detectors:WARNING: Potentially reading uninitialized memory at instruction (address: 383927198806089717048247514377204170425467639546, offset 144)
2019-07-31 20:23:08,927: [3673] m.e.detectors:WARNING: Potentially reading uninitialized memory at instruction (address: 383927198806089717048247514377204170425467639546, offset 145)
2019-07-31 20:23:11,310: [3673] m.e.detectors:WARNING: Potentially reading uninitialized memory at instruction (address: 383927198806089717048247514377204170425467639546, offset 146)
2019-07-31 20:23:13,915: [3673] m.e.detectors:WARNING: Potentially reading uninitialized memory at instruction (address: 383927198806089717048247514377204170425467639546, offset 147)
2019-07-31 20:23:16,683: [3673] m.e.detectors:WARNING: Potentially reading uninitialized memory at instruction (address: 383927198806089717048247514377204170425467639546, offset 148)
2019-07-31 20:23:19,215: [3673] m.e.detectors:WARNING: Potentially reading uninitialized memory at instruction (address: 383927198806089717048247514377204170425467639546, offset 149)
2019-07-31 20:23:22,395: [3673] m.e.detectors:WARNING: Potentially reading uninitialized memory at instruction (address: 383927198806089717048247514377204170425467639546, offset 150)
2019-07-31 20:23:25,487: [3673] m.e.detectors:WARNING: Potentially reading uninitialized memory at instruction (address: 383927198806089717048247514377204170425467639546, offset 151)
2019-07-31 20:23:34,986: [3673] m.e.detectors:WARNING: Potentially reading uninitialized memory at instruction (address: 383927198806089717048247514377204170425467639546, offset 152)
2019-07-31 20:23:42,286: [3673] m.e.detectors:WARNING: Potentially reading uninitialized memory at instruction (address: 383927198806089717048247514377204170425467639546, offset 153)
2019-07-31 20:23:45,186: [3673] m.e.detectors:WARNING: Potentially reading uninitialized memory at instruction (address: 383927198806089717048247514377204170425467639546, offset 154)
2019-07-31 20:23:47,819: [3673] m.e.detectors:WARNING: Potentially reading uninitialized memory at instruction (address: 383927198806089717048247514377204170425467639546, offset 155)
2019-07-31 20:23:50,530: [3673] m.e.detectors:WARNING: Potentially reading uninitialized memory at instruction (address: 383927198806089717048247514377204170425467639546, offset 156)
2019-07-31 20:23:54,126: [3673] m.e.detectors:WARNING: Potentially reading uninitialized memory at instruction (address: 383927198806089717048247514377204170425467639546, offset 157)
2019-07-31 20:23:59,821: [3673] m.e.detectors:WARNING: Potentially reading uninitialized memory at instruction (address: 383927198806089717048247514377204170425467639546, offset 158)
2019-07-31 20:24:02,515: [3673] m.e.detectors:WARNING: Potentially reading uninitialized memory at instruction (address: 383927198806089717048247514377204170425467639546, offset 159)
2019-07-31 20:26:07,394: [3680] m.e.detectors:WARNING: Potentially reading uninitialized storage
2019-07-31 20:26:18,015: [3650] m.e.detectors:WARNING: Potentially reading uninitialized storage
2019-07-31 20:26:30,219: [3673] m.c.worker:ERROR: Exception in state 5: SolverError('',)
Traceback (most recent call last):
  File "/usr/local/lib/python3.6/dist-packages/manticore/core/worker.py", line 121, in run
    current_state.execute()
  File "/usr/local/lib/python3.6/dist-packages/manticore/ethereum/state.py", line 6, in execute
    return self._platform.execute()
  File "/usr/local/lib/python3.6/dist-packages/manticore/platforms/evm.py", line 2684, in execute
    self.current_vm.execute()
  File "/usr/local/lib/python3.6/dist-packages/manticore/platforms/evm.py", line 1201, in execute
    "Concretize PC", expression=expression, setstate=setstate, policy="ALL"
manticore.core.state.Concretize

During handling of the above exception, another exception occurred:

Traceback (most recent call last):
  File "/usr/local/lib/python3.6/dist-packages/manticore/core/worker.py", line 142, in run
    m._fork(current_state, exc.expression, exc.policy, exc.setstate)
  File "/usr/local/lib/python3.6/dist-packages/manticore/core/manticore.py", line 332, in _fork
    solutions = state.concretize(expression, policy)
  File "/usr/local/lib/python3.6/dist-packages/manticore/core/state.py", line 271, in concretize
    self._constraints, symbolic, maxcnt=maxcount, silent=True
  File "/usr/local/lib/python3.6/dist-packages/manticore/core/smtlib/solver.py", line 436, in get_all_values
    while self._is_sat():
  File "/usr/local/lib/python3.6/dist-packages/manticore/core/smtlib/solver.py", line 328, in _is_sat
    raise SolverError(status)
manticore.exceptions.SolverError
 
2019-07-31 20:27:26,965: [3680] m.e.detectors:WARNING: Potentially reading uninitialized storage
2019-07-31 20:27:59,102: [3648] m.e.detectors:WARNING: Potentially reading uninitialized memory at instruction (address: 383927198806089717048247514377204170425467639546, offset 160)
2019-07-31 20:28:01,717: [3648] m.e.detectors:WARNING: Potentially reading uninitialized memory at instruction (address: 383927198806089717048247514377204170425467639546, offset 161)
2019-07-31 20:28:03,502: [3648] m.e.detectors:WARNING: Potentially reading uninitialized memory at instruction (address: 383927198806089717048247514377204170425467639546, offset 162)
2019-07-31 20:28:05,717: [3648] m.e.detectors:WARNING: Potentially reading uninitialized memory at instruction (address: 383927198806089717048247514377204170425467639546, offset 163)
2019-07-31 20:28:10,015: [3648] m.e.detectors:WARNING: Potentially reading uninitialized memory at instruction (address: 383927198806089717048247514377204170425467639546, offset 164)
2019-07-31 20:28:18,377: [3648] m.e.detectors:WARNING: Potentially reading uninitialized memory at instruction (address: 383927198806089717048247514377204170425467639546, offset 165)
2019-07-31 20:28:26,896: [3648] m.e.detectors:WARNING: Potentially reading uninitialized memory at instruction (address: 383927198806089717048247514377204170425467639546, offset 166)
2019-07-31 20:28:28,419: [3648] m.e.detectors:WARNING: Potentially reading uninitialized memory at instruction (address: 383927198806089717048247514377204170425467639546, offset 167)
2019-07-31 20:28:29,805: [3648] m.e.detectors:WARNING: Potentially reading uninitialized memory at instruction (address: 383927198806089717048247514377204170425467639546, offset 168)
2019-07-31 20:28:30,393: [3648] m.e.detectors:WARNING: Potentially reading uninitialized memory at instruction (address: 383927198806089717048247514377204170425467639546, offset 169)
2019-07-31 20:28:31,019: [3648] m.e.detectors:WARNING: Potentially reading uninitialized memory at instruction (address: 383927198806089717048247514377204170425467639546, offset 170)
2019-07-31 20:28:32,017: [3648] m.e.detectors:WARNING: Potentially reading uninitialized memory at instruction (address: 383927198806089717048247514377204170425467639546, offset 171)
2019-07-31 20:28:32,627: [3648] m.e.detectors:WARNING: Potentially reading uninitialized memory at instruction (address: 383927198806089717048247514377204170425467639546, offset 172)
2019-07-31 20:28:35,890: [3648] m.e.detectors:WARNING: Potentially reading uninitialized memory at instruction (address: 383927198806089717048247514377204170425467639546, offset 173)
2019-07-31 20:28:39,476: [3648] m.e.detectors:WARNING: Potentially reading uninitialized memory at instruction (address: 383927198806089717048247514377204170425467639546, offset 174)
2019-07-31 20:28:42,621: [3648] m.e.detectors:WARNING: Potentially reading uninitialized memory at instruction (address: 383927198806089717048247514377204170425467639546, offset 175)
2019-07-31 20:28:43,674: [3648] m.e.detectors:WARNING: Potentially reading uninitialized memory at instruction (address: 383927198806089717048247514377204170425467639546, offset 176)
2019-07-31 20:28:57,115: [3648] m.e.detectors:WARNING: Potentially reading uninitialized memory at instruction (address: 383927198806089717048247514377204170425467639546, offset 177)
2019-07-31 20:28:58,578: [3648] m.e.detectors:WARNING: Potentially reading uninitialized memory at instruction (address: 383927198806089717048247514377204170425467639546, offset 178)
2019-07-31 20:28:59,594: [3648] m.e.detectors:WARNING: Potentially reading uninitialized memory at instruction (address: 383927198806089717048247514377204170425467639546, offset 179)
2019-07-31 20:29:00,315: [3648] m.e.detectors:WARNING: Potentially reading uninitialized memory at instruction (address: 383927198806089717048247514377204170425467639546, offset 180)
2019-07-31 20:29:00,999: [3648] m.e.detectors:WARNING: Potentially reading uninitialized memory at instruction (address: 383927198806089717048247514377204170425467639546, offset 181)
2019-07-31 20:29:01,716: [3648] m.e.detectors:WARNING: Potentially reading uninitialized memory at instruction (address: 383927198806089717048247514377204170425467639546, offset 182)
2019-07-31 20:29:02,319: [3648] m.e.detectors:WARNING: Potentially reading uninitialized memory at instruction (address: 383927198806089717048247514377204170425467639546, offset 183)
2019-07-31 20:29:03,130: [3648] m.e.detectors:WARNING: Potentially reading uninitialized memory at instruction (address: 383927198806089717048247514377204170425467639546, offset 184)
2019-07-31 20:29:03,807: [3648] m.e.detectors:WARNING: Potentially reading uninitialized memory at instruction (address: 383927198806089717048247514377204170425467639546, offset 185)
2019-07-31 20:29:04,411: [3648] m.e.detectors:WARNING: Potentially reading uninitialized memory at instruction (address: 383927198806089717048247514377204170425467639546, offset 186)
2019-07-31 20:29:07,414: [3648] m.e.detectors:WARNING: Potentially reading uninitialized memory at instruction (address: 383927198806089717048247514377204170425467639546, offset 187)
2019-07-31 20:29:09,126: [3648] m.e.detectors:WARNING: Potentially reading uninitialized memory at instruction (address: 383927198806089717048247514377204170425467639546, offset 188)
2019-07-31 20:29:11,586: [3648] m.e.detectors:WARNING: Potentially reading uninitialized memory at instruction (address: 383927198806089717048247514377204170425467639546, offset 189)
2019-07-31 20:29:12,171: [3648] m.e.detectors:WARNING: Potentially reading uninitialized memory at instruction (address: 383927198806089717048247514377204170425467639546, offset 190)
2019-07-31 20:29:12,748: [3648] m.e.detectors:WARNING: Potentially reading uninitialized memory at instruction (address: 383927198806089717048247514377204170425467639546, offset 191)