2019-08-01 17:58:37,621: [12] m.main:INFO: Registered plugins: DetectReentrancySimple, DetectInvalid, DetectUnusedRetVal, DetectReentrancyAdvanced, DetectUninitializedStorage, DetectSuicidal, DetectExternalCallAndLeak, DetectEnvInstruction, DetectUninitializedMemory, DetectDelegatecall, DetectIntegerOverflow
2019-08-01 17:58:37,621: [12] m.main:INFO: Beginning analysis
2019-08-01 17:58:37,642: [12] m.e.manticore:INFO: Starting symbolic create contract
2019-08-01 17:58:38,583: [12] m.e.manticore:INFO: Starting symbolic transaction: 0
2019-08-01 17:58:39,245: [12] m.e.manticore:INFO: 0 alive states, 2 terminated states
2019-08-01 17:58:39,359: [12] m.e.manticore:INFO: Starting symbolic transaction: 1
2019-08-01 17:58:39,455: [582] m.c.manticore:INFO: Generated testcase No. 0 - RETURN(1 txs)
2019-08-01 17:58:39,471: [583] m.c.manticore:INFO: Generated testcase No. 1 - REVERT(2 txs)
2019-08-01 17:58:40,357: [12] m.c.manticore:INFO: Results in /mcore_18xpvj5x
2019-08-01 17:58:41,296: [897] m.main:INFO: Registered plugins: DetectExternalCallAndLeak, DetectReentrancySimple, DetectInvalid, DetectSuicidal, DetectUninitializedStorage, DetectUnusedRetVal, DetectDelegatecall, DetectEnvInstruction, DetectIntegerOverflow, DetectReentrancyAdvanced, DetectUninitializedMemory
2019-08-01 17:58:41,296: [897] m.main:INFO: Beginning analysis
2019-08-01 17:58:41,327: [897] m.e.manticore:INFO: Starting symbolic create contract
2019-08-01 17:58:44,847: [897] m.e.manticore:INFO: Starting symbolic transaction: 0
2019-08-01 17:58:49,362: [897] m.e.manticore:INFO: 2 alive states, 8 terminated states
2019-08-01 17:58:50,948: [897] m.e.manticore:INFO: Starting symbolic transaction: 1
2019-08-01 17:58:58,573: [897] m.e.manticore:INFO: 4 alive states, 24 terminated states
2019-08-01 17:59:00,378: [3675] m.c.manticore:INFO: Generated testcase No. 0 - REVERT(2 txs)
2019-08-01 17:59:00,446: [3664] m.c.manticore:INFO: Generated testcase No. 1 - REVERT(2 txs)
2019-08-01 17:59:00,554: [3673] m.c.manticore:INFO: Generated testcase No. 2 - REVERT(2 txs)
2019-08-01 17:59:00,562: [3672] m.c.manticore:INFO: Generated testcase No. 3 - RETURN(3 txs)
2019-08-01 17:59:00,569: [3662] m.c.manticore:INFO: Generated testcase No. 4 - RETURN(3 txs)
2019-08-01 17:59:00,569: [3668] m.c.manticore:INFO: Generated testcase No. 5 - RETURN(1 txs)
2019-08-01 17:59:00,597: [3666] m.c.manticore:INFO: Generated testcase No. 6 - RETURN(3 txs)
2019-08-01 17:59:00,688: [3665] m.c.manticore:INFO: Generated testcase No. 7 - RETURN(3 txs)
2019-08-01 17:59:10,441: [3668] m.c.manticore:INFO: Generated testcase No. 8 - REVERT(2 txs)
2019-08-01 17:59:11,388: [3675] m.c.manticore:INFO: Generated testcase No. 9 - REVERT(2 txs)
2019-08-01 17:59:11,583: [3673] m.c.manticore:INFO: Generated testcase No. 10 - REVERT(2 txs)
2019-08-01 17:59:11,989: [3664] m.c.manticore:INFO: Generated testcase No. 11 - REVERT(2 txs)
2019-08-01 17:59:12,885: [3666] m.c.manticore:INFO: Generated testcase No. 12 - RETURN(2 txs)
2019-08-01 17:59:13,479: [3665] m.c.manticore:INFO: Generated testcase No. 13 - RETURN(2 txs)
2019-08-01 17:59:13,940: [3672] m.c.manticore:INFO: Generated testcase No. 14 - REVERT(3 txs)
2019-08-01 17:59:14,322: [3662] m.c.manticore:INFO: Generated testcase No. 15 - REVERT(3 txs)
2019-08-01 17:59:21,615: [3668] m.c.manticore:INFO: Generated testcase No. 16 - REVERT(3 txs)
2019-08-01 17:59:22,420: [3673] m.c.manticore:INFO: Generated testcase No. 17 - REVERT(3 txs)
2019-08-01 17:59:23,518: [3664] m.c.manticore:INFO: Generated testcase No. 18 - REVERT(3 txs)
2019-08-01 17:59:23,781: [3675] m.c.manticore:INFO: Generated testcase No. 19 - REVERT(3 txs)
2019-08-01 17:59:24,628: [3666] m.c.manticore:INFO: Generated testcase No. 20 - REVERT(3 txs)
2019-08-01 17:59:25,405: [3665] m.c.manticore:INFO: Generated testcase No. 21 - REVERT(3 txs)
2019-08-01 17:59:26,989: [3672] m.c.manticore:INFO: Generated testcase No. 22 - REVERT(3 txs)
2019-08-01 17:59:27,301: [3662] m.c.manticore:INFO: Generated testcase No. 23 - REVERT(3 txs)
2019-08-01 17:59:35,220: [3668] m.c.manticore:INFO: Generated testcase No. 24 - REVERT(3 txs)
2019-08-01 17:59:35,246: [3673] m.c.manticore:INFO: Generated testcase No. 25 - REVERT(3 txs)
2019-08-01 17:59:36,794: [3664] m.c.manticore:INFO: Generated testcase No. 26 - REVERT(3 txs)
2019-08-01 17:59:37,554: [3675] m.c.manticore:INFO: Generated testcase No. 27 - REVERT(3 txs)
2019-08-01 17:59:44,757: [897] m.c.manticore:INFO: Results in /mcore_mwa6768e
2019-08-01 17:59:47,811: [4847] m.main:INFO: Registered plugins: DetectReentrancySimple, DetectInvalid, DetectUnusedRetVal, DetectExternalCallAndLeak, DetectUninitializedStorage, DetectIntegerOverflow, DetectSuicidal, DetectEnvInstruction, DetectReentrancyAdvanced, DetectUninitializedMemory, DetectDelegatecall
2019-08-01 17:59:47,811: [4847] m.main:INFO: Beginning analysis
2019-08-01 17:59:47,839: [4847] m.e.manticore:INFO: Starting symbolic create contract
2019-08-01 17:59:52,817: [4847] m.e.manticore:INFO: Starting symbolic transaction: 0
2019-08-01 18:00:00,227: [4847] m.e.manticore:INFO: 3 alive states, 13 terminated states
2019-08-01 18:00:02,486: [4847] m.e.manticore:INFO: Starting symbolic transaction: 1
2019-08-01 18:00:23,691: [4847] m.e.manticore:INFO: 9 alive states, 52 terminated states
2019-08-01 18:00:26,411: [9752] m.c.manticore:INFO: Generated testcase No. 0 - RETURN(3 txs)
2019-08-01 18:00:26,439: [9766] m.c.manticore:INFO: Generated testcase No. 1 - RETURN(3 txs)
2019-08-01 18:00:26,494: [9760] m.c.manticore:INFO: Generated testcase No. 5 - RETURN(3 txs)
2019-08-01 18:00:26,495: [9758] m.c.manticore:INFO: Generated testcase No. 7 - RETURN(3 txs)
2019-08-01 18:00:26,498: [9777] m.c.manticore:INFO: Generated testcase No. 2 - RETURN(1 txs)
2019-08-01 18:00:26,499: [9772] m.c.manticore:INFO: Generated testcase No. 6 - RETURN(3 txs)
2019-08-01 18:00:26,512: [9761] m.c.manticore:INFO: Generated testcase No. 4 - RETURN(3 txs)
2019-08-01 18:00:26,535: [9754] m.c.manticore:INFO: Generated testcase No. 3 - RETURN(3 txs)
2019-08-01 18:00:26,545: [9755] m.c.manticore:INFO: Generated testcase No. 9 - RETURN(3 txs)
2019-08-01 18:00:26,585: [9756] m.c.manticore:INFO: Generated testcase No. 8 - RETURN(3 txs)
2019-08-01 18:00:43,682: [9777] m.c.manticore:INFO: Generated testcase No. 10 - REVERT(2 txs)
2019-08-01 18:00:48,229: [9772] m.c.manticore:INFO: Generated testcase No. 11 - REVERT(2 txs)
2019-08-01 18:00:48,620: [9755] m.c.manticore:INFO: Generated testcase No. 12 - REVERT(2 txs)
2019-08-01 18:00:48,745: [9754] m.c.manticore:INFO: Generated testcase No. 13 - REVERT(2 txs)
2019-08-01 18:00:48,964: [9758] m.c.manticore:INFO: Generated testcase No. 14 - REVERT(2 txs)
2019-08-01 18:00:49,238: [9760] m.c.manticore:INFO: Generated testcase No. 15 - REVERT(2 txs)
2019-08-01 18:00:49,388: [9766] m.c.manticore:INFO: Generated testcase No. 16 - REVERT(2 txs)
2019-08-01 18:00:49,424: [9756] m.c.manticore:INFO: Generated testcase No. 17 - REVERT(2 txs)
2019-08-01 18:00:50,192: [9752] m.c.manticore:INFO: Generated testcase No. 18 - REVERT(2 txs)
2019-08-01 18:00:50,781: [9761] m.c.manticore:INFO: Generated testcase No. 19 - REVERT(2 txs)
2019-08-01 18:01:02,808: [9777] m.c.manticore:INFO: Generated testcase No. 20 - REVERT(2 txs)
2019-08-01 18:01:06,098: [9772] m.c.manticore:INFO: Generated testcase No. 21 - REVERT(2 txs)
2019-08-01 18:01:07,428: [9755] m.c.manticore:INFO: Generated testcase No. 22 - RETURN(2 txs)
2019-08-01 18:01:07,546: [9756] m.c.manticore:INFO: Generated testcase No. 23 - RETURN(2 txs)
2019-08-01 18:01:07,739: [9758] m.c.manticore:INFO: Generated testcase No. 24 - RETURN(2 txs)
2019-08-01 18:01:07,887: [9760] m.c.manticore:INFO: Generated testcase No. 25 - REVERT(3 txs)
2019-08-01 18:01:07,981: [9766] m.c.manticore:INFO: Generated testcase No. 26 - REVERT(3 txs)
2019-08-01 18:01:08,025: [9754] m.c.manticore:INFO: Generated testcase No. 27 - REVERT(3 txs)
2019-08-01 18:01:09,602: [9752] m.c.manticore:INFO: Generated testcase No. 28 - REVERT(3 txs)
2019-08-01 18:01:10,483: [9761] m.c.manticore:INFO: Generated testcase No. 29 - REVERT(3 txs)
2019-08-01 18:01:22,035: [9777] m.c.manticore:INFO: Generated testcase No. 30 - REVERT(3 txs)
2019-08-01 18:01:25,724: [9772] m.c.manticore:INFO: Generated testcase No. 31 - REVERT(3 txs)
2019-08-01 18:01:28,423: [9756] m.c.manticore:INFO: Generated testcase No. 32 - REVERT(3 txs)
2019-08-01 18:01:28,796: [9755] m.c.manticore:INFO: Generated testcase No. 33 - REVERT(3 txs)
2019-08-01 18:01:29,525: [9758] m.c.manticore:INFO: Generated testcase No. 34 - REVERT(3 txs)
2019-08-01 18:01:30,784: [9766] m.c.manticore:INFO: Generated testcase No. 35 - REVERT(3 txs)
2019-08-01 18:01:30,804: [9760] m.c.manticore:INFO: Generated testcase No. 36 - REVERT(3 txs)
2019-08-01 18:01:31,185: [9754] m.c.manticore:INFO: Generated testcase No. 37 - REVERT(3 txs)
2019-08-01 18:01:32,808: [9761] m.c.manticore:INFO: Generated testcase No. 38 - REVERT(3 txs)
2019-08-01 18:01:33,391: [9752] m.c.manticore:INFO: Generated testcase No. 39 - REVERT(3 txs)
2019-08-01 18:01:46,376: [9777] m.c.manticore:INFO: Generated testcase No. 40 - REVERT(3 txs)
2019-08-01 18:01:47,992: [9772] m.c.manticore:INFO: Generated testcase No. 41 - REVERT(3 txs)
2019-08-01 18:01:51,578: [9758] m.c.manticore:INFO: Generated testcase No. 42 - REVERT(3 txs)
2019-08-01 18:01:52,515: [9755] m.c.manticore:INFO: Generated testcase No. 43 - REVERT(3 txs)
2019-08-01 18:01:53,115: [9756] m.c.manticore:INFO: Generated testcase No. 44 - REVERT(3 txs)
2019-08-01 18:01:53,924: [9766] m.c.manticore:INFO: Generated testcase No. 45 - REVERT(3 txs)
2019-08-01 18:01:54,507: [9754] m.c.manticore:INFO: Generated testcase No. 46 - REVERT(3 txs)
2019-08-01 18:01:55,423: [9760] m.c.manticore:INFO: Generated testcase No. 47 - REVERT(3 txs)
2019-08-01 18:01:55,890: [9761] m.c.manticore:INFO: Generated testcase No. 48 - REVERT(3 txs)
2019-08-01 18:01:57,996: [9752] m.c.manticore:INFO: Generated testcase No. 49 - REVERT(3 txs)
2019-08-01 18:02:10,805: [9777] m.c.manticore:INFO: Generated testcase No. 50 - REVERT(3 txs)
2019-08-01 18:02:12,648: [9772] m.c.manticore:INFO: Generated testcase No. 51 - REVERT(3 txs)
2019-08-01 18:02:17,296: [9755] m.c.manticore:INFO: Generated testcase No. 52 - REVERT(3 txs)
2019-08-01 18:02:17,322: [9758] m.c.manticore:INFO: Generated testcase No. 53 - REVERT(3 txs)
2019-08-01 18:02:19,490: [9756] m.c.manticore:INFO: Generated testcase No. 54 - REVERT(3 txs)
2019-08-01 18:02:19,912: [9766] m.c.manticore:INFO: Generated testcase No. 55 - REVERT(3 txs)
2019-08-01 18:02:20,584: [9754] m.c.manticore:INFO: Generated testcase No. 56 - REVERT(3 txs)
2019-08-01 18:02:20,785: [9760] m.c.manticore:INFO: Generated testcase No. 57 - REVERT(3 txs)
2019-08-01 18:02:22,393: [9761] m.c.manticore:INFO: Generated testcase No. 58 - REVERT(3 txs)
2019-08-01 18:02:24,034: [9752] m.c.manticore:INFO: Generated testcase No. 59 - REVERT(3 txs)
2019-08-01 18:02:32,632: [9777] m.c.manticore:INFO: Generated testcase No. 60 - REVERT(3 txs)
2019-08-01 18:02:44,455: [4847] m.c.manticore:INFO: Results in /mcore_k0sku70b
2019-08-01 18:02:48,510: [12039] m.main:INFO: Registered plugins: DetectUnusedRetVal, DetectDelegatecall, DetectReentrancySimple, DetectInvalid, DetectExternalCallAndLeak, DetectEnvInstruction, DetectUninitializedStorage, DetectIntegerOverflow, DetectReentrancyAdvanced, DetectSuicidal, DetectUninitializedMemory
2019-08-01 18:02:48,510: [12039] m.main:INFO: Beginning analysis
2019-08-01 18:02:48,538: [12039] m.e.manticore:INFO: Starting symbolic create contract
2019-08-01 18:02:48,764: [12083] m.c.manticore:INFO: Generated testcase No. 0 - NO STATE RESULT (?)(0 txs)
2019-08-01 18:02:49,141: [12039] m.c.manticore:INFO: Results in /mcore_rm2bh2gn
2019-08-01 18:02:49,921: [12342] m.main:INFO: Registered plugins: DetectSuicidal, DetectReentrancySimple, DetectInvalid, DetectReentrancyAdvanced, DetectExternalCallAndLeak, DetectUninitializedStorage, DetectIntegerOverflow, DetectEnvInstruction, DetectUnusedRetVal, DetectDelegatecall, DetectUninitializedMemory
2019-08-01 18:02:49,921: [12342] m.main:INFO: Beginning analysis
2019-08-01 18:02:49,937: [12342] m.e.manticore:INFO: Starting symbolic create contract
2019-08-01 18:02:50,151: [12386] m.c.manticore:INFO: Generated testcase No. 0 - NO STATE RESULT (?)(0 txs)
2019-08-01 18:02:50,472: [12342] m.c.manticore:INFO: Results in /mcore_bhpo2ev2
2019-08-01 18:02:51,252: [12645] m.main:INFO: Registered plugins: DetectUnusedRetVal, DetectExternalCallAndLeak, DetectDelegatecall, DetectUninitializedMemory, DetectIntegerOverflow, DetectEnvInstruction, DetectReentrancyAdvanced, DetectUninitializedStorage, DetectInvalid, DetectSuicidal, DetectReentrancySimple
2019-08-01 18:02:51,252: [12645] m.main:INFO: Beginning analysis
2019-08-01 18:02:51,263: [12645] m.e.manticore:INFO: Starting symbolic create contract
2019-08-01 18:03:12,571: [12645] m.e.manticore:INFO: Starting symbolic transaction: 0
2019-08-01 18:03:44,943: [13863] m.e.detectors:WARNING: Potentially reading uninitialized storage
2019-08-01 18:03:57,453: [13858] m.e.detectors:WARNING: Potentially reading uninitialized storage
2019-08-01 18:04:52,703: [13865] m.e.detectors:WARNING: Potentially reading uninitialized storage
2019-08-01 18:05:15,651: [13863] m.e.detectors:WARNING: Potentially reading uninitialized storage
2019-08-01 18:09:27,087: [13858] m.c.worker:ERROR: Exception in state 1: SolverError('',)
Traceback (most recent call last):
  File "/usr/local/lib/python3.6/dist-packages/manticore/platforms/evm.py", line 1213, in execute
    result = self._handler(*arguments)
  File "/usr/local/lib/python3.6/dist-packages/manticore/platforms/evm.py", line 1086, in _handler
    return implementation(*arguments)
  File "/usr/local/lib/python3.6/dist-packages/manticore/platforms/evm.py", line 1637, in CALLDATACOPY
    raise ConcretizeArgument(3, policy="SAMPLED")
manticore.platforms.evm.ConcretizeArgument: 3

During handling of the above exception, another exception occurred:

Traceback (most recent call last):
  File "/usr/local/lib/python3.6/dist-packages/manticore/core/worker.py", line 121, in run
    current_state.execute()
  File "/usr/local/lib/python3.6/dist-packages/manticore/ethereum/state.py", line 6, in execute
    return self._platform.execute()
  File "/usr/local/lib/python3.6/dist-packages/manticore/platforms/evm.py", line 2684, in execute
    self.current_vm.execute()
  File "/usr/local/lib/python3.6/dist-packages/manticore/platforms/evm.py", line 1279, in execute
    policy=ex.policy,
manticore.core.state.Concretize

During handling of the above exception, another exception occurred:

Traceback (most recent call last):
  File "/usr/local/lib/python3.6/dist-packages/manticore/core/worker.py", line 142, in run
    m._fork(current_state, exc.expression, exc.policy, exc.setstate)
  File "/usr/local/lib/python3.6/dist-packages/manticore/core/manticore.py", line 332, in _fork
    solutions = state.concretize(expression, policy)
  File "/usr/local/lib/python3.6/dist-packages/manticore/core/state.py", line 251, in concretize
    m, M = self._solver.minmax(self._constraints, symbolic)
  File "/usr/local/lib/python3.6/dist-packages/manticore/core/smtlib/solver.py", line 124, in minmax
    M = self.max(constraints, x, iters)
  File "/usr/local/lib/python3.6/dist-packages/manticore/core/smtlib/solver.py", line 107, in max
    return self.optimize(constraints, X, "maximize", M)
  File "/usr/local/lib/python3.6/dist-packages/manticore/core/smtlib/solver.py", line 508, in optimize
    while self._is_sat():
  File "/usr/local/lib/python3.6/dist-packages/manticore/core/smtlib/solver.py", line 328, in _is_sat
    raise SolverError(status)
manticore.exceptions.SolverError
 
2019-08-01 18:09:56,303: [13881] m.c.worker:ERROR: Exception in state 9: SolverError('',)
Traceback (most recent call last):
  File "/usr/local/lib/python3.6/dist-packages/manticore/platforms/evm.py", line 1213, in execute
    result = self._handler(*arguments)
  File "/usr/local/lib/python3.6/dist-packages/manticore/platforms/evm.py", line 1086, in _handler
    return implementation(*arguments)
  File "/usr/local/lib/python3.6/dist-packages/manticore/platforms/evm.py", line 547, in wrapper
    raise ConcretizeArgument(index, policy=policy)
manticore.platforms.evm.ConcretizeArgument: 1

During handling of the above exception, another exception occurred:

Traceback (most recent call last):
  File "/usr/local/lib/python3.6/dist-packages/manticore/core/worker.py", line 121, in run
    current_state.execute()
  File "/usr/local/lib/python3.6/dist-packages/manticore/ethereum/state.py", line 6, in execute
    return self._platform.execute()
  File "/usr/local/lib/python3.6/dist-packages/manticore/platforms/evm.py", line 2684, in execute
    self.current_vm.execute()
  File "/usr/local/lib/python3.6/dist-packages/manticore/platforms/evm.py", line 1279, in execute
    policy=ex.policy,
manticore.core.state.Concretize

During handling of the above exception, another exception occurred:

Traceback (most recent call last):
  File "/usr/local/lib/python3.6/dist-packages/manticore/core/worker.py", line 142, in run
    m._fork(current_state, exc.expression, exc.policy, exc.setstate)
  File "/usr/local/lib/python3.6/dist-packages/manticore/core/manticore.py", line 332, in _fork
    solutions = state.concretize(expression, policy)
  File "/usr/local/lib/python3.6/dist-packages/manticore/core/state.py", line 271, in concretize
    self._constraints, symbolic, maxcnt=maxcount, silent=True
  File "/usr/local/lib/python3.6/dist-packages/manticore/core/smtlib/solver.py", line 436, in get_all_values
    while self._is_sat():
  File "/usr/local/lib/python3.6/dist-packages/manticore/core/smtlib/solver.py", line 328, in _is_sat
    raise SolverError(status)
manticore.exceptions.SolverError