2019-08-03 06:53:23,743: [12] m.main:INFO: Registered plugins: DetectReentrancySimple, DetectInvalid, DetectUnusedRetVal, DetectUninitializedStorage, DetectIntegerOverflow, DetectSuicidal, DetectExternalCallAndLeak, DetectReentrancyAdvanced, DetectEnvInstruction, DetectUninitializedMemory, DetectDelegatecall
2019-08-03 06:53:23,744: [12] m.main:INFO: Beginning analysis
2019-08-03 06:53:23,753: [12] m.e.manticore:INFO: Starting symbolic create contract
2019-08-03 06:53:24,429: [12] m.e.manticore:INFO: Starting symbolic transaction: 0
2019-08-03 06:53:24,946: [12] m.e.manticore:INFO: 0 alive states, 2 terminated states
2019-08-03 06:53:25,047: [12] m.e.manticore:INFO: Starting symbolic transaction: 1
2019-08-03 06:53:25,090: [548] m.c.manticore:INFO: Generated testcase No. 0 - RETURN(1 txs)
2019-08-03 06:53:25,127: [549] m.c.manticore:INFO: Generated testcase No. 1 - REVERT(2 txs)
2019-08-03 06:53:25,853: [12] m.c.manticore:INFO: Results in /mcore_i1yljzyg
2019-08-03 06:53:26,682: [863] m.main:INFO: Registered plugins: DetectUninitializedMemory, DetectReentrancyAdvanced, DetectEnvInstruction, DetectIntegerOverflow, DetectReentrancySimple, DetectInvalid, DetectUnusedRetVal, DetectExternalCallAndLeak, DetectSuicidal, DetectUninitializedStorage, DetectDelegatecall
2019-08-03 06:53:26,682: [863] m.main:INFO: Beginning analysis
2019-08-03 06:53:26,720: [863] m.e.manticore:INFO: Starting symbolic create contract
2019-08-03 06:53:27,957: [863] m.e.manticore:INFO: Starting symbolic transaction: 0
2019-08-03 06:53:30,140: [863] m.e.manticore:INFO: 2 alive states, 4 terminated states
2019-08-03 06:53:30,644: [863] m.e.manticore:INFO: Starting symbolic transaction: 1
2019-08-03 06:53:34,065: [863] m.e.manticore:INFO: 4 alive states, 12 terminated states
2019-08-03 06:53:34,793: [2947] m.c.manticore:INFO: Generated testcase No. 0 - RETURN(3 txs)
2019-08-03 06:53:34,814: [2955] m.c.manticore:INFO: Generated testcase No. 1 - REVERT(2 txs)
2019-08-03 06:53:34,822: [2960] m.c.manticore:INFO: Generated testcase No. 2 - RETURN(3 txs)
2019-08-03 06:53:34,822: [2964] m.c.manticore:INFO: Generated testcase No. 3 - RETURN(1 txs)
2019-08-03 06:53:34,877: [2958] m.c.manticore:INFO: Generated testcase No. 5 - RETURN(3 txs)
2019-08-03 06:53:34,877: [2949] m.c.manticore:INFO: Generated testcase No. 4 - RETURN(3 txs)
2019-08-03 06:53:34,892: [2952] m.c.manticore:INFO: Generated testcase No. 6 - REVERT(2 txs)
2019-08-03 06:53:34,920: [2957] m.c.manticore:INFO: Generated testcase No. 7 - REVERT(2 txs)
2019-08-03 06:53:37,418: [2964] m.c.manticore:INFO: Generated testcase No. 8 - RETURN(2 txs)
2019-08-03 06:53:39,074: [2955] m.c.manticore:INFO: Generated testcase No. 9 - RETURN(2 txs)
2019-08-03 06:53:39,101: [2952] m.c.manticore:INFO: Generated testcase No. 10 - REVERT(3 txs)
2019-08-03 06:53:39,699: [2957] m.c.manticore:INFO: Generated testcase No. 11 - REVERT(3 txs)
2019-08-03 06:53:40,721: [2949] m.c.manticore:INFO: Generated testcase No. 12 - REVERT(3 txs)
2019-08-03 06:53:40,810: [2947] m.c.manticore:INFO: Generated testcase No. 13 - REVERT(3 txs)
2019-08-03 06:53:41,217: [2958] m.c.manticore:INFO: Generated testcase No. 14 - REVERT(3 txs)
2019-08-03 06:53:41,425: [2960] m.c.manticore:INFO: Generated testcase No. 15 - REVERT(3 txs)
2019-08-03 06:53:46,024: [863] m.c.manticore:INFO: Results in /mcore_dg24sjmu
2019-08-03 06:53:47,470: [3668] m.main:INFO: Registered plugins: DetectIntegerOverflow, DetectUnusedRetVal, DetectReentrancySimple, DetectInvalid, DetectDelegatecall, DetectExternalCallAndLeak, DetectEnvInstruction, DetectSuicidal, DetectUninitializedStorage, DetectReentrancyAdvanced, DetectUninitializedMemory
2019-08-03 06:53:47,471: [3668] m.main:INFO: Beginning analysis
2019-08-03 06:53:47,491: [3668] m.e.manticore:INFO: Starting symbolic create contract
2019-08-03 06:54:08,106: [3668] m.e.manticore:INFO: Starting symbolic transaction: 0
2019-08-03 06:55:04,128: [4106] m.e.detectors:WARNING: Reachable external call to sender
2019-08-03 06:57:50,453: [4109] m.c.worker:ERROR: Exception in state 6: ManticoreError('Forking on unfeasible constraint set',)
Traceback (most recent call last):
  File "/usr/local/lib/python3.6/dist-packages/manticore/platforms/evm.py", line 1213, in execute
    result = self._handler(*arguments)
  File "/usr/local/lib/python3.6/dist-packages/manticore/platforms/evm.py", line 1086, in _handler
    return implementation(*arguments)
  File "/usr/local/lib/python3.6/dist-packages/manticore/platforms/evm.py", line 547, in wrapper
    raise ConcretizeArgument(index, policy=policy)
manticore.platforms.evm.ConcretizeArgument: 1

During handling of the above exception, another exception occurred:

Traceback (most recent call last):
  File "/usr/local/lib/python3.6/dist-packages/manticore/core/worker.py", line 121, in run
    current_state.execute()
  File "/usr/local/lib/python3.6/dist-packages/manticore/ethereum/state.py", line 6, in execute
    return self._platform.execute()
  File "/usr/local/lib/python3.6/dist-packages/manticore/platforms/evm.py", line 2684, in execute
    self.current_vm.execute()
  File "/usr/local/lib/python3.6/dist-packages/manticore/platforms/evm.py", line 1279, in execute
    policy=ex.policy,
manticore.core.state.Concretize

During handling of the above exception, another exception occurred:

Traceback (most recent call last):
  File "/usr/local/lib/python3.6/dist-packages/manticore/core/worker.py", line 142, in run
    m._fork(current_state, exc.expression, exc.policy, exc.setstate)
  File "/usr/local/lib/python3.6/dist-packages/manticore/core/manticore.py", line 335, in _fork
    raise ManticoreError("Forking on unfeasible constraint set")
manticore.exceptions.ManticoreError: Forking on unfeasible constraint set
 
2019-08-03 07:02:12,701: [4118] m.c.worker:ERROR: Exception in state 9: SolverError('',)
Traceback (most recent call last):
  File "/usr/local/lib/python3.6/dist-packages/manticore/platforms/evm.py", line 1213, in execute
    result = self._handler(*arguments)
  File "/usr/local/lib/python3.6/dist-packages/manticore/platforms/evm.py", line 1086, in _handler
    return implementation(*arguments)
  File "/usr/local/lib/python3.6/dist-packages/manticore/platforms/evm.py", line 1637, in CALLDATACOPY
    raise ConcretizeArgument(3, policy="SAMPLED")
manticore.platforms.evm.ConcretizeArgument: 3

During handling of the above exception, another exception occurred:

Traceback (most recent call last):
  File "/usr/local/lib/python3.6/dist-packages/manticore/core/worker.py", line 121, in run
    current_state.execute()
  File "/usr/local/lib/python3.6/dist-packages/manticore/ethereum/state.py", line 6, in execute
    return self._platform.execute()
  File "/usr/local/lib/python3.6/dist-packages/manticore/platforms/evm.py", line 2684, in execute
    self.current_vm.execute()
  File "/usr/local/lib/python3.6/dist-packages/manticore/platforms/evm.py", line 1279, in execute
    policy=ex.policy,
manticore.core.state.Concretize

During handling of the above exception, another exception occurred:

Traceback (most recent call last):
  File "/usr/local/lib/python3.6/dist-packages/manticore/core/worker.py", line 142, in run
    m._fork(current_state, exc.expression, exc.policy, exc.setstate)
  File "/usr/local/lib/python3.6/dist-packages/manticore/core/manticore.py", line 332, in _fork
    solutions = state.concretize(expression, policy)
  File "/usr/local/lib/python3.6/dist-packages/manticore/core/state.py", line 251, in concretize
    m, M = self._solver.minmax(self._constraints, symbolic)
  File "/usr/local/lib/python3.6/dist-packages/manticore/core/smtlib/solver.py", line 123, in minmax
    m = self.min(constraints, x, iters)
  File "/usr/local/lib/python3.6/dist-packages/manticore/core/smtlib/solver.py", line 118, in min
    return self.optimize(constraints, X, "minimize", M)
  File "/usr/local/lib/python3.6/dist-packages/manticore/core/smtlib/solver.py", line 508, in optimize
    while self._is_sat():
  File "/usr/local/lib/python3.6/dist-packages/manticore/core/smtlib/solver.py", line 328, in _is_sat
    raise SolverError(status)
manticore.exceptions.SolverError
 
2019-08-03 07:02:17,897: [4104] m.c.worker:ERROR: Exception in state 3: SolverError('',)
Traceback (most recent call last):
  File "/usr/local/lib/python3.6/dist-packages/manticore/core/worker.py", line 121, in run
    current_state.execute()
  File "/usr/local/lib/python3.6/dist-packages/manticore/ethereum/state.py", line 6, in execute
    return self._platform.execute()
  File "/usr/local/lib/python3.6/dist-packages/manticore/platforms/evm.py", line 2684, in execute
    self.current_vm.execute()
  File "/usr/local/lib/python3.6/dist-packages/manticore/platforms/evm.py", line 1210, in execute
    last_pc, last_gas, instruction, arguments, fee, allocated = self._checkpoint()
  File "/usr/local/lib/python3.6/dist-packages/manticore/platforms/evm.py", line 1109, in _checkpoint
    self._consume(fee)
  File "/usr/local/lib/python3.6/dist-packages/manticore/platforms/evm.py", line 972, in _consume
    self.constraints, constraint
  File "/usr/local/lib/python3.6/dist-packages/manticore/core/smtlib/solver.py", line 436, in get_all_values
    while self._is_sat():
  File "/usr/local/lib/python3.6/dist-packages/manticore/core/smtlib/solver.py", line 328, in _is_sat
    raise SolverError(status)
manticore.exceptions.SolverError
 
2019-08-03 07:02:25,193: [4108] m.c.worker:ERROR: Exception in state 5: SolverError('',)
Traceback (most recent call last):
  File "/usr/local/lib/python3.6/dist-packages/manticore/core/worker.py", line 121, in run
    current_state.execute()
  File "/usr/local/lib/python3.6/dist-packages/manticore/ethereum/state.py", line 6, in execute
    return self._platform.execute()
  File "/usr/local/lib/python3.6/dist-packages/manticore/platforms/evm.py", line 2684, in execute
    self.current_vm.execute()
  File "/usr/local/lib/python3.6/dist-packages/manticore/platforms/evm.py", line 1210, in execute
    last_pc, last_gas, instruction, arguments, fee, allocated = self._checkpoint()
  File "/usr/local/lib/python3.6/dist-packages/manticore/platforms/evm.py", line 1109, in _checkpoint
    self._consume(fee)
  File "/usr/local/lib/python3.6/dist-packages/manticore/platforms/evm.py", line 972, in _consume
    self.constraints, constraint
  File "/usr/local/lib/python3.6/dist-packages/manticore/core/smtlib/solver.py", line 436, in get_all_values
    while self._is_sat():
  File "/usr/local/lib/python3.6/dist-packages/manticore/core/smtlib/solver.py", line 328, in _is_sat
    raise SolverError(status)
manticore.exceptions.SolverError
 
2019-08-03 07:02:39,098: [4111] m.c.worker:ERROR: Exception in state 7: SolverError('',)
Traceback (most recent call last):
  File "/usr/local/lib/python3.6/dist-packages/manticore/core/worker.py", line 121, in run
    current_state.execute()
  File "/usr/local/lib/python3.6/dist-packages/manticore/ethereum/state.py", line 6, in execute
    return self._platform.execute()
  File "/usr/local/lib/python3.6/dist-packages/manticore/platforms/evm.py", line 2684, in execute
    self.current_vm.execute()
  File "/usr/local/lib/python3.6/dist-packages/manticore/platforms/evm.py", line 1210, in execute
    last_pc, last_gas, instruction, arguments, fee, allocated = self._checkpoint()
  File "/usr/local/lib/python3.6/dist-packages/manticore/platforms/evm.py", line 1109, in _checkpoint
    self._consume(fee)
  File "/usr/local/lib/python3.6/dist-packages/manticore/platforms/evm.py", line 972, in _consume
    self.constraints, constraint
  File "/usr/local/lib/python3.6/dist-packages/manticore/core/smtlib/solver.py", line 436, in get_all_values
    while self._is_sat():
  File "/usr/local/lib/python3.6/dist-packages/manticore/core/smtlib/solver.py", line 328, in _is_sat
    raise SolverError(status)
manticore.exceptions.SolverError
 
2019-08-03 07:05:08,456: [4112] m.c.worker:ERROR: Exception in state 8: SolverError('',)
Traceback (most recent call last):
  File "/usr/local/lib/python3.6/dist-packages/manticore/core/worker.py", line 121, in run
    current_state.execute()
  File "/usr/local/lib/python3.6/dist-packages/manticore/ethereum/state.py", line 6, in execute
    return self._platform.execute()
  File "/usr/local/lib/python3.6/dist-packages/manticore/platforms/evm.py", line 2684, in execute
    self.current_vm.execute()
  File "/usr/local/lib/python3.6/dist-packages/manticore/platforms/evm.py", line 1210, in execute
    last_pc, last_gas, instruction, arguments, fee, allocated = self._checkpoint()
  File "/usr/local/lib/python3.6/dist-packages/manticore/platforms/evm.py", line 1109, in _checkpoint
    self._consume(fee)
  File "/usr/local/lib/python3.6/dist-packages/manticore/platforms/evm.py", line 972, in _consume
    self.constraints, constraint
  File "/usr/local/lib/python3.6/dist-packages/manticore/core/smtlib/solver.py", line 436, in get_all_values
    while self._is_sat():
  File "/usr/local/lib/python3.6/dist-packages/manticore/core/smtlib/solver.py", line 328, in _is_sat
    raise SolverError(status)
manticore.exceptions.SolverError
 
2019-08-03 07:05:13,446: [4103] m.c.worker:ERROR: Exception in state 2: SolverError('',)
Traceback (most recent call last):
  File "/usr/local/lib/python3.6/dist-packages/manticore/core/worker.py", line 121, in run
    current_state.execute()
  File "/usr/local/lib/python3.6/dist-packages/manticore/ethereum/state.py", line 6, in execute
    return self._platform.execute()
  File "/usr/local/lib/python3.6/dist-packages/manticore/platforms/evm.py", line 2684, in execute
    self.current_vm.execute()
  File "/usr/local/lib/python3.6/dist-packages/manticore/platforms/evm.py", line 1210, in execute
    last_pc, last_gas, instruction, arguments, fee, allocated = self._checkpoint()
  File "/usr/local/lib/python3.6/dist-packages/manticore/platforms/evm.py", line 1109, in _checkpoint
    self._consume(fee)
  File "/usr/local/lib/python3.6/dist-packages/manticore/platforms/evm.py", line 972, in _consume
    self.constraints, constraint
  File "/usr/local/lib/python3.6/dist-packages/manticore/core/smtlib/solver.py", line 436, in get_all_values
    while self._is_sat():
  File "/usr/local/lib/python3.6/dist-packages/manticore/core/smtlib/solver.py", line 328, in _is_sat
    raise SolverError(status)
manticore.exceptions.SolverError
 
2019-08-03 07:05:39,837: [4096] m.c.worker:ERROR: Exception in state 1: SolverError('',)
Traceback (most recent call last):
  File "/usr/local/lib/python3.6/dist-packages/manticore/core/worker.py", line 121, in run
    current_state.execute()
  File "/usr/local/lib/python3.6/dist-packages/manticore/ethereum/state.py", line 6, in execute
    return self._platform.execute()
  File "/usr/local/lib/python3.6/dist-packages/manticore/platforms/evm.py", line 2684, in execute
    self.current_vm.execute()
  File "/usr/local/lib/python3.6/dist-packages/manticore/platforms/evm.py", line 1210, in execute
    last_pc, last_gas, instruction, arguments, fee, allocated = self._checkpoint()
  File "/usr/local/lib/python3.6/dist-packages/manticore/platforms/evm.py", line 1109, in _checkpoint
    self._consume(fee)
  File "/usr/local/lib/python3.6/dist-packages/manticore/platforms/evm.py", line 972, in _consume
    self.constraints, constraint
  File "/usr/local/lib/python3.6/dist-packages/manticore/core/smtlib/solver.py", line 436, in get_all_values
    while self._is_sat():
  File "/usr/local/lib/python3.6/dist-packages/manticore/core/smtlib/solver.py", line 328, in _is_sat
    raise SolverError(status)
manticore.exceptions.SolverError
 
2019-08-03 07:11:26,445: [4106] m.c.worker:ERROR: Exception in state 4: SolverError('',)
Traceback (most recent call last):
  File "/usr/local/lib/python3.6/dist-packages/manticore/core/worker.py", line 121, in run
    current_state.execute()
  File "/usr/local/lib/python3.6/dist-packages/manticore/ethereum/state.py", line 6, in execute
    return self._platform.execute()
  File "/usr/local/lib/python3.6/dist-packages/manticore/platforms/evm.py", line 2684, in execute
    self.current_vm.execute()
  File "/usr/local/lib/python3.6/dist-packages/manticore/platforms/evm.py", line 1210, in execute
    last_pc, last_gas, instruction, arguments, fee, allocated = self._checkpoint()
  File "/usr/local/lib/python3.6/dist-packages/manticore/platforms/evm.py", line 1109, in _checkpoint
    self._consume(fee)
  File "/usr/local/lib/python3.6/dist-packages/manticore/platforms/evm.py", line 972, in _consume
    self.constraints, constraint
  File "/usr/local/lib/python3.6/dist-packages/manticore/core/smtlib/solver.py", line 436, in get_all_values
    while self._is_sat():
  File "/usr/local/lib/python3.6/dist-packages/manticore/core/smtlib/solver.py", line 328, in _is_sat
    raise SolverError(status)
manticore.exceptions.SolverError