2019-08-05 06:07:33,509: [12] m.main:INFO: Registered plugins: DetectUnusedRetVal, DetectUninitializedMemory, DetectInvalid, DetectEnvInstruction, DetectDelegatecall, DetectSuicidal, DetectReentrancySimple, DetectIntegerOverflow, DetectExternalCallAndLeak, DetectUninitializedStorage, DetectReentrancyAdvanced
2019-08-05 06:07:33,509: [12] m.main:INFO: Beginning analysis
2019-08-05 06:07:33,519: [12] m.e.manticore:INFO: Starting symbolic create contract
2019-08-05 06:07:33,793: [56] m.c.manticore:INFO: Generated testcase No. 0 - NO STATE RESULT (?)(0 txs)
2019-08-05 06:07:33,925: [12] m.c.manticore:INFO: Results in /mcore_xz8586qy
2019-08-05 06:07:34,570: [315] m.main:INFO: Registered plugins: DetectReentrancySimple, DetectDelegatecall, DetectEnvInstruction, DetectUnusedRetVal, DetectUninitializedStorage, DetectInvalid, DetectExternalCallAndLeak, DetectUninitializedMemory, DetectIntegerOverflow, DetectSuicidal, DetectReentrancyAdvanced
2019-08-05 06:07:34,571: [315] m.main:INFO: Beginning analysis
2019-08-05 06:07:34,583: [315] m.e.manticore:INFO: Starting symbolic create contract
2019-08-05 06:07:34,840: [359] m.c.manticore:INFO: Generated testcase No. 0 - NO STATE RESULT (?)(0 txs)
2019-08-05 06:07:35,010: [315] m.c.manticore:INFO: Results in /mcore_2wh59q8b
2019-08-05 06:07:35,645: [618] m.main:INFO: Registered plugins: DetectReentrancySimple, DetectInvalid, DetectUnusedRetVal, DetectUninitializedStorage, DetectSuicidal, DetectExternalCallAndLeak, DetectReentrancyAdvanced, DetectEnvInstruction, DetectIntegerOverflow, DetectUninitializedMemory, DetectDelegatecall
2019-08-05 06:07:35,645: [618] m.main:INFO: Beginning analysis
2019-08-05 06:07:35,654: [618] m.e.manticore:INFO: Starting symbolic create contract
2019-08-05 06:07:35,923: [662] m.c.manticore:INFO: Generated testcase No. 0 - NO STATE RESULT (?)(0 txs)
2019-08-05 06:07:36,072: [618] m.c.manticore:INFO: Results in /mcore_gz9ww_91
2019-08-05 06:07:36,714: [921] m.main:INFO: Registered plugins: DetectReentrancySimple, DetectInvalid, DetectSuicidal, DetectUninitializedStorage, DetectDelegatecall, DetectEnvInstruction, DetectUnusedRetVal, DetectReentrancyAdvanced, DetectUninitializedMemory, DetectExternalCallAndLeak, DetectIntegerOverflow
2019-08-05 06:07:36,714: [921] m.main:INFO: Beginning analysis
2019-08-05 06:07:36,724: [921] m.e.manticore:INFO: Starting symbolic create contract
2019-08-05 06:07:37,021: [965] m.c.manticore:INFO: Generated testcase No. 0 - NO STATE RESULT (?)(0 txs)
2019-08-05 06:07:37,162: [921] m.c.manticore:INFO: Results in /mcore_hh4paszd
2019-08-05 06:07:37,823: [1224] m.main:INFO: Registered plugins: DetectUnusedRetVal, DetectReentrancyAdvanced, DetectInvalid, DetectSuicidal, DetectUninitializedStorage, DetectDelegatecall, DetectEnvInstruction, DetectIntegerOverflow, DetectUninitializedMemory, DetectReentrancySimple, DetectExternalCallAndLeak
2019-08-05 06:07:37,823: [1224] m.main:INFO: Beginning analysis
2019-08-05 06:07:37,833: [1224] m.e.manticore:INFO: Starting symbolic create contract
2019-08-05 06:07:38,595: [1224] m.e.manticore:INFO: Starting symbolic transaction: 0
2019-08-05 06:07:38,929: [1224] m.e.manticore:INFO: 0 alive states, 2 terminated states
2019-08-05 06:07:39,030: [1224] m.e.manticore:INFO: Starting symbolic transaction: 1
2019-08-05 06:07:39,066: [1794] m.c.manticore:INFO: Generated testcase No. 0 - RETURN(1 txs)
2019-08-05 06:07:39,076: [1795] m.c.manticore:INFO: Generated testcase No. 1 - REVERT(2 txs)
2019-08-05 06:07:39,775: [1224] m.c.manticore:INFO: Results in /mcore_85o1ntju
2019-08-05 06:07:40,569: [2109] m.main:INFO: Registered plugins: DetectExternalCallAndLeak, DetectReentrancyAdvanced, DetectReentrancySimple, DetectInvalid, DetectUnusedRetVal, DetectDelegatecall, DetectUninitializedStorage, DetectEnvInstruction, DetectIntegerOverflow, DetectSuicidal, DetectUninitializedMemory
2019-08-05 06:07:40,569: [2109] m.main:INFO: Beginning analysis
2019-08-05 06:07:40,592: [2109] m.e.manticore:INFO: Starting symbolic create contract
2019-08-05 06:07:41,381: [2109] m.e.manticore:INFO: Starting symbolic transaction: 0
2019-08-05 06:07:41,774: [2109] m.e.manticore:INFO: 0 alive states, 2 terminated states
2019-08-05 06:07:41,883: [2109] m.e.manticore:INFO: Starting symbolic transaction: 1
2019-08-05 06:07:41,946: [2680] m.c.manticore:INFO: Generated testcase No. 0 - RETURN(1 txs)
2019-08-05 06:07:41,948: [2679] m.c.manticore:INFO: Generated testcase No. 1 - REVERT(2 txs)
2019-08-05 06:07:42,626: [2109] m.c.manticore:INFO: Results in /mcore_844e6qbu
2019-08-05 06:07:43,405: [2994] m.main:INFO: Registered plugins: DetectDelegatecall, DetectUninitializedMemory, DetectIntegerOverflow, DetectUnusedRetVal, DetectReentrancySimple, DetectEnvInstruction, DetectExternalCallAndLeak, DetectSuicidal, DetectUninitializedStorage, DetectReentrancyAdvanced, DetectInvalid
2019-08-05 06:07:43,406: [2994] m.main:INFO: Beginning analysis
2019-08-05 06:07:43,415: [2994] m.e.manticore:INFO: Starting symbolic create contract
2019-08-05 06:07:43,696: [3038] m.c.manticore:INFO: Generated testcase No. 0 - NO STATE RESULT (?)(0 txs)
2019-08-05 06:07:43,882: [2994] m.c.manticore:INFO: Results in /mcore_g1lljppl
2019-08-05 06:07:44,553: [3297] m.main:INFO: Registered plugins: DetectEnvInstruction, DetectUnusedRetVal, DetectReentrancySimple, DetectInvalid, DetectDelegatecall, DetectSuicidal, DetectUninitializedMemory, DetectExternalCallAndLeak, DetectIntegerOverflow, DetectUninitializedStorage, DetectReentrancyAdvanced
2019-08-05 06:07:44,553: [3297] m.main:INFO: Beginning analysis
2019-08-05 06:07:44,561: [3297] m.e.manticore:INFO: Starting symbolic create contract
2019-08-05 06:08:08,526: [3297] m.e.manticore:INFO: Starting symbolic transaction: 0
2019-08-05 06:08:19,206: [4384] m.e.detectors:WARNING: Potentially reading uninitialized storage
2019-08-05 06:14:39,401: [4393] m.c.worker:ERROR: Exception in state 9: SolverError('',)
Traceback (most recent call last):
  File "/usr/local/lib/python3.6/dist-packages/manticore/platforms/evm.py", line 1213, in execute
    result = self._handler(*arguments)
  File "/usr/local/lib/python3.6/dist-packages/manticore/platforms/evm.py", line 1086, in _handler
    return implementation(*arguments)
  File "/usr/local/lib/python3.6/dist-packages/manticore/platforms/evm.py", line 1637, in CALLDATACOPY
    raise ConcretizeArgument(3, policy="SAMPLED")
manticore.platforms.evm.ConcretizeArgument: 3

During handling of the above exception, another exception occurred:

Traceback (most recent call last):
  File "/usr/local/lib/python3.6/dist-packages/manticore/core/worker.py", line 121, in run
    current_state.execute()
  File "/usr/local/lib/python3.6/dist-packages/manticore/ethereum/state.py", line 6, in execute
    return self._platform.execute()
  File "/usr/local/lib/python3.6/dist-packages/manticore/platforms/evm.py", line 2684, in execute
    self.current_vm.execute()
  File "/usr/local/lib/python3.6/dist-packages/manticore/platforms/evm.py", line 1279, in execute
    policy=ex.policy,
manticore.core.state.Concretize

During handling of the above exception, another exception occurred:

Traceback (most recent call last):
  File "/usr/local/lib/python3.6/dist-packages/manticore/core/worker.py", line 142, in run
    m._fork(current_state, exc.expression, exc.policy, exc.setstate)
  File "/usr/local/lib/python3.6/dist-packages/manticore/core/manticore.py", line 332, in _fork
    solutions = state.concretize(expression, policy)
  File "/usr/local/lib/python3.6/dist-packages/manticore/core/state.py", line 251, in concretize
    m, M = self._solver.minmax(self._constraints, symbolic)
  File "/usr/local/lib/python3.6/dist-packages/manticore/core/smtlib/solver.py", line 124, in minmax
    M = self.max(constraints, x, iters)
  File "/usr/local/lib/python3.6/dist-packages/manticore/core/smtlib/solver.py", line 107, in max
    return self.optimize(constraints, X, "maximize", M)
  File "/usr/local/lib/python3.6/dist-packages/manticore/core/smtlib/solver.py", line 508, in optimize
    while self._is_sat():
  File "/usr/local/lib/python3.6/dist-packages/manticore/core/smtlib/solver.py", line 328, in _is_sat
    raise SolverError(status)
manticore.exceptions.SolverError
 
2019-08-05 06:15:47,833: [3297] m.e.manticore:INFO: 4 alive states, 25 terminated states
2019-08-05 06:15:53,464: [3297] m.e.manticore:INFO: Starting symbolic transaction: 1
2019-08-05 06:16:33,614: [9078] m.e.detectors:WARNING: Potentially reading uninitialized storage
2019-08-05 06:16:37,715: [9084] m.e.detectors:WARNING: Potentially reading uninitialized storage
2019-08-05 06:16:38,714: [9096] m.e.detectors:WARNING: Potentially reading uninitialized storage
2019-08-05 06:16:39,978: [9116] m.e.detectors:WARNING: Potentially reading uninitialized storage
2019-08-05 06:20:10,332: [9109] m.e.detectors:WARNING: Potentially reading uninitialized storage
2019-08-05 06:20:18,119: [9084] m.e.detectors:WARNING: Potentially reading uninitialized storage
2019-08-05 06:25:12,890: [9109] m.c.worker:ERROR: Exception in state 6: AssertionError('',)
Traceback (most recent call last):
  File "/usr/local/lib/python3.6/dist-packages/manticore/platforms/evm.py", line 1213, in execute
    result = self._handler(*arguments)
  File "/usr/local/lib/python3.6/dist-packages/manticore/platforms/evm.py", line 1086, in _handler
    return implementation(*arguments)
  File "/usr/local/lib/python3.6/dist-packages/manticore/platforms/evm.py", line 1637, in CALLDATACOPY
    raise ConcretizeArgument(3, policy="SAMPLED")
manticore.platforms.evm.ConcretizeArgument: 3

During handling of the above exception, another exception occurred:

Traceback (most recent call last):
  File "/usr/local/lib/python3.6/dist-packages/manticore/core/worker.py", line 121, in run
    current_state.execute()
  File "/usr/local/lib/python3.6/dist-packages/manticore/ethereum/state.py", line 6, in execute
    return self._platform.execute()
  File "/usr/local/lib/python3.6/dist-packages/manticore/platforms/evm.py", line 2684, in execute
    self.current_vm.execute()
  File "/usr/local/lib/python3.6/dist-packages/manticore/platforms/evm.py", line 1279, in execute
    policy=ex.policy,
manticore.core.state.Concretize

During handling of the above exception, another exception occurred:

Traceback (most recent call last):
  File "/usr/local/lib/python3.6/dist-packages/manticore/core/worker.py", line 142, in run
    m._fork(current_state, exc.expression, exc.policy, exc.setstate)
  File "/usr/local/lib/python3.6/dist-packages/manticore/core/manticore.py", line 332, in _fork
    solutions = state.concretize(expression, policy)
  File "/usr/local/lib/python3.6/dist-packages/manticore/core/state.py", line 251, in concretize
    m, M = self._solver.minmax(self._constraints, symbolic)
  File "/usr/local/lib/python3.6/dist-packages/manticore/core/smtlib/solver.py", line 124, in minmax
    M = self.max(constraints, x, iters)
  File "/usr/local/lib/python3.6/dist-packages/manticore/core/smtlib/solver.py", line 107, in max
    return self.optimize(constraints, X, "maximize", M)
  File "/usr/local/lib/python3.6/dist-packages/manticore/core/smtlib/solver.py", line 509, in optimize
    last_value = self._getvalue(aux)
  File "/usr/local/lib/python3.6/dist-packages/manticore/core/smtlib/solver.py", line 367, in _getvalue
    assert ret.startswith("((") and ret.endswith("))"), ret
AssertionError
 
2019-08-05 06:26:52,741: [9116] m.c.worker:ERROR: Exception in state 7: SolverError('',)
Traceback (most recent call last):
  File "/usr/local/lib/python3.6/dist-packages/manticore/platforms/evm.py", line 1213, in execute
    result = self._handler(*arguments)
  File "/usr/local/lib/python3.6/dist-packages/manticore/platforms/evm.py", line 1086, in _handler
    return implementation(*arguments)
  File "/usr/local/lib/python3.6/dist-packages/manticore/platforms/evm.py", line 1637, in CALLDATACOPY
    raise ConcretizeArgument(3, policy="SAMPLED")
manticore.platforms.evm.ConcretizeArgument: 3

During handling of the above exception, another exception occurred:

Traceback (most recent call last):
  File "/usr/local/lib/python3.6/dist-packages/manticore/core/worker.py", line 121, in run
    current_state.execute()
  File "/usr/local/lib/python3.6/dist-packages/manticore/ethereum/state.py", line 6, in execute
    return self._platform.execute()
  File "/usr/local/lib/python3.6/dist-packages/manticore/platforms/evm.py", line 2684, in execute
    self.current_vm.execute()
  File "/usr/local/lib/python3.6/dist-packages/manticore/platforms/evm.py", line 1279, in execute
    policy=ex.policy,
manticore.core.state.Concretize

During handling of the above exception, another exception occurred:

Traceback (most recent call last):
  File "/usr/local/lib/python3.6/dist-packages/manticore/core/worker.py", line 142, in run
    m._fork(current_state, exc.expression, exc.policy, exc.setstate)
  File "/usr/local/lib/python3.6/dist-packages/manticore/core/manticore.py", line 332, in _fork
    solutions = state.concretize(expression, policy)
  File "/usr/local/lib/python3.6/dist-packages/manticore/core/state.py", line 251, in concretize
    m, M = self._solver.minmax(self._constraints, symbolic)
  File "/usr/local/lib/python3.6/dist-packages/manticore/core/smtlib/solver.py", line 123, in minmax
    m = self.min(constraints, x, iters)
  File "/usr/local/lib/python3.6/dist-packages/manticore/core/smtlib/solver.py", line 118, in min
    return self.optimize(constraints, X, "minimize", M)
  File "/usr/local/lib/python3.6/dist-packages/manticore/core/smtlib/solver.py", line 508, in optimize
    while self._is_sat():
  File "/usr/local/lib/python3.6/dist-packages/manticore/core/smtlib/solver.py", line 328, in _is_sat
    raise SolverError(status)
manticore.exceptions.SolverError
 
2019-08-05 06:29:52,275: [9122] m.c.worker:ERROR: Exception in state 8: SolverError('',)
Traceback (most recent call last):
  File "/usr/local/lib/python3.6/dist-packages/manticore/platforms/evm.py", line 1213, in execute
    result = self._handler(*arguments)
  File "/usr/local/lib/python3.6/dist-packages/manticore/platforms/evm.py", line 1086, in _handler
    return implementation(*arguments)
  File "/usr/local/lib/python3.6/dist-packages/manticore/platforms/evm.py", line 1637, in CALLDATACOPY
    raise ConcretizeArgument(3, policy="SAMPLED")
manticore.platforms.evm.ConcretizeArgument: 3

During handling of the above exception, another exception occurred:

Traceback (most recent call last):
  File "/usr/local/lib/python3.6/dist-packages/manticore/core/worker.py", line 121, in run
    current_state.execute()
  File "/usr/local/lib/python3.6/dist-packages/manticore/ethereum/state.py", line 6, in execute
    return self._platform.execute()
  File "/usr/local/lib/python3.6/dist-packages/manticore/platforms/evm.py", line 2684, in execute
    self.current_vm.execute()
  File "/usr/local/lib/python3.6/dist-packages/manticore/platforms/evm.py", line 1279, in execute
    policy=ex.policy,
manticore.core.state.Concretize

During handling of the above exception, another exception occurred:

Traceback (most recent call last):
  File "/usr/local/lib/python3.6/dist-packages/manticore/core/worker.py", line 142, in run
    m._fork(current_state, exc.expression, exc.policy, exc.setstate)
  File "/usr/local/lib/python3.6/dist-packages/manticore/core/manticore.py", line 332, in _fork
    solutions = state.concretize(expression, policy)
  File "/usr/local/lib/python3.6/dist-packages/manticore/core/state.py", line 251, in concretize
    m, M = self._solver.minmax(self._constraints, symbolic)
  File "/usr/local/lib/python3.6/dist-packages/manticore/core/smtlib/solver.py", line 124, in minmax
    M = self.max(constraints, x, iters)
  File "/usr/local/lib/python3.6/dist-packages/manticore/core/smtlib/solver.py", line 107, in max
    return self.optimize(constraints, X, "maximize", M)
  File "/usr/local/lib/python3.6/dist-packages/manticore/core/smtlib/solver.py", line 508, in optimize
    while self._is_sat():
  File "/usr/local/lib/python3.6/dist-packages/manticore/core/smtlib/solver.py", line 328, in _is_sat
    raise SolverError(status)
manticore.exceptions.SolverError